running egg_info
creating ../../../build/flexbe_mirror/flexbe_mirror.egg-info
writing ../../../build/flexbe_mirror/flexbe_mirror.egg-info/PKG-INFO
writing dependency_links to ../../../build/flexbe_mirror/flexbe_mirror.egg-info/dependency_links.txt
writing entry points to ../../../build/flexbe_mirror/flexbe_mirror.egg-info/entry_points.txt
writing requirements to ../../../build/flexbe_mirror/flexbe_mirror.egg-info/requires.txt
writing top-level names to ../../../build/flexbe_mirror/flexbe_mirror.egg-info/top_level.txt
writing manifest file '../../../build/flexbe_mirror/flexbe_mirror.egg-info/SOURCES.txt'
reading manifest file '../../../build/flexbe_mirror/flexbe_mirror.egg-info/SOURCES.txt'
writing manifest file '../../../build/flexbe_mirror/flexbe_mirror.egg-info/SOURCES.txt'
running build
running build_py
creating /home/csrobot/flexbe_ws/build/flexbe_mirror/build
creating /home/csrobot/flexbe_ws/build/flexbe_mirror/build/lib
creating /home/csrobot/flexbe_ws/build/flexbe_mirror/build/lib/flexbe_mirror
copying flexbe_mirror/mirror_concurrency_container.py -> /home/csrobot/flexbe_ws/build/flexbe_mirror/build/lib/flexbe_mirror
copying flexbe_mirror/behavior_mirror_sm.py -> /home/csrobot/flexbe_ws/build/flexbe_mirror/build/lib/flexbe_mirror
copying flexbe_mirror/__init__.py -> /home/csrobot/flexbe_ws/build/flexbe_mirror/build/lib/flexbe_mirror
copying flexbe_mirror/flexbe_mirror.py -> /home/csrobot/flexbe_ws/build/flexbe_mirror/build/lib/flexbe_mirror
copying flexbe_mirror/mirror_state_machine.py -> /home/csrobot/flexbe_ws/build/flexbe_mirror/build/lib/flexbe_mirror
copying flexbe_mirror/mirror_state.py -> /home/csrobot/flexbe_ws/build/flexbe_mirror/build/lib/flexbe_mirror
running install
running install_lib
creating /home/csrobot/flexbe_ws/install/flexbe_mirror/lib/python3.12/site-packages/flexbe_mirror
copying /home/csrobot/flexbe_ws/build/flexbe_mirror/build/lib/flexbe_mirror/mirror_concurrency_container.py -> /home/csrobot/flexbe_ws/install/flexbe_mirror/lib/python3.12/site-packages/flexbe_mirror
copying /home/csrobot/flexbe_ws/build/flexbe_mirror/build/lib/flexbe_mirror/behavior_mirror_sm.py -> /home/csrobot/flexbe_ws/install/flexbe_mirror/lib/python3.12/site-packages/flexbe_mirror
copying /home/csrobot/flexbe_ws/build/flexbe_mirror/build/lib/flexbe_mirror/__init__.py -> /home/csrobot/flexbe_ws/install/flexbe_mirror/lib/python3.12/site-packages/flexbe_mirror
copying /home/csrobot/flexbe_ws/build/flexbe_mirror/build/lib/flexbe_mirror/flexbe_mirror.py -> /home/csrobot/flexbe_ws/install/flexbe_mirror/lib/python3.12/site-packages/flexbe_mirror
copying /home/csrobot/flexbe_ws/build/flexbe_mirror/build/lib/flexbe_mirror/mirror_state_machine.py -> /home/csrobot/flexbe_ws/install/flexbe_mirror/lib/python3.12/site-packages/flexbe_mirror
copying /home/csrobot/flexbe_ws/build/flexbe_mirror/build/lib/flexbe_mirror/mirror_state.py -> /home/csrobot/flexbe_ws/install/flexbe_mirror/lib/python3.12/site-packages/flexbe_mirror
byte-compiling /home/csrobot/flexbe_ws/install/flexbe_mirror/lib/python3.12/site-packages/flexbe_mirror/mirror_concurrency_container.py to mirror_concurrency_container.cpython-312.pyc
byte-compiling /home/csrobot/flexbe_ws/install/flexbe_mirror/lib/python3.12/site-packages/flexbe_mirror/behavior_mirror_sm.py to behavior_mirror_sm.cpython-312.pyc
byte-compiling /home/csrobot/flexbe_ws/install/flexbe_mirror/lib/python3.12/site-packages/flexbe_mirror/__init__.py to __init__.cpython-312.pyc
byte-compiling /home/csrobot/flexbe_ws/install/flexbe_mirror/lib/python3.12/site-packages/flexbe_mirror/flexbe_mirror.py to flexbe_mirror.cpython-312.pyc
byte-compiling /home/csrobot/flexbe_ws/install/flexbe_mirror/lib/python3.12/site-packages/flexbe_mirror/mirror_state_machine.py to mirror_state_machine.cpython-312.pyc
byte-compiling /home/csrobot/flexbe_ws/install/flexbe_mirror/lib/python3.12/site-packages/flexbe_mirror/mirror_state.py to mirror_state.cpython-312.pyc
running install_data
creating /home/csrobot/flexbe_ws/install/flexbe_mirror/share/ament_index
creating /home/csrobot/flexbe_ws/install/flexbe_mirror/share/ament_index/resource_index
creating /home/csrobot/flexbe_ws/install/flexbe_mirror/share/ament_index/resource_index/packages
copying resource/flexbe_mirror -> /home/csrobot/flexbe_ws/install/flexbe_mirror/share/ament_index/resource_index/packages
copying package.xml -> /home/csrobot/flexbe_ws/install/flexbe_mirror/share/flexbe_mirror
running install_egg_info
Copying ../../../build/flexbe_mirror/flexbe_mirror.egg-info to /home/csrobot/flexbe_ws/install/flexbe_mirror/lib/python3.12/site-packages/flexbe_mirror-4.0.1-py3.12.egg-info
running install_scripts
Installing behavior_mirror_sm script to /home/csrobot/flexbe_ws/install/flexbe_mirror/lib/flexbe_mirror
writing list of installed files to '/home/csrobot/flexbe_ws/build/flexbe_mirror/install.log'
