/home/csrobot/flexbe_ws/install/example_flexbe_states/lib/python3.12/site-packages/example_flexbe_states/example_action_state.py
/home/csrobot/flexbe_ws/install/example_flexbe_states/lib/python3.12/site-packages/example_flexbe_states/__init__.py
/home/csrobot/flexbe_ws/install/example_flexbe_states/lib/python3.12/site-packages/example_flexbe_states/example_state.py
/home/csrobot/flexbe_ws/install/example_flexbe_states/lib/python3.12/site-packages/example_flexbe_states/__pycache__/example_action_state.cpython-312.pyc
/home/csrobot/flexbe_ws/install/example_flexbe_states/lib/python3.12/site-packages/example_flexbe_states/__pycache__/__init__.cpython-312.pyc
/home/csrobot/flexbe_ws/install/example_flexbe_states/lib/python3.12/site-packages/example_flexbe_states/__pycache__/example_state.cpython-312.pyc
/home/csrobot/flexbe_ws/install/example_flexbe_states/share/ament_index/resource_index/packages/example_flexbe_states
/home/csrobot/flexbe_ws/install/example_flexbe_states/share/example_flexbe_states/package.xml
/home/csrobot/flexbe_ws/install/example_flexbe_states/share/example_flexbe_states/tests/example_state.test
/home/csrobot/flexbe_ws/install/example_flexbe_states/share/example_flexbe_states/tests/example_action_state.test
/home/csrobot/flexbe_ws/install/example_flexbe_states/share/example_flexbe_states/launch/run_tests.launch.py
/home/csrobot/flexbe_ws/install/example_flexbe_states/lib/python3.12/site-packages/example_flexbe_states-0.0.1-py3.12.egg-info/dependency_links.txt
/home/csrobot/flexbe_ws/install/example_flexbe_states/lib/python3.12/site-packages/example_flexbe_states-0.0.1-py3.12.egg-info/entry_points.txt
/home/csrobot/flexbe_ws/install/example_flexbe_states/lib/python3.12/site-packages/example_flexbe_states-0.0.1-py3.12.egg-info/requires.txt
/home/csrobot/flexbe_ws/install/example_flexbe_states/lib/python3.12/site-packages/example_flexbe_states-0.0.1-py3.12.egg-info/top_level.txt
/home/csrobot/flexbe_ws/install/example_flexbe_states/lib/python3.12/site-packages/example_flexbe_states-0.0.1-py3.12.egg-info/SOURCES.txt
/home/csrobot/flexbe_ws/install/example_flexbe_states/lib/python3.12/site-packages/example_flexbe_states-0.0.1-py3.12.egg-info/PKG-INFO
/home/csrobot/flexbe_ws/install/example_flexbe_states/lib/python3.12/site-packages/example_flexbe_states-0.0.1-py3.12.egg-info/zip-safe
/home/csrobot/flexbe_ws/install/example_flexbe_states/lib/example_flexbe_states/example_action_state
/home/csrobot/flexbe_ws/install/example_flexbe_states/lib/example_flexbe_states/example_state
