running egg_info
creating ../../../build/flexbe_input/flexbe_input.egg-info
writing ../../../build/flexbe_input/flexbe_input.egg-info/PKG-INFO
writing dependency_links to ../../../build/flexbe_input/flexbe_input.egg-info/dependency_links.txt
writing entry points to ../../../build/flexbe_input/flexbe_input.egg-info/entry_points.txt
writing requirements to ../../../build/flexbe_input/flexbe_input.egg-info/requires.txt
writing top-level names to ../../../build/flexbe_input/flexbe_input.egg-info/top_level.txt
writing manifest file '../../../build/flexbe_input/flexbe_input.egg-info/SOURCES.txt'
reading manifest file '../../../build/flexbe_input/flexbe_input.egg-info/SOURCES.txt'
writing manifest file '../../../build/flexbe_input/flexbe_input.egg-info/SOURCES.txt'
running build
running build_py
creating /home/csrobot/flexbe_ws/build/flexbe_input/build
creating /home/csrobot/flexbe_ws/build/flexbe_input/build/lib
creating /home/csrobot/flexbe_ws/build/flexbe_input/build/lib/flexbe_input
copying flexbe_input/__init__.py -> /home/csrobot/flexbe_ws/build/flexbe_input/build/lib/flexbe_input
copying flexbe_input/complex_action_server.py -> /home/csrobot/flexbe_ws/build/flexbe_input/build/lib/flexbe_input
copying flexbe_input/flexbe_input.py -> /home/csrobot/flexbe_ws/build/flexbe_input/build/lib/flexbe_input
copying flexbe_input/input_action_server.py -> /home/csrobot/flexbe_ws/build/flexbe_input/build/lib/flexbe_input
copying flexbe_input/input_gui.py -> /home/csrobot/flexbe_ws/build/flexbe_input/build/lib/flexbe_input
running install
running install_lib
creating /home/csrobot/flexbe_ws/install/flexbe_input/lib/python3.12/site-packages/flexbe_input
copying /home/csrobot/flexbe_ws/build/flexbe_input/build/lib/flexbe_input/__init__.py -> /home/csrobot/flexbe_ws/install/flexbe_input/lib/python3.12/site-packages/flexbe_input
copying /home/csrobot/flexbe_ws/build/flexbe_input/build/lib/flexbe_input/complex_action_server.py -> /home/csrobot/flexbe_ws/install/flexbe_input/lib/python3.12/site-packages/flexbe_input
copying /home/csrobot/flexbe_ws/build/flexbe_input/build/lib/flexbe_input/flexbe_input.py -> /home/csrobot/flexbe_ws/install/flexbe_input/lib/python3.12/site-packages/flexbe_input
copying /home/csrobot/flexbe_ws/build/flexbe_input/build/lib/flexbe_input/input_action_server.py -> /home/csrobot/flexbe_ws/install/flexbe_input/lib/python3.12/site-packages/flexbe_input
copying /home/csrobot/flexbe_ws/build/flexbe_input/build/lib/flexbe_input/input_gui.py -> /home/csrobot/flexbe_ws/install/flexbe_input/lib/python3.12/site-packages/flexbe_input
byte-compiling /home/csrobot/flexbe_ws/install/flexbe_input/lib/python3.12/site-packages/flexbe_input/__init__.py to __init__.cpython-312.pyc
byte-compiling /home/csrobot/flexbe_ws/install/flexbe_input/lib/python3.12/site-packages/flexbe_input/complex_action_server.py to complex_action_server.cpython-312.pyc
byte-compiling /home/csrobot/flexbe_ws/install/flexbe_input/lib/python3.12/site-packages/flexbe_input/flexbe_input.py to flexbe_input.cpython-312.pyc
byte-compiling /home/csrobot/flexbe_ws/install/flexbe_input/lib/python3.12/site-packages/flexbe_input/input_action_server.py to input_action_server.cpython-312.pyc
byte-compiling /home/csrobot/flexbe_ws/install/flexbe_input/lib/python3.12/site-packages/flexbe_input/input_gui.py to input_gui.cpython-312.pyc
running install_data
creating /home/csrobot/flexbe_ws/install/flexbe_input/share/ament_index
creating /home/csrobot/flexbe_ws/install/flexbe_input/share/ament_index/resource_index
creating /home/csrobot/flexbe_ws/install/flexbe_input/share/ament_index/resource_index/packages
copying resource/flexbe_input -> /home/csrobot/flexbe_ws/install/flexbe_input/share/ament_index/resource_index/packages
copying package.xml -> /home/csrobot/flexbe_ws/install/flexbe_input/share/flexbe_input
running install_egg_info
Copying ../../../build/flexbe_input/flexbe_input.egg-info to /home/csrobot/flexbe_ws/install/flexbe_input/lib/python3.12/site-packages/flexbe_input-4.0.1-py3.12.egg-info
running install_scripts
Installing flexbe_input script to /home/csrobot/flexbe_ws/install/flexbe_input/lib/flexbe_input
Installing input_action_server script to /home/csrobot/flexbe_ws/install/flexbe_input/lib/flexbe_input
writing list of installed files to '/home/csrobot/flexbe_ws/build/flexbe_input/install.log'
