running egg_info
creating ../../../build/flexbe_states/flexbe_states.egg-info
writing ../../../build/flexbe_states/flexbe_states.egg-info/PKG-INFO
writing dependency_links to ../../../build/flexbe_states/flexbe_states.egg-info/dependency_links.txt
writing requirements to ../../../build/flexbe_states/flexbe_states.egg-info/requires.txt
writing top-level names to ../../../build/flexbe_states/flexbe_states.egg-info/top_level.txt
writing manifest file '../../../build/flexbe_states/flexbe_states.egg-info/SOURCES.txt'
reading manifest file '../../../build/flexbe_states/flexbe_states.egg-info/SOURCES.txt'
writing manifest file '../../../build/flexbe_states/flexbe_states.egg-info/SOURCES.txt'
running build
running build_py
creating /home/csrobot/flexbe_ws/build/flexbe_states/build
creating /home/csrobot/flexbe_ws/build/flexbe_states/build/lib
creating /home/csrobot/flexbe_ws/build/flexbe_states/build/lib/flexbe_states
copying flexbe_states/publisher_string_state.py -> /home/csrobot/flexbe_ws/build/flexbe_states/build/lib/flexbe_states
copying flexbe_states/publisher_empty_state.py -> /home/csrobot/flexbe_ws/build/flexbe_states/build/lib/flexbe_states
copying flexbe_states/publisher_bool_state.py -> /home/csrobot/flexbe_ws/build/flexbe_states/build/lib/flexbe_states
copying flexbe_states/user_data_state.py -> /home/csrobot/flexbe_ws/build/flexbe_states/build/lib/flexbe_states
copying flexbe_states/flexible_check_condition_state.py -> /home/csrobot/flexbe_ws/build/flexbe_states/build/lib/flexbe_states
copying flexbe_states/selection_state.py -> /home/csrobot/flexbe_ws/build/flexbe_states/build/lib/flexbe_states
copying flexbe_states/subscriber_state.py -> /home/csrobot/flexbe_ws/build/flexbe_states/build/lib/flexbe_states
copying flexbe_states/flexible_calculation_state.py -> /home/csrobot/flexbe_ws/build/flexbe_states/build/lib/flexbe_states
copying flexbe_states/__init__.py -> /home/csrobot/flexbe_ws/build/flexbe_states/build/lib/flexbe_states
copying flexbe_states/calculation_state.py -> /home/csrobot/flexbe_ws/build/flexbe_states/build/lib/flexbe_states
copying flexbe_states/log_state.py -> /home/csrobot/flexbe_ws/build/flexbe_states/build/lib/flexbe_states
copying flexbe_states/wait_state.py -> /home/csrobot/flexbe_ws/build/flexbe_states/build/lib/flexbe_states
copying flexbe_states/log_key_state.py -> /home/csrobot/flexbe_ws/build/flexbe_states/build/lib/flexbe_states
copying flexbe_states/check_condition_state.py -> /home/csrobot/flexbe_ws/build/flexbe_states/build/lib/flexbe_states
copying flexbe_states/operator_decision_state.py -> /home/csrobot/flexbe_ws/build/flexbe_states/build/lib/flexbe_states
copying flexbe_states/input_state.py -> /home/csrobot/flexbe_ws/build/flexbe_states/build/lib/flexbe_states
copying flexbe_states/decision_state.py -> /home/csrobot/flexbe_ws/build/flexbe_states/build/lib/flexbe_states
creating /home/csrobot/flexbe_ws/build/flexbe_states/build/lib/tests
copying tests/__init__.py -> /home/csrobot/flexbe_ws/build/flexbe_states/build/lib/tests
copying tests/run_tests.launch.py -> /home/csrobot/flexbe_ws/build/flexbe_states/build/lib/tests
copying tests/run_colcon_test.py -> /home/csrobot/flexbe_ws/build/flexbe_states/build/lib/tests
copying tests/pub.launch.py -> /home/csrobot/flexbe_ws/build/flexbe_states/build/lib/tests
running install
running install_lib
creating /home/csrobot/flexbe_ws/install/flexbe_states/lib/python3.12/site-packages/flexbe_states
copying /home/csrobot/flexbe_ws/build/flexbe_states/build/lib/flexbe_states/publisher_string_state.py -> /home/csrobot/flexbe_ws/install/flexbe_states/lib/python3.12/site-packages/flexbe_states
copying /home/csrobot/flexbe_ws/build/flexbe_states/build/lib/flexbe_states/publisher_empty_state.py -> /home/csrobot/flexbe_ws/install/flexbe_states/lib/python3.12/site-packages/flexbe_states
copying /home/csrobot/flexbe_ws/build/flexbe_states/build/lib/flexbe_states/publisher_bool_state.py -> /home/csrobot/flexbe_ws/install/flexbe_states/lib/python3.12/site-packages/flexbe_states
copying /home/csrobot/flexbe_ws/build/flexbe_states/build/lib/flexbe_states/user_data_state.py -> /home/csrobot/flexbe_ws/install/flexbe_states/lib/python3.12/site-packages/flexbe_states
copying /home/csrobot/flexbe_ws/build/flexbe_states/build/lib/flexbe_states/flexible_check_condition_state.py -> /home/csrobot/flexbe_ws/install/flexbe_states/lib/python3.12/site-packages/flexbe_states
copying /home/csrobot/flexbe_ws/build/flexbe_states/build/lib/flexbe_states/selection_state.py -> /home/csrobot/flexbe_ws/install/flexbe_states/lib/python3.12/site-packages/flexbe_states
copying /home/csrobot/flexbe_ws/build/flexbe_states/build/lib/flexbe_states/subscriber_state.py -> /home/csrobot/flexbe_ws/install/flexbe_states/lib/python3.12/site-packages/flexbe_states
copying /home/csrobot/flexbe_ws/build/flexbe_states/build/lib/flexbe_states/flexible_calculation_state.py -> /home/csrobot/flexbe_ws/install/flexbe_states/lib/python3.12/site-packages/flexbe_states
copying /home/csrobot/flexbe_ws/build/flexbe_states/build/lib/flexbe_states/__init__.py -> /home/csrobot/flexbe_ws/install/flexbe_states/lib/python3.12/site-packages/flexbe_states
copying /home/csrobot/flexbe_ws/build/flexbe_states/build/lib/flexbe_states/calculation_state.py -> /home/csrobot/flexbe_ws/install/flexbe_states/lib/python3.12/site-packages/flexbe_states
copying /home/csrobot/flexbe_ws/build/flexbe_states/build/lib/flexbe_states/log_state.py -> /home/csrobot/flexbe_ws/install/flexbe_states/lib/python3.12/site-packages/flexbe_states
copying /home/csrobot/flexbe_ws/build/flexbe_states/build/lib/flexbe_states/wait_state.py -> /home/csrobot/flexbe_ws/install/flexbe_states/lib/python3.12/site-packages/flexbe_states
copying /home/csrobot/flexbe_ws/build/flexbe_states/build/lib/flexbe_states/log_key_state.py -> /home/csrobot/flexbe_ws/install/flexbe_states/lib/python3.12/site-packages/flexbe_states
copying /home/csrobot/flexbe_ws/build/flexbe_states/build/lib/flexbe_states/check_condition_state.py -> /home/csrobot/flexbe_ws/install/flexbe_states/lib/python3.12/site-packages/flexbe_states
copying /home/csrobot/flexbe_ws/build/flexbe_states/build/lib/flexbe_states/operator_decision_state.py -> /home/csrobot/flexbe_ws/install/flexbe_states/lib/python3.12/site-packages/flexbe_states
copying /home/csrobot/flexbe_ws/build/flexbe_states/build/lib/flexbe_states/input_state.py -> /home/csrobot/flexbe_ws/install/flexbe_states/lib/python3.12/site-packages/flexbe_states
copying /home/csrobot/flexbe_ws/build/flexbe_states/build/lib/flexbe_states/decision_state.py -> /home/csrobot/flexbe_ws/install/flexbe_states/lib/python3.12/site-packages/flexbe_states
creating /home/csrobot/flexbe_ws/install/flexbe_states/lib/python3.12/site-packages/tests
copying /home/csrobot/flexbe_ws/build/flexbe_states/build/lib/tests/__init__.py -> /home/csrobot/flexbe_ws/install/flexbe_states/lib/python3.12/site-packages/tests
copying /home/csrobot/flexbe_ws/build/flexbe_states/build/lib/tests/run_tests.launch.py -> /home/csrobot/flexbe_ws/install/flexbe_states/lib/python3.12/site-packages/tests
copying /home/csrobot/flexbe_ws/build/flexbe_states/build/lib/tests/run_colcon_test.py -> /home/csrobot/flexbe_ws/install/flexbe_states/lib/python3.12/site-packages/tests
copying /home/csrobot/flexbe_ws/build/flexbe_states/build/lib/tests/pub.launch.py -> /home/csrobot/flexbe_ws/install/flexbe_states/lib/python3.12/site-packages/tests
byte-compiling /home/csrobot/flexbe_ws/install/flexbe_states/lib/python3.12/site-packages/flexbe_states/publisher_string_state.py to publisher_string_state.cpython-312.pyc
byte-compiling /home/csrobot/flexbe_ws/install/flexbe_states/lib/python3.12/site-packages/flexbe_states/publisher_empty_state.py to publisher_empty_state.cpython-312.pyc
byte-compiling /home/csrobot/flexbe_ws/install/flexbe_states/lib/python3.12/site-packages/flexbe_states/publisher_bool_state.py to publisher_bool_state.cpython-312.pyc
byte-compiling /home/csrobot/flexbe_ws/install/flexbe_states/lib/python3.12/site-packages/flexbe_states/user_data_state.py to user_data_state.cpython-312.pyc
byte-compiling /home/csrobot/flexbe_ws/install/flexbe_states/lib/python3.12/site-packages/flexbe_states/flexible_check_condition_state.py to flexible_check_condition_state.cpython-312.pyc
byte-compiling /home/csrobot/flexbe_ws/install/flexbe_states/lib/python3.12/site-packages/flexbe_states/selection_state.py to selection_state.cpython-312.pyc
byte-compiling /home/csrobot/flexbe_ws/install/flexbe_states/lib/python3.12/site-packages/flexbe_states/subscriber_state.py to subscriber_state.cpython-312.pyc
byte-compiling /home/csrobot/flexbe_ws/install/flexbe_states/lib/python3.12/site-packages/flexbe_states/flexible_calculation_state.py to flexible_calculation_state.cpython-312.pyc
byte-compiling /home/csrobot/flexbe_ws/install/flexbe_states/lib/python3.12/site-packages/flexbe_states/__init__.py to __init__.cpython-312.pyc
byte-compiling /home/csrobot/flexbe_ws/install/flexbe_states/lib/python3.12/site-packages/flexbe_states/calculation_state.py to calculation_state.cpython-312.pyc
byte-compiling /home/csrobot/flexbe_ws/install/flexbe_states/lib/python3.12/site-packages/flexbe_states/log_state.py to log_state.cpython-312.pyc
byte-compiling /home/csrobot/flexbe_ws/install/flexbe_states/lib/python3.12/site-packages/flexbe_states/wait_state.py to wait_state.cpython-312.pyc
byte-compiling /home/csrobot/flexbe_ws/install/flexbe_states/lib/python3.12/site-packages/flexbe_states/log_key_state.py to log_key_state.cpython-312.pyc
byte-compiling /home/csrobot/flexbe_ws/install/flexbe_states/lib/python3.12/site-packages/flexbe_states/check_condition_state.py to check_condition_state.cpython-312.pyc
byte-compiling /home/csrobot/flexbe_ws/install/flexbe_states/lib/python3.12/site-packages/flexbe_states/operator_decision_state.py to operator_decision_state.cpython-312.pyc
byte-compiling /home/csrobot/flexbe_ws/install/flexbe_states/lib/python3.12/site-packages/flexbe_states/input_state.py to input_state.cpython-312.pyc
byte-compiling /home/csrobot/flexbe_ws/install/flexbe_states/lib/python3.12/site-packages/flexbe_states/decision_state.py to decision_state.cpython-312.pyc
byte-compiling /home/csrobot/flexbe_ws/install/flexbe_states/lib/python3.12/site-packages/tests/__init__.py to __init__.cpython-312.pyc
byte-compiling /home/csrobot/flexbe_ws/install/flexbe_states/lib/python3.12/site-packages/tests/run_tests.launch.py to run_tests.launch.cpython-312.pyc
byte-compiling /home/csrobot/flexbe_ws/install/flexbe_states/lib/python3.12/site-packages/tests/run_colcon_test.py to run_colcon_test.cpython-312.pyc
byte-compiling /home/csrobot/flexbe_ws/install/flexbe_states/lib/python3.12/site-packages/tests/pub.launch.py to pub.launch.cpython-312.pyc
running install_data
creating /home/csrobot/flexbe_ws/install/flexbe_states/share/ament_index
creating /home/csrobot/flexbe_ws/install/flexbe_states/share/ament_index/resource_index
creating /home/csrobot/flexbe_ws/install/flexbe_states/share/ament_index/resource_index/packages
copying resource/flexbe_states -> /home/csrobot/flexbe_ws/install/flexbe_states/share/ament_index/resource_index/packages
copying package.xml -> /home/csrobot/flexbe_ws/install/flexbe_states/share/flexbe_states
creating /home/csrobot/flexbe_ws/install/flexbe_states/share/flexbe_states/tests
copying tests/log_state_msg.test -> /home/csrobot/flexbe_ws/install/flexbe_states/share/flexbe_states/tests
copying tests/calculation_state_none.test -> /home/csrobot/flexbe_ws/install/flexbe_states/share/flexbe_states/tests
copying tests/log_state_int.test -> /home/csrobot/flexbe_ws/install/flexbe_states/share/flexbe_states/tests
copying tests/operator_decision_state_suggested.test -> /home/csrobot/flexbe_ws/install/flexbe_states/share/flexbe_states/tests
copying tests/subscriber_state_pose.test -> /home/csrobot/flexbe_ws/install/flexbe_states/share/flexbe_states/tests
copying tests/log_state_string.test -> /home/csrobot/flexbe_ws/install/flexbe_states/share/flexbe_states/tests
copying tests/input_state_import.test -> /home/csrobot/flexbe_ws/install/flexbe_states/share/flexbe_states/tests
copying tests/subscriber_state_unavailable.test -> /home/csrobot/flexbe_ws/install/flexbe_states/share/flexbe_states/tests
copying tests/decision_state_simple.test -> /home/csrobot/flexbe_ws/install/flexbe_states/share/flexbe_states/tests
copying tests/flexible_calculation_state_simple.test -> /home/csrobot/flexbe_ws/install/flexbe_states/share/flexbe_states/tests
copying tests/check_condition_state_true.test -> /home/csrobot/flexbe_ws/install/flexbe_states/share/flexbe_states/tests
copying tests/wait_state_short.test -> /home/csrobot/flexbe_ws/install/flexbe_states/share/flexbe_states/tests
copying tests/check_condition_state_invalid.test -> /home/csrobot/flexbe_ws/install/flexbe_states/share/flexbe_states/tests
copying tests/calculation_state_simple.test -> /home/csrobot/flexbe_ws/install/flexbe_states/share/flexbe_states/tests
creating /home/csrobot/flexbe_ws/install/flexbe_states/share/flexbe_states/launch
copying tests/run_tests.launch.py -> /home/csrobot/flexbe_ws/install/flexbe_states/share/flexbe_states/launch
copying tests/pub.launch.py -> /home/csrobot/flexbe_ws/install/flexbe_states/share/flexbe_states/launch
running install_egg_info
Copying ../../../build/flexbe_states/flexbe_states.egg-info to /home/csrobot/flexbe_ws/install/flexbe_states/lib/python3.12/site-packages/flexbe_states-4.0.1-py3.12.egg-info
running install_scripts
writing list of installed files to '/home/csrobot/flexbe_ws/build/flexbe_states/install.log'
