[2.200s] Invoking command in '/home/csrobot/flexbe_ws/src/flexbe_behavior_engine/flexbe_states': AMENT_PREFIX_PATH=/home/csrobot/flexbe_ws/install/flexbe_core:/home/csrobot/flexbe_ws/install/panda_moveit_config:/home/csrobot/flexbe_ws/install/panda_gazebo:/home/csrobot/flexbe_ws/install/panda_description:/home/csrobot/flexbe_ws/install/gpd_ros:/home/csrobot/flexbe_ws/install/flexbe_behavior_engine:/home/csrobot/flexbe_ws/install/flexbe_widget:/home/csrobot/flexbe_ws/install/flexbe_webui:/home/csrobot/flexbe_ws/install/flexbe_onboard:/home/csrobot/flexbe_ws/install/flexbe_states:/home/csrobot/flexbe_ws/install/flexbe_testing:/home/csrobot/flexbe_ws/install/flexbe_mirror:/home/csrobot/flexbe_ws/install/flexbe_input:/home/csrobot/flexbe_ws/install/example_flexbe_states:/home/csrobot/flexbe_ws/install/compare_flexbe:/home/csrobot/flexbe_ws/install/compare_flexbe_states:/home/csrobot/flexbe_ws/install/compare_flexbe_behaviors:/home/csrobot/flexbe_ws/install/flexbe_msgs:/home/csrobot/flexbe_ws/install/compare_flexbe_utilities:/home/csrobot/flexbe_ws/install/armada_gazebo:/home/csrobot/flexbe_ws/install/armada_description:/home/csrobot/flexbe_ws/install/armada_bringup:/home/csrobot/graspnet_ws/install/unseen_obj_clst_ros2:/home/csrobot/graspnet_ws/install/contact_graspnet_ros2:/opt/ros/jazzy CMAKE_PREFIX_PATH=/home/csrobot/flexbe_ws/install/flexbe_testing:/home/csrobot/flexbe_ws/install/flexbe_msgs:/home/csrobot/flexbe_ws/install/panda_moveit_config:/home/csrobot/flexbe_ws/install/panda_gazebo:/home/csrobot/flexbe_ws/install/panda_description:/home/csrobot/flexbe_ws/install/gpd_ros:/home/csrobot/flexbe_ws/install/flexbe_behavior_engine:/home/csrobot/flexbe_ws/install/flexbe_widget:/home/csrobot/flexbe_ws/install/compare_flexbe:/home/csrobot/flexbe_ws/install/compare_flexbe_behaviors:/home/csrobot/flexbe_ws/install/compare_flexbe_utilities:/home/csrobot/flexbe_ws/install/armada_gazebo:/home/csrobot/flexbe_ws/install/armada_description:/home/csrobot/flexbe_ws/install/armada_bringup:/home/csrobot/graspnet_ws/install/unseen_obj_clst_ros2:/home/csrobot/graspnet_ws/install/contact_graspnet_ros2:/opt/ros/jazzy/opt/gz_sim_vendor:/opt/ros/jazzy/opt/gz_sensors_vendor:/opt/ros/jazzy/opt/gz_physics_vendor:/opt/ros/jazzy/opt/sdformat_vendor:/opt/ros/jazzy/opt/gz_gui_vendor:/opt/ros/jazzy/opt/gz_transport_vendor:/opt/ros/jazzy/opt/gz_rendering_vendor:/opt/ros/jazzy/opt/gz_plugin_vendor:/opt/ros/jazzy/opt/gz_fuel_tools_vendor:/opt/ros/jazzy/opt/gz_msgs_vendor:/opt/ros/jazzy/opt/gz_common_vendor:/opt/ros/jazzy/opt/gz_math_vendor:/opt/ros/jazzy/opt/gz_utils_vendor:/opt/ros/jazzy/opt/gz_tools_vendor:/opt/ros/jazzy/opt/gz_ogre_next_vendor:/opt/ros/jazzy/opt/gz_dartsim_vendor:/opt/ros/jazzy/opt/gz_cmake_vendor DEBUGINFOD_URLS=https://debuginfod.ubuntu.com LD_LIBRARY_PATH=/home/csrobot/flexbe_ws/install/flexbe_msgs/lib:/home/csrobot/flexbe_ws/install/gpd_ros/lib:/home/csrobot/flexbe_ws/install/gpd/lib:/home/csrobot/flexbe_ws/install/compare_flexbe_utilities/lib:/home/csrobot/graspnet_ws/install/unseen_obj_clst_ros2/lib:/home/csrobot/graspnet_ws/install/contact_graspnet_ros2/lib:/opt/ros/jazzy/opt/gz_sim_vendor/lib:/opt/ros/jazzy/opt/gz_sensors_vendor/lib:/opt/ros/jazzy/opt/gz_physics_vendor/lib:/opt/ros/jazzy/opt/sdformat_vendor/lib:/opt/ros/jazzy/opt/rviz_ogre_vendor/lib:/opt/ros/jazzy/lib/x86_64-linux-gnu:/opt/ros/jazzy/opt/gz_gui_vendor/lib:/opt/ros/jazzy/opt/gz_transport_vendor/lib:/opt/ros/jazzy/opt/gz_rendering_vendor/lib:/opt/ros/jazzy/opt/gz_plugin_vendor/lib:/opt/ros/jazzy/opt/gz_fuel_tools_vendor/lib:/opt/ros/jazzy/opt/gz_msgs_vendor/lib:/opt/ros/jazzy/opt/gz_common_vendor/lib:/opt/ros/jazzy/opt/gz_math_vendor/lib:/opt/ros/jazzy/opt/gz_utils_vendor/lib:/opt/ros/jazzy/opt/gz_tools_vendor/lib:/opt/ros/jazzy/opt/gz_ogre_next_vendor/lib:/opt/ros/jazzy/opt/gz_dartsim_vendor/lib:/opt/ros/jazzy/opt/gz_cmake_vendor/lib:/opt/ros/jazzy/lib:/usr/local/cuda/lib64:/usr/local/cuda/lib64 PYTHONPATH=/home/csrobot/flexbe_ws/build/flexbe_states/prefix_override:/usr/lib/python3/dist-packages/colcon_core/task/python/colcon_distutils_commands:/home/csrobot/flexbe_ws/install/flexbe_states/lib/python3.12/site-packages:/home/csrobot/flexbe_ws/install/flexbe_testing/lib/python3.12/site-packages:/home/csrobot/flexbe_ws/install/flexbe_core/lib/python3.12/site-packages:/home/csrobot/flexbe_ws/install/flexbe_msgs/lib/python3.12/site-packages:/home/csrobot/flexbe_ws/install/gpd_ros/lib/python3.12/site-packages:/home/csrobot/flexbe_ws/install/flexbe_widget/lib/python3.12/site-packages:/home/csrobot/flexbe_ws/install/flexbe_webui/lib/python3.12/site-packages:/home/csrobot/flexbe_ws/install/flexbe_onboard/lib/python3.12/site-packages:/home/csrobot/flexbe_ws/install/flexbe_states/lib/python3.12/site-packages:/home/csrobot/flexbe_ws/install/flexbe_mirror/lib/python3.12/site-packages:/home/csrobot/flexbe_ws/install/flexbe_input/lib/python3.12/site-packages:/home/csrobot/flexbe_ws/install/example_flexbe_states/lib/python3.12/site-packages:/home/csrobot/flexbe_ws/install/compare_flexbe_states/lib/python3.12/site-packages:/home/csrobot/flexbe_ws/install/compare_flexbe_behaviors/lib/python3.12/site-packages:/home/csrobot/flexbe_ws/install/compare_flexbe_utilities/lib/python3.12/site-packages:/home/csrobot/graspnet_ws/install/unseen_obj_clst_ros2/lib/python3.12/site-packages:/home/csrobot/graspnet_ws/install/contact_graspnet_ros2/lib/python3.12/site-packages:/opt/ros/jazzy/lib/python3.12/site-packages /usr/bin/python3 -W ignore:setup.py install is deprecated -W ignore:easy_install command is deprecated setup.py egg_info --egg-base ../../../build/flexbe_states build --build-base /home/csrobot/flexbe_ws/build/flexbe_states/build install --record /home/csrobot/flexbe_ws/build/flexbe_states/install.log --single-version-externally-managed install_data
[2.659s] running egg_info
[2.659s] creating ../../../build/flexbe_states/flexbe_states.egg-info
[2.698s] writing ../../../build/flexbe_states/flexbe_states.egg-info/PKG-INFO
[2.698s] writing dependency_links to ../../../build/flexbe_states/flexbe_states.egg-info/dependency_links.txt
[2.699s] writing requirements to ../../../build/flexbe_states/flexbe_states.egg-info/requires.txt
[2.699s] writing top-level names to ../../../build/flexbe_states/flexbe_states.egg-info/top_level.txt
[2.699s] writing manifest file '../../../build/flexbe_states/flexbe_states.egg-info/SOURCES.txt'
[2.784s] reading manifest file '../../../build/flexbe_states/flexbe_states.egg-info/SOURCES.txt'
[2.784s] writing manifest file '../../../build/flexbe_states/flexbe_states.egg-info/SOURCES.txt'
[2.784s] running build
[2.785s] running build_py
[2.785s] creating /home/csrobot/flexbe_ws/build/flexbe_states/build
[2.785s] creating /home/csrobot/flexbe_ws/build/flexbe_states/build/lib
[2.785s] creating /home/csrobot/flexbe_ws/build/flexbe_states/build/lib/flexbe_states
[2.788s] copying flexbe_states/publisher_string_state.py -> /home/csrobot/flexbe_ws/build/flexbe_states/build/lib/flexbe_states
[2.788s] copying flexbe_states/publisher_empty_state.py -> /home/csrobot/flexbe_ws/build/flexbe_states/build/lib/flexbe_states
[2.788s] copying flexbe_states/publisher_bool_state.py -> /home/csrobot/flexbe_ws/build/flexbe_states/build/lib/flexbe_states
[2.788s] copying flexbe_states/user_data_state.py -> /home/csrobot/flexbe_ws/build/flexbe_states/build/lib/flexbe_states
[2.788s] copying flexbe_states/flexible_check_condition_state.py -> /home/csrobot/flexbe_ws/build/flexbe_states/build/lib/flexbe_states
[2.788s] copying flexbe_states/selection_state.py -> /home/csrobot/flexbe_ws/build/flexbe_states/build/lib/flexbe_states
[2.788s] copying flexbe_states/subscriber_state.py -> /home/csrobot/flexbe_ws/build/flexbe_states/build/lib/flexbe_states
[2.788s] copying flexbe_states/flexible_calculation_state.py -> /home/csrobot/flexbe_ws/build/flexbe_states/build/lib/flexbe_states
[2.788s] copying flexbe_states/__init__.py -> /home/csrobot/flexbe_ws/build/flexbe_states/build/lib/flexbe_states
[2.788s] copying flexbe_states/calculation_state.py -> /home/csrobot/flexbe_ws/build/flexbe_states/build/lib/flexbe_states
[2.789s] copying flexbe_states/log_state.py -> /home/csrobot/flexbe_ws/build/flexbe_states/build/lib/flexbe_states
[2.789s] copying flexbe_states/wait_state.py -> /home/csrobot/flexbe_ws/build/flexbe_states/build/lib/flexbe_states
[2.789s] copying flexbe_states/log_key_state.py -> /home/csrobot/flexbe_ws/build/flexbe_states/build/lib/flexbe_states
[2.789s] copying flexbe_states/check_condition_state.py -> /home/csrobot/flexbe_ws/build/flexbe_states/build/lib/flexbe_states
[2.789s] copying flexbe_states/operator_decision_state.py -> /home/csrobot/flexbe_ws/build/flexbe_states/build/lib/flexbe_states
[2.789s] copying flexbe_states/input_state.py -> /home/csrobot/flexbe_ws/build/flexbe_states/build/lib/flexbe_states
[2.789s] copying flexbe_states/decision_state.py -> /home/csrobot/flexbe_ws/build/flexbe_states/build/lib/flexbe_states
[2.789s] creating /home/csrobot/flexbe_ws/build/flexbe_states/build/lib/tests
[2.789s] copying tests/__init__.py -> /home/csrobot/flexbe_ws/build/flexbe_states/build/lib/tests
[2.789s] copying tests/run_tests.launch.py -> /home/csrobot/flexbe_ws/build/flexbe_states/build/lib/tests
[2.789s] copying tests/run_colcon_test.py -> /home/csrobot/flexbe_ws/build/flexbe_states/build/lib/tests
[2.789s] copying tests/pub.launch.py -> /home/csrobot/flexbe_ws/build/flexbe_states/build/lib/tests
[2.789s] running install
[2.797s] running install_lib
[2.858s] creating /home/csrobot/flexbe_ws/install/flexbe_states/lib/python3.12/site-packages/flexbe_states
[2.859s] copying /home/csrobot/flexbe_ws/build/flexbe_states/build/lib/flexbe_states/publisher_string_state.py -> /home/csrobot/flexbe_ws/install/flexbe_states/lib/python3.12/site-packages/flexbe_states
[2.859s] copying /home/csrobot/flexbe_ws/build/flexbe_states/build/lib/flexbe_states/publisher_empty_state.py -> /home/csrobot/flexbe_ws/install/flexbe_states/lib/python3.12/site-packages/flexbe_states
[2.859s] copying /home/csrobot/flexbe_ws/build/flexbe_states/build/lib/flexbe_states/publisher_bool_state.py -> /home/csrobot/flexbe_ws/install/flexbe_states/lib/python3.12/site-packages/flexbe_states
[2.860s] copying /home/csrobot/flexbe_ws/build/flexbe_states/build/lib/flexbe_states/user_data_state.py -> /home/csrobot/flexbe_ws/install/flexbe_states/lib/python3.12/site-packages/flexbe_states
[2.860s] copying /home/csrobot/flexbe_ws/build/flexbe_states/build/lib/flexbe_states/flexible_check_condition_state.py -> /home/csrobot/flexbe_ws/install/flexbe_states/lib/python3.12/site-packages/flexbe_states
[2.860s] copying /home/csrobot/flexbe_ws/build/flexbe_states/build/lib/flexbe_states/selection_state.py -> /home/csrobot/flexbe_ws/install/flexbe_states/lib/python3.12/site-packages/flexbe_states
[2.861s] copying /home/csrobot/flexbe_ws/build/flexbe_states/build/lib/flexbe_states/subscriber_state.py -> /home/csrobot/flexbe_ws/install/flexbe_states/lib/python3.12/site-packages/flexbe_states
[2.861s] copying /home/csrobot/flexbe_ws/build/flexbe_states/build/lib/flexbe_states/flexible_calculation_state.py -> /home/csrobot/flexbe_ws/install/flexbe_states/lib/python3.12/site-packages/flexbe_states
[2.862s] copying /home/csrobot/flexbe_ws/build/flexbe_states/build/lib/flexbe_states/__init__.py -> /home/csrobot/flexbe_ws/install/flexbe_states/lib/python3.12/site-packages/flexbe_states
[2.862s] copying /home/csrobot/flexbe_ws/build/flexbe_states/build/lib/flexbe_states/calculation_state.py -> /home/csrobot/flexbe_ws/install/flexbe_states/lib/python3.12/site-packages/flexbe_states
[2.863s] copying /home/csrobot/flexbe_ws/build/flexbe_states/build/lib/flexbe_states/log_state.py -> /home/csrobot/flexbe_ws/install/flexbe_states/lib/python3.12/site-packages/flexbe_states
[2.863s] copying /home/csrobot/flexbe_ws/build/flexbe_states/build/lib/flexbe_states/wait_state.py -> /home/csrobot/flexbe_ws/install/flexbe_states/lib/python3.12/site-packages/flexbe_states
[2.864s] copying /home/csrobot/flexbe_ws/build/flexbe_states/build/lib/flexbe_states/log_key_state.py -> /home/csrobot/flexbe_ws/install/flexbe_states/lib/python3.12/site-packages/flexbe_states
[2.864s] copying /home/csrobot/flexbe_ws/build/flexbe_states/build/lib/flexbe_states/check_condition_state.py -> /home/csrobot/flexbe_ws/install/flexbe_states/lib/python3.12/site-packages/flexbe_states
[2.864s] copying /home/csrobot/flexbe_ws/build/flexbe_states/build/lib/flexbe_states/operator_decision_state.py -> /home/csrobot/flexbe_ws/install/flexbe_states/lib/python3.12/site-packages/flexbe_states
[2.865s] copying /home/csrobot/flexbe_ws/build/flexbe_states/build/lib/flexbe_states/input_state.py -> /home/csrobot/flexbe_ws/install/flexbe_states/lib/python3.12/site-packages/flexbe_states
[2.865s] copying /home/csrobot/flexbe_ws/build/flexbe_states/build/lib/flexbe_states/decision_state.py -> /home/csrobot/flexbe_ws/install/flexbe_states/lib/python3.12/site-packages/flexbe_states
[2.865s] creating /home/csrobot/flexbe_ws/install/flexbe_states/lib/python3.12/site-packages/tests
[2.866s] copying /home/csrobot/flexbe_ws/build/flexbe_states/build/lib/tests/__init__.py -> /home/csrobot/flexbe_ws/install/flexbe_states/lib/python3.12/site-packages/tests
[2.866s] copying /home/csrobot/flexbe_ws/build/flexbe_states/build/lib/tests/run_tests.launch.py -> /home/csrobot/flexbe_ws/install/flexbe_states/lib/python3.12/site-packages/tests
[2.867s] copying /home/csrobot/flexbe_ws/build/flexbe_states/build/lib/tests/run_colcon_test.py -> /home/csrobot/flexbe_ws/install/flexbe_states/lib/python3.12/site-packages/tests
[2.868s] copying /home/csrobot/flexbe_ws/build/flexbe_states/build/lib/tests/pub.launch.py -> /home/csrobot/flexbe_ws/install/flexbe_states/lib/python3.12/site-packages/tests
[2.868s] byte-compiling /home/csrobot/flexbe_ws/install/flexbe_states/lib/python3.12/site-packages/flexbe_states/publisher_string_state.py to publisher_string_state.cpython-312.pyc
[2.869s] byte-compiling /home/csrobot/flexbe_ws/install/flexbe_states/lib/python3.12/site-packages/flexbe_states/publisher_empty_state.py to publisher_empty_state.cpython-312.pyc
[2.870s] byte-compiling /home/csrobot/flexbe_ws/install/flexbe_states/lib/python3.12/site-packages/flexbe_states/publisher_bool_state.py to publisher_bool_state.cpython-312.pyc
[2.871s] byte-compiling /home/csrobot/flexbe_ws/install/flexbe_states/lib/python3.12/site-packages/flexbe_states/user_data_state.py to user_data_state.cpython-312.pyc
[2.872s] byte-compiling /home/csrobot/flexbe_ws/install/flexbe_states/lib/python3.12/site-packages/flexbe_states/flexible_check_condition_state.py to flexible_check_condition_state.cpython-312.pyc
[2.872s] byte-compiling /home/csrobot/flexbe_ws/install/flexbe_states/lib/python3.12/site-packages/flexbe_states/selection_state.py to selection_state.cpython-312.pyc
[2.874s] byte-compiling /home/csrobot/flexbe_ws/install/flexbe_states/lib/python3.12/site-packages/flexbe_states/subscriber_state.py to subscriber_state.cpython-312.pyc
[2.875s] byte-compiling /home/csrobot/flexbe_ws/install/flexbe_states/lib/python3.12/site-packages/flexbe_states/flexible_calculation_state.py to flexible_calculation_state.cpython-312.pyc
[2.875s] byte-compiling /home/csrobot/flexbe_ws/install/flexbe_states/lib/python3.12/site-packages/flexbe_states/__init__.py to __init__.cpython-312.pyc
[2.876s] byte-compiling /home/csrobot/flexbe_ws/install/flexbe_states/lib/python3.12/site-packages/flexbe_states/calculation_state.py to calculation_state.cpython-312.pyc
[2.877s] byte-compiling /home/csrobot/flexbe_ws/install/flexbe_states/lib/python3.12/site-packages/flexbe_states/log_state.py to log_state.cpython-312.pyc
[2.878s] byte-compiling /home/csrobot/flexbe_ws/install/flexbe_states/lib/python3.12/site-packages/flexbe_states/wait_state.py to wait_state.cpython-312.pyc
[2.878s] byte-compiling /home/csrobot/flexbe_ws/install/flexbe_states/lib/python3.12/site-packages/flexbe_states/log_key_state.py to log_key_state.cpython-312.pyc
[2.879s] byte-compiling /home/csrobot/flexbe_ws/install/flexbe_states/lib/python3.12/site-packages/flexbe_states/check_condition_state.py to check_condition_state.cpython-312.pyc
[2.880s] byte-compiling /home/csrobot/flexbe_ws/install/flexbe_states/lib/python3.12/site-packages/flexbe_states/operator_decision_state.py to operator_decision_state.cpython-312.pyc
[2.881s] byte-compiling /home/csrobot/flexbe_ws/install/flexbe_states/lib/python3.12/site-packages/flexbe_states/input_state.py to input_state.cpython-312.pyc
[2.882s] byte-compiling /home/csrobot/flexbe_ws/install/flexbe_states/lib/python3.12/site-packages/flexbe_states/decision_state.py to decision_state.cpython-312.pyc
[2.883s] byte-compiling /home/csrobot/flexbe_ws/install/flexbe_states/lib/python3.12/site-packages/tests/__init__.py to __init__.cpython-312.pyc
[2.884s] byte-compiling /home/csrobot/flexbe_ws/install/flexbe_states/lib/python3.12/site-packages/tests/run_tests.launch.py to run_tests.launch.cpython-312.pyc
[2.885s] byte-compiling /home/csrobot/flexbe_ws/install/flexbe_states/lib/python3.12/site-packages/tests/run_colcon_test.py to run_colcon_test.cpython-312.pyc
[2.885s] byte-compiling /home/csrobot/flexbe_ws/install/flexbe_states/lib/python3.12/site-packages/tests/pub.launch.py to pub.launch.cpython-312.pyc
[2.886s] running install_data
[2.886s] creating /home/csrobot/flexbe_ws/install/flexbe_states/share/ament_index
[2.887s] creating /home/csrobot/flexbe_ws/install/flexbe_states/share/ament_index/resource_index
[2.887s] creating /home/csrobot/flexbe_ws/install/flexbe_states/share/ament_index/resource_index/packages
[2.888s] copying resource/flexbe_states -> /home/csrobot/flexbe_ws/install/flexbe_states/share/ament_index/resource_index/packages
[2.888s] copying package.xml -> /home/csrobot/flexbe_ws/install/flexbe_states/share/flexbe_states
[2.889s] creating /home/csrobot/flexbe_ws/install/flexbe_states/share/flexbe_states/tests
[2.889s] copying tests/log_state_msg.test -> /home/csrobot/flexbe_ws/install/flexbe_states/share/flexbe_states/tests
[2.889s] copying tests/calculation_state_none.test -> /home/csrobot/flexbe_ws/install/flexbe_states/share/flexbe_states/tests
[2.889s] copying tests/log_state_int.test -> /home/csrobot/flexbe_ws/install/flexbe_states/share/flexbe_states/tests
[2.890s] copying tests/operator_decision_state_suggested.test -> /home/csrobot/flexbe_ws/install/flexbe_states/share/flexbe_states/tests
[2.890s] copying tests/subscriber_state_pose.test -> /home/csrobot/flexbe_ws/install/flexbe_states/share/flexbe_states/tests
[2.890s] copying tests/log_state_string.test -> /home/csrobot/flexbe_ws/install/flexbe_states/share/flexbe_states/tests
[2.891s] copying tests/input_state_import.test -> /home/csrobot/flexbe_ws/install/flexbe_states/share/flexbe_states/tests
[2.891s] copying tests/subscriber_state_unavailable.test -> /home/csrobot/flexbe_ws/install/flexbe_states/share/flexbe_states/tests
[2.891s] copying tests/decision_state_simple.test -> /home/csrobot/flexbe_ws/install/flexbe_states/share/flexbe_states/tests
[2.892s] copying tests/flexible_calculation_state_simple.test -> /home/csrobot/flexbe_ws/install/flexbe_states/share/flexbe_states/tests
[2.892s] copying tests/check_condition_state_true.test -> /home/csrobot/flexbe_ws/install/flexbe_states/share/flexbe_states/tests
[2.892s] copying tests/wait_state_short.test -> /home/csrobot/flexbe_ws/install/flexbe_states/share/flexbe_states/tests
[2.893s] copying tests/check_condition_state_invalid.test -> /home/csrobot/flexbe_ws/install/flexbe_states/share/flexbe_states/tests
[2.893s] copying tests/calculation_state_simple.test -> /home/csrobot/flexbe_ws/install/flexbe_states/share/flexbe_states/tests
[2.893s] creating /home/csrobot/flexbe_ws/install/flexbe_states/share/flexbe_states/launch
[2.893s] copying tests/run_tests.launch.py -> /home/csrobot/flexbe_ws/install/flexbe_states/share/flexbe_states/launch
[2.894s] copying tests/pub.launch.py -> /home/csrobot/flexbe_ws/install/flexbe_states/share/flexbe_states/launch
[2.894s] running install_egg_info
[2.932s] Copying ../../../build/flexbe_states/flexbe_states.egg-info to /home/csrobot/flexbe_ws/install/flexbe_states/lib/python3.12/site-packages/flexbe_states-4.0.1-py3.12.egg-info
[2.934s] running install_scripts
[3.267s] writing list of installed files to '/home/csrobot/flexbe_ws/build/flexbe_states/install.log'
[3.369s] Invoked command in '/home/csrobot/flexbe_ws/src/flexbe_behavior_engine/flexbe_states' returned '0': AMENT_PREFIX_PATH=/home/csrobot/flexbe_ws/install/flexbe_core:/home/csrobot/flexbe_ws/install/panda_moveit_config:/home/csrobot/flexbe_ws/install/panda_gazebo:/home/csrobot/flexbe_ws/install/panda_description:/home/csrobot/flexbe_ws/install/gpd_ros:/home/csrobot/flexbe_ws/install/flexbe_behavior_engine:/home/csrobot/flexbe_ws/install/flexbe_widget:/home/csrobot/flexbe_ws/install/flexbe_webui:/home/csrobot/flexbe_ws/install/flexbe_onboard:/home/csrobot/flexbe_ws/install/flexbe_states:/home/csrobot/flexbe_ws/install/flexbe_testing:/home/csrobot/flexbe_ws/install/flexbe_mirror:/home/csrobot/flexbe_ws/install/flexbe_input:/home/csrobot/flexbe_ws/install/example_flexbe_states:/home/csrobot/flexbe_ws/install/compare_flexbe:/home/csrobot/flexbe_ws/install/compare_flexbe_states:/home/csrobot/flexbe_ws/install/compare_flexbe_behaviors:/home/csrobot/flexbe_ws/install/flexbe_msgs:/home/csrobot/flexbe_ws/install/compare_flexbe_utilities:/home/csrobot/flexbe_ws/install/armada_gazebo:/home/csrobot/flexbe_ws/install/armada_description:/home/csrobot/flexbe_ws/install/armada_bringup:/home/csrobot/graspnet_ws/install/unseen_obj_clst_ros2:/home/csrobot/graspnet_ws/install/contact_graspnet_ros2:/opt/ros/jazzy CMAKE_PREFIX_PATH=/home/csrobot/flexbe_ws/install/flexbe_testing:/home/csrobot/flexbe_ws/install/flexbe_msgs:/home/csrobot/flexbe_ws/install/panda_moveit_config:/home/csrobot/flexbe_ws/install/panda_gazebo:/home/csrobot/flexbe_ws/install/panda_description:/home/csrobot/flexbe_ws/install/gpd_ros:/home/csrobot/flexbe_ws/install/flexbe_behavior_engine:/home/csrobot/flexbe_ws/install/flexbe_widget:/home/csrobot/flexbe_ws/install/compare_flexbe:/home/csrobot/flexbe_ws/install/compare_flexbe_behaviors:/home/csrobot/flexbe_ws/install/compare_flexbe_utilities:/home/csrobot/flexbe_ws/install/armada_gazebo:/home/csrobot/flexbe_ws/install/armada_description:/home/csrobot/flexbe_ws/install/armada_bringup:/home/csrobot/graspnet_ws/install/unseen_obj_clst_ros2:/home/csrobot/graspnet_ws/install/contact_graspnet_ros2:/opt/ros/jazzy/opt/gz_sim_vendor:/opt/ros/jazzy/opt/gz_sensors_vendor:/opt/ros/jazzy/opt/gz_physics_vendor:/opt/ros/jazzy/opt/sdformat_vendor:/opt/ros/jazzy/opt/gz_gui_vendor:/opt/ros/jazzy/opt/gz_transport_vendor:/opt/ros/jazzy/opt/gz_rendering_vendor:/opt/ros/jazzy/opt/gz_plugin_vendor:/opt/ros/jazzy/opt/gz_fuel_tools_vendor:/opt/ros/jazzy/opt/gz_msgs_vendor:/opt/ros/jazzy/opt/gz_common_vendor:/opt/ros/jazzy/opt/gz_math_vendor:/opt/ros/jazzy/opt/gz_utils_vendor:/opt/ros/jazzy/opt/gz_tools_vendor:/opt/ros/jazzy/opt/gz_ogre_next_vendor:/opt/ros/jazzy/opt/gz_dartsim_vendor:/opt/ros/jazzy/opt/gz_cmake_vendor DEBUGINFOD_URLS=https://debuginfod.ubuntu.com LD_LIBRARY_PATH=/home/csrobot/flexbe_ws/install/flexbe_msgs/lib:/home/csrobot/flexbe_ws/install/gpd_ros/lib:/home/csrobot/flexbe_ws/install/gpd/lib:/home/csrobot/flexbe_ws/install/compare_flexbe_utilities/lib:/home/csrobot/graspnet_ws/install/unseen_obj_clst_ros2/lib:/home/csrobot/graspnet_ws/install/contact_graspnet_ros2/lib:/opt/ros/jazzy/opt/gz_sim_vendor/lib:/opt/ros/jazzy/opt/gz_sensors_vendor/lib:/opt/ros/jazzy/opt/gz_physics_vendor/lib:/opt/ros/jazzy/opt/sdformat_vendor/lib:/opt/ros/jazzy/opt/rviz_ogre_vendor/lib:/opt/ros/jazzy/lib/x86_64-linux-gnu:/opt/ros/jazzy/opt/gz_gui_vendor/lib:/opt/ros/jazzy/opt/gz_transport_vendor/lib:/opt/ros/jazzy/opt/gz_rendering_vendor/lib:/opt/ros/jazzy/opt/gz_plugin_vendor/lib:/opt/ros/jazzy/opt/gz_fuel_tools_vendor/lib:/opt/ros/jazzy/opt/gz_msgs_vendor/lib:/opt/ros/jazzy/opt/gz_common_vendor/lib:/opt/ros/jazzy/opt/gz_math_vendor/lib:/opt/ros/jazzy/opt/gz_utils_vendor/lib:/opt/ros/jazzy/opt/gz_tools_vendor/lib:/opt/ros/jazzy/opt/gz_ogre_next_vendor/lib:/opt/ros/jazzy/opt/gz_dartsim_vendor/lib:/opt/ros/jazzy/opt/gz_cmake_vendor/lib:/opt/ros/jazzy/lib:/usr/local/cuda/lib64:/usr/local/cuda/lib64 PYTHONPATH=/home/csrobot/flexbe_ws/build/flexbe_states/prefix_override:/usr/lib/python3/dist-packages/colcon_core/task/python/colcon_distutils_commands:/home/csrobot/flexbe_ws/install/flexbe_states/lib/python3.12/site-packages:/home/csrobot/flexbe_ws/install/flexbe_testing/lib/python3.12/site-packages:/home/csrobot/flexbe_ws/install/flexbe_core/lib/python3.12/site-packages:/home/csrobot/flexbe_ws/install/flexbe_msgs/lib/python3.12/site-packages:/home/csrobot/flexbe_ws/install/gpd_ros/lib/python3.12/site-packages:/home/csrobot/flexbe_ws/install/flexbe_widget/lib/python3.12/site-packages:/home/csrobot/flexbe_ws/install/flexbe_webui/lib/python3.12/site-packages:/home/csrobot/flexbe_ws/install/flexbe_onboard/lib/python3.12/site-packages:/home/csrobot/flexbe_ws/install/flexbe_states/lib/python3.12/site-packages:/home/csrobot/flexbe_ws/install/flexbe_mirror/lib/python3.12/site-packages:/home/csrobot/flexbe_ws/install/flexbe_input/lib/python3.12/site-packages:/home/csrobot/flexbe_ws/install/example_flexbe_states/lib/python3.12/site-packages:/home/csrobot/flexbe_ws/install/compare_flexbe_states/lib/python3.12/site-packages:/home/csrobot/flexbe_ws/install/compare_flexbe_behaviors/lib/python3.12/site-packages:/home/csrobot/flexbe_ws/install/compare_flexbe_utilities/lib/python3.12/site-packages:/home/csrobot/graspnet_ws/install/unseen_obj_clst_ros2/lib/python3.12/site-packages:/home/csrobot/graspnet_ws/install/contact_graspnet_ros2/lib/python3.12/site-packages:/opt/ros/jazzy/lib/python3.12/site-packages /usr/bin/python3 -W ignore:setup.py install is deprecated -W ignore:easy_install command is deprecated setup.py egg_info --egg-base ../../../build/flexbe_states build --build-base /home/csrobot/flexbe_ws/build/flexbe_states/build install --record /home/csrobot/flexbe_ws/build/flexbe_states/install.log --single-version-externally-managed install_data
