[0.043s] Invoking command in '/home/csrobot/flexbe_ws/build/panda_description': CMAKE_PREFIX_PATH=${CMAKE_PREFIX_PATH}:/home/csrobot/flexbe_ws/install/flexbe_webui:/home/csrobot/flexbe_ws/install/flexbe_onboard:/home/csrobot/flexbe_ws/install/flexbe_states:/home/csrobot/flexbe_ws/install/flexbe_mirror:/home/csrobot/flexbe_ws/install/flexbe_input:/home/csrobot/flexbe_ws/install/example_flexbe_states:/home/csrobot/flexbe_ws/install/compare_flexbe_states:/home/csrobot/flexbe_ws/install/flexbe_core:/opt/ros/jazzy DEBUGINFOD_URLS=https://debuginfod.ubuntu.com /usr/bin/cmake --build /home/csrobot/flexbe_ws/build/panda_description -- -j8 -l8
[0.077s] Invoked command in '/home/csrobot/flexbe_ws/build/panda_description' returned '0': CMAKE_PREFIX_PATH=${CMAKE_PREFIX_PATH}:/home/csrobot/flexbe_ws/install/flexbe_webui:/home/csrobot/flexbe_ws/install/flexbe_onboard:/home/csrobot/flexbe_ws/install/flexbe_states:/home/csrobot/flexbe_ws/install/flexbe_mirror:/home/csrobot/flexbe_ws/install/flexbe_input:/home/csrobot/flexbe_ws/install/example_flexbe_states:/home/csrobot/flexbe_ws/install/compare_flexbe_states:/home/csrobot/flexbe_ws/install/flexbe_core:/opt/ros/jazzy DEBUGINFOD_URLS=https://debuginfod.ubuntu.com /usr/bin/cmake --build /home/csrobot/flexbe_ws/build/panda_description -- -j8 -l8
[0.092s] Invoking command in '/home/csrobot/flexbe_ws/build/panda_description': CMAKE_PREFIX_PATH=${CMAKE_PREFIX_PATH}:/home/csrobot/flexbe_ws/install/flexbe_webui:/home/csrobot/flexbe_ws/install/flexbe_onboard:/home/csrobot/flexbe_ws/install/flexbe_states:/home/csrobot/flexbe_ws/install/flexbe_mirror:/home/csrobot/flexbe_ws/install/flexbe_input:/home/csrobot/flexbe_ws/install/example_flexbe_states:/home/csrobot/flexbe_ws/install/compare_flexbe_states:/home/csrobot/flexbe_ws/install/flexbe_core:/opt/ros/jazzy DEBUGINFOD_URLS=https://debuginfod.ubuntu.com /usr/bin/cmake --install /home/csrobot/flexbe_ws/build/panda_description
[0.104s] -- Install configuration: ""
[0.106s] -- Up-to-date: /home/csrobot/flexbe_ws/install/panda_description/share/panda_description/models
[0.107s] -- Up-to-date: /home/csrobot/flexbe_ws/install/panda_description/share/panda_description/models/panda
[0.107s] -- Up-to-date: /home/csrobot/flexbe_ws/install/panda_description/share/panda_description/models/panda/model.sdf
[0.107s] -- Up-to-date: /home/csrobot/flexbe_ws/install/panda_description/share/panda_description/models/panda/model.config
[0.107s] -- Up-to-date: /home/csrobot/flexbe_ws/install/panda_description/share/panda_description/meshes
[0.107s] -- Up-to-date: /home/csrobot/flexbe_ws/install/panda_description/share/panda_description/meshes/collision
[0.107s] -- Up-to-date: /home/csrobot/flexbe_ws/install/panda_description/share/panda_description/meshes/collision/link3.stl
[0.107s] -- Up-to-date: /home/csrobot/flexbe_ws/install/panda_description/share/panda_description/meshes/collision/finger.stl
[0.107s] -- Up-to-date: /home/csrobot/flexbe_ws/install/panda_description/share/panda_description/meshes/collision/link6.stl
[0.107s] -- Up-to-date: /home/csrobot/flexbe_ws/install/panda_description/share/panda_description/meshes/collision/link2.stl
[0.107s] -- Up-to-date: /home/csrobot/flexbe_ws/install/panda_description/share/panda_description/meshes/collision/link4.stl
[0.107s] -- Up-to-date: /home/csrobot/flexbe_ws/install/panda_description/share/panda_description/meshes/collision/link7.stl
[0.107s] -- Up-to-date: /home/csrobot/flexbe_ws/install/panda_description/share/panda_description/meshes/collision/link5.stl
[0.107s] -- Up-to-date: /home/csrobot/flexbe_ws/install/panda_description/share/panda_description/meshes/collision/link1.stl
[0.107s] -- Up-to-date: /home/csrobot/flexbe_ws/install/panda_description/share/panda_description/meshes/collision/link0.stl
[0.107s] -- Up-to-date: /home/csrobot/flexbe_ws/install/panda_description/share/panda_description/meshes/collision/hand.stl
[0.107s] -- Up-to-date: /home/csrobot/flexbe_ws/install/panda_description/share/panda_description/meshes/visual
[0.107s] -- Up-to-date: /home/csrobot/flexbe_ws/install/panda_description/share/panda_description/meshes/visual/finger.dae
[0.107s] -- Up-to-date: /home/csrobot/flexbe_ws/install/panda_description/share/panda_description/meshes/visual/link3.dae
[0.108s] -- Up-to-date: /home/csrobot/flexbe_ws/install/panda_description/share/panda_description/meshes/visual/link5.dae
[0.108s] -- Up-to-date: /home/csrobot/flexbe_ws/install/panda_description/share/panda_description/meshes/visual/link7.dae
[0.108s] -- Up-to-date: /home/csrobot/flexbe_ws/install/panda_description/share/panda_description/meshes/visual/link0.dae
[0.108s] -- Up-to-date: /home/csrobot/flexbe_ws/install/panda_description/share/panda_description/meshes/visual/link6.dae
[0.108s] -- Up-to-date: /home/csrobot/flexbe_ws/install/panda_description/share/panda_description/meshes/visual/link2.dae
[0.108s] -- Up-to-date: /home/csrobot/flexbe_ws/install/panda_description/share/panda_description/meshes/visual/link1.dae
[0.108s] -- Up-to-date: /home/csrobot/flexbe_ws/install/panda_description/share/panda_description/meshes/visual/link4.dae
[0.108s] -- Up-to-date: /home/csrobot/flexbe_ws/install/panda_description/share/panda_description/meshes/visual/hand.dae
[0.108s] -- Up-to-date: /home/csrobot/flexbe_ws/install/panda_description/share/panda_description/urdf
[0.108s] -- Up-to-date: /home/csrobot/flexbe_ws/install/panda_description/share/panda_description/urdf/panda_no_dynamics.urdf
[0.108s] -- Up-to-date: /home/csrobot/flexbe_ws/install/panda_description/share/panda_description/urdf/panda.urdf
[0.108s] -- Up-to-date: /home/csrobot/flexbe_ws/install/panda_description/share/panda_description/urdf/panda.urdf.xacro
[0.108s] -- Up-to-date: /home/csrobot/flexbe_ws/install/panda_description/share/panda_description/urdf/panda.sdf
[0.108s] -- Up-to-date: /home/csrobot/flexbe_ws/install/panda_description/share/panda_description/xacro
[0.108s] -- Up-to-date: /home/csrobot/flexbe_ws/install/panda_description/share/panda_description/xacro/macro.panda.urdf.xacro
[0.108s] -- Up-to-date: /home/csrobot/flexbe_ws/install/panda_description/share/panda_description/xacro/macro.ros2_control.xacro
[0.108s] -- Up-to-date: /home/csrobot/flexbe_ws/install/panda_description/share/panda_description/xacro/macro.transmission.xacro
[0.108s] -- Up-to-date: /home/csrobot/flexbe_ws/install/panda_description/share/panda_description/xacro/macro.gazebo.xacro
[0.109s] -- Up-to-date: /home/csrobot/flexbe_ws/install/panda_description/share/panda_description/xacro/macro.gazebo_sensor.xacro
[0.109s] -- Up-to-date: /home/csrobot/flexbe_ws/install/panda_description/share/panda_description/xacro/panda.urdf.xacro
[0.109s] -- Up-to-date: /home/csrobot/flexbe_ws/install/panda_description/share/panda_description/xacro/panda_converted.urdf
[0.111s] -- Up-to-date: /home/csrobot/flexbe_ws/install/panda_description/share/panda_description/environment/panda_description.dsv
[0.115s] -- Up-to-date: /home/csrobot/flexbe_ws/install/panda_description/share/ament_index/resource_index/package_run_dependencies/panda_description
[0.115s] -- Up-to-date: /home/csrobot/flexbe_ws/install/panda_description/share/ament_index/resource_index/parent_prefix_path/panda_description
[0.116s] -- Up-to-date: /home/csrobot/flexbe_ws/install/panda_description/share/panda_description/environment/ament_prefix_path.sh
[0.116s] -- Up-to-date: /home/csrobot/flexbe_ws/install/panda_description/share/panda_description/environment/ament_prefix_path.dsv
[0.116s] -- Up-to-date: /home/csrobot/flexbe_ws/install/panda_description/share/panda_description/environment/path.sh
[0.116s] -- Up-to-date: /home/csrobot/flexbe_ws/install/panda_description/share/panda_description/environment/path.dsv
[0.117s] -- Up-to-date: /home/csrobot/flexbe_ws/install/panda_description/share/panda_description/local_setup.bash
[0.117s] -- Up-to-date: /home/csrobot/flexbe_ws/install/panda_description/share/panda_description/local_setup.sh
[0.117s] -- Up-to-date: /home/csrobot/flexbe_ws/install/panda_description/share/panda_description/local_setup.zsh
[0.117s] -- Up-to-date: /home/csrobot/flexbe_ws/install/panda_description/share/panda_description/local_setup.dsv
[0.117s] -- Installing: /home/csrobot/flexbe_ws/install/panda_description/share/panda_description/package.dsv
[0.117s] -- Up-to-date: /home/csrobot/flexbe_ws/install/panda_description/share/ament_index/resource_index/packages/panda_description
[0.117s] -- Up-to-date: /home/csrobot/flexbe_ws/install/panda_description/share/panda_description/cmake/panda_descriptionConfig.cmake
[0.117s] -- Up-to-date: /home/csrobot/flexbe_ws/install/panda_description/share/panda_description/cmake/panda_descriptionConfig-version.cmake
[0.117s] -- Up-to-date: /home/csrobot/flexbe_ws/install/panda_description/share/panda_description/package.xml
[0.137s] Invoked command in '/home/csrobot/flexbe_ws/build/panda_description' returned '0': CMAKE_PREFIX_PATH=${CMAKE_PREFIX_PATH}:/home/csrobot/flexbe_ws/install/flexbe_webui:/home/csrobot/flexbe_ws/install/flexbe_onboard:/home/csrobot/flexbe_ws/install/flexbe_states:/home/csrobot/flexbe_ws/install/flexbe_mirror:/home/csrobot/flexbe_ws/install/flexbe_input:/home/csrobot/flexbe_ws/install/example_flexbe_states:/home/csrobot/flexbe_ws/install/compare_flexbe_states:/home/csrobot/flexbe_ws/install/flexbe_core:/opt/ros/jazzy DEBUGINFOD_URLS=https://debuginfod.ubuntu.com /usr/bin/cmake --install /home/csrobot/flexbe_ws/build/panda_description
