-- The C compiler identification is GNU 13.3.0
-- The CXX compiler identification is GNU 13.3.0
-- Detecting C compiler ABI info
-- Detecting C compiler ABI info - done
-- Check for working C compiler: /usr/bin/cc - skipped
-- Detecting C compile features
-- Detecting C compile features - done
-- Detecting CXX compiler ABI info
-- Detecting CXX compiler ABI info - done
-- Check for working CXX compiler: /usr/bin/c++ - skipped
-- Detecting CXX compile features
-- Detecting CXX compile features - done
-- Found Boost: /usr/lib/x86_64-linux-gnu/cmake/Boost-1.83.0/BoostConfig.cmake (found suitable version "1.83.0", minimum required is "1.65.0") found components: system filesystem iostreams serialization 
-- Found flann version 1.9.2
-- Found OpenMP_CXX: -fopenmp (found version "4.5") 
-- Found OpenMP: TRUE (found version "4.5") found components: CXX 
-- Performing Test CMAKE_HAVE_LIBC_PTHREAD
-- Performing Test CMAKE_HAVE_LIBC_PTHREAD - Success
-- Found Threads: TRUE  
-- Found GLEW: /usr/lib/x86_64-linux-gnu/libGLEW.so  
-- Found OpenGL: /usr/lib/x86_64-linux-gnu/libOpenGL.so  found components: OpenGL GLX 
-- Found MPI_C: /usr/lib/x86_64-linux-gnu/libmpi.so (found version "3.1") 
-- Found MPI: TRUE (found version "3.1") found components: C 
-- Found JsonCpp: /usr/lib/x86_64-linux-gnu/libjsoncpp.so (found suitable version "1.9.5", minimum required is "0.7.0") 
-- Found ZLIB: /usr/lib/x86_64-linux-gnu/libz.so (found version "1.3")  
-- Found PNG: /usr/lib/x86_64-linux-gnu/libpng.so (found version "1.6.43") 
-- Found Eigen3: /usr/include/eigen3 (found version "3.4.0") 
-- Found X11: /usr/include   
-- Looking for XOpenDisplay in /usr/lib/x86_64-linux-gnu/libX11.so;/usr/lib/x86_64-linux-gnu/libXext.so
-- Looking for XOpenDisplay in /usr/lib/x86_64-linux-gnu/libX11.so;/usr/lib/x86_64-linux-gnu/libXext.so - found
-- Looking for gethostbyname
-- Looking for gethostbyname - found
-- Looking for connect
-- Looking for connect - found
-- Looking for remove
-- Looking for remove - found
-- Looking for shmat
-- Looking for shmat - found
-- Looking for IceConnectionNumber in ICE
-- Looking for IceConnectionNumber in ICE - found
-- Found EXPAT: /usr/lib/x86_64-linux-gnu/libexpat.so (found version "2.6.1") 
-- Found double-conversion: /usr/lib/x86_64-linux-gnu/libdouble-conversion.so  
-- Found LZ4: /usr/lib/x86_64-linux-gnu/liblz4.so (found version "1.9.4") 
-- Found LZMA: /usr/lib/x86_64-linux-gnu/liblzma.so (found version "5.4.5") 
-- Found JPEG: /usr/lib/x86_64-linux-gnu/libjpeg.so (found version "80") 
-- Found TIFF: /usr/lib/x86_64-linux-gnu/libtiff.so (found version "4.5.1")  
-- Found Freetype: /usr/lib/x86_64-linux-gnu/libfreetype.so (found version "2.13.2") 
-- Found utf8cpp: /usr/include/utf8cpp  
-- Checking for module 'libusb-1.0'
--   Found libusb-1.0, version 1.0.27
-- Found libusb: /usr/lib/x86_64-linux-gnu/libusb-1.0.so  
-- Found OpenNI: /usr/lib/libOpenNI.so;libusb::libusb (found version "1.5.4.0") 
-- OpenNI found (version: 1.5.4.0, include: /usr/include/ni, lib: /usr/lib/libOpenNI.so;libusb::libusb)
-- Found OpenNI2: /usr/lib/x86_64-linux-gnu/libOpenNI2.so;libusb::libusb (found version "2.2.0.33") 
-- OpenNI2 found (version: 2.2.0.33, include: /usr/include/openni2, lib: /usr/lib/x86_64-linux-gnu/libOpenNI2.so;libusb::libusb)
-- Could NOT find Pcap (missing: PCAP_LIBRARIES PCAP_INCLUDE_DIRS) 
-- OpenNI found (version: 1.5.4.0, include: /usr/include/ni, lib: /usr/lib/libOpenNI.so;libusb::libusb)
-- OpenNI2 found (version: 2.2.0.33, include: /usr/include/openni2, lib: /usr/lib/x86_64-linux-gnu/libOpenNI2.so;libusb::libusb)
-- Found Qhull version 8.0.2
-- OpenNI found (version: 1.5.4.0, include: /usr/include/ni, lib: /usr/lib/libOpenNI.so;libusb::libusb)
-- looking for PCL_COMMON
-- Found PCL_COMMON: /usr/lib/x86_64-linux-gnu/libpcl_common.so  
-- looking for PCL_KDTREE
-- Found PCL_KDTREE: /usr/lib/x86_64-linux-gnu/libpcl_kdtree.so  
-- looking for PCL_OCTREE
-- Found PCL_OCTREE: /usr/lib/x86_64-linux-gnu/libpcl_octree.so  
-- looking for PCL_SEARCH
-- Found PCL_SEARCH: /usr/lib/x86_64-linux-gnu/libpcl_search.so  
-- looking for PCL_SAMPLE_CONSENSUS
-- Found PCL_SAMPLE_CONSENSUS: /usr/lib/x86_64-linux-gnu/libpcl_sample_consensus.so  
-- looking for PCL_FILTERS
-- Found PCL_FILTERS: /usr/lib/x86_64-linux-gnu/libpcl_filters.so  
-- looking for PCL_2D
-- Found PCL_2D: /usr/include/pcl-1.14  
-- looking for PCL_GEOMETRY
-- Found PCL_GEOMETRY: /usr/include/pcl-1.14  
-- looking for PCL_IO
-- Found PCL_IO: /usr/lib/x86_64-linux-gnu/libpcl_io.so  
-- looking for PCL_FEATURES
-- Found PCL_FEATURES: /usr/lib/x86_64-linux-gnu/libpcl_features.so  
-- looking for PCL_ML
-- Found PCL_ML: /usr/lib/x86_64-linux-gnu/libpcl_ml.so  
-- looking for PCL_SEGMENTATION
-- Found PCL_SEGMENTATION: /usr/lib/x86_64-linux-gnu/libpcl_segmentation.so  
-- looking for PCL_VISUALIZATION
-- Found PCL_VISUALIZATION: /usr/lib/x86_64-linux-gnu/libpcl_visualization.so  
-- looking for PCL_SURFACE
-- Found PCL_SURFACE: /usr/lib/x86_64-linux-gnu/libpcl_surface.so  
-- looking for PCL_REGISTRATION
-- Found PCL_REGISTRATION: /usr/lib/x86_64-linux-gnu/libpcl_registration.so  
-- looking for PCL_KEYPOINTS
-- Found PCL_KEYPOINTS: /usr/lib/x86_64-linux-gnu/libpcl_keypoints.so  
-- looking for PCL_TRACKING
-- Found PCL_TRACKING: /usr/lib/x86_64-linux-gnu/libpcl_tracking.so  
-- looking for PCL_RECOGNITION
-- Found PCL_RECOGNITION: /usr/lib/x86_64-linux-gnu/libpcl_recognition.so  
-- looking for PCL_STEREO
-- Found PCL_STEREO: /usr/lib/x86_64-linux-gnu/libpcl_stereo.so  
-- looking for PCL_APPS
-- Found PCL_APPS: /usr/lib/x86_64-linux-gnu/libpcl_apps.so  
-- looking for PCL_IN_HAND_SCANNER
-- Found PCL_IN_HAND_SCANNER: /usr/include/pcl-1.14  
-- looking for PCL_MODELER
-- Found PCL_MODELER: /usr/include/pcl-1.14  
-- looking for PCL_POINT_CLOUD_EDITOR
-- Found PCL_POINT_CLOUD_EDITOR: /usr/include/pcl-1.14  
-- looking for PCL_OUTOFCORE
-- Found PCL_OUTOFCORE: /usr/lib/x86_64-linux-gnu/libpcl_outofcore.so  
-- looking for PCL_PEOPLE
-- Found PCL_PEOPLE: /usr/lib/x86_64-linux-gnu/libpcl_people.so  
-- Found PCL: pcl_common;pcl_kdtree;pcl_octree;pcl_search;pcl_sample_consensus;pcl_filters;pcl_io;pcl_features;pcl_ml;pcl_segmentation;pcl_visualization;pcl_surface;pcl_registration;pcl_keypoints;pcl_tracking;pcl_recognition;pcl_stereo;pcl_apps;pcl_outofcore;pcl_people;Boost::system;Boost::filesystem;Boost::iostreams;Boost::serialization;/usr/lib/libOpenNI.so;libusb::libusb;/usr/lib/x86_64-linux-gnu/libOpenNI2.so;libusb::libusb;VTK::ChartsCore;VTK::CommonColor;VTK::CommonComputationalGeometry;VTK::CommonCore;VTK::CommonDataModel;VTK::CommonExecutionModel;VTK::CommonMath;VTK::CommonMisc;VTK::CommonTransforms;VTK::FiltersCore;VTK::FiltersExtraction;VTK::FiltersGeneral;VTK::FiltersGeometry;VTK::FiltersModeling;VTK::FiltersSources;VTK::ImagingCore;VTK::ImagingSources;VTK::InteractionImage;VTK::InteractionStyle;VTK::InteractionWidgets;VTK::IOCore;VTK::IOGeometry;VTK::IOImage;VTK::IOLegacy;VTK::IOPLY;VTK::RenderingAnnotation;VTK::RenderingCore;VTK::RenderingContext2D;VTK::RenderingLOD;VTK::RenderingFreeType;VTK::ViewsCore;VTK::ViewsContext2D;VTK::RenderingOpenGL2;VTK::RenderingContextOpenGL2;VTK::GUISupportQt;FLANN::FLANN;QHULL::QHULL (Required is at least version "1.9") 
-- Found OpenCV: /usr (found version "4.6.0") 
-- Configuring done (3.9s)
-- Generating done (0.1s)
-- Build files have been written to: /home/csrobot/flexbe_ws/build/gpd
[  1%] [32mBuilding CXX object CMakeFiles/gpd_config_file.dir/src/gpd/util/config_file.cpp.o[0m
[  3%] [32mBuilding CXX object CMakeFiles/gpd_dense_layer.dir/src/gpd/net/dense_layer.cpp.o[0m
[  4%] [32mBuilding CXX object CMakeFiles/gpd_conv_layer.dir/src/gpd/net/conv_layer.cpp.o[0m
[  6%] [32mBuilding CXX object CMakeFiles/gpd_finger_hand.dir/src/gpd/candidate/finger_hand.cpp.o[0m
[  7%] [32mBuilding CXX object CMakeFiles/gpd_eigen_utils.dir/src/gpd/util/eigen_utils.cpp.o[0m
[  9%] [32m[1mLinking CXX static library libgpd_config_file.a[0m
[  9%] Built target gpd_config_file
[ 10%] [32mBuilding CXX object CMakeFiles/gpd_local_frame.dir/src/gpd/candidate/local_frame.cpp.o[0m
[ 12%] [32mBuilding CXX object CMakeFiles/gpd_image_geometry.dir/src/gpd/descriptor/image_geometry.cpp.o[0m
[ 13%] [32mBuilding CXX object CMakeFiles/gpd_hand_geometry.dir/src/gpd/candidate/hand_geometry.cpp.o[0m
[ 15%] [32m[1mLinking CXX static library libgpd_hand_geometry.a[0m
[ 15%] Built target gpd_hand_geometry
[ 16%] [32m[1mLinking CXX static library libgpd_image_geometry.a[0m
[ 16%] Built target gpd_image_geometry
[ 18%] [32m[1mLinking CXX static library libgpd_eigen_utils.a[0m
[ 20%] [32m[1mLinking CXX static library libgpd_dense_layer.a[0m
[ 20%] Built target gpd_eigen_utils
[ 21%] [32mBuilding CXX object CMakeFiles/gpd_cloud.dir/src/gpd/util/cloud.cpp.o[0m
[ 23%] [32mBuilding CXX object CMakeFiles/gpd_point_list.dir/src/gpd/util/point_list.cpp.o[0m
[ 23%] Built target gpd_dense_layer
[ 24%] [32m[1mLinking CXX static library libgpd_finger_hand.a[0m
[ 24%] Built target gpd_finger_hand
[ 26%] [32mBuilding CXX object CMakeFiles/gpd_hand.dir/src/gpd/candidate/hand.cpp.o[0m
[ 27%] [32m[1mLinking CXX static library libgpd_conv_layer.a[0m
[ 27%] Built target gpd_conv_layer
[ 29%] [32mBuilding CXX object CMakeFiles/gpd_classifier.dir/src/gpd/net/eigen_classifier.cpp.o[0m
[ 30%] [32mBuilding CXX object CMakeFiles/gpd_classifier.dir/src/gpd/net/classifier.cpp.o[0m
[ 32%] [32m[1mLinking CXX static library libgpd_local_frame.a[0m
[ 32%] Built target gpd_local_frame
[ 33%] [32m[1mLinking CXX static library libgpd_point_list.a[0m
[ 33%] Built target gpd_point_list
[ 35%] [32m[1mLinking CXX static library libgpd_hand.a[0m
[ 35%] Built target gpd_hand
[ 36%] [32m[1mLinking CXX static library libgpd_classifier.a[0m
[ 36%] Built target gpd_classifier
[ 38%] [32m[1mLinking CXX static library libgpd_cloud.a[0m
[ 38%] Built target gpd_cloud
[ 40%] [32mBuilding CXX object CMakeFiles/gpd_clustering.dir/src/gpd/clustering.cpp.o[0m
[ 41%] [32m[1mLinking CXX static library libgpd_clustering.a[0m
[ 41%] Built target gpd_clustering
[ 43%] [32mBuilding CXX object CMakeFiles/gpd_antipodal.dir/src/gpd/candidate/antipodal.cpp.o[0m
[ 44%] [32mBuilding CXX object CMakeFiles/gpd_frame_estimator.dir/src/gpd/candidate/frame_estimator.cpp.o[0m
[ 46%] [32m[1mLinking CXX static library libgpd_antipodal.a[0m
[ 46%] Built target gpd_antipodal
[ 47%] [32mBuilding CXX object CMakeFiles/gpd_hand_set.dir/src/gpd/candidate/hand_set.cpp.o[0m
[ 49%] [32m[1mLinking CXX static library libgpd_frame_estimator.a[0m
[ 49%] Built target gpd_frame_estimator
[ 50%] [32m[1mLinking CXX static library libgpd_hand_set.a[0m
[ 50%] Built target gpd_hand_set
[ 52%] [32mBuilding CXX object CMakeFiles/gpd_image_15_channels_strategy.dir/src/gpd/descriptor/image_15_channels_strategy.cpp.o[0m
[ 53%] [32m[1mLinking CXX static library libgpd_image_15_channels_strategy.a[0m
[ 53%] Built target gpd_image_15_channels_strategy
[ 55%] [32mBuilding CXX object CMakeFiles/gpd_plot.dir/src/gpd/util/plot.cpp.o[0m
[ 56%] [32m[1mLinking CXX static library libgpd_plot.a[0m
[ 56%] Built target gpd_plot
[ 58%] [32mBuilding CXX object CMakeFiles/gpd_image_12_channels_strategy.dir/src/gpd/descriptor/image_12_channels_strategy.cpp.o[0m
[ 60%] [32mBuilding CXX object CMakeFiles/gpd_hand_search.dir/src/gpd/candidate/hand_search.cpp.o[0m
[ 61%] [32m[1mLinking CXX static library libgpd_image_12_channels_strategy.a[0m
[ 61%] Built target gpd_image_12_channels_strategy
[ 63%] [32mBuilding CXX object CMakeFiles/gpd_image_3_channels_strategy.dir/src/gpd/descriptor/image_3_channels_strategy.cpp.o[0m
[ 64%] [32m[1mLinking CXX static library libgpd_image_3_channels_strategy.a[0m
[ 64%] Built target gpd_image_3_channels_strategy
[ 66%] [32mBuilding CXX object CMakeFiles/gpd_image_1_channels_strategy.dir/src/gpd/descriptor/image_1_channels_strategy.cpp.o[0m
[ 67%] [32m[1mLinking CXX static library libgpd_image_1_channels_strategy.a[0m
[ 67%] Built target gpd_image_1_channels_strategy
[ 69%] [32mBuilding CXX object CMakeFiles/gpd_image_strategy.dir/src/gpd/descriptor/image_strategy.cpp.o[0m
[ 70%] [32m[1mLinking CXX static library libgpd_hand_search.a[0m
[ 70%] Built target gpd_hand_search
[ 72%] [32mBuilding CXX object CMakeFiles/gpd_candidates_generator.dir/src/gpd/candidate/candidates_generator.cpp.o[0m
[ 73%] [32m[1mLinking CXX static library libgpd_image_strategy.a[0m
[ 73%] Built target gpd_image_strategy
[ 75%] [32mBuilding CXX object CMakeFiles/gpd_image_generator.dir/src/gpd/descriptor/image_generator.cpp.o[0m
[ 76%] [32m[1mLinking CXX static library libgpd_candidates_generator.a[0m
[ 76%] Built target gpd_candidates_generator
[ 78%] [32m[1mLinking CXX static library libgpd_image_generator.a[0m
[ 78%] Built target gpd_image_generator
[ 80%] [32mBuilding CXX object CMakeFiles/gpd_generate_candidates.dir/src/generate_candidates.cpp.o[0m
[ 81%] [32m[1mLinking CXX executable generate_candidates[0m
[ 81%] Built target gpd_generate_candidates
[ 83%] [32mBuilding CXX object CMakeFiles/gpd_test_grasp_image.dir/src/tests/test_grasp_image.cpp.o[0m
[ 84%] [32m[1mLinking CXX executable test_grasp_image[0m
[ 84%] Built target gpd_test_grasp_image
[ 86%] [32mBuilding CXX object CMakeFiles/gpd_grasp_detector.dir/src/gpd/grasp_detector.cpp.o[0m
[ 87%] [32m[1mLinking CXX shared library libgpd.so[0m
[ 87%] Built target gpd_grasp_detector
[ 92%] [32mBuilding CXX object CMakeFiles/gpd_sequential_importance_sampling.dir/src/gpd/sequential_importance_sampling.cpp.o[0m
[ 92%] [32mBuilding CXX object CMakeFiles/gpd_label_grasps.dir/src/label_grasps.cpp.o[0m
[ 92%] [32mBuilding CXX object CMakeFiles/gpd_detect_grasps.dir/src/detect_grasps.cpp.o[0m
[ 93%] [32m[1mLinking CXX executable detect_grasps[0m
[ 95%] [32m[1mLinking CXX executable label_grasps[0m
[ 96%] [32m[1mLinking CXX static library libgpd_sequential_importance_sampling.a[0m
[ 96%] Built target gpd_sequential_importance_sampling
[ 98%] [32mBuilding CXX object CMakeFiles/gpd_cem_detect_grasps.dir/src/cem_detect_grasps.cpp.o[0m
[ 98%] Built target gpd_detect_grasps
[ 98%] Built target gpd_label_grasps
[100%] [32m[1mLinking CXX executable cem_detect_grasps[0m
[100%] Built target gpd_cem_detect_grasps
-- Install configuration: "Debug"
-- Installing: /home/csrobot/flexbe_ws/install/gpd/lib/libgpd.so
-- Installing: /home/csrobot/flexbe_ws/install/gpd/include/gpd
-- Installing: /home/csrobot/flexbe_ws/install/gpd/include/gpd/data_generator.h
-- Installing: /home/csrobot/flexbe_ws/install/gpd/include/gpd/grasp_detector.h
-- Installing: /home/csrobot/flexbe_ws/install/gpd/include/gpd/clustering.h
-- Installing: /home/csrobot/flexbe_ws/install/gpd/include/gpd/descriptor
-- Installing: /home/csrobot/flexbe_ws/install/gpd/include/gpd/descriptor/image_1_channels_strategy.h
-- Installing: /home/csrobot/flexbe_ws/install/gpd/include/gpd/descriptor/image_geometry.h
-- Installing: /home/csrobot/flexbe_ws/install/gpd/include/gpd/descriptor/image_generator.h
-- Installing: /home/csrobot/flexbe_ws/install/gpd/include/gpd/descriptor/image_15_channels_strategy.h
-- Installing: /home/csrobot/flexbe_ws/install/gpd/include/gpd/descriptor/image_12_channels_strategy.h
-- Installing: /home/csrobot/flexbe_ws/install/gpd/include/gpd/descriptor/image_strategy.h
-- Installing: /home/csrobot/flexbe_ws/install/gpd/include/gpd/descriptor/image_3_channels_strategy.h
-- Installing: /home/csrobot/flexbe_ws/install/gpd/include/gpd/util
-- Installing: /home/csrobot/flexbe_ws/install/gpd/include/gpd/util/plot.h
-- Installing: /home/csrobot/flexbe_ws/install/gpd/include/gpd/util/point_list.h
-- Installing: /home/csrobot/flexbe_ws/install/gpd/include/gpd/util/config_file.h
-- Installing: /home/csrobot/flexbe_ws/install/gpd/include/gpd/util/cloud.h
-- Installing: /home/csrobot/flexbe_ws/install/gpd/include/gpd/util/eigen_utils.h
-- Installing: /home/csrobot/flexbe_ws/install/gpd/include/gpd/sequential_importance_sampling.h
-- Installing: /home/csrobot/flexbe_ws/install/gpd/include/gpd/net
-- Installing: /home/csrobot/flexbe_ws/install/gpd/include/gpd/net/caffe_classifier.h
-- Installing: /home/csrobot/flexbe_ws/install/gpd/include/gpd/net/layer.h
-- Installing: /home/csrobot/flexbe_ws/install/gpd/include/gpd/net/dense_layer.h
-- Installing: /home/csrobot/flexbe_ws/install/gpd/include/gpd/net/classifier.h
-- Installing: /home/csrobot/flexbe_ws/install/gpd/include/gpd/net/eigen_classifier.h
-- Installing: /home/csrobot/flexbe_ws/install/gpd/include/gpd/net/conv_layer.h
-- Installing: /home/csrobot/flexbe_ws/install/gpd/include/gpd/net/openvino_classifier.h.in
-- Installing: /home/csrobot/flexbe_ws/install/gpd/include/gpd/candidate
-- Installing: /home/csrobot/flexbe_ws/install/gpd/include/gpd/candidate/frame_estimator.h
-- Installing: /home/csrobot/flexbe_ws/install/gpd/include/gpd/candidate/candidates_generator.h
-- Installing: /home/csrobot/flexbe_ws/install/gpd/include/gpd/candidate/finger_hand.h
-- Installing: /home/csrobot/flexbe_ws/install/gpd/include/gpd/candidate/hand_set.h
-- Installing: /home/csrobot/flexbe_ws/install/gpd/include/gpd/candidate/local_frame.h
-- Installing: /home/csrobot/flexbe_ws/install/gpd/include/gpd/candidate/hand.h
-- Installing: /home/csrobot/flexbe_ws/install/gpd/include/gpd/candidate/hand_geometry.h
-- Installing: /home/csrobot/flexbe_ws/install/gpd/include/gpd/candidate/hand_search.h
-- Installing: /home/csrobot/flexbe_ws/install/gpd/include/gpd/candidate/antipodal.h
