[0.035s] Invoking command in '/home/csrobot/flexbe_ws/build/armada_bringup': CMAKE_PREFIX_PATH=${CMAKE_PREFIX_PATH}:/home/csrobot/flexbe_ws/install/flexbe_webui:/home/csrobot/flexbe_ws/install/flexbe_onboard:/home/csrobot/flexbe_ws/install/flexbe_states:/home/csrobot/flexbe_ws/install/flexbe_mirror:/home/csrobot/flexbe_ws/install/flexbe_input:/home/csrobot/flexbe_ws/install/example_flexbe_states:/home/csrobot/flexbe_ws/install/compare_flexbe_states:/home/csrobot/flexbe_ws/install/flexbe_core:/opt/ros/jazzy DEBUGINFOD_URLS=https://debuginfod.ubuntu.com /usr/bin/cmake /home/csrobot/flexbe_ws/src/armada_ros2/armada_bringup -DCMAKE_INSTALL_PREFIX=/home/csrobot/flexbe_ws/install/armada_bringup
[0.090s] -- The C compiler identification is GNU 13.3.0
[0.146s] -- The CXX compiler identification is GNU 13.3.0
[0.160s] -- Detecting C compiler ABI info
[0.251s] -- Detecting C compiler ABI info - done
[0.256s] -- Check for working C compiler: /usr/bin/cc - skipped
[0.257s] -- Detecting C compile features
[0.257s] -- Detecting C compile features - done
[0.267s] -- Detecting CXX compiler ABI info
[0.356s] -- Detecting CXX compiler ABI info - done
[0.366s] -- Check for working CXX compiler: /usr/bin/c++ - skipped
[0.366s] -- Detecting CXX compile features
[0.367s] -- Detecting CXX compile features - done
[0.371s] -- Found ament_cmake: 2.5.4 (/opt/ros/jazzy/share/ament_cmake/cmake)
[0.542s] -- Found Python3: /usr/bin/python3 (found version "3.12.3") found components: Interpreter 
[0.664s] -- Found ament_lint_auto: 0.17.3 (/opt/ros/jazzy/share/ament_lint_auto/cmake)
[0.806s] -- Added test 'flake8' to check Python code syntax and style conventions
[0.806s] -- Configured 'flake8' exclude dirs and/or files: 
[0.807s] -- Added test 'lint_cmake' to check CMake code style
[0.807s] -- Added test 'pep257' to check Python code against some of the docstring style conventions in PEP 257
[0.809s] -- Added test 'xmllint' to check XML markup files
[0.812s] -- Configuring done (0.8s)
[0.826s] -- Generating done (0.0s)
[0.826s] -- Build files have been written to: /home/csrobot/flexbe_ws/build/armada_bringup
[0.827s] Invoked command in '/home/csrobot/flexbe_ws/build/armada_bringup' returned '0': CMAKE_PREFIX_PATH=${CMAKE_PREFIX_PATH}:/home/csrobot/flexbe_ws/install/flexbe_webui:/home/csrobot/flexbe_ws/install/flexbe_onboard:/home/csrobot/flexbe_ws/install/flexbe_states:/home/csrobot/flexbe_ws/install/flexbe_mirror:/home/csrobot/flexbe_ws/install/flexbe_input:/home/csrobot/flexbe_ws/install/example_flexbe_states:/home/csrobot/flexbe_ws/install/compare_flexbe_states:/home/csrobot/flexbe_ws/install/flexbe_core:/opt/ros/jazzy DEBUGINFOD_URLS=https://debuginfod.ubuntu.com /usr/bin/cmake /home/csrobot/flexbe_ws/src/armada_ros2/armada_bringup -DCMAKE_INSTALL_PREFIX=/home/csrobot/flexbe_ws/install/armada_bringup
[0.827s] Invoking command in '/home/csrobot/flexbe_ws/build/armada_bringup': CMAKE_PREFIX_PATH=${CMAKE_PREFIX_PATH}:/home/csrobot/flexbe_ws/install/flexbe_webui:/home/csrobot/flexbe_ws/install/flexbe_onboard:/home/csrobot/flexbe_ws/install/flexbe_states:/home/csrobot/flexbe_ws/install/flexbe_mirror:/home/csrobot/flexbe_ws/install/flexbe_input:/home/csrobot/flexbe_ws/install/example_flexbe_states:/home/csrobot/flexbe_ws/install/compare_flexbe_states:/home/csrobot/flexbe_ws/install/flexbe_core:/opt/ros/jazzy DEBUGINFOD_URLS=https://debuginfod.ubuntu.com /usr/bin/cmake --build /home/csrobot/flexbe_ws/build/armada_bringup -- -j8 -l8
[0.876s] Invoked command in '/home/csrobot/flexbe_ws/build/armada_bringup' returned '0': CMAKE_PREFIX_PATH=${CMAKE_PREFIX_PATH}:/home/csrobot/flexbe_ws/install/flexbe_webui:/home/csrobot/flexbe_ws/install/flexbe_onboard:/home/csrobot/flexbe_ws/install/flexbe_states:/home/csrobot/flexbe_ws/install/flexbe_mirror:/home/csrobot/flexbe_ws/install/flexbe_input:/home/csrobot/flexbe_ws/install/example_flexbe_states:/home/csrobot/flexbe_ws/install/compare_flexbe_states:/home/csrobot/flexbe_ws/install/flexbe_core:/opt/ros/jazzy DEBUGINFOD_URLS=https://debuginfod.ubuntu.com /usr/bin/cmake --build /home/csrobot/flexbe_ws/build/armada_bringup -- -j8 -l8
[0.876s] Invoking command in '/home/csrobot/flexbe_ws/build/armada_bringup': CMAKE_PREFIX_PATH=${CMAKE_PREFIX_PATH}:/home/csrobot/flexbe_ws/install/flexbe_webui:/home/csrobot/flexbe_ws/install/flexbe_onboard:/home/csrobot/flexbe_ws/install/flexbe_states:/home/csrobot/flexbe_ws/install/flexbe_mirror:/home/csrobot/flexbe_ws/install/flexbe_input:/home/csrobot/flexbe_ws/install/example_flexbe_states:/home/csrobot/flexbe_ws/install/compare_flexbe_states:/home/csrobot/flexbe_ws/install/flexbe_core:/opt/ros/jazzy DEBUGINFOD_URLS=https://debuginfod.ubuntu.com /usr/bin/cmake --install /home/csrobot/flexbe_ws/build/armada_bringup
[0.891s] -- Install configuration: ""
[0.891s] -- Installing: /home/csrobot/flexbe_ws/install/armada_bringup/share/armada_bringup/launch
[0.892s] -- Installing: /home/csrobot/flexbe_ws/install/armada_bringup/share/armada_bringup/launch/__pycache__
[0.892s] -- Installing: /home/csrobot/flexbe_ws/install/armada_bringup/share/armada_bringup/launch/__pycache__/gazebo_move_group.launch.cpython-310.pyc
[0.892s] -- Installing: /home/csrobot/flexbe_ws/install/armada_bringup/share/armada_bringup/launch/__pycache__/panda_gazebo_move_group.launch.cpython-312.pyc
[0.894s] -- Installing: /home/csrobot/flexbe_ws/install/armada_bringup/share/armada_bringup/launch/__pycache__/gazebo_move_group.launch.cpython-312.pyc
[0.895s] -- Installing: /home/csrobot/flexbe_ws/install/armada_bringup/share/armada_bringup/launch/panda_gazebo_move_group.launch.py
[0.895s] -- Installing: /home/csrobot/flexbe_ws/install/armada_bringup/share/armada_bringup/launch/gazebo_move_group.launch.py
[0.896s] -- Installing: /home/csrobot/flexbe_ws/install/armada_bringup/share/ament_index/resource_index/package_run_dependencies/armada_bringup
[0.898s] -- Installing: /home/csrobot/flexbe_ws/install/armada_bringup/share/ament_index/resource_index/parent_prefix_path/armada_bringup
[0.898s] -- Installing: /home/csrobot/flexbe_ws/install/armada_bringup/share/armada_bringup/environment/ament_prefix_path.sh
[0.898s] -- Installing: /home/csrobot/flexbe_ws/install/armada_bringup/share/armada_bringup/environment/ament_prefix_path.dsv
[0.899s] -- Installing: /home/csrobot/flexbe_ws/install/armada_bringup/share/armada_bringup/environment/path.sh
[0.899s] -- Installing: /home/csrobot/flexbe_ws/install/armada_bringup/share/armada_bringup/environment/path.dsv
[0.899s] -- Installing: /home/csrobot/flexbe_ws/install/armada_bringup/share/armada_bringup/local_setup.bash
[0.899s] -- Installing: /home/csrobot/flexbe_ws/install/armada_bringup/share/armada_bringup/local_setup.sh
[0.899s] -- Installing: /home/csrobot/flexbe_ws/install/armada_bringup/share/armada_bringup/local_setup.zsh
[0.899s] -- Installing: /home/csrobot/flexbe_ws/install/armada_bringup/share/armada_bringup/local_setup.dsv
[0.900s] -- Installing: /home/csrobot/flexbe_ws/install/armada_bringup/share/armada_bringup/package.dsv
[0.900s] -- Installing: /home/csrobot/flexbe_ws/install/armada_bringup/share/ament_index/resource_index/packages/armada_bringup
[0.900s] -- Installing: /home/csrobot/flexbe_ws/install/armada_bringup/share/armada_bringup/cmake/armada_bringupConfig.cmake
[0.900s] -- Installing: /home/csrobot/flexbe_ws/install/armada_bringup/share/armada_bringup/cmake/armada_bringupConfig-version.cmake
[0.901s] -- Installing: /home/csrobot/flexbe_ws/install/armada_bringup/share/armada_bringup/package.xml
[0.930s] Invoked command in '/home/csrobot/flexbe_ws/build/armada_bringup' returned '0': CMAKE_PREFIX_PATH=${CMAKE_PREFIX_PATH}:/home/csrobot/flexbe_ws/install/flexbe_webui:/home/csrobot/flexbe_ws/install/flexbe_onboard:/home/csrobot/flexbe_ws/install/flexbe_states:/home/csrobot/flexbe_ws/install/flexbe_mirror:/home/csrobot/flexbe_ws/install/flexbe_input:/home/csrobot/flexbe_ws/install/example_flexbe_states:/home/csrobot/flexbe_ws/install/compare_flexbe_states:/home/csrobot/flexbe_ws/install/flexbe_core:/opt/ros/jazzy DEBUGINFOD_URLS=https://debuginfod.ubuntu.com /usr/bin/cmake --install /home/csrobot/flexbe_ws/build/armada_bringup
