[0.036s] Invoking command in '/home/csrobot/flexbe_ws/build/panda_moveit_config': CMAKE_PREFIX_PATH=${CMAKE_PREFIX_PATH}:/home/csrobot/flexbe_ws/install/flexbe_webui:/home/csrobot/flexbe_ws/install/flexbe_onboard:/home/csrobot/flexbe_ws/install/flexbe_states:/home/csrobot/flexbe_ws/install/flexbe_mirror:/home/csrobot/flexbe_ws/install/flexbe_input:/home/csrobot/flexbe_ws/install/example_flexbe_states:/home/csrobot/flexbe_ws/install/compare_flexbe_states:/home/csrobot/flexbe_ws/install/flexbe_core:/opt/ros/jazzy DEBUGINFOD_URLS=https://debuginfod.ubuntu.com /usr/bin/cmake /home/csrobot/flexbe_ws/src/panda_ros2/panda_moveit_config -DCMAKE_INSTALL_PREFIX=/home/csrobot/flexbe_ws/install/panda_moveit_config
[0.089s] -- The C compiler identification is GNU 13.3.0
[0.151s] -- The CXX compiler identification is GNU 13.3.0
[0.164s] -- Detecting C compiler ABI info
[0.246s] -- Detecting C compiler ABI info - done
[0.264s] -- Check for working C compiler: /usr/bin/cc - skipped
[0.264s] -- Detecting C compile features
[0.265s] -- Detecting C compile features - done
[0.273s] -- Detecting CXX compiler ABI info
[0.382s] -- Detecting CXX compiler ABI info - done
[0.394s] -- Check for working CXX compiler: /usr/bin/c++ - skipped
[0.394s] -- Detecting CXX compile features
[0.395s] -- Detecting CXX compile features - done
[0.399s] -- Found ament_cmake: 2.5.4 (/opt/ros/jazzy/share/ament_cmake/cmake)
[0.551s] -- Found Python3: /usr/bin/python3 (found version "3.12.3") found components: Interpreter 
[0.770s] -- Configuring done (0.7s)
[0.771s] -- Generating done (0.0s)
[0.771s] -- Build files have been written to: /home/csrobot/flexbe_ws/build/panda_moveit_config
[0.778s] Invoked command in '/home/csrobot/flexbe_ws/build/panda_moveit_config' returned '0': CMAKE_PREFIX_PATH=${CMAKE_PREFIX_PATH}:/home/csrobot/flexbe_ws/install/flexbe_webui:/home/csrobot/flexbe_ws/install/flexbe_onboard:/home/csrobot/flexbe_ws/install/flexbe_states:/home/csrobot/flexbe_ws/install/flexbe_mirror:/home/csrobot/flexbe_ws/install/flexbe_input:/home/csrobot/flexbe_ws/install/example_flexbe_states:/home/csrobot/flexbe_ws/install/compare_flexbe_states:/home/csrobot/flexbe_ws/install/flexbe_core:/opt/ros/jazzy DEBUGINFOD_URLS=https://debuginfod.ubuntu.com /usr/bin/cmake /home/csrobot/flexbe_ws/src/panda_ros2/panda_moveit_config -DCMAKE_INSTALL_PREFIX=/home/csrobot/flexbe_ws/install/panda_moveit_config
[0.779s] Invoking command in '/home/csrobot/flexbe_ws/build/panda_moveit_config': CMAKE_PREFIX_PATH=${CMAKE_PREFIX_PATH}:/home/csrobot/flexbe_ws/install/flexbe_webui:/home/csrobot/flexbe_ws/install/flexbe_onboard:/home/csrobot/flexbe_ws/install/flexbe_states:/home/csrobot/flexbe_ws/install/flexbe_mirror:/home/csrobot/flexbe_ws/install/flexbe_input:/home/csrobot/flexbe_ws/install/example_flexbe_states:/home/csrobot/flexbe_ws/install/compare_flexbe_states:/home/csrobot/flexbe_ws/install/flexbe_core:/opt/ros/jazzy DEBUGINFOD_URLS=https://debuginfod.ubuntu.com /usr/bin/cmake --build /home/csrobot/flexbe_ws/build/panda_moveit_config -- -j8 -l8
[0.822s] Invoked command in '/home/csrobot/flexbe_ws/build/panda_moveit_config' returned '0': CMAKE_PREFIX_PATH=${CMAKE_PREFIX_PATH}:/home/csrobot/flexbe_ws/install/flexbe_webui:/home/csrobot/flexbe_ws/install/flexbe_onboard:/home/csrobot/flexbe_ws/install/flexbe_states:/home/csrobot/flexbe_ws/install/flexbe_mirror:/home/csrobot/flexbe_ws/install/flexbe_input:/home/csrobot/flexbe_ws/install/example_flexbe_states:/home/csrobot/flexbe_ws/install/compare_flexbe_states:/home/csrobot/flexbe_ws/install/flexbe_core:/opt/ros/jazzy DEBUGINFOD_URLS=https://debuginfod.ubuntu.com /usr/bin/cmake --build /home/csrobot/flexbe_ws/build/panda_moveit_config -- -j8 -l8
[0.822s] Invoking command in '/home/csrobot/flexbe_ws/build/panda_moveit_config': CMAKE_PREFIX_PATH=${CMAKE_PREFIX_PATH}:/home/csrobot/flexbe_ws/install/flexbe_webui:/home/csrobot/flexbe_ws/install/flexbe_onboard:/home/csrobot/flexbe_ws/install/flexbe_states:/home/csrobot/flexbe_ws/install/flexbe_mirror:/home/csrobot/flexbe_ws/install/flexbe_input:/home/csrobot/flexbe_ws/install/example_flexbe_states:/home/csrobot/flexbe_ws/install/compare_flexbe_states:/home/csrobot/flexbe_ws/install/flexbe_core:/opt/ros/jazzy DEBUGINFOD_URLS=https://debuginfod.ubuntu.com /usr/bin/cmake --install /home/csrobot/flexbe_ws/build/panda_moveit_config
[0.830s] -- Install configuration: ""
[0.831s] -- Installing: /home/csrobot/flexbe_ws/install/panda_moveit_config/share/ament_index/resource_index/package_run_dependencies/panda_moveit_config
[0.832s] -- Installing: /home/csrobot/flexbe_ws/install/panda_moveit_config/share/ament_index/resource_index/parent_prefix_path/panda_moveit_config
[0.833s] -- Installing: /home/csrobot/flexbe_ws/install/panda_moveit_config/share/panda_moveit_config/environment/ament_prefix_path.sh
[0.833s] -- Installing: /home/csrobot/flexbe_ws/install/panda_moveit_config/share/panda_moveit_config/environment/ament_prefix_path.dsv
[0.833s] -- Installing: /home/csrobot/flexbe_ws/install/panda_moveit_config/share/panda_moveit_config/environment/path.sh
[0.833s] -- Installing: /home/csrobot/flexbe_ws/install/panda_moveit_config/share/panda_moveit_config/environment/path.dsv
[0.833s] -- Installing: /home/csrobot/flexbe_ws/install/panda_moveit_config/share/panda_moveit_config/local_setup.bash
[0.833s] -- Installing: /home/csrobot/flexbe_ws/install/panda_moveit_config/share/panda_moveit_config/local_setup.sh
[0.833s] -- Installing: /home/csrobot/flexbe_ws/install/panda_moveit_config/share/panda_moveit_config/local_setup.zsh
[0.833s] -- Installing: /home/csrobot/flexbe_ws/install/panda_moveit_config/share/panda_moveit_config/local_setup.dsv
[0.833s] -- Installing: /home/csrobot/flexbe_ws/install/panda_moveit_config/share/panda_moveit_config/package.dsv
[0.834s] -- Installing: /home/csrobot/flexbe_ws/install/panda_moveit_config/share/ament_index/resource_index/packages/panda_moveit_config
[0.834s] -- Installing: /home/csrobot/flexbe_ws/install/panda_moveit_config/share/panda_moveit_config/cmake/panda_moveit_configConfig.cmake
[0.834s] -- Installing: /home/csrobot/flexbe_ws/install/panda_moveit_config/share/panda_moveit_config/cmake/panda_moveit_configConfig-version.cmake
[0.834s] -- Installing: /home/csrobot/flexbe_ws/install/panda_moveit_config/share/panda_moveit_config/package.xml
[0.834s] -- Installing: /home/csrobot/flexbe_ws/install/panda_moveit_config/share/panda_moveit_config/launch
[0.834s] -- Installing: /home/csrobot/flexbe_ws/install/panda_moveit_config/share/panda_moveit_config/launch/spawn_controllers.launch.py
[0.835s] -- Installing: /home/csrobot/flexbe_ws/install/panda_moveit_config/share/panda_moveit_config/launch/moveit_rviz.launch.py
[0.835s] -- Installing: /home/csrobot/flexbe_ws/install/panda_moveit_config/share/panda_moveit_config/launch/static_virtual_joint_tfs.launch.py
[0.835s] -- Installing: /home/csrobot/flexbe_ws/install/panda_moveit_config/share/panda_moveit_config/launch/demo.launch.py
[0.835s] -- Installing: /home/csrobot/flexbe_ws/install/panda_moveit_config/share/panda_moveit_config/launch/setup_assistant.launch.py
[0.835s] -- Installing: /home/csrobot/flexbe_ws/install/panda_moveit_config/share/panda_moveit_config/launch/warehouse_db.launch.py
[0.835s] -- Installing: /home/csrobot/flexbe_ws/install/panda_moveit_config/share/panda_moveit_config/launch/rsp.launch.py
[0.835s] -- Installing: /home/csrobot/flexbe_ws/install/panda_moveit_config/share/panda_moveit_config/launch/move_group.launch.py
[0.835s] -- Installing: /home/csrobot/flexbe_ws/install/panda_moveit_config/share/panda_moveit_config/config
[0.835s] -- Installing: /home/csrobot/flexbe_ws/install/panda_moveit_config/share/panda_moveit_config/config/pilz_cartesian_limits.yaml
[0.835s] -- Installing: /home/csrobot/flexbe_ws/install/panda_moveit_config/share/panda_moveit_config/config/panda.srdf
[0.836s] -- Installing: /home/csrobot/flexbe_ws/install/panda_moveit_config/share/panda_moveit_config/config/moveit_controllers.yaml
[0.836s] -- Installing: /home/csrobot/flexbe_ws/install/panda_moveit_config/share/panda_moveit_config/config/ompl_planning.yaml
[0.836s] -- Installing: /home/csrobot/flexbe_ws/install/panda_moveit_config/share/panda_moveit_config/config/kinematics.yaml
[0.836s] -- Installing: /home/csrobot/flexbe_ws/install/panda_moveit_config/share/panda_moveit_config/config/panda.ros2_control.xacro
[0.836s] -- Installing: /home/csrobot/flexbe_ws/install/panda_moveit_config/share/panda_moveit_config/config/initial_positions.yaml
[0.836s] -- Installing: /home/csrobot/flexbe_ws/install/panda_moveit_config/share/panda_moveit_config/config/ros2_controllers.yaml
[0.836s] -- Installing: /home/csrobot/flexbe_ws/install/panda_moveit_config/share/panda_moveit_config/config/joint_limits.yaml
[0.836s] -- Installing: /home/csrobot/flexbe_ws/install/panda_moveit_config/share/panda_moveit_config/config/panda.urdf.xacro
[0.836s] -- Installing: /home/csrobot/flexbe_ws/install/panda_moveit_config/share/panda_moveit_config/config/controllers.yaml
[0.836s] -- Installing: /home/csrobot/flexbe_ws/install/panda_moveit_config/share/panda_moveit_config/config/moveit.rviz
[0.836s] -- Installing: /home/csrobot/flexbe_ws/install/panda_moveit_config/share/panda_moveit_config/.setup_assistant
[0.842s] Invoked command in '/home/csrobot/flexbe_ws/build/panda_moveit_config' returned '0': CMAKE_PREFIX_PATH=${CMAKE_PREFIX_PATH}:/home/csrobot/flexbe_ws/install/flexbe_webui:/home/csrobot/flexbe_ws/install/flexbe_onboard:/home/csrobot/flexbe_ws/install/flexbe_states:/home/csrobot/flexbe_ws/install/flexbe_mirror:/home/csrobot/flexbe_ws/install/flexbe_input:/home/csrobot/flexbe_ws/install/example_flexbe_states:/home/csrobot/flexbe_ws/install/compare_flexbe_states:/home/csrobot/flexbe_ws/install/flexbe_core:/opt/ros/jazzy DEBUGINFOD_URLS=https://debuginfod.ubuntu.com /usr/bin/cmake --install /home/csrobot/flexbe_ws/build/panda_moveit_config
