[2.779s] Invoking command in '/home/csrobot/flexbe_ws/src/compare_flexbe/compare_flexbe_states': AMENT_PREFIX_PATH=/home/csrobot/flexbe_ws/install/flexbe_core:/home/csrobot/flexbe_ws/install/panda_moveit_config:/home/csrobot/flexbe_ws/install/panda_gazebo:/home/csrobot/flexbe_ws/install/panda_description:/home/csrobot/flexbe_ws/install/gpd_ros:/home/csrobot/flexbe_ws/install/flexbe_behavior_engine:/home/csrobot/flexbe_ws/install/flexbe_widget:/home/csrobot/flexbe_ws/install/flexbe_webui:/home/csrobot/flexbe_ws/install/flexbe_onboard:/home/csrobot/flexbe_ws/install/flexbe_states:/home/csrobot/flexbe_ws/install/flexbe_testing:/home/csrobot/flexbe_ws/install/flexbe_mirror:/home/csrobot/flexbe_ws/install/flexbe_input:/home/csrobot/flexbe_ws/install/example_flexbe_states:/home/csrobot/flexbe_ws/install/compare_flexbe:/home/csrobot/flexbe_ws/install/compare_flexbe_states:/home/csrobot/flexbe_ws/install/compare_flexbe_behaviors:/home/csrobot/flexbe_ws/install/flexbe_msgs:/home/csrobot/flexbe_ws/install/compare_flexbe_utilities:/home/csrobot/flexbe_ws/install/armada_gazebo:/home/csrobot/flexbe_ws/install/armada_description:/home/csrobot/flexbe_ws/install/armada_bringup:/home/csrobot/graspnet_ws/install/unseen_obj_clst_ros2:/home/csrobot/graspnet_ws/install/contact_graspnet_ros2:/opt/ros/jazzy CMAKE_PREFIX_PATH=/home/csrobot/flexbe_ws/install/flexbe_msgs:/home/csrobot/flexbe_ws/install/panda_moveit_config:/home/csrobot/flexbe_ws/install/panda_gazebo:/home/csrobot/flexbe_ws/install/panda_description:/home/csrobot/flexbe_ws/install/gpd_ros:/home/csrobot/flexbe_ws/install/flexbe_behavior_engine:/home/csrobot/flexbe_ws/install/flexbe_widget:/home/csrobot/flexbe_ws/install/flexbe_testing:/home/csrobot/flexbe_ws/install/compare_flexbe:/home/csrobot/flexbe_ws/install/compare_flexbe_behaviors:/home/csrobot/flexbe_ws/install/compare_flexbe_utilities:/home/csrobot/flexbe_ws/install/armada_gazebo:/home/csrobot/flexbe_ws/install/armada_description:/home/csrobot/flexbe_ws/install/armada_bringup:/home/csrobot/graspnet_ws/install/unseen_obj_clst_ros2:/home/csrobot/graspnet_ws/install/contact_graspnet_ros2:/opt/ros/jazzy/opt/gz_sim_vendor:/opt/ros/jazzy/opt/gz_sensors_vendor:/opt/ros/jazzy/opt/gz_physics_vendor:/opt/ros/jazzy/opt/sdformat_vendor:/opt/ros/jazzy/opt/gz_gui_vendor:/opt/ros/jazzy/opt/gz_transport_vendor:/opt/ros/jazzy/opt/gz_rendering_vendor:/opt/ros/jazzy/opt/gz_plugin_vendor:/opt/ros/jazzy/opt/gz_fuel_tools_vendor:/opt/ros/jazzy/opt/gz_msgs_vendor:/opt/ros/jazzy/opt/gz_common_vendor:/opt/ros/jazzy/opt/gz_math_vendor:/opt/ros/jazzy/opt/gz_utils_vendor:/opt/ros/jazzy/opt/gz_tools_vendor:/opt/ros/jazzy/opt/gz_ogre_next_vendor:/opt/ros/jazzy/opt/gz_dartsim_vendor:/opt/ros/jazzy/opt/gz_cmake_vendor DEBUGINFOD_URLS=https://debuginfod.ubuntu.com LD_LIBRARY_PATH=/home/csrobot/flexbe_ws/install/flexbe_msgs/lib:/home/csrobot/flexbe_ws/install/gpd_ros/lib:/home/csrobot/flexbe_ws/install/gpd/lib:/home/csrobot/flexbe_ws/install/compare_flexbe_utilities/lib:/home/csrobot/graspnet_ws/install/unseen_obj_clst_ros2/lib:/home/csrobot/graspnet_ws/install/contact_graspnet_ros2/lib:/opt/ros/jazzy/opt/gz_sim_vendor/lib:/opt/ros/jazzy/opt/gz_sensors_vendor/lib:/opt/ros/jazzy/opt/gz_physics_vendor/lib:/opt/ros/jazzy/opt/sdformat_vendor/lib:/opt/ros/jazzy/opt/rviz_ogre_vendor/lib:/opt/ros/jazzy/lib/x86_64-linux-gnu:/opt/ros/jazzy/opt/gz_gui_vendor/lib:/opt/ros/jazzy/opt/gz_transport_vendor/lib:/opt/ros/jazzy/opt/gz_rendering_vendor/lib:/opt/ros/jazzy/opt/gz_plugin_vendor/lib:/opt/ros/jazzy/opt/gz_fuel_tools_vendor/lib:/opt/ros/jazzy/opt/gz_msgs_vendor/lib:/opt/ros/jazzy/opt/gz_common_vendor/lib:/opt/ros/jazzy/opt/gz_math_vendor/lib:/opt/ros/jazzy/opt/gz_utils_vendor/lib:/opt/ros/jazzy/opt/gz_tools_vendor/lib:/opt/ros/jazzy/opt/gz_ogre_next_vendor/lib:/opt/ros/jazzy/opt/gz_dartsim_vendor/lib:/opt/ros/jazzy/opt/gz_cmake_vendor/lib:/opt/ros/jazzy/lib:/usr/local/cuda/lib64:/usr/local/cuda/lib64 PYTHONPATH=/home/csrobot/flexbe_ws/build/compare_flexbe_states/prefix_override:/usr/lib/python3/dist-packages/colcon_core/task/python/colcon_distutils_commands:/home/csrobot/flexbe_ws/install/compare_flexbe_states/lib/python3.12/site-packages:/home/csrobot/flexbe_ws/install/flexbe_core/lib/python3.12/site-packages:/home/csrobot/flexbe_ws/install/flexbe_msgs/lib/python3.12/site-packages:/home/csrobot/flexbe_ws/install/gpd_ros/lib/python3.12/site-packages:/home/csrobot/flexbe_ws/install/flexbe_widget/lib/python3.12/site-packages:/home/csrobot/flexbe_ws/install/flexbe_webui/lib/python3.12/site-packages:/home/csrobot/flexbe_ws/install/flexbe_onboard/lib/python3.12/site-packages:/home/csrobot/flexbe_ws/install/flexbe_states/lib/python3.12/site-packages:/home/csrobot/flexbe_ws/install/flexbe_testing/lib/python3.12/site-packages:/home/csrobot/flexbe_ws/install/flexbe_mirror/lib/python3.12/site-packages:/home/csrobot/flexbe_ws/install/flexbe_input/lib/python3.12/site-packages:/home/csrobot/flexbe_ws/install/example_flexbe_states/lib/python3.12/site-packages:/home/csrobot/flexbe_ws/install/compare_flexbe_states/lib/python3.12/site-packages:/home/csrobot/flexbe_ws/install/compare_flexbe_behaviors/lib/python3.12/site-packages:/home/csrobot/flexbe_ws/install/compare_flexbe_utilities/lib/python3.12/site-packages:/home/csrobot/graspnet_ws/install/unseen_obj_clst_ros2/lib/python3.12/site-packages:/home/csrobot/graspnet_ws/install/contact_graspnet_ros2/lib/python3.12/site-packages:/opt/ros/jazzy/lib/python3.12/site-packages /usr/bin/python3 -W ignore:setup.py install is deprecated -W ignore:easy_install command is deprecated setup.py egg_info --egg-base ../../../build/compare_flexbe_states build --build-base /home/csrobot/flexbe_ws/build/compare_flexbe_states/build install --record /home/csrobot/flexbe_ws/build/compare_flexbe_states/install.log --single-version-externally-managed install_data
[3.386s] running egg_info
[3.386s] creating ../../../build/compare_flexbe_states/compare_flexbe_states.egg-info
[3.457s] writing ../../../build/compare_flexbe_states/compare_flexbe_states.egg-info/PKG-INFO
[3.459s] writing dependency_links to ../../../build/compare_flexbe_states/compare_flexbe_states.egg-info/dependency_links.txt
[3.460s] writing entry points to ../../../build/compare_flexbe_states/compare_flexbe_states.egg-info/entry_points.txt
[3.460s] writing requirements to ../../../build/compare_flexbe_states/compare_flexbe_states.egg-info/requires.txt
[3.460s] writing top-level names to ../../../build/compare_flexbe_states/compare_flexbe_states.egg-info/top_level.txt
[3.462s] writing manifest file '../../../build/compare_flexbe_states/compare_flexbe_states.egg-info/SOURCES.txt'
[3.585s] reading manifest file '../../../build/compare_flexbe_states/compare_flexbe_states.egg-info/SOURCES.txt'
[3.586s] writing manifest file '../../../build/compare_flexbe_states/compare_flexbe_states.egg-info/SOURCES.txt'
[3.586s] running build
[3.586s] running build_py
[3.586s] creating /home/csrobot/flexbe_ws/build/compare_flexbe_states/build
[3.586s] creating /home/csrobot/flexbe_ws/build/compare_flexbe_states/build/lib
[3.586s] creating /home/csrobot/flexbe_ws/build/compare_flexbe_states/build/lib/compare_flexbe_states
[3.586s] copying compare_flexbe_states/get_point_cloud_service_state.py -> /home/csrobot/flexbe_ws/build/compare_flexbe_states/build/lib/compare_flexbe_states
[3.587s] copying compare_flexbe_states/build_mask_cloud_state.py -> /home/csrobot/flexbe_ws/build/compare_flexbe_states/build/lib/compare_flexbe_states
[3.587s] copying compare_flexbe_states/publish_point_cloud_state.py -> /home/csrobot/flexbe_ws/build/compare_flexbe_states/build/lib/compare_flexbe_states
[3.587s] copying compare_flexbe_states/voxel_grid_filter_state.py -> /home/csrobot/flexbe_ws/build/compare_flexbe_states/build/lib/compare_flexbe_states
[3.587s] copying compare_flexbe_states/detect_grasps_service_state.py -> /home/csrobot/flexbe_ws/build/compare_flexbe_states/build/lib/compare_flexbe_states
[3.589s] copying compare_flexbe_states/unseen_obj_seg_cloud_service_state.py -> /home/csrobot/flexbe_ws/build/compare_flexbe_states/build/lib/compare_flexbe_states
[3.591s] copying compare_flexbe_states/move_to_named_pose_service_state.py -> /home/csrobot/flexbe_ws/build/compare_flexbe_states/build/lib/compare_flexbe_states
[3.591s] copying compare_flexbe_states/unseen_obj_seg_rgbd_service_state.py -> /home/csrobot/flexbe_ws/build/compare_flexbe_states/build/lib/compare_flexbe_states
[3.592s] copying compare_flexbe_states/move_to_pose_service_state.py -> /home/csrobot/flexbe_ws/build/compare_flexbe_states/build/lib/compare_flexbe_states
[3.592s] copying compare_flexbe_states/filter_by_indices_service_state.py -> /home/csrobot/flexbe_ws/build/compare_flexbe_states/build/lib/compare_flexbe_states
[3.592s] copying compare_flexbe_states/__init__.py -> /home/csrobot/flexbe_ws/build/compare_flexbe_states/build/lib/compare_flexbe_states
[3.592s] copying compare_flexbe_states/cgn_grasp_rgbd_service_state.py -> /home/csrobot/flexbe_ws/build/compare_flexbe_states/build/lib/compare_flexbe_states
[3.593s] copying compare_flexbe_states/plane_segmentation_service_state.py -> /home/csrobot/flexbe_ws/build/compare_flexbe_states/build/lib/compare_flexbe_states
[3.593s] copying compare_flexbe_states/reach_to_grasp_service_state.py -> /home/csrobot/flexbe_ws/build/compare_flexbe_states/build/lib/compare_flexbe_states
[3.593s] copying compare_flexbe_states/gpd_grasp_poses_service_state.py -> /home/csrobot/flexbe_ws/build/compare_flexbe_states/build/lib/compare_flexbe_states
[3.593s] copying compare_flexbe_states/cartesian_move_to_pose_service_state.py -> /home/csrobot/flexbe_ws/build/compare_flexbe_states/build/lib/compare_flexbe_states
[3.593s] copying compare_flexbe_states/gripper_command_action_state.py -> /home/csrobot/flexbe_ws/build/compare_flexbe_states/build/lib/compare_flexbe_states
[3.593s] copying compare_flexbe_states/cgn_grasp_cloud_service_state.py -> /home/csrobot/flexbe_ws/build/compare_flexbe_states/build/lib/compare_flexbe_states
[3.593s] copying compare_flexbe_states/euclidean_clustering_service_state.py -> /home/csrobot/flexbe_ws/build/compare_flexbe_states/build/lib/compare_flexbe_states
[3.594s] copying compare_flexbe_states/select_instance_to_cgn_indices_state.py -> /home/csrobot/flexbe_ws/build/compare_flexbe_states/build/lib/compare_flexbe_states
[3.594s] running install
[3.607s] running install_lib
[3.658s] creating /home/csrobot/flexbe_ws/install/compare_flexbe_states/lib/python3.12/site-packages/compare_flexbe_states
[3.660s] copying /home/csrobot/flexbe_ws/build/compare_flexbe_states/build/lib/compare_flexbe_states/get_point_cloud_service_state.py -> /home/csrobot/flexbe_ws/install/compare_flexbe_states/lib/python3.12/site-packages/compare_flexbe_states
[3.661s] copying /home/csrobot/flexbe_ws/build/compare_flexbe_states/build/lib/compare_flexbe_states/build_mask_cloud_state.py -> /home/csrobot/flexbe_ws/install/compare_flexbe_states/lib/python3.12/site-packages/compare_flexbe_states
[3.661s] copying /home/csrobot/flexbe_ws/build/compare_flexbe_states/build/lib/compare_flexbe_states/publish_point_cloud_state.py -> /home/csrobot/flexbe_ws/install/compare_flexbe_states/lib/python3.12/site-packages/compare_flexbe_states
[3.661s] copying /home/csrobot/flexbe_ws/build/compare_flexbe_states/build/lib/compare_flexbe_states/voxel_grid_filter_state.py -> /home/csrobot/flexbe_ws/install/compare_flexbe_states/lib/python3.12/site-packages/compare_flexbe_states
[3.663s] copying /home/csrobot/flexbe_ws/build/compare_flexbe_states/build/lib/compare_flexbe_states/detect_grasps_service_state.py -> /home/csrobot/flexbe_ws/install/compare_flexbe_states/lib/python3.12/site-packages/compare_flexbe_states
[3.663s] copying /home/csrobot/flexbe_ws/build/compare_flexbe_states/build/lib/compare_flexbe_states/unseen_obj_seg_cloud_service_state.py -> /home/csrobot/flexbe_ws/install/compare_flexbe_states/lib/python3.12/site-packages/compare_flexbe_states
[3.664s] copying /home/csrobot/flexbe_ws/build/compare_flexbe_states/build/lib/compare_flexbe_states/move_to_named_pose_service_state.py -> /home/csrobot/flexbe_ws/install/compare_flexbe_states/lib/python3.12/site-packages/compare_flexbe_states
[3.664s] copying /home/csrobot/flexbe_ws/build/compare_flexbe_states/build/lib/compare_flexbe_states/unseen_obj_seg_rgbd_service_state.py -> /home/csrobot/flexbe_ws/install/compare_flexbe_states/lib/python3.12/site-packages/compare_flexbe_states
[3.664s] copying /home/csrobot/flexbe_ws/build/compare_flexbe_states/build/lib/compare_flexbe_states/move_to_pose_service_state.py -> /home/csrobot/flexbe_ws/install/compare_flexbe_states/lib/python3.12/site-packages/compare_flexbe_states
[3.664s] copying /home/csrobot/flexbe_ws/build/compare_flexbe_states/build/lib/compare_flexbe_states/filter_by_indices_service_state.py -> /home/csrobot/flexbe_ws/install/compare_flexbe_states/lib/python3.12/site-packages/compare_flexbe_states
[3.664s] copying /home/csrobot/flexbe_ws/build/compare_flexbe_states/build/lib/compare_flexbe_states/__init__.py -> /home/csrobot/flexbe_ws/install/compare_flexbe_states/lib/python3.12/site-packages/compare_flexbe_states
[3.664s] copying /home/csrobot/flexbe_ws/build/compare_flexbe_states/build/lib/compare_flexbe_states/cgn_grasp_rgbd_service_state.py -> /home/csrobot/flexbe_ws/install/compare_flexbe_states/lib/python3.12/site-packages/compare_flexbe_states
[3.665s] copying /home/csrobot/flexbe_ws/build/compare_flexbe_states/build/lib/compare_flexbe_states/plane_segmentation_service_state.py -> /home/csrobot/flexbe_ws/install/compare_flexbe_states/lib/python3.12/site-packages/compare_flexbe_states
[3.665s] copying /home/csrobot/flexbe_ws/build/compare_flexbe_states/build/lib/compare_flexbe_states/reach_to_grasp_service_state.py -> /home/csrobot/flexbe_ws/install/compare_flexbe_states/lib/python3.12/site-packages/compare_flexbe_states
[3.665s] copying /home/csrobot/flexbe_ws/build/compare_flexbe_states/build/lib/compare_flexbe_states/gpd_grasp_poses_service_state.py -> /home/csrobot/flexbe_ws/install/compare_flexbe_states/lib/python3.12/site-packages/compare_flexbe_states
[3.665s] copying /home/csrobot/flexbe_ws/build/compare_flexbe_states/build/lib/compare_flexbe_states/cartesian_move_to_pose_service_state.py -> /home/csrobot/flexbe_ws/install/compare_flexbe_states/lib/python3.12/site-packages/compare_flexbe_states
[3.666s] copying /home/csrobot/flexbe_ws/build/compare_flexbe_states/build/lib/compare_flexbe_states/gripper_command_action_state.py -> /home/csrobot/flexbe_ws/install/compare_flexbe_states/lib/python3.12/site-packages/compare_flexbe_states
[3.666s] copying /home/csrobot/flexbe_ws/build/compare_flexbe_states/build/lib/compare_flexbe_states/cgn_grasp_cloud_service_state.py -> /home/csrobot/flexbe_ws/install/compare_flexbe_states/lib/python3.12/site-packages/compare_flexbe_states
[3.666s] copying /home/csrobot/flexbe_ws/build/compare_flexbe_states/build/lib/compare_flexbe_states/euclidean_clustering_service_state.py -> /home/csrobot/flexbe_ws/install/compare_flexbe_states/lib/python3.12/site-packages/compare_flexbe_states
[3.666s] copying /home/csrobot/flexbe_ws/build/compare_flexbe_states/build/lib/compare_flexbe_states/select_instance_to_cgn_indices_state.py -> /home/csrobot/flexbe_ws/install/compare_flexbe_states/lib/python3.12/site-packages/compare_flexbe_states
[3.666s] byte-compiling /home/csrobot/flexbe_ws/install/compare_flexbe_states/lib/python3.12/site-packages/compare_flexbe_states/get_point_cloud_service_state.py to get_point_cloud_service_state.cpython-312.pyc
[3.667s] byte-compiling /home/csrobot/flexbe_ws/install/compare_flexbe_states/lib/python3.12/site-packages/compare_flexbe_states/build_mask_cloud_state.py to build_mask_cloud_state.cpython-312.pyc
[3.667s] byte-compiling /home/csrobot/flexbe_ws/install/compare_flexbe_states/lib/python3.12/site-packages/compare_flexbe_states/publish_point_cloud_state.py to publish_point_cloud_state.cpython-312.pyc
[3.667s] byte-compiling /home/csrobot/flexbe_ws/install/compare_flexbe_states/lib/python3.12/site-packages/compare_flexbe_states/voxel_grid_filter_state.py to voxel_grid_filter_state.cpython-312.pyc
[3.667s] byte-compiling /home/csrobot/flexbe_ws/install/compare_flexbe_states/lib/python3.12/site-packages/compare_flexbe_states/detect_grasps_service_state.py to detect_grasps_service_state.cpython-312.pyc
[3.668s] byte-compiling /home/csrobot/flexbe_ws/install/compare_flexbe_states/lib/python3.12/site-packages/compare_flexbe_states/unseen_obj_seg_cloud_service_state.py to unseen_obj_seg_cloud_service_state.cpython-312.pyc
[3.669s] byte-compiling /home/csrobot/flexbe_ws/install/compare_flexbe_states/lib/python3.12/site-packages/compare_flexbe_states/move_to_named_pose_service_state.py to move_to_named_pose_service_state.cpython-312.pyc
[3.670s] byte-compiling /home/csrobot/flexbe_ws/install/compare_flexbe_states/lib/python3.12/site-packages/compare_flexbe_states/unseen_obj_seg_rgbd_service_state.py to unseen_obj_seg_rgbd_service_state.cpython-312.pyc
[3.671s] byte-compiling /home/csrobot/flexbe_ws/install/compare_flexbe_states/lib/python3.12/site-packages/compare_flexbe_states/move_to_pose_service_state.py to move_to_pose_service_state.cpython-312.pyc
[3.672s] byte-compiling /home/csrobot/flexbe_ws/install/compare_flexbe_states/lib/python3.12/site-packages/compare_flexbe_states/filter_by_indices_service_state.py to filter_by_indices_service_state.cpython-312.pyc
[3.673s] byte-compiling /home/csrobot/flexbe_ws/install/compare_flexbe_states/lib/python3.12/site-packages/compare_flexbe_states/__init__.py to __init__.cpython-312.pyc
[3.673s] byte-compiling /home/csrobot/flexbe_ws/install/compare_flexbe_states/lib/python3.12/site-packages/compare_flexbe_states/cgn_grasp_rgbd_service_state.py to cgn_grasp_rgbd_service_state.cpython-312.pyc
[3.674s] byte-compiling /home/csrobot/flexbe_ws/install/compare_flexbe_states/lib/python3.12/site-packages/compare_flexbe_states/plane_segmentation_service_state.py to plane_segmentation_service_state.cpython-312.pyc
[3.675s] byte-compiling /home/csrobot/flexbe_ws/install/compare_flexbe_states/lib/python3.12/site-packages/compare_flexbe_states/reach_to_grasp_service_state.py to reach_to_grasp_service_state.cpython-312.pyc
[3.676s] byte-compiling /home/csrobot/flexbe_ws/install/compare_flexbe_states/lib/python3.12/site-packages/compare_flexbe_states/gpd_grasp_poses_service_state.py to gpd_grasp_poses_service_state.cpython-312.pyc
[3.677s] byte-compiling /home/csrobot/flexbe_ws/install/compare_flexbe_states/lib/python3.12/site-packages/compare_flexbe_states/cartesian_move_to_pose_service_state.py to cartesian_move_to_pose_service_state.cpython-312.pyc
[3.679s] byte-compiling /home/csrobot/flexbe_ws/install/compare_flexbe_states/lib/python3.12/site-packages/compare_flexbe_states/gripper_command_action_state.py to gripper_command_action_state.cpython-312.pyc
[3.679s] byte-compiling /home/csrobot/flexbe_ws/install/compare_flexbe_states/lib/python3.12/site-packages/compare_flexbe_states/cgn_grasp_cloud_service_state.py to cgn_grasp_cloud_service_state.cpython-312.pyc
[3.686s] byte-compiling /home/csrobot/flexbe_ws/install/compare_flexbe_states/lib/python3.12/site-packages/compare_flexbe_states/euclidean_clustering_service_state.py to euclidean_clustering_service_state.cpython-312.pyc
[3.686s] byte-compiling /home/csrobot/flexbe_ws/install/compare_flexbe_states/lib/python3.12/site-packages/compare_flexbe_states/select_instance_to_cgn_indices_state.py to select_instance_to_cgn_indices_state.cpython-312.pyc
[3.686s] running install_data
[3.686s] creating /home/csrobot/flexbe_ws/install/compare_flexbe_states/share/ament_index
[3.686s] creating /home/csrobot/flexbe_ws/install/compare_flexbe_states/share/ament_index/resource_index
[3.686s] creating /home/csrobot/flexbe_ws/install/compare_flexbe_states/share/ament_index/resource_index/packages
[3.687s] copying resource/compare_flexbe_states -> /home/csrobot/flexbe_ws/install/compare_flexbe_states/share/ament_index/resource_index/packages
[3.695s] copying package.xml -> /home/csrobot/flexbe_ws/install/compare_flexbe_states/share/compare_flexbe_states
[3.695s] creating /home/csrobot/flexbe_ws/install/compare_flexbe_states/share/compare_flexbe_states/tests
[3.695s] copying tests/example_state.test -> /home/csrobot/flexbe_ws/install/compare_flexbe_states/share/compare_flexbe_states/tests
[3.696s] copying tests/example_action_state.test -> /home/csrobot/flexbe_ws/install/compare_flexbe_states/share/compare_flexbe_states/tests
[3.696s] creating /home/csrobot/flexbe_ws/install/compare_flexbe_states/share/compare_flexbe_states/launch
[3.696s] copying tests/run_tests.launch.py -> /home/csrobot/flexbe_ws/install/compare_flexbe_states/share/compare_flexbe_states/launch
[3.696s] running install_egg_info
[3.735s] Copying ../../../build/compare_flexbe_states/compare_flexbe_states.egg-info to /home/csrobot/flexbe_ws/install/compare_flexbe_states/lib/python3.12/site-packages/compare_flexbe_states-0.0.1-py3.12.egg-info
[3.735s] running install_scripts
[3.975s] Installing example_action_state script to /home/csrobot/flexbe_ws/install/compare_flexbe_states/lib/compare_flexbe_states
[3.975s] Installing example_state script to /home/csrobot/flexbe_ws/install/compare_flexbe_states/lib/compare_flexbe_states
[3.976s] writing list of installed files to '/home/csrobot/flexbe_ws/build/compare_flexbe_states/install.log'
[4.051s] Invoked command in '/home/csrobot/flexbe_ws/src/compare_flexbe/compare_flexbe_states' returned '0': AMENT_PREFIX_PATH=/home/csrobot/flexbe_ws/install/flexbe_core:/home/csrobot/flexbe_ws/install/panda_moveit_config:/home/csrobot/flexbe_ws/install/panda_gazebo:/home/csrobot/flexbe_ws/install/panda_description:/home/csrobot/flexbe_ws/install/gpd_ros:/home/csrobot/flexbe_ws/install/flexbe_behavior_engine:/home/csrobot/flexbe_ws/install/flexbe_widget:/home/csrobot/flexbe_ws/install/flexbe_webui:/home/csrobot/flexbe_ws/install/flexbe_onboard:/home/csrobot/flexbe_ws/install/flexbe_states:/home/csrobot/flexbe_ws/install/flexbe_testing:/home/csrobot/flexbe_ws/install/flexbe_mirror:/home/csrobot/flexbe_ws/install/flexbe_input:/home/csrobot/flexbe_ws/install/example_flexbe_states:/home/csrobot/flexbe_ws/install/compare_flexbe:/home/csrobot/flexbe_ws/install/compare_flexbe_states:/home/csrobot/flexbe_ws/install/compare_flexbe_behaviors:/home/csrobot/flexbe_ws/install/flexbe_msgs:/home/csrobot/flexbe_ws/install/compare_flexbe_utilities:/home/csrobot/flexbe_ws/install/armada_gazebo:/home/csrobot/flexbe_ws/install/armada_description:/home/csrobot/flexbe_ws/install/armada_bringup:/home/csrobot/graspnet_ws/install/unseen_obj_clst_ros2:/home/csrobot/graspnet_ws/install/contact_graspnet_ros2:/opt/ros/jazzy CMAKE_PREFIX_PATH=/home/csrobot/flexbe_ws/install/flexbe_msgs:/home/csrobot/flexbe_ws/install/panda_moveit_config:/home/csrobot/flexbe_ws/install/panda_gazebo:/home/csrobot/flexbe_ws/install/panda_description:/home/csrobot/flexbe_ws/install/gpd_ros:/home/csrobot/flexbe_ws/install/flexbe_behavior_engine:/home/csrobot/flexbe_ws/install/flexbe_widget:/home/csrobot/flexbe_ws/install/flexbe_testing:/home/csrobot/flexbe_ws/install/compare_flexbe:/home/csrobot/flexbe_ws/install/compare_flexbe_behaviors:/home/csrobot/flexbe_ws/install/compare_flexbe_utilities:/home/csrobot/flexbe_ws/install/armada_gazebo:/home/csrobot/flexbe_ws/install/armada_description:/home/csrobot/flexbe_ws/install/armada_bringup:/home/csrobot/graspnet_ws/install/unseen_obj_clst_ros2:/home/csrobot/graspnet_ws/install/contact_graspnet_ros2:/opt/ros/jazzy/opt/gz_sim_vendor:/opt/ros/jazzy/opt/gz_sensors_vendor:/opt/ros/jazzy/opt/gz_physics_vendor:/opt/ros/jazzy/opt/sdformat_vendor:/opt/ros/jazzy/opt/gz_gui_vendor:/opt/ros/jazzy/opt/gz_transport_vendor:/opt/ros/jazzy/opt/gz_rendering_vendor:/opt/ros/jazzy/opt/gz_plugin_vendor:/opt/ros/jazzy/opt/gz_fuel_tools_vendor:/opt/ros/jazzy/opt/gz_msgs_vendor:/opt/ros/jazzy/opt/gz_common_vendor:/opt/ros/jazzy/opt/gz_math_vendor:/opt/ros/jazzy/opt/gz_utils_vendor:/opt/ros/jazzy/opt/gz_tools_vendor:/opt/ros/jazzy/opt/gz_ogre_next_vendor:/opt/ros/jazzy/opt/gz_dartsim_vendor:/opt/ros/jazzy/opt/gz_cmake_vendor DEBUGINFOD_URLS=https://debuginfod.ubuntu.com LD_LIBRARY_PATH=/home/csrobot/flexbe_ws/install/flexbe_msgs/lib:/home/csrobot/flexbe_ws/install/gpd_ros/lib:/home/csrobot/flexbe_ws/install/gpd/lib:/home/csrobot/flexbe_ws/install/compare_flexbe_utilities/lib:/home/csrobot/graspnet_ws/install/unseen_obj_clst_ros2/lib:/home/csrobot/graspnet_ws/install/contact_graspnet_ros2/lib:/opt/ros/jazzy/opt/gz_sim_vendor/lib:/opt/ros/jazzy/opt/gz_sensors_vendor/lib:/opt/ros/jazzy/opt/gz_physics_vendor/lib:/opt/ros/jazzy/opt/sdformat_vendor/lib:/opt/ros/jazzy/opt/rviz_ogre_vendor/lib:/opt/ros/jazzy/lib/x86_64-linux-gnu:/opt/ros/jazzy/opt/gz_gui_vendor/lib:/opt/ros/jazzy/opt/gz_transport_vendor/lib:/opt/ros/jazzy/opt/gz_rendering_vendor/lib:/opt/ros/jazzy/opt/gz_plugin_vendor/lib:/opt/ros/jazzy/opt/gz_fuel_tools_vendor/lib:/opt/ros/jazzy/opt/gz_msgs_vendor/lib:/opt/ros/jazzy/opt/gz_common_vendor/lib:/opt/ros/jazzy/opt/gz_math_vendor/lib:/opt/ros/jazzy/opt/gz_utils_vendor/lib:/opt/ros/jazzy/opt/gz_tools_vendor/lib:/opt/ros/jazzy/opt/gz_ogre_next_vendor/lib:/opt/ros/jazzy/opt/gz_dartsim_vendor/lib:/opt/ros/jazzy/opt/gz_cmake_vendor/lib:/opt/ros/jazzy/lib:/usr/local/cuda/lib64:/usr/local/cuda/lib64 PYTHONPATH=/home/csrobot/flexbe_ws/build/compare_flexbe_states/prefix_override:/usr/lib/python3/dist-packages/colcon_core/task/python/colcon_distutils_commands:/home/csrobot/flexbe_ws/install/compare_flexbe_states/lib/python3.12/site-packages:/home/csrobot/flexbe_ws/install/flexbe_core/lib/python3.12/site-packages:/home/csrobot/flexbe_ws/install/flexbe_msgs/lib/python3.12/site-packages:/home/csrobot/flexbe_ws/install/gpd_ros/lib/python3.12/site-packages:/home/csrobot/flexbe_ws/install/flexbe_widget/lib/python3.12/site-packages:/home/csrobot/flexbe_ws/install/flexbe_webui/lib/python3.12/site-packages:/home/csrobot/flexbe_ws/install/flexbe_onboard/lib/python3.12/site-packages:/home/csrobot/flexbe_ws/install/flexbe_states/lib/python3.12/site-packages:/home/csrobot/flexbe_ws/install/flexbe_testing/lib/python3.12/site-packages:/home/csrobot/flexbe_ws/install/flexbe_mirror/lib/python3.12/site-packages:/home/csrobot/flexbe_ws/install/flexbe_input/lib/python3.12/site-packages:/home/csrobot/flexbe_ws/install/example_flexbe_states/lib/python3.12/site-packages:/home/csrobot/flexbe_ws/install/compare_flexbe_states/lib/python3.12/site-packages:/home/csrobot/flexbe_ws/install/compare_flexbe_behaviors/lib/python3.12/site-packages:/home/csrobot/flexbe_ws/install/compare_flexbe_utilities/lib/python3.12/site-packages:/home/csrobot/graspnet_ws/install/unseen_obj_clst_ros2/lib/python3.12/site-packages:/home/csrobot/graspnet_ws/install/contact_graspnet_ros2/lib/python3.12/site-packages:/opt/ros/jazzy/lib/python3.12/site-packages /usr/bin/python3 -W ignore:setup.py install is deprecated -W ignore:easy_install command is deprecated setup.py egg_info --egg-base ../../../build/compare_flexbe_states build --build-base /home/csrobot/flexbe_ws/build/compare_flexbe_states/build install --record /home/csrobot/flexbe_ws/build/compare_flexbe_states/install.log --single-version-externally-managed install_data
