[  0%] Built target gpd_ros__rosidl_generator_type_description
[  0%] Built target ament_cmake_python_copy_gpd_ros
[  2%] Built target grasp_plotter
[ 26%] Built target gpd_ros__rosidl_generator_c
[ 26%] Built target gpd_ros__cpp
[ 35%] Built target gpd_ros__rosidl_typesupport_introspection_c
[ 44%] Built target gpd_ros__rosidl_typesupport_c
[ 53%] Built target gpd_ros__rosidl_typesupport_fastrtps_c
[ 62%] Built target gpd_ros__rosidl_typesupport_cpp
[ 71%] Built target gpd_ros__rosidl_typesupport_fastrtps_cpp
[ 80%] Built target gpd_ros__rosidl_typesupport_introspection_cpp
[ 80%] Built target gpd_ros
[ 81%] Built target gpd_ros__py
[ 83%] Built target grasp_messages
[ 85%] Built target grasp_pose_server
[ 93%] Built target gpd_ros__rosidl_generator_py
[ 94%] Built target gpd_ros_s__rosidl_typesupport_introspection_c
[ 96%] Built target grasp_detection_server
[ 98%] Built target gpd_ros_s__rosidl_typesupport_fastrtps_c
[100%] Built target gpd_ros_s__rosidl_typesupport_c
running egg_info
writing gpd_ros.egg-info/PKG-INFO
writing dependency_links to gpd_ros.egg-info/dependency_links.txt
writing top-level names to gpd_ros.egg-info/top_level.txt
reading manifest file 'gpd_ros.egg-info/SOURCES.txt'
writing manifest file 'gpd_ros.egg-info/SOURCES.txt'
[100%] Built target ament_cmake_python_build_gpd_ros_egg
-- Install configuration: ""
-- Up-to-date: /home/csrobot/flexbe_ws/install/gpd_ros/share/ament_index/resource_index/rosidl_interfaces/gpd_ros
-- Up-to-date: /home/csrobot/flexbe_ws/install/gpd_ros/share/gpd_ros/msg/CloudIndexed.json
-- Up-to-date: /home/csrobot/flexbe_ws/install/gpd_ros/share/gpd_ros/msg/CloudSamples.json
-- Up-to-date: /home/csrobot/flexbe_ws/install/gpd_ros/share/gpd_ros/msg/CloudSources.json
-- Up-to-date: /home/csrobot/flexbe_ws/install/gpd_ros/share/gpd_ros/msg/GraspConfig.json
-- Up-to-date: /home/csrobot/flexbe_ws/install/gpd_ros/share/gpd_ros/msg/GraspConfigList.json
-- Up-to-date: /home/csrobot/flexbe_ws/install/gpd_ros/share/gpd_ros/msg/SamplesMsg.json
-- Up-to-date: /home/csrobot/flexbe_ws/install/gpd_ros/share/gpd_ros/srv/DetectGrasps.json
-- Up-to-date: /home/csrobot/flexbe_ws/install/gpd_ros/share/gpd_ros/srv/ComputeGraspPoses.json
-- Up-to-date: /home/csrobot/flexbe_ws/install/gpd_ros/include/gpd_ros/gpd_ros
-- Up-to-date: /home/csrobot/flexbe_ws/install/gpd_ros/include/gpd_ros/gpd_ros/msg
-- Up-to-date: /home/csrobot/flexbe_ws/install/gpd_ros/include/gpd_ros/gpd_ros/msg/grasp_config.h
-- Up-to-date: /home/csrobot/flexbe_ws/install/gpd_ros/include/gpd_ros/gpd_ros/msg/rosidl_generator_c__visibility_control.h
-- Up-to-date: /home/csrobot/flexbe_ws/install/gpd_ros/include/gpd_ros/gpd_ros/msg/samples_msg.h
-- Up-to-date: /home/csrobot/flexbe_ws/install/gpd_ros/include/gpd_ros/gpd_ros/msg/cloud_indexed.h
-- Up-to-date: /home/csrobot/flexbe_ws/install/gpd_ros/include/gpd_ros/gpd_ros/msg/grasp_config_list.h
-- Up-to-date: /home/csrobot/flexbe_ws/install/gpd_ros/include/gpd_ros/gpd_ros/msg/cloud_samples.h
-- Up-to-date: /home/csrobot/flexbe_ws/install/gpd_ros/include/gpd_ros/gpd_ros/msg/detail
-- Up-to-date: /home/csrobot/flexbe_ws/install/gpd_ros/include/gpd_ros/gpd_ros/msg/detail/cloud_indexed__description.c
-- Installing: /home/csrobot/flexbe_ws/install/gpd_ros/include/gpd_ros/gpd_ros/msg/detail/cloud_samples__type_support.c
-- Installing: /home/csrobot/flexbe_ws/install/gpd_ros/include/gpd_ros/gpd_ros/msg/detail/grasp_config_list__type_support.c
-- Up-to-date: /home/csrobot/flexbe_ws/install/gpd_ros/include/gpd_ros/gpd_ros/msg/detail/grasp_config_list__functions.c
-- Up-to-date: /home/csrobot/flexbe_ws/install/gpd_ros/include/gpd_ros/gpd_ros/msg/detail/samples_msg__functions.h
-- Up-to-date: /home/csrobot/flexbe_ws/install/gpd_ros/include/gpd_ros/gpd_ros/msg/detail/cloud_samples__functions.h
-- Up-to-date: /home/csrobot/flexbe_ws/install/gpd_ros/include/gpd_ros/gpd_ros/msg/detail/grasp_config_list__functions.h
-- Up-to-date: /home/csrobot/flexbe_ws/install/gpd_ros/include/gpd_ros/gpd_ros/msg/detail/grasp_config__functions.c
-- Up-to-date: /home/csrobot/flexbe_ws/install/gpd_ros/include/gpd_ros/gpd_ros/msg/detail/cloud_indexed__functions.h
-- Up-to-date: /home/csrobot/flexbe_ws/install/gpd_ros/include/gpd_ros/gpd_ros/msg/detail/grasp_config__struct.h
-- Up-to-date: /home/csrobot/flexbe_ws/install/gpd_ros/include/gpd_ros/gpd_ros/msg/detail/cloud_sources__type_support.h
-- Installing: /home/csrobot/flexbe_ws/install/gpd_ros/include/gpd_ros/gpd_ros/msg/detail/cloud_sources__type_support.c
-- Up-to-date: /home/csrobot/flexbe_ws/install/gpd_ros/include/gpd_ros/gpd_ros/msg/detail/cloud_samples__struct.h
-- Installing: /home/csrobot/flexbe_ws/install/gpd_ros/include/gpd_ros/gpd_ros/msg/detail/grasp_config__type_support.c
-- Up-to-date: /home/csrobot/flexbe_ws/install/gpd_ros/include/gpd_ros/gpd_ros/msg/detail/grasp_config__type_support.h
-- Up-to-date: /home/csrobot/flexbe_ws/install/gpd_ros/include/gpd_ros/gpd_ros/msg/detail/samples_msg__struct.h
-- Up-to-date: /home/csrobot/flexbe_ws/install/gpd_ros/include/gpd_ros/gpd_ros/msg/detail/cloud_sources__struct.h
-- Up-to-date: /home/csrobot/flexbe_ws/install/gpd_ros/include/gpd_ros/gpd_ros/msg/detail/grasp_config_list__type_support.h
-- Installing: /home/csrobot/flexbe_ws/install/gpd_ros/include/gpd_ros/gpd_ros/msg/detail/cloud_indexed__type_support.c
-- Up-to-date: /home/csrobot/flexbe_ws/install/gpd_ros/include/gpd_ros/gpd_ros/msg/detail/grasp_config__functions.h
-- Installing: /home/csrobot/flexbe_ws/install/gpd_ros/include/gpd_ros/gpd_ros/msg/detail/samples_msg__type_support.c
-- Up-to-date: /home/csrobot/flexbe_ws/install/gpd_ros/include/gpd_ros/gpd_ros/msg/detail/samples_msg__description.c
-- Up-to-date: /home/csrobot/flexbe_ws/install/gpd_ros/include/gpd_ros/gpd_ros/msg/detail/cloud_samples__functions.c
-- Up-to-date: /home/csrobot/flexbe_ws/install/gpd_ros/include/gpd_ros/gpd_ros/msg/detail/grasp_config_list__struct.h
-- Up-to-date: /home/csrobot/flexbe_ws/install/gpd_ros/include/gpd_ros/gpd_ros/msg/detail/grasp_config__description.c
-- Up-to-date: /home/csrobot/flexbe_ws/install/gpd_ros/include/gpd_ros/gpd_ros/msg/detail/cloud_sources__description.c
-- Up-to-date: /home/csrobot/flexbe_ws/install/gpd_ros/include/gpd_ros/gpd_ros/msg/detail/cloud_indexed__functions.c
-- Up-to-date: /home/csrobot/flexbe_ws/install/gpd_ros/include/gpd_ros/gpd_ros/msg/detail/cloud_indexed__type_support.h
-- Up-to-date: /home/csrobot/flexbe_ws/install/gpd_ros/include/gpd_ros/gpd_ros/msg/detail/cloud_samples__description.c
-- Up-to-date: /home/csrobot/flexbe_ws/install/gpd_ros/include/gpd_ros/gpd_ros/msg/detail/cloud_sources__functions.c
-- Up-to-date: /home/csrobot/flexbe_ws/install/gpd_ros/include/gpd_ros/gpd_ros/msg/detail/cloud_samples__type_support.h
-- Up-to-date: /home/csrobot/flexbe_ws/install/gpd_ros/include/gpd_ros/gpd_ros/msg/detail/cloud_sources__functions.h
-- Up-to-date: /home/csrobot/flexbe_ws/install/gpd_ros/include/gpd_ros/gpd_ros/msg/detail/samples_msg__functions.c
-- Up-to-date: /home/csrobot/flexbe_ws/install/gpd_ros/include/gpd_ros/gpd_ros/msg/detail/samples_msg__type_support.h
-- Up-to-date: /home/csrobot/flexbe_ws/install/gpd_ros/include/gpd_ros/gpd_ros/msg/detail/cloud_indexed__struct.h
-- Up-to-date: /home/csrobot/flexbe_ws/install/gpd_ros/include/gpd_ros/gpd_ros/msg/detail/grasp_config_list__description.c
-- Up-to-date: /home/csrobot/flexbe_ws/install/gpd_ros/include/gpd_ros/gpd_ros/msg/cloud_sources.h
-- Up-to-date: /home/csrobot/flexbe_ws/install/gpd_ros/include/gpd_ros/gpd_ros/srv
-- Up-to-date: /home/csrobot/flexbe_ws/install/gpd_ros/include/gpd_ros/gpd_ros/srv/detect_grasps.h
-- Up-to-date: /home/csrobot/flexbe_ws/install/gpd_ros/include/gpd_ros/gpd_ros/srv/compute_grasp_poses.h
-- Up-to-date: /home/csrobot/flexbe_ws/install/gpd_ros/include/gpd_ros/gpd_ros/srv/detail
-- Up-to-date: /home/csrobot/flexbe_ws/install/gpd_ros/include/gpd_ros/gpd_ros/srv/detail/detect_grasps__functions.h
-- Installing: /home/csrobot/flexbe_ws/install/gpd_ros/include/gpd_ros/gpd_ros/srv/detail/detect_grasps__type_support.c
-- Up-to-date: /home/csrobot/flexbe_ws/install/gpd_ros/include/gpd_ros/gpd_ros/srv/detail/compute_grasp_poses__functions.h
-- Up-to-date: /home/csrobot/flexbe_ws/install/gpd_ros/include/gpd_ros/gpd_ros/srv/detail/detect_grasps__functions.c
-- Up-to-date: /home/csrobot/flexbe_ws/install/gpd_ros/include/gpd_ros/gpd_ros/srv/detail/compute_grasp_poses__functions.c
-- Up-to-date: /home/csrobot/flexbe_ws/install/gpd_ros/include/gpd_ros/gpd_ros/srv/detail/detect_grasps__type_support.h
-- Up-to-date: /home/csrobot/flexbe_ws/install/gpd_ros/include/gpd_ros/gpd_ros/srv/detail/detect_grasps__struct.h
-- Installing: /home/csrobot/flexbe_ws/install/gpd_ros/include/gpd_ros/gpd_ros/srv/detail/compute_grasp_poses__type_support.c
-- Up-to-date: /home/csrobot/flexbe_ws/install/gpd_ros/include/gpd_ros/gpd_ros/srv/detail/compute_grasp_poses__type_support.h
-- Up-to-date: /home/csrobot/flexbe_ws/install/gpd_ros/include/gpd_ros/gpd_ros/srv/detail/compute_grasp_poses__struct.h
-- Up-to-date: /home/csrobot/flexbe_ws/install/gpd_ros/include/gpd_ros/gpd_ros/srv/detail/detect_grasps__description.c
-- Up-to-date: /home/csrobot/flexbe_ws/install/gpd_ros/include/gpd_ros/gpd_ros/srv/detail/compute_grasp_poses__description.c
-- Up-to-date: /home/csrobot/flexbe_ws/install/gpd_ros/share/gpd_ros/environment/library_path.sh
-- Up-to-date: /home/csrobot/flexbe_ws/install/gpd_ros/share/gpd_ros/environment/library_path.dsv
-- Up-to-date: /home/csrobot/flexbe_ws/install/gpd_ros/lib/libgpd_ros__rosidl_generator_c.so
-- Up-to-date: /home/csrobot/flexbe_ws/install/gpd_ros/include/gpd_ros/gpd_ros
-- Up-to-date: /home/csrobot/flexbe_ws/install/gpd_ros/include/gpd_ros/gpd_ros/msg
-- Up-to-date: /home/csrobot/flexbe_ws/install/gpd_ros/include/gpd_ros/gpd_ros/msg/rosidl_typesupport_fastrtps_c__visibility_control.h
-- Up-to-date: /home/csrobot/flexbe_ws/install/gpd_ros/include/gpd_ros/gpd_ros/msg/detail
-- Up-to-date: /home/csrobot/flexbe_ws/install/gpd_ros/include/gpd_ros/gpd_ros/msg/detail/cloud_sources__rosidl_typesupport_fastrtps_c.h
-- Up-to-date: /home/csrobot/flexbe_ws/install/gpd_ros/include/gpd_ros/gpd_ros/msg/detail/cloud_indexed__rosidl_typesupport_fastrtps_c.h
-- Up-to-date: /home/csrobot/flexbe_ws/install/gpd_ros/include/gpd_ros/gpd_ros/msg/detail/grasp_config__rosidl_typesupport_fastrtps_c.h
-- Up-to-date: /home/csrobot/flexbe_ws/install/gpd_ros/include/gpd_ros/gpd_ros/msg/detail/samples_msg__rosidl_typesupport_fastrtps_c.h
-- Up-to-date: /home/csrobot/flexbe_ws/install/gpd_ros/include/gpd_ros/gpd_ros/msg/detail/cloud_samples__rosidl_typesupport_fastrtps_c.h
-- Up-to-date: /home/csrobot/flexbe_ws/install/gpd_ros/include/gpd_ros/gpd_ros/msg/detail/grasp_config_list__rosidl_typesupport_fastrtps_c.h
-- Up-to-date: /home/csrobot/flexbe_ws/install/gpd_ros/include/gpd_ros/gpd_ros/srv
-- Up-to-date: /home/csrobot/flexbe_ws/install/gpd_ros/include/gpd_ros/gpd_ros/srv/detail
-- Up-to-date: /home/csrobot/flexbe_ws/install/gpd_ros/include/gpd_ros/gpd_ros/srv/detail/compute_grasp_poses__rosidl_typesupport_fastrtps_c.h
-- Up-to-date: /home/csrobot/flexbe_ws/install/gpd_ros/include/gpd_ros/gpd_ros/srv/detail/detect_grasps__rosidl_typesupport_fastrtps_c.h
-- Up-to-date: /home/csrobot/flexbe_ws/install/gpd_ros/lib/libgpd_ros__rosidl_typesupport_fastrtps_c.so
-- Up-to-date: /home/csrobot/flexbe_ws/install/gpd_ros/include/gpd_ros/gpd_ros
-- Up-to-date: /home/csrobot/flexbe_ws/install/gpd_ros/include/gpd_ros/gpd_ros/msg
-- Up-to-date: /home/csrobot/flexbe_ws/install/gpd_ros/include/gpd_ros/gpd_ros/msg/rosidl_typesupport_introspection_c__visibility_control.h
-- Up-to-date: /home/csrobot/flexbe_ws/install/gpd_ros/include/gpd_ros/gpd_ros/msg/detail
-- Up-to-date: /home/csrobot/flexbe_ws/install/gpd_ros/include/gpd_ros/gpd_ros/msg/detail/cloud_indexed__rosidl_typesupport_introspection_c.h
-- Installing: /home/csrobot/flexbe_ws/install/gpd_ros/include/gpd_ros/gpd_ros/msg/detail/cloud_samples__type_support.c
-- Installing: /home/csrobot/flexbe_ws/install/gpd_ros/include/gpd_ros/gpd_ros/msg/detail/grasp_config_list__type_support.c
-- Installing: /home/csrobot/flexbe_ws/install/gpd_ros/include/gpd_ros/gpd_ros/msg/detail/cloud_sources__type_support.c
-- Up-to-date: /home/csrobot/flexbe_ws/install/gpd_ros/include/gpd_ros/gpd_ros/msg/detail/samples_msg__rosidl_typesupport_introspection_c.h
-- Installing: /home/csrobot/flexbe_ws/install/gpd_ros/include/gpd_ros/gpd_ros/msg/detail/grasp_config__type_support.c
-- Up-to-date: /home/csrobot/flexbe_ws/install/gpd_ros/include/gpd_ros/gpd_ros/msg/detail/grasp_config_list__rosidl_typesupport_introspection_c.h
-- Installing: /home/csrobot/flexbe_ws/install/gpd_ros/include/gpd_ros/gpd_ros/msg/detail/cloud_indexed__type_support.c
-- Installing: /home/csrobot/flexbe_ws/install/gpd_ros/include/gpd_ros/gpd_ros/msg/detail/samples_msg__type_support.c
-- Up-to-date: /home/csrobot/flexbe_ws/install/gpd_ros/include/gpd_ros/gpd_ros/msg/detail/cloud_samples__rosidl_typesupport_introspection_c.h
-- Up-to-date: /home/csrobot/flexbe_ws/install/gpd_ros/include/gpd_ros/gpd_ros/msg/detail/grasp_config__rosidl_typesupport_introspection_c.h
-- Up-to-date: /home/csrobot/flexbe_ws/install/gpd_ros/include/gpd_ros/gpd_ros/msg/detail/cloud_sources__rosidl_typesupport_introspection_c.h
-- Up-to-date: /home/csrobot/flexbe_ws/install/gpd_ros/include/gpd_ros/gpd_ros/srv
-- Up-to-date: /home/csrobot/flexbe_ws/install/gpd_ros/include/gpd_ros/gpd_ros/srv/detail
-- Installing: /home/csrobot/flexbe_ws/install/gpd_ros/include/gpd_ros/gpd_ros/srv/detail/detect_grasps__type_support.c
-- Up-to-date: /home/csrobot/flexbe_ws/install/gpd_ros/include/gpd_ros/gpd_ros/srv/detail/compute_grasp_poses__rosidl_typesupport_introspection_c.h
-- Installing: /home/csrobot/flexbe_ws/install/gpd_ros/include/gpd_ros/gpd_ros/srv/detail/compute_grasp_poses__type_support.c
-- Up-to-date: /home/csrobot/flexbe_ws/install/gpd_ros/include/gpd_ros/gpd_ros/srv/detail/detect_grasps__rosidl_typesupport_introspection_c.h
-- Up-to-date: /home/csrobot/flexbe_ws/install/gpd_ros/lib/libgpd_ros__rosidl_typesupport_introspection_c.so
-- Up-to-date: /home/csrobot/flexbe_ws/install/gpd_ros/lib/libgpd_ros__rosidl_typesupport_c.so
-- Up-to-date: /home/csrobot/flexbe_ws/install/gpd_ros/include/gpd_ros/gpd_ros
-- Up-to-date: /home/csrobot/flexbe_ws/install/gpd_ros/include/gpd_ros/gpd_ros/msg
-- Up-to-date: /home/csrobot/flexbe_ws/install/gpd_ros/include/gpd_ros/gpd_ros/msg/cloud_sources.hpp
-- Up-to-date: /home/csrobot/flexbe_ws/install/gpd_ros/include/gpd_ros/gpd_ros/msg/grasp_config.hpp
-- Up-to-date: /home/csrobot/flexbe_ws/install/gpd_ros/include/gpd_ros/gpd_ros/msg/cloud_indexed.hpp
-- Up-to-date: /home/csrobot/flexbe_ws/install/gpd_ros/include/gpd_ros/gpd_ros/msg/cloud_samples.hpp
-- Up-to-date: /home/csrobot/flexbe_ws/install/gpd_ros/include/gpd_ros/gpd_ros/msg/rosidl_generator_cpp__visibility_control.hpp
-- Up-to-date: /home/csrobot/flexbe_ws/install/gpd_ros/include/gpd_ros/gpd_ros/msg/samples_msg.hpp
-- Up-to-date: /home/csrobot/flexbe_ws/install/gpd_ros/include/gpd_ros/gpd_ros/msg/detail
-- Up-to-date: /home/csrobot/flexbe_ws/install/gpd_ros/include/gpd_ros/gpd_ros/msg/detail/cloud_indexed__builder.hpp
-- Up-to-date: /home/csrobot/flexbe_ws/install/gpd_ros/include/gpd_ros/gpd_ros/msg/detail/cloud_sources__builder.hpp
-- Up-to-date: /home/csrobot/flexbe_ws/install/gpd_ros/include/gpd_ros/gpd_ros/msg/detail/cloud_sources__struct.hpp
-- Up-to-date: /home/csrobot/flexbe_ws/install/gpd_ros/include/gpd_ros/gpd_ros/msg/detail/grasp_config__traits.hpp
-- Up-to-date: /home/csrobot/flexbe_ws/install/gpd_ros/include/gpd_ros/gpd_ros/msg/detail/cloud_indexed__type_support.hpp
-- Up-to-date: /home/csrobot/flexbe_ws/install/gpd_ros/include/gpd_ros/gpd_ros/msg/detail/grasp_config_list__type_support.hpp
-- Up-to-date: /home/csrobot/flexbe_ws/install/gpd_ros/include/gpd_ros/gpd_ros/msg/detail/samples_msg__type_support.hpp
-- Up-to-date: /home/csrobot/flexbe_ws/install/gpd_ros/include/gpd_ros/gpd_ros/msg/detail/cloud_samples__traits.hpp
-- Up-to-date: /home/csrobot/flexbe_ws/install/gpd_ros/include/gpd_ros/gpd_ros/msg/detail/samples_msg__traits.hpp
-- Up-to-date: /home/csrobot/flexbe_ws/install/gpd_ros/include/gpd_ros/gpd_ros/msg/detail/cloud_sources__type_support.hpp
-- Up-to-date: /home/csrobot/flexbe_ws/install/gpd_ros/include/gpd_ros/gpd_ros/msg/detail/grasp_config_list__struct.hpp
-- Up-to-date: /home/csrobot/flexbe_ws/install/gpd_ros/include/gpd_ros/gpd_ros/msg/detail/cloud_indexed__struct.hpp
-- Up-to-date: /home/csrobot/flexbe_ws/install/gpd_ros/include/gpd_ros/gpd_ros/msg/detail/grasp_config__type_support.hpp
-- Up-to-date: /home/csrobot/flexbe_ws/install/gpd_ros/include/gpd_ros/gpd_ros/msg/detail/samples_msg__struct.hpp
-- Up-to-date: /home/csrobot/flexbe_ws/install/gpd_ros/include/gpd_ros/gpd_ros/msg/detail/cloud_samples__builder.hpp
-- Up-to-date: /home/csrobot/flexbe_ws/install/gpd_ros/include/gpd_ros/gpd_ros/msg/detail/grasp_config__builder.hpp
-- Up-to-date: /home/csrobot/flexbe_ws/install/gpd_ros/include/gpd_ros/gpd_ros/msg/detail/grasp_config_list__traits.hpp
-- Up-to-date: /home/csrobot/flexbe_ws/install/gpd_ros/include/gpd_ros/gpd_ros/msg/detail/cloud_indexed__traits.hpp
-- Up-to-date: /home/csrobot/flexbe_ws/install/gpd_ros/include/gpd_ros/gpd_ros/msg/detail/samples_msg__builder.hpp
-- Up-to-date: /home/csrobot/flexbe_ws/install/gpd_ros/include/gpd_ros/gpd_ros/msg/detail/grasp_config__struct.hpp
-- Up-to-date: /home/csrobot/flexbe_ws/install/gpd_ros/include/gpd_ros/gpd_ros/msg/detail/grasp_config_list__builder.hpp
-- Up-to-date: /home/csrobot/flexbe_ws/install/gpd_ros/include/gpd_ros/gpd_ros/msg/detail/cloud_sources__traits.hpp
-- Up-to-date: /home/csrobot/flexbe_ws/install/gpd_ros/include/gpd_ros/gpd_ros/msg/detail/cloud_samples__struct.hpp
-- Up-to-date: /home/csrobot/flexbe_ws/install/gpd_ros/include/gpd_ros/gpd_ros/msg/detail/cloud_samples__type_support.hpp
-- Up-to-date: /home/csrobot/flexbe_ws/install/gpd_ros/include/gpd_ros/gpd_ros/msg/grasp_config_list.hpp
-- Up-to-date: /home/csrobot/flexbe_ws/install/gpd_ros/include/gpd_ros/gpd_ros/srv
-- Up-to-date: /home/csrobot/flexbe_ws/install/gpd_ros/include/gpd_ros/gpd_ros/srv/compute_grasp_poses.hpp
-- Up-to-date: /home/csrobot/flexbe_ws/install/gpd_ros/include/gpd_ros/gpd_ros/srv/detect_grasps.hpp
-- Up-to-date: /home/csrobot/flexbe_ws/install/gpd_ros/include/gpd_ros/gpd_ros/srv/detail
-- Up-to-date: /home/csrobot/flexbe_ws/install/gpd_ros/include/gpd_ros/gpd_ros/srv/detail/detect_grasps__builder.hpp
-- Up-to-date: /home/csrobot/flexbe_ws/install/gpd_ros/include/gpd_ros/gpd_ros/srv/detail/compute_grasp_poses__struct.hpp
-- Up-to-date: /home/csrobot/flexbe_ws/install/gpd_ros/include/gpd_ros/gpd_ros/srv/detail/detect_grasps__struct.hpp
-- Up-to-date: /home/csrobot/flexbe_ws/install/gpd_ros/include/gpd_ros/gpd_ros/srv/detail/detect_grasps__type_support.hpp
-- Up-to-date: /home/csrobot/flexbe_ws/install/gpd_ros/include/gpd_ros/gpd_ros/srv/detail/compute_grasp_poses__builder.hpp
-- Up-to-date: /home/csrobot/flexbe_ws/install/gpd_ros/include/gpd_ros/gpd_ros/srv/detail/compute_grasp_poses__type_support.hpp
-- Up-to-date: /home/csrobot/flexbe_ws/install/gpd_ros/include/gpd_ros/gpd_ros/srv/detail/detect_grasps__traits.hpp
-- Up-to-date: /home/csrobot/flexbe_ws/install/gpd_ros/include/gpd_ros/gpd_ros/srv/detail/compute_grasp_poses__traits.hpp
-- Up-to-date: /home/csrobot/flexbe_ws/install/gpd_ros/include/gpd_ros/gpd_ros
-- Up-to-date: /home/csrobot/flexbe_ws/install/gpd_ros/include/gpd_ros/gpd_ros/msg
-- Up-to-date: /home/csrobot/flexbe_ws/install/gpd_ros/include/gpd_ros/gpd_ros/msg/rosidl_typesupport_fastrtps_cpp__visibility_control.h
-- Up-to-date: /home/csrobot/flexbe_ws/install/gpd_ros/include/gpd_ros/gpd_ros/msg/detail
-- Up-to-date: /home/csrobot/flexbe_ws/install/gpd_ros/include/gpd_ros/gpd_ros/msg/detail/cloud_indexed__rosidl_typesupport_fastrtps_cpp.hpp
-- Up-to-date: /home/csrobot/flexbe_ws/install/gpd_ros/include/gpd_ros/gpd_ros/msg/detail/samples_msg__rosidl_typesupport_fastrtps_cpp.hpp
-- Up-to-date: /home/csrobot/flexbe_ws/install/gpd_ros/include/gpd_ros/gpd_ros/msg/detail/cloud_samples__rosidl_typesupport_fastrtps_cpp.hpp
-- Up-to-date: /home/csrobot/flexbe_ws/install/gpd_ros/include/gpd_ros/gpd_ros/msg/detail/grasp_config__rosidl_typesupport_fastrtps_cpp.hpp
-- Up-to-date: /home/csrobot/flexbe_ws/install/gpd_ros/include/gpd_ros/gpd_ros/msg/detail/grasp_config_list__rosidl_typesupport_fastrtps_cpp.hpp
-- Up-to-date: /home/csrobot/flexbe_ws/install/gpd_ros/include/gpd_ros/gpd_ros/msg/detail/dds_fastrtps
-- Up-to-date: /home/csrobot/flexbe_ws/install/gpd_ros/include/gpd_ros/gpd_ros/msg/detail/cloud_sources__rosidl_typesupport_fastrtps_cpp.hpp
-- Up-to-date: /home/csrobot/flexbe_ws/install/gpd_ros/include/gpd_ros/gpd_ros/srv
-- Up-to-date: /home/csrobot/flexbe_ws/install/gpd_ros/include/gpd_ros/gpd_ros/srv/detail
-- Up-to-date: /home/csrobot/flexbe_ws/install/gpd_ros/include/gpd_ros/gpd_ros/srv/detail/compute_grasp_poses__rosidl_typesupport_fastrtps_cpp.hpp
-- Up-to-date: /home/csrobot/flexbe_ws/install/gpd_ros/include/gpd_ros/gpd_ros/srv/detail/detect_grasps__rosidl_typesupport_fastrtps_cpp.hpp
-- Up-to-date: /home/csrobot/flexbe_ws/install/gpd_ros/include/gpd_ros/gpd_ros/srv/detail/dds_fastrtps
-- Up-to-date: /home/csrobot/flexbe_ws/install/gpd_ros/lib/libgpd_ros__rosidl_typesupport_fastrtps_cpp.so
-- Up-to-date: /home/csrobot/flexbe_ws/install/gpd_ros/include/gpd_ros/gpd_ros
-- Up-to-date: /home/csrobot/flexbe_ws/install/gpd_ros/include/gpd_ros/gpd_ros/msg
-- Up-to-date: /home/csrobot/flexbe_ws/install/gpd_ros/include/gpd_ros/gpd_ros/msg/detail
-- Up-to-date: /home/csrobot/flexbe_ws/install/gpd_ros/include/gpd_ros/gpd_ros/msg/detail/cloud_samples__rosidl_typesupport_introspection_cpp.hpp
-- Up-to-date: /home/csrobot/flexbe_ws/install/gpd_ros/include/gpd_ros/gpd_ros/msg/detail/grasp_config__type_support.cpp
-- Up-to-date: /home/csrobot/flexbe_ws/install/gpd_ros/include/gpd_ros/gpd_ros/msg/detail/samples_msg__rosidl_typesupport_introspection_cpp.hpp
-- Up-to-date: /home/csrobot/flexbe_ws/install/gpd_ros/include/gpd_ros/gpd_ros/msg/detail/cloud_indexed__type_support.cpp
-- Up-to-date: /home/csrobot/flexbe_ws/install/gpd_ros/include/gpd_ros/gpd_ros/msg/detail/cloud_sources__type_support.cpp
-- Up-to-date: /home/csrobot/flexbe_ws/install/gpd_ros/include/gpd_ros/gpd_ros/msg/detail/grasp_config_list__type_support.cpp
-- Up-to-date: /home/csrobot/flexbe_ws/install/gpd_ros/include/gpd_ros/gpd_ros/msg/detail/grasp_config__rosidl_typesupport_introspection_cpp.hpp
-- Up-to-date: /home/csrobot/flexbe_ws/install/gpd_ros/include/gpd_ros/gpd_ros/msg/detail/grasp_config_list__rosidl_typesupport_introspection_cpp.hpp
-- Up-to-date: /home/csrobot/flexbe_ws/install/gpd_ros/include/gpd_ros/gpd_ros/msg/detail/cloud_sources__rosidl_typesupport_introspection_cpp.hpp
-- Up-to-date: /home/csrobot/flexbe_ws/install/gpd_ros/include/gpd_ros/gpd_ros/msg/detail/cloud_samples__type_support.cpp
-- Up-to-date: /home/csrobot/flexbe_ws/install/gpd_ros/include/gpd_ros/gpd_ros/msg/detail/samples_msg__type_support.cpp
-- Up-to-date: /home/csrobot/flexbe_ws/install/gpd_ros/include/gpd_ros/gpd_ros/msg/detail/cloud_indexed__rosidl_typesupport_introspection_cpp.hpp
-- Up-to-date: /home/csrobot/flexbe_ws/install/gpd_ros/include/gpd_ros/gpd_ros/srv
-- Up-to-date: /home/csrobot/flexbe_ws/install/gpd_ros/include/gpd_ros/gpd_ros/srv/detail
-- Up-to-date: /home/csrobot/flexbe_ws/install/gpd_ros/include/gpd_ros/gpd_ros/srv/detail/compute_grasp_poses__rosidl_typesupport_introspection_cpp.hpp
-- Up-to-date: /home/csrobot/flexbe_ws/install/gpd_ros/include/gpd_ros/gpd_ros/srv/detail/detect_grasps__type_support.cpp
-- Up-to-date: /home/csrobot/flexbe_ws/install/gpd_ros/include/gpd_ros/gpd_ros/srv/detail/detect_grasps__rosidl_typesupport_introspection_cpp.hpp
-- Up-to-date: /home/csrobot/flexbe_ws/install/gpd_ros/include/gpd_ros/gpd_ros/srv/detail/compute_grasp_poses__type_support.cpp
-- Up-to-date: /home/csrobot/flexbe_ws/install/gpd_ros/lib/libgpd_ros__rosidl_typesupport_introspection_cpp.so
-- Up-to-date: /home/csrobot/flexbe_ws/install/gpd_ros/lib/libgpd_ros__rosidl_typesupport_cpp.so
-- Up-to-date: /home/csrobot/flexbe_ws/install/gpd_ros/share/gpd_ros/environment/pythonpath.sh
-- Up-to-date: /home/csrobot/flexbe_ws/install/gpd_ros/share/gpd_ros/environment/pythonpath.dsv
-- Up-to-date: /home/csrobot/flexbe_ws/install/gpd_ros/lib/python3.12/site-packages/gpd_ros-0.0.1-py3.12.egg-info
-- Installing: /home/csrobot/flexbe_ws/install/gpd_ros/lib/python3.12/site-packages/gpd_ros-0.0.1-py3.12.egg-info/dependency_links.txt
-- Installing: /home/csrobot/flexbe_ws/install/gpd_ros/lib/python3.12/site-packages/gpd_ros-0.0.1-py3.12.egg-info/top_level.txt
-- Installing: /home/csrobot/flexbe_ws/install/gpd_ros/lib/python3.12/site-packages/gpd_ros-0.0.1-py3.12.egg-info/SOURCES.txt
-- Installing: /home/csrobot/flexbe_ws/install/gpd_ros/lib/python3.12/site-packages/gpd_ros-0.0.1-py3.12.egg-info/PKG-INFO
-- Up-to-date: /home/csrobot/flexbe_ws/install/gpd_ros/lib/python3.12/site-packages/gpd_ros
-- Up-to-date: /home/csrobot/flexbe_ws/install/gpd_ros/lib/python3.12/site-packages/gpd_ros/msg
-- Up-to-date: /home/csrobot/flexbe_ws/install/gpd_ros/lib/python3.12/site-packages/gpd_ros/msg/_samples_msg_s.c
-- Up-to-date: /home/csrobot/flexbe_ws/install/gpd_ros/lib/python3.12/site-packages/gpd_ros/msg/_cloud_samples_s.c
-- Up-to-date: /home/csrobot/flexbe_ws/install/gpd_ros/lib/python3.12/site-packages/gpd_ros/msg/_grasp_config.py
-- Up-to-date: /home/csrobot/flexbe_ws/install/gpd_ros/lib/python3.12/site-packages/gpd_ros/msg/_grasp_config_list_s.c
-- Up-to-date: /home/csrobot/flexbe_ws/install/gpd_ros/lib/python3.12/site-packages/gpd_ros/msg/_cloud_sources_s.c
-- Up-to-date: /home/csrobot/flexbe_ws/install/gpd_ros/lib/python3.12/site-packages/gpd_ros/msg/_cloud_sources.py
-- Up-to-date: /home/csrobot/flexbe_ws/install/gpd_ros/lib/python3.12/site-packages/gpd_ros/msg/__init__.py
-- Up-to-date: /home/csrobot/flexbe_ws/install/gpd_ros/lib/python3.12/site-packages/gpd_ros/msg/_grasp_config_s.c
-- Up-to-date: /home/csrobot/flexbe_ws/install/gpd_ros/lib/python3.12/site-packages/gpd_ros/msg/_cloud_indexed.py
-- Up-to-date: /home/csrobot/flexbe_ws/install/gpd_ros/lib/python3.12/site-packages/gpd_ros/msg/_cloud_samples.py
-- Up-to-date: /home/csrobot/flexbe_ws/install/gpd_ros/lib/python3.12/site-packages/gpd_ros/msg/_cloud_indexed_s.c
-- Up-to-date: /home/csrobot/flexbe_ws/install/gpd_ros/lib/python3.12/site-packages/gpd_ros/msg/_grasp_config_list.py
-- Up-to-date: /home/csrobot/flexbe_ws/install/gpd_ros/lib/python3.12/site-packages/gpd_ros/msg/_samples_msg.py
-- Up-to-date: /home/csrobot/flexbe_ws/install/gpd_ros/lib/python3.12/site-packages/gpd_ros/__init__.py
-- Up-to-date: /home/csrobot/flexbe_ws/install/gpd_ros/lib/python3.12/site-packages/gpd_ros/_gpd_ros_s.ep.rosidl_typesupport_fastrtps_c.c
-- Up-to-date: /home/csrobot/flexbe_ws/install/gpd_ros/lib/python3.12/site-packages/gpd_ros/srv
-- Up-to-date: /home/csrobot/flexbe_ws/install/gpd_ros/lib/python3.12/site-packages/gpd_ros/srv/_compute_grasp_poses_s.c
-- Up-to-date: /home/csrobot/flexbe_ws/install/gpd_ros/lib/python3.12/site-packages/gpd_ros/srv/_compute_grasp_poses.py
-- Up-to-date: /home/csrobot/flexbe_ws/install/gpd_ros/lib/python3.12/site-packages/gpd_ros/srv/__init__.py
-- Up-to-date: /home/csrobot/flexbe_ws/install/gpd_ros/lib/python3.12/site-packages/gpd_ros/srv/_detect_grasps_s.c
-- Up-to-date: /home/csrobot/flexbe_ws/install/gpd_ros/lib/python3.12/site-packages/gpd_ros/srv/_detect_grasps.py
-- Up-to-date: /home/csrobot/flexbe_ws/install/gpd_ros/lib/python3.12/site-packages/gpd_ros/gpd_ros_s__rosidl_typesupport_fastrtps_c.so
-- Up-to-date: /home/csrobot/flexbe_ws/install/gpd_ros/lib/python3.12/site-packages/gpd_ros/gpd_ros_s__rosidl_typesupport_introspection_c.so
-- Up-to-date: /home/csrobot/flexbe_ws/install/gpd_ros/lib/python3.12/site-packages/gpd_ros/_gpd_ros_s.ep.rosidl_typesupport_introspection_c.c
-- Up-to-date: /home/csrobot/flexbe_ws/install/gpd_ros/lib/python3.12/site-packages/gpd_ros/gpd_ros_s__rosidl_typesupport_c.so
-- Up-to-date: /home/csrobot/flexbe_ws/install/gpd_ros/lib/python3.12/site-packages/gpd_ros/_gpd_ros_s.ep.rosidl_typesupport_c.c
Listing '/home/csrobot/flexbe_ws/install/gpd_ros/lib/python3.12/site-packages/gpd_ros'...
Listing '/home/csrobot/flexbe_ws/install/gpd_ros/lib/python3.12/site-packages/gpd_ros/msg'...
Listing '/home/csrobot/flexbe_ws/install/gpd_ros/lib/python3.12/site-packages/gpd_ros/srv'...
-- Up-to-date: /home/csrobot/flexbe_ws/install/gpd_ros/lib/python3.12/site-packages/gpd_ros/gpd_ros_s__rosidl_typesupport_fastrtps_c.so
-- Up-to-date: /home/csrobot/flexbe_ws/install/gpd_ros/lib/python3.12/site-packages/gpd_ros/gpd_ros_s__rosidl_typesupport_introspection_c.so
-- Up-to-date: /home/csrobot/flexbe_ws/install/gpd_ros/lib/python3.12/site-packages/gpd_ros/gpd_ros_s__rosidl_typesupport_c.so
-- Up-to-date: /home/csrobot/flexbe_ws/install/gpd_ros/lib/libgpd_ros__rosidl_generator_py.so
-- Up-to-date: /home/csrobot/flexbe_ws/install/gpd_ros/share/gpd_ros/msg/CloudIndexed.idl
-- Up-to-date: /home/csrobot/flexbe_ws/install/gpd_ros/share/gpd_ros/msg/CloudSamples.idl
-- Up-to-date: /home/csrobot/flexbe_ws/install/gpd_ros/share/gpd_ros/msg/CloudSources.idl
-- Up-to-date: /home/csrobot/flexbe_ws/install/gpd_ros/share/gpd_ros/msg/GraspConfig.idl
-- Up-to-date: /home/csrobot/flexbe_ws/install/gpd_ros/share/gpd_ros/msg/GraspConfigList.idl
-- Up-to-date: /home/csrobot/flexbe_ws/install/gpd_ros/share/gpd_ros/msg/SamplesMsg.idl
-- Up-to-date: /home/csrobot/flexbe_ws/install/gpd_ros/share/gpd_ros/srv/DetectGrasps.idl
-- Up-to-date: /home/csrobot/flexbe_ws/install/gpd_ros/share/gpd_ros/srv/ComputeGraspPoses.idl
-- Up-to-date: /home/csrobot/flexbe_ws/install/gpd_ros/share/gpd_ros/msg/CloudIndexed.msg
-- Up-to-date: /home/csrobot/flexbe_ws/install/gpd_ros/share/gpd_ros/msg/CloudSamples.msg
-- Up-to-date: /home/csrobot/flexbe_ws/install/gpd_ros/share/gpd_ros/msg/CloudSources.msg
-- Up-to-date: /home/csrobot/flexbe_ws/install/gpd_ros/share/gpd_ros/msg/GraspConfig.msg
-- Up-to-date: /home/csrobot/flexbe_ws/install/gpd_ros/share/gpd_ros/msg/GraspConfigList.msg
-- Up-to-date: /home/csrobot/flexbe_ws/install/gpd_ros/share/gpd_ros/msg/SamplesMsg.msg
-- Up-to-date: /home/csrobot/flexbe_ws/install/gpd_ros/share/gpd_ros/srv/DetectGrasps.srv
-- Up-to-date: /home/csrobot/flexbe_ws/install/gpd_ros/share/gpd_ros/srv/ComputeGraspPoses.srv
-- Up-to-date: /home/csrobot/flexbe_ws/install/gpd_ros/lib/libgrasp_messages.so
-- Up-to-date: /home/csrobot/flexbe_ws/install/gpd_ros/lib/libgrasp_plotter.so
-- Up-to-date: /home/csrobot/flexbe_ws/install/gpd_ros/lib/gpd_ros/grasp_detection_server
-- Up-to-date: /home/csrobot/flexbe_ws/install/gpd_ros/lib/gpd_ros/grasp_pose_server
-- Up-to-date: /home/csrobot/flexbe_ws/install/gpd_ros/include
-- Up-to-date: /home/csrobot/flexbe_ws/install/gpd_ros/include/gpd_ros
-- Up-to-date: /home/csrobot/flexbe_ws/install/gpd_ros/include/gpd_ros/grasp_plotter.h
-- Up-to-date: /home/csrobot/flexbe_ws/install/gpd_ros/include/gpd_ros/grasp_messages.h
-- Up-to-date: /home/csrobot/flexbe_ws/install/gpd_ros/include/gpd_ros/grasp_detection_server.h
-- Up-to-date: /home/csrobot/flexbe_ws/install/gpd_ros/share/ament_index/resource_index/package_run_dependencies/gpd_ros
-- Up-to-date: /home/csrobot/flexbe_ws/install/gpd_ros/share/ament_index/resource_index/parent_prefix_path/gpd_ros
-- Up-to-date: /home/csrobot/flexbe_ws/install/gpd_ros/share/gpd_ros/environment/ament_prefix_path.sh
-- Up-to-date: /home/csrobot/flexbe_ws/install/gpd_ros/share/gpd_ros/environment/ament_prefix_path.dsv
-- Up-to-date: /home/csrobot/flexbe_ws/install/gpd_ros/share/gpd_ros/environment/path.sh
-- Up-to-date: /home/csrobot/flexbe_ws/install/gpd_ros/share/gpd_ros/environment/path.dsv
-- Up-to-date: /home/csrobot/flexbe_ws/install/gpd_ros/share/gpd_ros/local_setup.bash
-- Up-to-date: /home/csrobot/flexbe_ws/install/gpd_ros/share/gpd_ros/local_setup.sh
-- Up-to-date: /home/csrobot/flexbe_ws/install/gpd_ros/share/gpd_ros/local_setup.zsh
-- Up-to-date: /home/csrobot/flexbe_ws/install/gpd_ros/share/gpd_ros/local_setup.dsv
-- Installing: /home/csrobot/flexbe_ws/install/gpd_ros/share/gpd_ros/package.dsv
-- Up-to-date: /home/csrobot/flexbe_ws/install/gpd_ros/share/ament_index/resource_index/packages/gpd_ros
-- Up-to-date: /home/csrobot/flexbe_ws/install/gpd_ros/share/gpd_ros/cmake/export_gpd_ros__rosidl_generator_cExport.cmake
-- Up-to-date: /home/csrobot/flexbe_ws/install/gpd_ros/share/gpd_ros/cmake/export_gpd_ros__rosidl_generator_cExport-noconfig.cmake
-- Up-to-date: /home/csrobot/flexbe_ws/install/gpd_ros/share/gpd_ros/cmake/export_gpd_ros__rosidl_typesupport_fastrtps_cExport.cmake
-- Up-to-date: /home/csrobot/flexbe_ws/install/gpd_ros/share/gpd_ros/cmake/export_gpd_ros__rosidl_typesupport_fastrtps_cExport-noconfig.cmake
-- Up-to-date: /home/csrobot/flexbe_ws/install/gpd_ros/share/gpd_ros/cmake/gpd_ros__rosidl_typesupport_introspection_cExport.cmake
-- Up-to-date: /home/csrobot/flexbe_ws/install/gpd_ros/share/gpd_ros/cmake/gpd_ros__rosidl_typesupport_introspection_cExport-noconfig.cmake
-- Up-to-date: /home/csrobot/flexbe_ws/install/gpd_ros/share/gpd_ros/cmake/gpd_ros__rosidl_typesupport_cExport.cmake
-- Up-to-date: /home/csrobot/flexbe_ws/install/gpd_ros/share/gpd_ros/cmake/gpd_ros__rosidl_typesupport_cExport-noconfig.cmake
-- Up-to-date: /home/csrobot/flexbe_ws/install/gpd_ros/share/gpd_ros/cmake/export_gpd_ros__rosidl_generator_cppExport.cmake
-- Up-to-date: /home/csrobot/flexbe_ws/install/gpd_ros/share/gpd_ros/cmake/export_gpd_ros__rosidl_typesupport_fastrtps_cppExport.cmake
-- Up-to-date: /home/csrobot/flexbe_ws/install/gpd_ros/share/gpd_ros/cmake/export_gpd_ros__rosidl_typesupport_fastrtps_cppExport-noconfig.cmake
-- Up-to-date: /home/csrobot/flexbe_ws/install/gpd_ros/share/gpd_ros/cmake/gpd_ros__rosidl_typesupport_introspection_cppExport.cmake
-- Up-to-date: /home/csrobot/flexbe_ws/install/gpd_ros/share/gpd_ros/cmake/gpd_ros__rosidl_typesupport_introspection_cppExport-noconfig.cmake
-- Up-to-date: /home/csrobot/flexbe_ws/install/gpd_ros/share/gpd_ros/cmake/gpd_ros__rosidl_typesupport_cppExport.cmake
-- Up-to-date: /home/csrobot/flexbe_ws/install/gpd_ros/share/gpd_ros/cmake/gpd_ros__rosidl_typesupport_cppExport-noconfig.cmake
-- Up-to-date: /home/csrobot/flexbe_ws/install/gpd_ros/share/gpd_ros/cmake/export_gpd_ros__rosidl_generator_pyExport.cmake
-- Up-to-date: /home/csrobot/flexbe_ws/install/gpd_ros/share/gpd_ros/cmake/export_gpd_ros__rosidl_generator_pyExport-noconfig.cmake
-- Up-to-date: /home/csrobot/flexbe_ws/install/gpd_ros/share/gpd_ros/cmake/export_gpd_rosExport.cmake
-- Up-to-date: /home/csrobot/flexbe_ws/install/gpd_ros/share/gpd_ros/cmake/export_gpd_rosExport-noconfig.cmake
-- Up-to-date: /home/csrobot/flexbe_ws/install/gpd_ros/share/gpd_ros/cmake/rosidl_cmake-extras.cmake
-- Up-to-date: /home/csrobot/flexbe_ws/install/gpd_ros/share/gpd_ros/cmake/ament_cmake_export_dependencies-extras.cmake
-- Up-to-date: /home/csrobot/flexbe_ws/install/gpd_ros/share/gpd_ros/cmake/ament_cmake_export_include_directories-extras.cmake
-- Up-to-date: /home/csrobot/flexbe_ws/install/gpd_ros/share/gpd_ros/cmake/ament_cmake_export_libraries-extras.cmake
-- Up-to-date: /home/csrobot/flexbe_ws/install/gpd_ros/share/gpd_ros/cmake/ament_cmake_export_targets-extras.cmake
-- Up-to-date: /home/csrobot/flexbe_ws/install/gpd_ros/share/gpd_ros/cmake/rosidl_cmake_export_typesupport_targets-extras.cmake
-- Up-to-date: /home/csrobot/flexbe_ws/install/gpd_ros/share/gpd_ros/cmake/rosidl_cmake_export_typesupport_libraries-extras.cmake
-- Up-to-date: /home/csrobot/flexbe_ws/install/gpd_ros/share/gpd_ros/cmake/gpd_rosConfig.cmake
-- Up-to-date: /home/csrobot/flexbe_ws/install/gpd_ros/share/gpd_ros/cmake/gpd_rosConfig-version.cmake
-- Up-to-date: /home/csrobot/flexbe_ws/install/gpd_ros/share/gpd_ros/package.xml
