[0.049s] Invoking command in '/home/csrobot/flexbe_ws/build/flexbe_msgs': CMAKE_PREFIX_PATH=${CMAKE_PREFIX_PATH}:/home/csrobot/flexbe_ws/install/flexbe_webui:/home/csrobot/flexbe_ws/install/flexbe_onboard:/home/csrobot/flexbe_ws/install/flexbe_states:/home/csrobot/flexbe_ws/install/flexbe_mirror:/home/csrobot/flexbe_ws/install/flexbe_input:/home/csrobot/flexbe_ws/install/example_flexbe_states:/home/csrobot/flexbe_ws/install/compare_flexbe_states:/home/csrobot/flexbe_ws/install/flexbe_core:/opt/ros/jazzy DEBUGINFOD_URLS=https://debuginfod.ubuntu.com /usr/bin/cmake --build /home/csrobot/flexbe_ws/build/flexbe_msgs -- -j8 -l8
[0.131s] [  0%] Built target flexbe_msgs__rosidl_generator_type_description
[0.157s] [  0%] Built target ament_cmake_python_copy_flexbe_msgs
[0.157s] [  0%] Built target flexbe_msgs__cpp
[0.168s] [ 28%] Built target flexbe_msgs__rosidl_generator_c
[0.220s] [ 38%] Built target flexbe_msgs__rosidl_typesupport_introspection_c
[0.227s] [ 48%] Built target flexbe_msgs__rosidl_typesupport_c
[0.233s] [ 58%] Built target flexbe_msgs__rosidl_typesupport_cpp
[0.238s] [ 67%] Built target flexbe_msgs__rosidl_typesupport_fastrtps_c
[0.248s] [ 77%] Built target flexbe_msgs__rosidl_typesupport_fastrtps_cpp
[0.251s] [ 87%] Built target flexbe_msgs__rosidl_typesupport_introspection_cpp
[0.278s] [ 87%] Built target flexbe_msgs
[0.297s] [ 87%] Built target flexbe_msgs__py
[0.322s] [ 97%] Built target flexbe_msgs__rosidl_generator_py
[0.341s] [ 99%] Built target flexbe_msgs_s__rosidl_typesupport_c
[0.341s] [ 99%] Built target flexbe_msgs_s__rosidl_typesupport_introspection_c
[0.345s] [100%] Built target flexbe_msgs_s__rosidl_typesupport_fastrtps_c
[0.414s] running egg_info
[0.440s] writing flexbe_msgs.egg-info/PKG-INFO
[0.441s] writing dependency_links to flexbe_msgs.egg-info/dependency_links.txt
[0.441s] writing top-level names to flexbe_msgs.egg-info/top_level.txt
[0.519s] reading manifest file 'flexbe_msgs.egg-info/SOURCES.txt'
[0.520s] writing manifest file 'flexbe_msgs.egg-info/SOURCES.txt'
[0.543s] [100%] Built target ament_cmake_python_build_flexbe_msgs_egg
[0.553s] Invoked command in '/home/csrobot/flexbe_ws/build/flexbe_msgs' returned '0': CMAKE_PREFIX_PATH=${CMAKE_PREFIX_PATH}:/home/csrobot/flexbe_ws/install/flexbe_webui:/home/csrobot/flexbe_ws/install/flexbe_onboard:/home/csrobot/flexbe_ws/install/flexbe_states:/home/csrobot/flexbe_ws/install/flexbe_mirror:/home/csrobot/flexbe_ws/install/flexbe_input:/home/csrobot/flexbe_ws/install/example_flexbe_states:/home/csrobot/flexbe_ws/install/compare_flexbe_states:/home/csrobot/flexbe_ws/install/flexbe_core:/opt/ros/jazzy DEBUGINFOD_URLS=https://debuginfod.ubuntu.com /usr/bin/cmake --build /home/csrobot/flexbe_ws/build/flexbe_msgs -- -j8 -l8
[0.553s] Invoking command in '/home/csrobot/flexbe_ws/build/flexbe_msgs': CMAKE_PREFIX_PATH=${CMAKE_PREFIX_PATH}:/home/csrobot/flexbe_ws/install/flexbe_webui:/home/csrobot/flexbe_ws/install/flexbe_onboard:/home/csrobot/flexbe_ws/install/flexbe_states:/home/csrobot/flexbe_ws/install/flexbe_mirror:/home/csrobot/flexbe_ws/install/flexbe_input:/home/csrobot/flexbe_ws/install/example_flexbe_states:/home/csrobot/flexbe_ws/install/compare_flexbe_states:/home/csrobot/flexbe_ws/install/flexbe_core:/opt/ros/jazzy DEBUGINFOD_URLS=https://debuginfod.ubuntu.com /usr/bin/cmake --install /home/csrobot/flexbe_ws/build/flexbe_msgs
[0.563s] -- Install configuration: ""
[0.563s] -- Up-to-date: /home/csrobot/flexbe_ws/install/flexbe_msgs/share/ament_index/resource_index/rosidl_interfaces/flexbe_msgs
[0.563s] -- Up-to-date: /home/csrobot/flexbe_ws/install/flexbe_msgs/share/flexbe_msgs/msg/BEStatus.json
[0.563s] -- Up-to-date: /home/csrobot/flexbe_ws/install/flexbe_msgs/share/flexbe_msgs/msg/BehaviorLog.json
[0.564s] -- Up-to-date: /home/csrobot/flexbe_ws/install/flexbe_msgs/share/flexbe_msgs/msg/BehaviorModification.json
[0.564s] -- Up-to-date: /home/csrobot/flexbe_ws/install/flexbe_msgs/share/flexbe_msgs/msg/BehaviorRequest.json
[0.564s] -- Up-to-date: /home/csrobot/flexbe_ws/install/flexbe_msgs/share/flexbe_msgs/msg/BehaviorSelection.json
[0.564s] -- Up-to-date: /home/csrobot/flexbe_ws/install/flexbe_msgs/share/flexbe_msgs/msg/BehaviorSync.json
[0.564s] -- Up-to-date: /home/csrobot/flexbe_ws/install/flexbe_msgs/share/flexbe_msgs/msg/CommandFeedback.json
[0.564s] -- Up-to-date: /home/csrobot/flexbe_ws/install/flexbe_msgs/share/flexbe_msgs/msg/Container.json
[0.564s] -- Up-to-date: /home/csrobot/flexbe_ws/install/flexbe_msgs/share/flexbe_msgs/msg/ContainerStructure.json
[0.564s] -- Up-to-date: /home/csrobot/flexbe_ws/install/flexbe_msgs/share/flexbe_msgs/msg/OutcomeCondition.json
[0.564s] -- Up-to-date: /home/csrobot/flexbe_ws/install/flexbe_msgs/share/flexbe_msgs/msg/OutcomeRequest.json
[0.564s] -- Up-to-date: /home/csrobot/flexbe_ws/install/flexbe_msgs/share/flexbe_msgs/msg/StateInstantiation.json
[0.564s] -- Up-to-date: /home/csrobot/flexbe_ws/install/flexbe_msgs/share/flexbe_msgs/msg/StateMapMsg.json
[0.564s] -- Up-to-date: /home/csrobot/flexbe_ws/install/flexbe_msgs/share/flexbe_msgs/msg/SynthesisErrorCodes.json
[0.564s] -- Up-to-date: /home/csrobot/flexbe_ws/install/flexbe_msgs/share/flexbe_msgs/msg/SynthesisRequest.json
[0.565s] -- Up-to-date: /home/csrobot/flexbe_ws/install/flexbe_msgs/share/flexbe_msgs/msg/UICommand.json
[0.565s] -- Up-to-date: /home/csrobot/flexbe_ws/install/flexbe_msgs/share/flexbe_msgs/msg/UserdataInfo.json
[0.565s] -- Up-to-date: /home/csrobot/flexbe_ws/install/flexbe_msgs/share/flexbe_msgs/action/BehaviorInput.json
[0.565s] -- Up-to-date: /home/csrobot/flexbe_ws/install/flexbe_msgs/share/flexbe_msgs/action/BehaviorExecution.json
[0.565s] -- Up-to-date: /home/csrobot/flexbe_ws/install/flexbe_msgs/share/flexbe_msgs/action/BehaviorSynthesis.json
[0.565s] -- Up-to-date: /home/csrobot/flexbe_ws/install/flexbe_msgs/share/flexbe_msgs/srv/GetUserdata.json
[0.565s] -- Up-to-date: /home/csrobot/flexbe_ws/install/flexbe_msgs/include/flexbe_msgs/flexbe_msgs
[0.565s] -- Up-to-date: /home/csrobot/flexbe_ws/install/flexbe_msgs/include/flexbe_msgs/flexbe_msgs/msg
[0.565s] -- Up-to-date: /home/csrobot/flexbe_ws/install/flexbe_msgs/include/flexbe_msgs/flexbe_msgs/msg/state_instantiation.h
[0.565s] -- Up-to-date: /home/csrobot/flexbe_ws/install/flexbe_msgs/include/flexbe_msgs/flexbe_msgs/msg/behavior_request.h
[0.565s] -- Up-to-date: /home/csrobot/flexbe_ws/install/flexbe_msgs/include/flexbe_msgs/flexbe_msgs/msg/command_feedback.h
[0.566s] -- Up-to-date: /home/csrobot/flexbe_ws/install/flexbe_msgs/include/flexbe_msgs/flexbe_msgs/msg/be_status.h
[0.566s] -- Up-to-date: /home/csrobot/flexbe_ws/install/flexbe_msgs/include/flexbe_msgs/flexbe_msgs/msg/synthesis_error_codes.h
[0.566s] -- Up-to-date: /home/csrobot/flexbe_ws/install/flexbe_msgs/include/flexbe_msgs/flexbe_msgs/msg/behavior_selection.h
[0.566s] -- Up-to-date: /home/csrobot/flexbe_ws/install/flexbe_msgs/include/flexbe_msgs/flexbe_msgs/msg/behavior_sync.h
[0.566s] -- Up-to-date: /home/csrobot/flexbe_ws/install/flexbe_msgs/include/flexbe_msgs/flexbe_msgs/msg/rosidl_generator_c__visibility_control.h
[0.566s] -- Up-to-date: /home/csrobot/flexbe_ws/install/flexbe_msgs/include/flexbe_msgs/flexbe_msgs/msg/state_map_msg.h
[0.566s] -- Up-to-date: /home/csrobot/flexbe_ws/install/flexbe_msgs/include/flexbe_msgs/flexbe_msgs/msg/userdata_info.h
[0.566s] -- Up-to-date: /home/csrobot/flexbe_ws/install/flexbe_msgs/include/flexbe_msgs/flexbe_msgs/msg/outcome_request.h
[0.566s] -- Up-to-date: /home/csrobot/flexbe_ws/install/flexbe_msgs/include/flexbe_msgs/flexbe_msgs/msg/outcome_condition.h
[0.566s] -- Up-to-date: /home/csrobot/flexbe_ws/install/flexbe_msgs/include/flexbe_msgs/flexbe_msgs/msg/synthesis_request.h
[0.566s] -- Up-to-date: /home/csrobot/flexbe_ws/install/flexbe_msgs/include/flexbe_msgs/flexbe_msgs/msg/container_structure.h
[0.566s] -- Up-to-date: /home/csrobot/flexbe_ws/install/flexbe_msgs/include/flexbe_msgs/flexbe_msgs/msg/detail
[0.568s] -- Up-to-date: /home/csrobot/flexbe_ws/install/flexbe_msgs/include/flexbe_msgs/flexbe_msgs/msg/detail/command_feedback__functions.h
[0.568s] -- Up-to-date: /home/csrobot/flexbe_ws/install/flexbe_msgs/include/flexbe_msgs/flexbe_msgs/msg/detail/behavior_sync__functions.c
[0.568s] -- Up-to-date: /home/csrobot/flexbe_ws/install/flexbe_msgs/include/flexbe_msgs/flexbe_msgs/msg/detail/synthesis_error_codes__functions.c
[0.568s] -- Up-to-date: /home/csrobot/flexbe_ws/install/flexbe_msgs/include/flexbe_msgs/flexbe_msgs/msg/detail/synthesis_request__description.c
[0.568s] -- Installing: /home/csrobot/flexbe_ws/install/flexbe_msgs/include/flexbe_msgs/flexbe_msgs/msg/detail/behavior_sync__type_support.c
[0.569s] -- Up-to-date: /home/csrobot/flexbe_ws/install/flexbe_msgs/include/flexbe_msgs/flexbe_msgs/msg/detail/outcome_request__type_support.h
[0.570s] -- Up-to-date: /home/csrobot/flexbe_ws/install/flexbe_msgs/include/flexbe_msgs/flexbe_msgs/msg/detail/state_instantiation__type_support.h
[0.570s] -- Up-to-date: /home/csrobot/flexbe_ws/install/flexbe_msgs/include/flexbe_msgs/flexbe_msgs/msg/detail/userdata_info__functions.c
[0.570s] -- Up-to-date: /home/csrobot/flexbe_ws/install/flexbe_msgs/include/flexbe_msgs/flexbe_msgs/msg/detail/be_status__struct.h
[0.570s] -- Up-to-date: /home/csrobot/flexbe_ws/install/flexbe_msgs/include/flexbe_msgs/flexbe_msgs/msg/detail/synthesis_request__type_support.h
[0.570s] -- Up-to-date: /home/csrobot/flexbe_ws/install/flexbe_msgs/include/flexbe_msgs/flexbe_msgs/msg/detail/state_instantiation__functions.c
[0.570s] -- Up-to-date: /home/csrobot/flexbe_ws/install/flexbe_msgs/include/flexbe_msgs/flexbe_msgs/msg/detail/outcome_request__functions.h
[0.570s] -- Up-to-date: /home/csrobot/flexbe_ws/install/flexbe_msgs/include/flexbe_msgs/flexbe_msgs/msg/detail/behavior_selection__type_support.h
[0.570s] -- Up-to-date: /home/csrobot/flexbe_ws/install/flexbe_msgs/include/flexbe_msgs/flexbe_msgs/msg/detail/userdata_info__type_support.h
[0.570s] -- Up-to-date: /home/csrobot/flexbe_ws/install/flexbe_msgs/include/flexbe_msgs/flexbe_msgs/msg/detail/behavior_log__struct.h
[0.570s] -- Installing: /home/csrobot/flexbe_ws/install/flexbe_msgs/include/flexbe_msgs/flexbe_msgs/msg/detail/userdata_info__type_support.c
[0.570s] -- Up-to-date: /home/csrobot/flexbe_ws/install/flexbe_msgs/include/flexbe_msgs/flexbe_msgs/msg/detail/behavior_log__functions.h
[0.570s] -- Up-to-date: /home/csrobot/flexbe_ws/install/flexbe_msgs/include/flexbe_msgs/flexbe_msgs/msg/detail/synthesis_error_codes__functions.h
[0.570s] -- Up-to-date: /home/csrobot/flexbe_ws/install/flexbe_msgs/include/flexbe_msgs/flexbe_msgs/msg/detail/ui_command__functions.c
[0.571s] -- Up-to-date: /home/csrobot/flexbe_ws/install/flexbe_msgs/include/flexbe_msgs/flexbe_msgs/msg/detail/outcome_condition__type_support.h
[0.571s] -- Installing: /home/csrobot/flexbe_ws/install/flexbe_msgs/include/flexbe_msgs/flexbe_msgs/msg/detail/ui_command__type_support.c
[0.571s] -- Up-to-date: /home/csrobot/flexbe_ws/install/flexbe_msgs/include/flexbe_msgs/flexbe_msgs/msg/detail/behavior_request__functions.c
[0.571s] -- Up-to-date: /home/csrobot/flexbe_ws/install/flexbe_msgs/include/flexbe_msgs/flexbe_msgs/msg/detail/command_feedback__functions.c
[0.571s] -- Up-to-date: /home/csrobot/flexbe_ws/install/flexbe_msgs/include/flexbe_msgs/flexbe_msgs/msg/detail/synthesis_request__functions.h
[0.571s] -- Up-to-date: /home/csrobot/flexbe_ws/install/flexbe_msgs/include/flexbe_msgs/flexbe_msgs/msg/detail/synthesis_request__functions.c
[0.571s] -- Up-to-date: /home/csrobot/flexbe_ws/install/flexbe_msgs/include/flexbe_msgs/flexbe_msgs/msg/detail/ui_command__struct.h
[0.571s] -- Installing: /home/csrobot/flexbe_ws/install/flexbe_msgs/include/flexbe_msgs/flexbe_msgs/msg/detail/state_instantiation__type_support.c
[0.571s] -- Installing: /home/csrobot/flexbe_ws/install/flexbe_msgs/include/flexbe_msgs/flexbe_msgs/msg/detail/state_map_msg__type_support.c
[0.571s] -- Up-to-date: /home/csrobot/flexbe_ws/install/flexbe_msgs/include/flexbe_msgs/flexbe_msgs/msg/detail/synthesis_error_codes__description.c
[0.571s] -- Up-to-date: /home/csrobot/flexbe_ws/install/flexbe_msgs/include/flexbe_msgs/flexbe_msgs/msg/detail/outcome_request__description.c
[0.571s] -- Up-to-date: /home/csrobot/flexbe_ws/install/flexbe_msgs/include/flexbe_msgs/flexbe_msgs/msg/detail/container_structure__functions.h
[0.571s] -- Up-to-date: /home/csrobot/flexbe_ws/install/flexbe_msgs/include/flexbe_msgs/flexbe_msgs/msg/detail/be_status__functions.h
[0.571s] -- Up-to-date: /home/csrobot/flexbe_ws/install/flexbe_msgs/include/flexbe_msgs/flexbe_msgs/msg/detail/container__functions.c
[0.572s] -- Up-to-date: /home/csrobot/flexbe_ws/install/flexbe_msgs/include/flexbe_msgs/flexbe_msgs/msg/detail/behavior_request__description.c
[0.572s] -- Up-to-date: /home/csrobot/flexbe_ws/install/flexbe_msgs/include/flexbe_msgs/flexbe_msgs/msg/detail/state_instantiation__description.c
[0.572s] -- Installing: /home/csrobot/flexbe_ws/install/flexbe_msgs/include/flexbe_msgs/flexbe_msgs/msg/detail/behavior_request__type_support.c
[0.572s] -- Up-to-date: /home/csrobot/flexbe_ws/install/flexbe_msgs/include/flexbe_msgs/flexbe_msgs/msg/detail/behavior_request__functions.h
[0.572s] -- Up-to-date: /home/csrobot/flexbe_ws/install/flexbe_msgs/include/flexbe_msgs/flexbe_msgs/msg/detail/userdata_info__description.c
[0.572s] -- Up-to-date: /home/csrobot/flexbe_ws/install/flexbe_msgs/include/flexbe_msgs/flexbe_msgs/msg/detail/behavior_sync__struct.h
[0.572s] -- Up-to-date: /home/csrobot/flexbe_ws/install/flexbe_msgs/include/flexbe_msgs/flexbe_msgs/msg/detail/outcome_request__struct.h
[0.572s] -- Installing: /home/csrobot/flexbe_ws/install/flexbe_msgs/include/flexbe_msgs/flexbe_msgs/msg/detail/outcome_request__type_support.c
[0.572s] -- Up-to-date: /home/csrobot/flexbe_ws/install/flexbe_msgs/include/flexbe_msgs/flexbe_msgs/msg/detail/be_status__functions.c
[0.573s] -- Installing: /home/csrobot/flexbe_ws/install/flexbe_msgs/include/flexbe_msgs/flexbe_msgs/msg/detail/be_status__type_support.c
[0.573s] -- Up-to-date: /home/csrobot/flexbe_ws/install/flexbe_msgs/include/flexbe_msgs/flexbe_msgs/msg/detail/container__type_support.h
[0.573s] -- Up-to-date: /home/csrobot/flexbe_ws/install/flexbe_msgs/include/flexbe_msgs/flexbe_msgs/msg/detail/behavior_request__type_support.h
[0.573s] -- Up-to-date: /home/csrobot/flexbe_ws/install/flexbe_msgs/include/flexbe_msgs/flexbe_msgs/msg/detail/behavior_modification__struct.h
[0.573s] -- Up-to-date: /home/csrobot/flexbe_ws/install/flexbe_msgs/include/flexbe_msgs/flexbe_msgs/msg/detail/container_structure__description.c
[0.573s] -- Up-to-date: /home/csrobot/flexbe_ws/install/flexbe_msgs/include/flexbe_msgs/flexbe_msgs/msg/detail/container__functions.h
[0.573s] -- Up-to-date: /home/csrobot/flexbe_ws/install/flexbe_msgs/include/flexbe_msgs/flexbe_msgs/msg/detail/behavior_modification__description.c
[0.573s] -- Up-to-date: /home/csrobot/flexbe_ws/install/flexbe_msgs/include/flexbe_msgs/flexbe_msgs/msg/detail/behavior_log__description.c
[0.573s] -- Up-to-date: /home/csrobot/flexbe_ws/install/flexbe_msgs/include/flexbe_msgs/flexbe_msgs/msg/detail/container_structure__struct.h
[0.573s] -- Up-to-date: /home/csrobot/flexbe_ws/install/flexbe_msgs/include/flexbe_msgs/flexbe_msgs/msg/detail/behavior_selection__struct.h
[0.574s] -- Up-to-date: /home/csrobot/flexbe_ws/install/flexbe_msgs/include/flexbe_msgs/flexbe_msgs/msg/detail/ui_command__type_support.h
[0.574s] -- Up-to-date: /home/csrobot/flexbe_ws/install/flexbe_msgs/include/flexbe_msgs/flexbe_msgs/msg/detail/ui_command__functions.h
[0.574s] -- Up-to-date: /home/csrobot/flexbe_ws/install/flexbe_msgs/include/flexbe_msgs/flexbe_msgs/msg/detail/command_feedback__description.c
[0.574s] -- Up-to-date: /home/csrobot/flexbe_ws/install/flexbe_msgs/include/flexbe_msgs/flexbe_msgs/msg/detail/be_status__description.c
[0.574s] -- Up-to-date: /home/csrobot/flexbe_ws/install/flexbe_msgs/include/flexbe_msgs/flexbe_msgs/msg/detail/behavior_modification__functions.c
[0.574s] -- Up-to-date: /home/csrobot/flexbe_ws/install/flexbe_msgs/include/flexbe_msgs/flexbe_msgs/msg/detail/container_structure__functions.c
[0.574s] -- Up-to-date: /home/csrobot/flexbe_ws/install/flexbe_msgs/include/flexbe_msgs/flexbe_msgs/msg/detail/behavior_selection__functions.c
[0.574s] -- Up-to-date: /home/csrobot/flexbe_ws/install/flexbe_msgs/include/flexbe_msgs/flexbe_msgs/msg/detail/behavior_sync__functions.h
[0.574s] -- Up-to-date: /home/csrobot/flexbe_ws/install/flexbe_msgs/include/flexbe_msgs/flexbe_msgs/msg/detail/state_map_msg__type_support.h
[0.574s] -- Installing: /home/csrobot/flexbe_ws/install/flexbe_msgs/include/flexbe_msgs/flexbe_msgs/msg/detail/container__type_support.c
[0.574s] -- Up-to-date: /home/csrobot/flexbe_ws/install/flexbe_msgs/include/flexbe_msgs/flexbe_msgs/msg/detail/command_feedback__struct.h
[0.574s] -- Installing: /home/csrobot/flexbe_ws/install/flexbe_msgs/include/flexbe_msgs/flexbe_msgs/msg/detail/behavior_modification__type_support.c
[0.574s] -- Up-to-date: /home/csrobot/flexbe_ws/install/flexbe_msgs/include/flexbe_msgs/flexbe_msgs/msg/detail/container__struct.h
[0.574s] -- Installing: /home/csrobot/flexbe_ws/install/flexbe_msgs/include/flexbe_msgs/flexbe_msgs/msg/detail/command_feedback__type_support.c
[0.574s] -- Installing: /home/csrobot/flexbe_ws/install/flexbe_msgs/include/flexbe_msgs/flexbe_msgs/msg/detail/synthesis_error_codes__type_support.c
[0.575s] -- Up-to-date: /home/csrobot/flexbe_ws/install/flexbe_msgs/include/flexbe_msgs/flexbe_msgs/msg/detail/be_status__type_support.h
[0.575s] -- Up-to-date: /home/csrobot/flexbe_ws/install/flexbe_msgs/include/flexbe_msgs/flexbe_msgs/msg/detail/state_map_msg__functions.h
[0.575s] -- Installing: /home/csrobot/flexbe_ws/install/flexbe_msgs/include/flexbe_msgs/flexbe_msgs/msg/detail/container_structure__type_support.c
[0.575s] -- Up-to-date: /home/csrobot/flexbe_ws/install/flexbe_msgs/include/flexbe_msgs/flexbe_msgs/msg/detail/behavior_modification__type_support.h
[0.575s] -- Up-to-date: /home/csrobot/flexbe_ws/install/flexbe_msgs/include/flexbe_msgs/flexbe_msgs/msg/detail/state_instantiation__functions.h
[0.575s] -- Up-to-date: /home/csrobot/flexbe_ws/install/flexbe_msgs/include/flexbe_msgs/flexbe_msgs/msg/detail/behavior_log__functions.c
[0.575s] -- Up-to-date: /home/csrobot/flexbe_ws/install/flexbe_msgs/include/flexbe_msgs/flexbe_msgs/msg/detail/container__description.c
[0.575s] -- Up-to-date: /home/csrobot/flexbe_ws/install/flexbe_msgs/include/flexbe_msgs/flexbe_msgs/msg/detail/outcome_condition__functions.c
[0.575s] -- Installing: /home/csrobot/flexbe_ws/install/flexbe_msgs/include/flexbe_msgs/flexbe_msgs/msg/detail/behavior_selection__type_support.c
[0.575s] -- Up-to-date: /home/csrobot/flexbe_ws/install/flexbe_msgs/include/flexbe_msgs/flexbe_msgs/msg/detail/synthesis_request__struct.h
[0.575s] -- Up-to-date: /home/csrobot/flexbe_ws/install/flexbe_msgs/include/flexbe_msgs/flexbe_msgs/msg/detail/userdata_info__struct.h
[0.575s] -- Up-to-date: /home/csrobot/flexbe_ws/install/flexbe_msgs/include/flexbe_msgs/flexbe_msgs/msg/detail/state_map_msg__description.c
[0.575s] -- Up-to-date: /home/csrobot/flexbe_ws/install/flexbe_msgs/include/flexbe_msgs/flexbe_msgs/msg/detail/state_map_msg__struct.h
[0.577s] -- Up-to-date: /home/csrobot/flexbe_ws/install/flexbe_msgs/include/flexbe_msgs/flexbe_msgs/msg/detail/behavior_sync__type_support.h
[0.577s] -- Up-to-date: /home/csrobot/flexbe_ws/install/flexbe_msgs/include/flexbe_msgs/flexbe_msgs/msg/detail/behavior_modification__functions.h
[0.577s] -- Up-to-date: /home/csrobot/flexbe_ws/install/flexbe_msgs/include/flexbe_msgs/flexbe_msgs/msg/detail/outcome_condition__functions.h
[0.577s] -- Installing: /home/csrobot/flexbe_ws/install/flexbe_msgs/include/flexbe_msgs/flexbe_msgs/msg/detail/synthesis_request__type_support.c
[0.578s] -- Up-to-date: /home/csrobot/flexbe_ws/install/flexbe_msgs/include/flexbe_msgs/flexbe_msgs/msg/detail/behavior_request__struct.h
[0.578s] -- Up-to-date: /home/csrobot/flexbe_ws/install/flexbe_msgs/include/flexbe_msgs/flexbe_msgs/msg/detail/behavior_log__type_support.h
[0.578s] -- Up-to-date: /home/csrobot/flexbe_ws/install/flexbe_msgs/include/flexbe_msgs/flexbe_msgs/msg/detail/state_map_msg__functions.c
[0.578s] -- Up-to-date: /home/csrobot/flexbe_ws/install/flexbe_msgs/include/flexbe_msgs/flexbe_msgs/msg/detail/behavior_selection__description.c
[0.578s] -- Up-to-date: /home/csrobot/flexbe_ws/install/flexbe_msgs/include/flexbe_msgs/flexbe_msgs/msg/detail/ui_command__description.c
[0.579s] -- Up-to-date: /home/csrobot/flexbe_ws/install/flexbe_msgs/include/flexbe_msgs/flexbe_msgs/msg/detail/synthesis_error_codes__struct.h
[0.579s] -- Up-to-date: /home/csrobot/flexbe_ws/install/flexbe_msgs/include/flexbe_msgs/flexbe_msgs/msg/detail/container_structure__type_support.h
[0.579s] -- Installing: /home/csrobot/flexbe_ws/install/flexbe_msgs/include/flexbe_msgs/flexbe_msgs/msg/detail/behavior_log__type_support.c
[0.579s] -- Up-to-date: /home/csrobot/flexbe_ws/install/flexbe_msgs/include/flexbe_msgs/flexbe_msgs/msg/detail/outcome_request__functions.c
[0.579s] -- Up-to-date: /home/csrobot/flexbe_ws/install/flexbe_msgs/include/flexbe_msgs/flexbe_msgs/msg/detail/outcome_condition__struct.h
[0.579s] -- Up-to-date: /home/csrobot/flexbe_ws/install/flexbe_msgs/include/flexbe_msgs/flexbe_msgs/msg/detail/synthesis_error_codes__type_support.h
[0.579s] -- Up-to-date: /home/csrobot/flexbe_ws/install/flexbe_msgs/include/flexbe_msgs/flexbe_msgs/msg/detail/outcome_condition__description.c
[0.579s] -- Up-to-date: /home/csrobot/flexbe_ws/install/flexbe_msgs/include/flexbe_msgs/flexbe_msgs/msg/detail/command_feedback__type_support.h
[0.579s] -- Installing: /home/csrobot/flexbe_ws/install/flexbe_msgs/include/flexbe_msgs/flexbe_msgs/msg/detail/outcome_condition__type_support.c
[0.579s] -- Up-to-date: /home/csrobot/flexbe_ws/install/flexbe_msgs/include/flexbe_msgs/flexbe_msgs/msg/detail/state_instantiation__struct.h
[0.579s] -- Up-to-date: /home/csrobot/flexbe_ws/install/flexbe_msgs/include/flexbe_msgs/flexbe_msgs/msg/detail/behavior_selection__functions.h
[0.580s] -- Up-to-date: /home/csrobot/flexbe_ws/install/flexbe_msgs/include/flexbe_msgs/flexbe_msgs/msg/detail/userdata_info__functions.h
[0.580s] -- Up-to-date: /home/csrobot/flexbe_ws/install/flexbe_msgs/include/flexbe_msgs/flexbe_msgs/msg/detail/behavior_sync__description.c
[0.580s] -- Up-to-date: /home/csrobot/flexbe_ws/install/flexbe_msgs/include/flexbe_msgs/flexbe_msgs/msg/behavior_log.h
[0.580s] -- Up-to-date: /home/csrobot/flexbe_ws/install/flexbe_msgs/include/flexbe_msgs/flexbe_msgs/msg/behavior_modification.h
[0.580s] -- Up-to-date: /home/csrobot/flexbe_ws/install/flexbe_msgs/include/flexbe_msgs/flexbe_msgs/msg/container.h
[0.580s] -- Up-to-date: /home/csrobot/flexbe_ws/install/flexbe_msgs/include/flexbe_msgs/flexbe_msgs/msg/ui_command.h
[0.580s] -- Up-to-date: /home/csrobot/flexbe_ws/install/flexbe_msgs/include/flexbe_msgs/flexbe_msgs/srv
[0.580s] -- Up-to-date: /home/csrobot/flexbe_ws/install/flexbe_msgs/include/flexbe_msgs/flexbe_msgs/srv/detail
[0.580s] -- Up-to-date: /home/csrobot/flexbe_ws/install/flexbe_msgs/include/flexbe_msgs/flexbe_msgs/srv/detail/get_userdata__struct.h
[0.580s] -- Installing: /home/csrobot/flexbe_ws/install/flexbe_msgs/include/flexbe_msgs/flexbe_msgs/srv/detail/get_userdata__type_support.c
[0.581s] -- Up-to-date: /home/csrobot/flexbe_ws/install/flexbe_msgs/include/flexbe_msgs/flexbe_msgs/srv/detail/get_userdata__type_support.h
[0.581s] -- Up-to-date: /home/csrobot/flexbe_ws/install/flexbe_msgs/include/flexbe_msgs/flexbe_msgs/srv/detail/get_userdata__functions.c
[0.581s] -- Up-to-date: /home/csrobot/flexbe_ws/install/flexbe_msgs/include/flexbe_msgs/flexbe_msgs/srv/detail/get_userdata__description.c
[0.582s] -- Up-to-date: /home/csrobot/flexbe_ws/install/flexbe_msgs/include/flexbe_msgs/flexbe_msgs/srv/detail/get_userdata__functions.h
[0.582s] -- Up-to-date: /home/csrobot/flexbe_ws/install/flexbe_msgs/include/flexbe_msgs/flexbe_msgs/srv/get_userdata.h
[0.582s] -- Up-to-date: /home/csrobot/flexbe_ws/install/flexbe_msgs/include/flexbe_msgs/flexbe_msgs/action
[0.582s] -- Up-to-date: /home/csrobot/flexbe_ws/install/flexbe_msgs/include/flexbe_msgs/flexbe_msgs/action/behavior_execution.h
[0.582s] -- Up-to-date: /home/csrobot/flexbe_ws/install/flexbe_msgs/include/flexbe_msgs/flexbe_msgs/action/behavior_synthesis.h
[0.582s] -- Up-to-date: /home/csrobot/flexbe_ws/install/flexbe_msgs/include/flexbe_msgs/flexbe_msgs/action/behavior_input.h
[0.582s] -- Up-to-date: /home/csrobot/flexbe_ws/install/flexbe_msgs/include/flexbe_msgs/flexbe_msgs/action/detail
[0.582s] -- Up-to-date: /home/csrobot/flexbe_ws/install/flexbe_msgs/include/flexbe_msgs/flexbe_msgs/action/detail/behavior_execution__functions.h
[0.582s] -- Up-to-date: /home/csrobot/flexbe_ws/install/flexbe_msgs/include/flexbe_msgs/flexbe_msgs/action/detail/behavior_input__type_support.h
[0.582s] -- Up-to-date: /home/csrobot/flexbe_ws/install/flexbe_msgs/include/flexbe_msgs/flexbe_msgs/action/detail/behavior_synthesis__struct.h
[0.582s] -- Up-to-date: /home/csrobot/flexbe_ws/install/flexbe_msgs/include/flexbe_msgs/flexbe_msgs/action/detail/behavior_execution__type_support.h
[0.582s] -- Up-to-date: /home/csrobot/flexbe_ws/install/flexbe_msgs/include/flexbe_msgs/flexbe_msgs/action/detail/behavior_execution__functions.c
[0.582s] -- Up-to-date: /home/csrobot/flexbe_ws/install/flexbe_msgs/include/flexbe_msgs/flexbe_msgs/action/detail/behavior_input__functions.c
[0.582s] -- Up-to-date: /home/csrobot/flexbe_ws/install/flexbe_msgs/include/flexbe_msgs/flexbe_msgs/action/detail/behavior_execution__description.c
[0.582s] -- Up-to-date: /home/csrobot/flexbe_ws/install/flexbe_msgs/include/flexbe_msgs/flexbe_msgs/action/detail/behavior_synthesis__functions.h
[0.582s] -- Up-to-date: /home/csrobot/flexbe_ws/install/flexbe_msgs/include/flexbe_msgs/flexbe_msgs/action/detail/behavior_input__struct.h
[0.582s] -- Up-to-date: /home/csrobot/flexbe_ws/install/flexbe_msgs/include/flexbe_msgs/flexbe_msgs/action/detail/behavior_synthesis__functions.c
[0.583s] -- Installing: /home/csrobot/flexbe_ws/install/flexbe_msgs/include/flexbe_msgs/flexbe_msgs/action/detail/behavior_execution__type_support.c
[0.583s] -- Installing: /home/csrobot/flexbe_ws/install/flexbe_msgs/include/flexbe_msgs/flexbe_msgs/action/detail/behavior_synthesis__type_support.c
[0.584s] -- Up-to-date: /home/csrobot/flexbe_ws/install/flexbe_msgs/include/flexbe_msgs/flexbe_msgs/action/detail/behavior_execution__struct.h
[0.584s] -- Up-to-date: /home/csrobot/flexbe_ws/install/flexbe_msgs/include/flexbe_msgs/flexbe_msgs/action/detail/behavior_synthesis__description.c
[0.584s] -- Up-to-date: /home/csrobot/flexbe_ws/install/flexbe_msgs/include/flexbe_msgs/flexbe_msgs/action/detail/behavior_input__functions.h
[0.584s] -- Up-to-date: /home/csrobot/flexbe_ws/install/flexbe_msgs/include/flexbe_msgs/flexbe_msgs/action/detail/behavior_synthesis__type_support.h
[0.584s] -- Up-to-date: /home/csrobot/flexbe_ws/install/flexbe_msgs/include/flexbe_msgs/flexbe_msgs/action/detail/behavior_input__description.c
[0.584s] -- Installing: /home/csrobot/flexbe_ws/install/flexbe_msgs/include/flexbe_msgs/flexbe_msgs/action/detail/behavior_input__type_support.c
[0.584s] -- Up-to-date: /home/csrobot/flexbe_ws/install/flexbe_msgs/share/flexbe_msgs/environment/library_path.sh
[0.584s] -- Up-to-date: /home/csrobot/flexbe_ws/install/flexbe_msgs/share/flexbe_msgs/environment/library_path.dsv
[0.584s] -- Up-to-date: /home/csrobot/flexbe_ws/install/flexbe_msgs/lib/libflexbe_msgs__rosidl_generator_c.so
[0.584s] -- Up-to-date: /home/csrobot/flexbe_ws/install/flexbe_msgs/include/flexbe_msgs/flexbe_msgs
[0.584s] -- Up-to-date: /home/csrobot/flexbe_ws/install/flexbe_msgs/include/flexbe_msgs/flexbe_msgs/msg
[0.585s] -- Up-to-date: /home/csrobot/flexbe_ws/install/flexbe_msgs/include/flexbe_msgs/flexbe_msgs/msg/rosidl_typesupport_fastrtps_c__visibility_control.h
[0.585s] -- Up-to-date: /home/csrobot/flexbe_ws/install/flexbe_msgs/include/flexbe_msgs/flexbe_msgs/msg/detail
[0.585s] -- Up-to-date: /home/csrobot/flexbe_ws/install/flexbe_msgs/include/flexbe_msgs/flexbe_msgs/msg/detail/behavior_sync__rosidl_typesupport_fastrtps_c.h
[0.585s] -- Up-to-date: /home/csrobot/flexbe_ws/install/flexbe_msgs/include/flexbe_msgs/flexbe_msgs/msg/detail/command_feedback__rosidl_typesupport_fastrtps_c.h
[0.585s] -- Up-to-date: /home/csrobot/flexbe_ws/install/flexbe_msgs/include/flexbe_msgs/flexbe_msgs/msg/detail/synthesis_request__rosidl_typesupport_fastrtps_c.h
[0.585s] -- Up-to-date: /home/csrobot/flexbe_ws/install/flexbe_msgs/include/flexbe_msgs/flexbe_msgs/msg/detail/container_structure__rosidl_typesupport_fastrtps_c.h
[0.585s] -- Up-to-date: /home/csrobot/flexbe_ws/install/flexbe_msgs/include/flexbe_msgs/flexbe_msgs/msg/detail/state_map_msg__rosidl_typesupport_fastrtps_c.h
[0.585s] -- Up-to-date: /home/csrobot/flexbe_ws/install/flexbe_msgs/include/flexbe_msgs/flexbe_msgs/msg/detail/outcome_request__rosidl_typesupport_fastrtps_c.h
[0.585s] -- Up-to-date: /home/csrobot/flexbe_ws/install/flexbe_msgs/include/flexbe_msgs/flexbe_msgs/msg/detail/state_instantiation__rosidl_typesupport_fastrtps_c.h
[0.585s] -- Up-to-date: /home/csrobot/flexbe_ws/install/flexbe_msgs/include/flexbe_msgs/flexbe_msgs/msg/detail/be_status__rosidl_typesupport_fastrtps_c.h
[0.585s] -- Up-to-date: /home/csrobot/flexbe_ws/install/flexbe_msgs/include/flexbe_msgs/flexbe_msgs/msg/detail/behavior_selection__rosidl_typesupport_fastrtps_c.h
[0.585s] -- Up-to-date: /home/csrobot/flexbe_ws/install/flexbe_msgs/include/flexbe_msgs/flexbe_msgs/msg/detail/behavior_request__rosidl_typesupport_fastrtps_c.h
[0.585s] -- Up-to-date: /home/csrobot/flexbe_ws/install/flexbe_msgs/include/flexbe_msgs/flexbe_msgs/msg/detail/container__rosidl_typesupport_fastrtps_c.h
[0.586s] -- Up-to-date: /home/csrobot/flexbe_ws/install/flexbe_msgs/include/flexbe_msgs/flexbe_msgs/msg/detail/outcome_condition__rosidl_typesupport_fastrtps_c.h
[0.586s] -- Up-to-date: /home/csrobot/flexbe_ws/install/flexbe_msgs/include/flexbe_msgs/flexbe_msgs/msg/detail/behavior_modification__rosidl_typesupport_fastrtps_c.h
[0.586s] -- Up-to-date: /home/csrobot/flexbe_ws/install/flexbe_msgs/include/flexbe_msgs/flexbe_msgs/msg/detail/behavior_log__rosidl_typesupport_fastrtps_c.h
[0.586s] -- Up-to-date: /home/csrobot/flexbe_ws/install/flexbe_msgs/include/flexbe_msgs/flexbe_msgs/msg/detail/userdata_info__rosidl_typesupport_fastrtps_c.h
[0.586s] -- Up-to-date: /home/csrobot/flexbe_ws/install/flexbe_msgs/include/flexbe_msgs/flexbe_msgs/msg/detail/ui_command__rosidl_typesupport_fastrtps_c.h
[0.586s] -- Up-to-date: /home/csrobot/flexbe_ws/install/flexbe_msgs/include/flexbe_msgs/flexbe_msgs/msg/detail/synthesis_error_codes__rosidl_typesupport_fastrtps_c.h
[0.586s] -- Up-to-date: /home/csrobot/flexbe_ws/install/flexbe_msgs/include/flexbe_msgs/flexbe_msgs/srv
[0.586s] -- Up-to-date: /home/csrobot/flexbe_ws/install/flexbe_msgs/include/flexbe_msgs/flexbe_msgs/srv/detail
[0.586s] -- Up-to-date: /home/csrobot/flexbe_ws/install/flexbe_msgs/include/flexbe_msgs/flexbe_msgs/srv/detail/get_userdata__rosidl_typesupport_fastrtps_c.h
[0.586s] -- Up-to-date: /home/csrobot/flexbe_ws/install/flexbe_msgs/include/flexbe_msgs/flexbe_msgs/action
[0.586s] -- Up-to-date: /home/csrobot/flexbe_ws/install/flexbe_msgs/include/flexbe_msgs/flexbe_msgs/action/detail
[0.586s] -- Up-to-date: /home/csrobot/flexbe_ws/install/flexbe_msgs/include/flexbe_msgs/flexbe_msgs/action/detail/behavior_execution__rosidl_typesupport_fastrtps_c.h
[0.586s] -- Up-to-date: /home/csrobot/flexbe_ws/install/flexbe_msgs/include/flexbe_msgs/flexbe_msgs/action/detail/behavior_input__rosidl_typesupport_fastrtps_c.h
[0.586s] -- Up-to-date: /home/csrobot/flexbe_ws/install/flexbe_msgs/include/flexbe_msgs/flexbe_msgs/action/detail/behavior_synthesis__rosidl_typesupport_fastrtps_c.h
[0.587s] -- Up-to-date: /home/csrobot/flexbe_ws/install/flexbe_msgs/lib/libflexbe_msgs__rosidl_typesupport_fastrtps_c.so
[0.587s] -- Up-to-date: /home/csrobot/flexbe_ws/install/flexbe_msgs/include/flexbe_msgs/flexbe_msgs
[0.588s] -- Up-to-date: /home/csrobot/flexbe_ws/install/flexbe_msgs/include/flexbe_msgs/flexbe_msgs/msg
[0.588s] -- Up-to-date: /home/csrobot/flexbe_ws/install/flexbe_msgs/include/flexbe_msgs/flexbe_msgs/msg/rosidl_typesupport_introspection_c__visibility_control.h
[0.588s] -- Up-to-date: /home/csrobot/flexbe_ws/install/flexbe_msgs/include/flexbe_msgs/flexbe_msgs/msg/detail
[0.588s] -- Installing: /home/csrobot/flexbe_ws/install/flexbe_msgs/include/flexbe_msgs/flexbe_msgs/msg/detail/behavior_sync__type_support.c
[0.588s] -- Up-to-date: /home/csrobot/flexbe_ws/install/flexbe_msgs/include/flexbe_msgs/flexbe_msgs/msg/detail/container_structure__rosidl_typesupport_introspection_c.h
[0.588s] -- Up-to-date: /home/csrobot/flexbe_ws/install/flexbe_msgs/include/flexbe_msgs/flexbe_msgs/msg/detail/state_map_msg__rosidl_typesupport_introspection_c.h
[0.588s] -- Installing: /home/csrobot/flexbe_ws/install/flexbe_msgs/include/flexbe_msgs/flexbe_msgs/msg/detail/userdata_info__type_support.c
[0.588s] -- Installing: /home/csrobot/flexbe_ws/install/flexbe_msgs/include/flexbe_msgs/flexbe_msgs/msg/detail/ui_command__type_support.c
[0.588s] -- Installing: /home/csrobot/flexbe_ws/install/flexbe_msgs/include/flexbe_msgs/flexbe_msgs/msg/detail/state_instantiation__type_support.c
[0.588s] -- Installing: /home/csrobot/flexbe_ws/install/flexbe_msgs/include/flexbe_msgs/flexbe_msgs/msg/detail/state_map_msg__type_support.c
[0.588s] -- Installing: /home/csrobot/flexbe_ws/install/flexbe_msgs/include/flexbe_msgs/flexbe_msgs/msg/detail/behavior_request__type_support.c
[0.588s] -- Up-to-date: /home/csrobot/flexbe_ws/install/flexbe_msgs/include/flexbe_msgs/flexbe_msgs/msg/detail/synthesis_error_codes__rosidl_typesupport_introspection_c.h
[0.588s] -- Installing: /home/csrobot/flexbe_ws/install/flexbe_msgs/include/flexbe_msgs/flexbe_msgs/msg/detail/outcome_request__type_support.c
[0.588s] -- Installing: /home/csrobot/flexbe_ws/install/flexbe_msgs/include/flexbe_msgs/flexbe_msgs/msg/detail/be_status__type_support.c
[0.588s] -- Up-to-date: /home/csrobot/flexbe_ws/install/flexbe_msgs/include/flexbe_msgs/flexbe_msgs/msg/detail/behavior_request__rosidl_typesupport_introspection_c.h
[0.588s] -- Up-to-date: /home/csrobot/flexbe_ws/install/flexbe_msgs/include/flexbe_msgs/flexbe_msgs/msg/detail/behavior_sync__rosidl_typesupport_introspection_c.h
[0.588s] -- Up-to-date: /home/csrobot/flexbe_ws/install/flexbe_msgs/include/flexbe_msgs/flexbe_msgs/msg/detail/container__rosidl_typesupport_introspection_c.h
[0.588s] -- Up-to-date: /home/csrobot/flexbe_ws/install/flexbe_msgs/include/flexbe_msgs/flexbe_msgs/msg/detail/outcome_request__rosidl_typesupport_introspection_c.h
[0.589s] -- Installing: /home/csrobot/flexbe_ws/install/flexbe_msgs/include/flexbe_msgs/flexbe_msgs/msg/detail/container__type_support.c
[0.589s] -- Up-to-date: /home/csrobot/flexbe_ws/install/flexbe_msgs/include/flexbe_msgs/flexbe_msgs/msg/detail/ui_command__rosidl_typesupport_introspection_c.h
[0.589s] -- Installing: /home/csrobot/flexbe_ws/install/flexbe_msgs/include/flexbe_msgs/flexbe_msgs/msg/detail/behavior_modification__type_support.c
[0.589s] -- Installing: /home/csrobot/flexbe_ws/install/flexbe_msgs/include/flexbe_msgs/flexbe_msgs/msg/detail/command_feedback__type_support.c
[0.589s] -- Installing: /home/csrobot/flexbe_ws/install/flexbe_msgs/include/flexbe_msgs/flexbe_msgs/msg/detail/synthesis_error_codes__type_support.c
[0.589s] -- Installing: /home/csrobot/flexbe_ws/install/flexbe_msgs/include/flexbe_msgs/flexbe_msgs/msg/detail/container_structure__type_support.c
[0.589s] -- Up-to-date: /home/csrobot/flexbe_ws/install/flexbe_msgs/include/flexbe_msgs/flexbe_msgs/msg/detail/command_feedback__rosidl_typesupport_introspection_c.h
[0.589s] -- Up-to-date: /home/csrobot/flexbe_ws/install/flexbe_msgs/include/flexbe_msgs/flexbe_msgs/msg/detail/be_status__rosidl_typesupport_introspection_c.h
[0.589s] -- Installing: /home/csrobot/flexbe_ws/install/flexbe_msgs/include/flexbe_msgs/flexbe_msgs/msg/detail/behavior_selection__type_support.c
[0.589s] -- Up-to-date: /home/csrobot/flexbe_ws/install/flexbe_msgs/include/flexbe_msgs/flexbe_msgs/msg/detail/synthesis_request__rosidl_typesupport_introspection_c.h
[0.589s] -- Up-to-date: /home/csrobot/flexbe_ws/install/flexbe_msgs/include/flexbe_msgs/flexbe_msgs/msg/detail/outcome_condition__rosidl_typesupport_introspection_c.h
[0.589s] -- Installing: /home/csrobot/flexbe_ws/install/flexbe_msgs/include/flexbe_msgs/flexbe_msgs/msg/detail/synthesis_request__type_support.c
[0.589s] -- Up-to-date: /home/csrobot/flexbe_ws/install/flexbe_msgs/include/flexbe_msgs/flexbe_msgs/msg/detail/behavior_log__rosidl_typesupport_introspection_c.h
[0.589s] -- Up-to-date: /home/csrobot/flexbe_ws/install/flexbe_msgs/include/flexbe_msgs/flexbe_msgs/msg/detail/behavior_modification__rosidl_typesupport_introspection_c.h
[0.589s] -- Up-to-date: /home/csrobot/flexbe_ws/install/flexbe_msgs/include/flexbe_msgs/flexbe_msgs/msg/detail/behavior_selection__rosidl_typesupport_introspection_c.h
[0.589s] -- Up-to-date: /home/csrobot/flexbe_ws/install/flexbe_msgs/include/flexbe_msgs/flexbe_msgs/msg/detail/userdata_info__rosidl_typesupport_introspection_c.h
[0.589s] -- Installing: /home/csrobot/flexbe_ws/install/flexbe_msgs/include/flexbe_msgs/flexbe_msgs/msg/detail/behavior_log__type_support.c
[0.590s] -- Up-to-date: /home/csrobot/flexbe_ws/install/flexbe_msgs/include/flexbe_msgs/flexbe_msgs/msg/detail/state_instantiation__rosidl_typesupport_introspection_c.h
[0.590s] -- Installing: /home/csrobot/flexbe_ws/install/flexbe_msgs/include/flexbe_msgs/flexbe_msgs/msg/detail/outcome_condition__type_support.c
[0.590s] -- Up-to-date: /home/csrobot/flexbe_ws/install/flexbe_msgs/include/flexbe_msgs/flexbe_msgs/srv
[0.590s] -- Up-to-date: /home/csrobot/flexbe_ws/install/flexbe_msgs/include/flexbe_msgs/flexbe_msgs/srv/detail
[0.590s] -- Installing: /home/csrobot/flexbe_ws/install/flexbe_msgs/include/flexbe_msgs/flexbe_msgs/srv/detail/get_userdata__type_support.c
[0.590s] -- Up-to-date: /home/csrobot/flexbe_ws/install/flexbe_msgs/include/flexbe_msgs/flexbe_msgs/srv/detail/get_userdata__rosidl_typesupport_introspection_c.h
[0.590s] -- Up-to-date: /home/csrobot/flexbe_ws/install/flexbe_msgs/include/flexbe_msgs/flexbe_msgs/action
[0.590s] -- Up-to-date: /home/csrobot/flexbe_ws/install/flexbe_msgs/include/flexbe_msgs/flexbe_msgs/action/detail
[0.590s] -- Up-to-date: /home/csrobot/flexbe_ws/install/flexbe_msgs/include/flexbe_msgs/flexbe_msgs/action/detail/behavior_synthesis__rosidl_typesupport_introspection_c.h
[0.590s] -- Up-to-date: /home/csrobot/flexbe_ws/install/flexbe_msgs/include/flexbe_msgs/flexbe_msgs/action/detail/behavior_input__rosidl_typesupport_introspection_c.h
[0.590s] -- Installing: /home/csrobot/flexbe_ws/install/flexbe_msgs/include/flexbe_msgs/flexbe_msgs/action/detail/behavior_execution__type_support.c
[0.590s] -- Installing: /home/csrobot/flexbe_ws/install/flexbe_msgs/include/flexbe_msgs/flexbe_msgs/action/detail/behavior_synthesis__type_support.c
[0.590s] -- Up-to-date: /home/csrobot/flexbe_ws/install/flexbe_msgs/include/flexbe_msgs/flexbe_msgs/action/detail/behavior_execution__rosidl_typesupport_introspection_c.h
[0.590s] -- Installing: /home/csrobot/flexbe_ws/install/flexbe_msgs/include/flexbe_msgs/flexbe_msgs/action/detail/behavior_input__type_support.c
[0.590s] -- Up-to-date: /home/csrobot/flexbe_ws/install/flexbe_msgs/lib/libflexbe_msgs__rosidl_typesupport_introspection_c.so
[0.590s] -- Up-to-date: /home/csrobot/flexbe_ws/install/flexbe_msgs/lib/libflexbe_msgs__rosidl_typesupport_c.so
[0.590s] -- Up-to-date: /home/csrobot/flexbe_ws/install/flexbe_msgs/include/flexbe_msgs/flexbe_msgs
[0.591s] -- Up-to-date: /home/csrobot/flexbe_ws/install/flexbe_msgs/include/flexbe_msgs/flexbe_msgs/msg
[0.591s] -- Up-to-date: /home/csrobot/flexbe_ws/install/flexbe_msgs/include/flexbe_msgs/flexbe_msgs/msg/state_map_msg.hpp
[0.591s] -- Up-to-date: /home/csrobot/flexbe_ws/install/flexbe_msgs/include/flexbe_msgs/flexbe_msgs/msg/behavior_log.hpp
[0.591s] -- Up-to-date: /home/csrobot/flexbe_ws/install/flexbe_msgs/include/flexbe_msgs/flexbe_msgs/msg/behavior_sync.hpp
[0.591s] -- Up-to-date: /home/csrobot/flexbe_ws/install/flexbe_msgs/include/flexbe_msgs/flexbe_msgs/msg/outcome_request.hpp
[0.591s] -- Up-to-date: /home/csrobot/flexbe_ws/install/flexbe_msgs/include/flexbe_msgs/flexbe_msgs/msg/behavior_request.hpp
[0.591s] -- Up-to-date: /home/csrobot/flexbe_ws/install/flexbe_msgs/include/flexbe_msgs/flexbe_msgs/msg/command_feedback.hpp
[0.591s] -- Up-to-date: /home/csrobot/flexbe_ws/install/flexbe_msgs/include/flexbe_msgs/flexbe_msgs/msg/state_instantiation.hpp
[0.591s] -- Up-to-date: /home/csrobot/flexbe_ws/install/flexbe_msgs/include/flexbe_msgs/flexbe_msgs/msg/ui_command.hpp
[0.591s] -- Up-to-date: /home/csrobot/flexbe_ws/install/flexbe_msgs/include/flexbe_msgs/flexbe_msgs/msg/container.hpp
[0.591s] -- Up-to-date: /home/csrobot/flexbe_ws/install/flexbe_msgs/include/flexbe_msgs/flexbe_msgs/msg/synthesis_request.hpp
[0.591s] -- Up-to-date: /home/csrobot/flexbe_ws/install/flexbe_msgs/include/flexbe_msgs/flexbe_msgs/msg/synthesis_error_codes.hpp
[0.591s] -- Up-to-date: /home/csrobot/flexbe_ws/install/flexbe_msgs/include/flexbe_msgs/flexbe_msgs/msg/userdata_info.hpp
[0.591s] -- Up-to-date: /home/csrobot/flexbe_ws/install/flexbe_msgs/include/flexbe_msgs/flexbe_msgs/msg/behavior_selection.hpp
[0.591s] -- Up-to-date: /home/csrobot/flexbe_ws/install/flexbe_msgs/include/flexbe_msgs/flexbe_msgs/msg/container_structure.hpp
[0.591s] -- Up-to-date: /home/csrobot/flexbe_ws/install/flexbe_msgs/include/flexbe_msgs/flexbe_msgs/msg/rosidl_generator_cpp__visibility_control.hpp
[0.591s] -- Up-to-date: /home/csrobot/flexbe_ws/install/flexbe_msgs/include/flexbe_msgs/flexbe_msgs/msg/behavior_modification.hpp
[0.592s] -- Up-to-date: /home/csrobot/flexbe_ws/install/flexbe_msgs/include/flexbe_msgs/flexbe_msgs/msg/detail
[0.592s] -- Up-to-date: /home/csrobot/flexbe_ws/install/flexbe_msgs/include/flexbe_msgs/flexbe_msgs/msg/detail/behavior_selection__struct.hpp
[0.592s] -- Up-to-date: /home/csrobot/flexbe_ws/install/flexbe_msgs/include/flexbe_msgs/flexbe_msgs/msg/detail/synthesis_request__builder.hpp
[0.592s] -- Up-to-date: /home/csrobot/flexbe_ws/install/flexbe_msgs/include/flexbe_msgs/flexbe_msgs/msg/detail/synthesis_request__type_support.hpp
[0.592s] -- Up-to-date: /home/csrobot/flexbe_ws/install/flexbe_msgs/include/flexbe_msgs/flexbe_msgs/msg/detail/behavior_log__struct.hpp
[0.592s] -- Up-to-date: /home/csrobot/flexbe_ws/install/flexbe_msgs/include/flexbe_msgs/flexbe_msgs/msg/detail/behavior_selection__traits.hpp
[0.592s] -- Up-to-date: /home/csrobot/flexbe_ws/install/flexbe_msgs/include/flexbe_msgs/flexbe_msgs/msg/detail/behavior_modification__traits.hpp
[0.592s] -- Up-to-date: /home/csrobot/flexbe_ws/install/flexbe_msgs/include/flexbe_msgs/flexbe_msgs/msg/detail/state_map_msg__traits.hpp
[0.592s] -- Up-to-date: /home/csrobot/flexbe_ws/install/flexbe_msgs/include/flexbe_msgs/flexbe_msgs/msg/detail/behavior_request__type_support.hpp
[0.592s] -- Up-to-date: /home/csrobot/flexbe_ws/install/flexbe_msgs/include/flexbe_msgs/flexbe_msgs/msg/detail/userdata_info__struct.hpp
[0.592s] -- Up-to-date: /home/csrobot/flexbe_ws/install/flexbe_msgs/include/flexbe_msgs/flexbe_msgs/msg/detail/command_feedback__builder.hpp
[0.592s] -- Up-to-date: /home/csrobot/flexbe_ws/install/flexbe_msgs/include/flexbe_msgs/flexbe_msgs/msg/detail/container__traits.hpp
[0.592s] -- Up-to-date: /home/csrobot/flexbe_ws/install/flexbe_msgs/include/flexbe_msgs/flexbe_msgs/msg/detail/behavior_modification__struct.hpp
[0.592s] -- Up-to-date: /home/csrobot/flexbe_ws/install/flexbe_msgs/include/flexbe_msgs/flexbe_msgs/msg/detail/behavior_selection__type_support.hpp
[0.592s] -- Up-to-date: /home/csrobot/flexbe_ws/install/flexbe_msgs/include/flexbe_msgs/flexbe_msgs/msg/detail/behavior_modification__type_support.hpp
[0.592s] -- Up-to-date: /home/csrobot/flexbe_ws/install/flexbe_msgs/include/flexbe_msgs/flexbe_msgs/msg/detail/be_status__builder.hpp
[0.592s] -- Up-to-date: /home/csrobot/flexbe_ws/install/flexbe_msgs/include/flexbe_msgs/flexbe_msgs/msg/detail/behavior_request__traits.hpp
[0.592s] -- Up-to-date: /home/csrobot/flexbe_ws/install/flexbe_msgs/include/flexbe_msgs/flexbe_msgs/msg/detail/userdata_info__builder.hpp
[0.593s] -- Up-to-date: /home/csrobot/flexbe_ws/install/flexbe_msgs/include/flexbe_msgs/flexbe_msgs/msg/detail/behavior_request__builder.hpp
[0.593s] -- Up-to-date: /home/csrobot/flexbe_ws/install/flexbe_msgs/include/flexbe_msgs/flexbe_msgs/msg/detail/ui_command__builder.hpp
[0.593s] -- Up-to-date: /home/csrobot/flexbe_ws/install/flexbe_msgs/include/flexbe_msgs/flexbe_msgs/msg/detail/command_feedback__type_support.hpp
[0.593s] -- Up-to-date: /home/csrobot/flexbe_ws/install/flexbe_msgs/include/flexbe_msgs/flexbe_msgs/msg/detail/state_map_msg__type_support.hpp
[0.593s] -- Up-to-date: /home/csrobot/flexbe_ws/install/flexbe_msgs/include/flexbe_msgs/flexbe_msgs/msg/detail/container_structure__type_support.hpp
[0.593s] -- Up-to-date: /home/csrobot/flexbe_ws/install/flexbe_msgs/include/flexbe_msgs/flexbe_msgs/msg/detail/ui_command__struct.hpp
[0.593s] -- Up-to-date: /home/csrobot/flexbe_ws/install/flexbe_msgs/include/flexbe_msgs/flexbe_msgs/msg/detail/behavior_sync__traits.hpp
[0.593s] -- Up-to-date: /home/csrobot/flexbe_ws/install/flexbe_msgs/include/flexbe_msgs/flexbe_msgs/msg/detail/ui_command__type_support.hpp
[0.593s] -- Up-to-date: /home/csrobot/flexbe_ws/install/flexbe_msgs/include/flexbe_msgs/flexbe_msgs/msg/detail/behavior_sync__struct.hpp
[0.593s] -- Up-to-date: /home/csrobot/flexbe_ws/install/flexbe_msgs/include/flexbe_msgs/flexbe_msgs/msg/detail/behavior_sync__builder.hpp
[0.593s] -- Up-to-date: /home/csrobot/flexbe_ws/install/flexbe_msgs/include/flexbe_msgs/flexbe_msgs/msg/detail/synthesis_error_codes__builder.hpp
[0.593s] -- Up-to-date: /home/csrobot/flexbe_ws/install/flexbe_msgs/include/flexbe_msgs/flexbe_msgs/msg/detail/userdata_info__traits.hpp
[0.593s] -- Up-to-date: /home/csrobot/flexbe_ws/install/flexbe_msgs/include/flexbe_msgs/flexbe_msgs/msg/detail/outcome_request__traits.hpp
[0.593s] -- Up-to-date: /home/csrobot/flexbe_ws/install/flexbe_msgs/include/flexbe_msgs/flexbe_msgs/msg/detail/synthesis_error_codes__traits.hpp
[0.593s] -- Up-to-date: /home/csrobot/flexbe_ws/install/flexbe_msgs/include/flexbe_msgs/flexbe_msgs/msg/detail/behavior_log__type_support.hpp
[0.593s] -- Up-to-date: /home/csrobot/flexbe_ws/install/flexbe_msgs/include/flexbe_msgs/flexbe_msgs/msg/detail/behavior_log__builder.hpp
[0.593s] -- Up-to-date: /home/csrobot/flexbe_ws/install/flexbe_msgs/include/flexbe_msgs/flexbe_msgs/msg/detail/state_instantiation__type_support.hpp
[0.594s] -- Up-to-date: /home/csrobot/flexbe_ws/install/flexbe_msgs/include/flexbe_msgs/flexbe_msgs/msg/detail/synthesis_request__traits.hpp
[0.594s] -- Up-to-date: /home/csrobot/flexbe_ws/install/flexbe_msgs/include/flexbe_msgs/flexbe_msgs/msg/detail/container__builder.hpp
[0.594s] -- Up-to-date: /home/csrobot/flexbe_ws/install/flexbe_msgs/include/flexbe_msgs/flexbe_msgs/msg/detail/command_feedback__struct.hpp
[0.594s] -- Up-to-date: /home/csrobot/flexbe_ws/install/flexbe_msgs/include/flexbe_msgs/flexbe_msgs/msg/detail/outcome_request__struct.hpp
[0.594s] -- Up-to-date: /home/csrobot/flexbe_ws/install/flexbe_msgs/include/flexbe_msgs/flexbe_msgs/msg/detail/synthesis_request__struct.hpp
[0.594s] -- Up-to-date: /home/csrobot/flexbe_ws/install/flexbe_msgs/include/flexbe_msgs/flexbe_msgs/msg/detail/ui_command__traits.hpp
[0.594s] -- Up-to-date: /home/csrobot/flexbe_ws/install/flexbe_msgs/include/flexbe_msgs/flexbe_msgs/msg/detail/be_status__struct.hpp
[0.594s] -- Up-to-date: /home/csrobot/flexbe_ws/install/flexbe_msgs/include/flexbe_msgs/flexbe_msgs/msg/detail/behavior_selection__builder.hpp
[0.594s] -- Up-to-date: /home/csrobot/flexbe_ws/install/flexbe_msgs/include/flexbe_msgs/flexbe_msgs/msg/detail/container__type_support.hpp
[0.594s] -- Up-to-date: /home/csrobot/flexbe_ws/install/flexbe_msgs/include/flexbe_msgs/flexbe_msgs/msg/detail/behavior_log__traits.hpp
[0.594s] -- Up-to-date: /home/csrobot/flexbe_ws/install/flexbe_msgs/include/flexbe_msgs/flexbe_msgs/msg/detail/outcome_condition__traits.hpp
[0.594s] -- Up-to-date: /home/csrobot/flexbe_ws/install/flexbe_msgs/include/flexbe_msgs/flexbe_msgs/msg/detail/container_structure__builder.hpp
[0.594s] -- Up-to-date: /home/csrobot/flexbe_ws/install/flexbe_msgs/include/flexbe_msgs/flexbe_msgs/msg/detail/state_map_msg__builder.hpp
[0.594s] -- Up-to-date: /home/csrobot/flexbe_ws/install/flexbe_msgs/include/flexbe_msgs/flexbe_msgs/msg/detail/state_instantiation__struct.hpp
[0.594s] -- Up-to-date: /home/csrobot/flexbe_ws/install/flexbe_msgs/include/flexbe_msgs/flexbe_msgs/msg/detail/outcome_condition__builder.hpp
[0.594s] -- Up-to-date: /home/csrobot/flexbe_ws/install/flexbe_msgs/include/flexbe_msgs/flexbe_msgs/msg/detail/behavior_modification__builder.hpp
[0.594s] -- Up-to-date: /home/csrobot/flexbe_ws/install/flexbe_msgs/include/flexbe_msgs/flexbe_msgs/msg/detail/command_feedback__traits.hpp
[0.594s] -- Up-to-date: /home/csrobot/flexbe_ws/install/flexbe_msgs/include/flexbe_msgs/flexbe_msgs/msg/detail/behavior_sync__type_support.hpp
[0.595s] -- Up-to-date: /home/csrobot/flexbe_ws/install/flexbe_msgs/include/flexbe_msgs/flexbe_msgs/msg/detail/state_instantiation__traits.hpp
[0.595s] -- Up-to-date: /home/csrobot/flexbe_ws/install/flexbe_msgs/include/flexbe_msgs/flexbe_msgs/msg/detail/state_instantiation__builder.hpp
[0.595s] -- Up-to-date: /home/csrobot/flexbe_ws/install/flexbe_msgs/include/flexbe_msgs/flexbe_msgs/msg/detail/synthesis_error_codes__type_support.hpp
[0.595s] -- Up-to-date: /home/csrobot/flexbe_ws/install/flexbe_msgs/include/flexbe_msgs/flexbe_msgs/msg/detail/behavior_request__struct.hpp
[0.595s] -- Up-to-date: /home/csrobot/flexbe_ws/install/flexbe_msgs/include/flexbe_msgs/flexbe_msgs/msg/detail/outcome_request__type_support.hpp
[0.595s] -- Up-to-date: /home/csrobot/flexbe_ws/install/flexbe_msgs/include/flexbe_msgs/flexbe_msgs/msg/detail/outcome_condition__type_support.hpp
[0.595s] -- Up-to-date: /home/csrobot/flexbe_ws/install/flexbe_msgs/include/flexbe_msgs/flexbe_msgs/msg/detail/container_structure__traits.hpp
[0.595s] -- Up-to-date: /home/csrobot/flexbe_ws/install/flexbe_msgs/include/flexbe_msgs/flexbe_msgs/msg/detail/be_status__traits.hpp
[0.595s] -- Up-to-date: /home/csrobot/flexbe_ws/install/flexbe_msgs/include/flexbe_msgs/flexbe_msgs/msg/detail/userdata_info__type_support.hpp
[0.595s] -- Up-to-date: /home/csrobot/flexbe_ws/install/flexbe_msgs/include/flexbe_msgs/flexbe_msgs/msg/detail/state_map_msg__struct.hpp
[0.595s] -- Up-to-date: /home/csrobot/flexbe_ws/install/flexbe_msgs/include/flexbe_msgs/flexbe_msgs/msg/detail/outcome_request__builder.hpp
[0.595s] -- Up-to-date: /home/csrobot/flexbe_ws/install/flexbe_msgs/include/flexbe_msgs/flexbe_msgs/msg/detail/container_structure__struct.hpp
[0.595s] -- Up-to-date: /home/csrobot/flexbe_ws/install/flexbe_msgs/include/flexbe_msgs/flexbe_msgs/msg/detail/container__struct.hpp
[0.595s] -- Up-to-date: /home/csrobot/flexbe_ws/install/flexbe_msgs/include/flexbe_msgs/flexbe_msgs/msg/detail/outcome_condition__struct.hpp
[0.595s] -- Up-to-date: /home/csrobot/flexbe_ws/install/flexbe_msgs/include/flexbe_msgs/flexbe_msgs/msg/detail/synthesis_error_codes__struct.hpp
[0.595s] -- Up-to-date: /home/csrobot/flexbe_ws/install/flexbe_msgs/include/flexbe_msgs/flexbe_msgs/msg/detail/be_status__type_support.hpp
[0.595s] -- Up-to-date: /home/csrobot/flexbe_ws/install/flexbe_msgs/include/flexbe_msgs/flexbe_msgs/msg/be_status.hpp
[0.596s] -- Up-to-date: /home/csrobot/flexbe_ws/install/flexbe_msgs/include/flexbe_msgs/flexbe_msgs/msg/outcome_condition.hpp
[0.596s] -- Up-to-date: /home/csrobot/flexbe_ws/install/flexbe_msgs/include/flexbe_msgs/flexbe_msgs/srv
[0.596s] -- Up-to-date: /home/csrobot/flexbe_ws/install/flexbe_msgs/include/flexbe_msgs/flexbe_msgs/srv/get_userdata.hpp
[0.596s] -- Up-to-date: /home/csrobot/flexbe_ws/install/flexbe_msgs/include/flexbe_msgs/flexbe_msgs/srv/detail
[0.596s] -- Up-to-date: /home/csrobot/flexbe_ws/install/flexbe_msgs/include/flexbe_msgs/flexbe_msgs/srv/detail/get_userdata__traits.hpp
[0.596s] -- Up-to-date: /home/csrobot/flexbe_ws/install/flexbe_msgs/include/flexbe_msgs/flexbe_msgs/srv/detail/get_userdata__builder.hpp
[0.596s] -- Up-to-date: /home/csrobot/flexbe_ws/install/flexbe_msgs/include/flexbe_msgs/flexbe_msgs/srv/detail/get_userdata__struct.hpp
[0.596s] -- Up-to-date: /home/csrobot/flexbe_ws/install/flexbe_msgs/include/flexbe_msgs/flexbe_msgs/srv/detail/get_userdata__type_support.hpp
[0.596s] -- Up-to-date: /home/csrobot/flexbe_ws/install/flexbe_msgs/include/flexbe_msgs/flexbe_msgs/action
[0.596s] -- Up-to-date: /home/csrobot/flexbe_ws/install/flexbe_msgs/include/flexbe_msgs/flexbe_msgs/action/behavior_synthesis.hpp
[0.596s] -- Up-to-date: /home/csrobot/flexbe_ws/install/flexbe_msgs/include/flexbe_msgs/flexbe_msgs/action/behavior_input.hpp
[0.596s] -- Up-to-date: /home/csrobot/flexbe_ws/install/flexbe_msgs/include/flexbe_msgs/flexbe_msgs/action/detail
[0.596s] -- Up-to-date: /home/csrobot/flexbe_ws/install/flexbe_msgs/include/flexbe_msgs/flexbe_msgs/action/detail/behavior_synthesis__builder.hpp
[0.596s] -- Up-to-date: /home/csrobot/flexbe_ws/install/flexbe_msgs/include/flexbe_msgs/flexbe_msgs/action/detail/behavior_synthesis__struct.hpp
[0.596s] -- Up-to-date: /home/csrobot/flexbe_ws/install/flexbe_msgs/include/flexbe_msgs/flexbe_msgs/action/detail/behavior_execution__builder.hpp
[0.596s] -- Up-to-date: /home/csrobot/flexbe_ws/install/flexbe_msgs/include/flexbe_msgs/flexbe_msgs/action/detail/behavior_synthesis__type_support.hpp
[0.596s] -- Up-to-date: /home/csrobot/flexbe_ws/install/flexbe_msgs/include/flexbe_msgs/flexbe_msgs/action/detail/behavior_execution__traits.hpp
[0.597s] -- Up-to-date: /home/csrobot/flexbe_ws/install/flexbe_msgs/include/flexbe_msgs/flexbe_msgs/action/detail/behavior_input__builder.hpp
[0.597s] -- Up-to-date: /home/csrobot/flexbe_ws/install/flexbe_msgs/include/flexbe_msgs/flexbe_msgs/action/detail/behavior_execution__type_support.hpp
[0.597s] -- Up-to-date: /home/csrobot/flexbe_ws/install/flexbe_msgs/include/flexbe_msgs/flexbe_msgs/action/detail/behavior_execution__struct.hpp
[0.597s] -- Up-to-date: /home/csrobot/flexbe_ws/install/flexbe_msgs/include/flexbe_msgs/flexbe_msgs/action/detail/behavior_input__struct.hpp
[0.597s] -- Up-to-date: /home/csrobot/flexbe_ws/install/flexbe_msgs/include/flexbe_msgs/flexbe_msgs/action/detail/behavior_input__traits.hpp
[0.597s] -- Up-to-date: /home/csrobot/flexbe_ws/install/flexbe_msgs/include/flexbe_msgs/flexbe_msgs/action/detail/behavior_synthesis__traits.hpp
[0.597s] -- Up-to-date: /home/csrobot/flexbe_ws/install/flexbe_msgs/include/flexbe_msgs/flexbe_msgs/action/detail/behavior_input__type_support.hpp
[0.597s] -- Up-to-date: /home/csrobot/flexbe_ws/install/flexbe_msgs/include/flexbe_msgs/flexbe_msgs/action/behavior_execution.hpp
[0.597s] -- Up-to-date: /home/csrobot/flexbe_ws/install/flexbe_msgs/include/flexbe_msgs/flexbe_msgs
[0.597s] -- Up-to-date: /home/csrobot/flexbe_ws/install/flexbe_msgs/include/flexbe_msgs/flexbe_msgs/msg
[0.597s] -- Up-to-date: /home/csrobot/flexbe_ws/install/flexbe_msgs/include/flexbe_msgs/flexbe_msgs/msg/rosidl_typesupport_fastrtps_cpp__visibility_control.h
[0.597s] -- Up-to-date: /home/csrobot/flexbe_ws/install/flexbe_msgs/include/flexbe_msgs/flexbe_msgs/msg/detail
[0.597s] -- Up-to-date: /home/csrobot/flexbe_ws/install/flexbe_msgs/include/flexbe_msgs/flexbe_msgs/msg/detail/state_instantiation__rosidl_typesupport_fastrtps_cpp.hpp
[0.597s] -- Up-to-date: /home/csrobot/flexbe_ws/install/flexbe_msgs/include/flexbe_msgs/flexbe_msgs/msg/detail/userdata_info__rosidl_typesupport_fastrtps_cpp.hpp
[0.597s] -- Up-to-date: /home/csrobot/flexbe_ws/install/flexbe_msgs/include/flexbe_msgs/flexbe_msgs/msg/detail/behavior_sync__rosidl_typesupport_fastrtps_cpp.hpp
[0.597s] -- Up-to-date: /home/csrobot/flexbe_ws/install/flexbe_msgs/include/flexbe_msgs/flexbe_msgs/msg/detail/synthesis_request__rosidl_typesupport_fastrtps_cpp.hpp
[0.597s] -- Up-to-date: /home/csrobot/flexbe_ws/install/flexbe_msgs/include/flexbe_msgs/flexbe_msgs/msg/detail/behavior_selection__rosidl_typesupport_fastrtps_cpp.hpp
[0.598s] -- Up-to-date: /home/csrobot/flexbe_ws/install/flexbe_msgs/include/flexbe_msgs/flexbe_msgs/msg/detail/container_structure__rosidl_typesupport_fastrtps_cpp.hpp
[0.598s] -- Up-to-date: /home/csrobot/flexbe_ws/install/flexbe_msgs/include/flexbe_msgs/flexbe_msgs/msg/detail/state_map_msg__rosidl_typesupport_fastrtps_cpp.hpp
[0.598s] -- Up-to-date: /home/csrobot/flexbe_ws/install/flexbe_msgs/include/flexbe_msgs/flexbe_msgs/msg/detail/behavior_log__rosidl_typesupport_fastrtps_cpp.hpp
[0.598s] -- Up-to-date: /home/csrobot/flexbe_ws/install/flexbe_msgs/include/flexbe_msgs/flexbe_msgs/msg/detail/outcome_condition__rosidl_typesupport_fastrtps_cpp.hpp
[0.598s] -- Up-to-date: /home/csrobot/flexbe_ws/install/flexbe_msgs/include/flexbe_msgs/flexbe_msgs/msg/detail/behavior_request__rosidl_typesupport_fastrtps_cpp.hpp
[0.598s] -- Up-to-date: /home/csrobot/flexbe_ws/install/flexbe_msgs/include/flexbe_msgs/flexbe_msgs/msg/detail/command_feedback__rosidl_typesupport_fastrtps_cpp.hpp
[0.598s] -- Up-to-date: /home/csrobot/flexbe_ws/install/flexbe_msgs/include/flexbe_msgs/flexbe_msgs/msg/detail/synthesis_error_codes__rosidl_typesupport_fastrtps_cpp.hpp
[0.598s] -- Up-to-date: /home/csrobot/flexbe_ws/install/flexbe_msgs/include/flexbe_msgs/flexbe_msgs/msg/detail/dds_fastrtps
[0.598s] -- Up-to-date: /home/csrobot/flexbe_ws/install/flexbe_msgs/include/flexbe_msgs/flexbe_msgs/msg/detail/container__rosidl_typesupport_fastrtps_cpp.hpp
[0.598s] -- Up-to-date: /home/csrobot/flexbe_ws/install/flexbe_msgs/include/flexbe_msgs/flexbe_msgs/msg/detail/ui_command__rosidl_typesupport_fastrtps_cpp.hpp
[0.598s] -- Up-to-date: /home/csrobot/flexbe_ws/install/flexbe_msgs/include/flexbe_msgs/flexbe_msgs/msg/detail/outcome_request__rosidl_typesupport_fastrtps_cpp.hpp
[0.598s] -- Up-to-date: /home/csrobot/flexbe_ws/install/flexbe_msgs/include/flexbe_msgs/flexbe_msgs/msg/detail/be_status__rosidl_typesupport_fastrtps_cpp.hpp
[0.598s] -- Up-to-date: /home/csrobot/flexbe_ws/install/flexbe_msgs/include/flexbe_msgs/flexbe_msgs/msg/detail/behavior_modification__rosidl_typesupport_fastrtps_cpp.hpp
[0.598s] -- Up-to-date: /home/csrobot/flexbe_ws/install/flexbe_msgs/include/flexbe_msgs/flexbe_msgs/srv
[0.598s] -- Up-to-date: /home/csrobot/flexbe_ws/install/flexbe_msgs/include/flexbe_msgs/flexbe_msgs/srv/detail
[0.598s] -- Up-to-date: /home/csrobot/flexbe_ws/install/flexbe_msgs/include/flexbe_msgs/flexbe_msgs/srv/detail/dds_fastrtps
[0.598s] -- Up-to-date: /home/csrobot/flexbe_ws/install/flexbe_msgs/include/flexbe_msgs/flexbe_msgs/srv/detail/get_userdata__rosidl_typesupport_fastrtps_cpp.hpp
[0.599s] -- Up-to-date: /home/csrobot/flexbe_ws/install/flexbe_msgs/include/flexbe_msgs/flexbe_msgs/action
[0.599s] -- Up-to-date: /home/csrobot/flexbe_ws/install/flexbe_msgs/include/flexbe_msgs/flexbe_msgs/action/detail
[0.599s] -- Up-to-date: /home/csrobot/flexbe_ws/install/flexbe_msgs/include/flexbe_msgs/flexbe_msgs/action/detail/behavior_synthesis__rosidl_typesupport_fastrtps_cpp.hpp
[0.599s] -- Up-to-date: /home/csrobot/flexbe_ws/install/flexbe_msgs/include/flexbe_msgs/flexbe_msgs/action/detail/behavior_execution__rosidl_typesupport_fastrtps_cpp.hpp
[0.599s] -- Up-to-date: /home/csrobot/flexbe_ws/install/flexbe_msgs/include/flexbe_msgs/flexbe_msgs/action/detail/dds_fastrtps
[0.599s] -- Up-to-date: /home/csrobot/flexbe_ws/install/flexbe_msgs/include/flexbe_msgs/flexbe_msgs/action/detail/behavior_input__rosidl_typesupport_fastrtps_cpp.hpp
[0.599s] -- Up-to-date: /home/csrobot/flexbe_ws/install/flexbe_msgs/lib/libflexbe_msgs__rosidl_typesupport_fastrtps_cpp.so
[0.599s] -- Up-to-date: /home/csrobot/flexbe_ws/install/flexbe_msgs/include/flexbe_msgs/flexbe_msgs
[0.599s] -- Up-to-date: /home/csrobot/flexbe_ws/install/flexbe_msgs/include/flexbe_msgs/flexbe_msgs/msg
[0.599s] -- Up-to-date: /home/csrobot/flexbe_ws/install/flexbe_msgs/include/flexbe_msgs/flexbe_msgs/msg/detail
[0.599s] -- Up-to-date: /home/csrobot/flexbe_ws/install/flexbe_msgs/include/flexbe_msgs/flexbe_msgs/msg/detail/outcome_condition__rosidl_typesupport_introspection_cpp.hpp
[0.599s] -- Up-to-date: /home/csrobot/flexbe_ws/install/flexbe_msgs/include/flexbe_msgs/flexbe_msgs/msg/detail/behavior_sync__type_support.cpp
[0.599s] -- Up-to-date: /home/csrobot/flexbe_ws/install/flexbe_msgs/include/flexbe_msgs/flexbe_msgs/msg/detail/state_instantiation__rosidl_typesupport_introspection_cpp.hpp
[0.599s] -- Up-to-date: /home/csrobot/flexbe_ws/install/flexbe_msgs/include/flexbe_msgs/flexbe_msgs/msg/detail/ui_command__type_support.cpp
[0.599s] -- Up-to-date: /home/csrobot/flexbe_ws/install/flexbe_msgs/include/flexbe_msgs/flexbe_msgs/msg/detail/state_map_msg__rosidl_typesupport_introspection_cpp.hpp
[0.599s] -- Up-to-date: /home/csrobot/flexbe_ws/install/flexbe_msgs/include/flexbe_msgs/flexbe_msgs/msg/detail/be_status__type_support.cpp
[0.599s] -- Up-to-date: /home/csrobot/flexbe_ws/install/flexbe_msgs/include/flexbe_msgs/flexbe_msgs/msg/detail/behavior_log__rosidl_typesupport_introspection_cpp.hpp
[0.600s] -- Up-to-date: /home/csrobot/flexbe_ws/install/flexbe_msgs/include/flexbe_msgs/flexbe_msgs/msg/detail/command_feedback__type_support.cpp
[0.600s] -- Up-to-date: /home/csrobot/flexbe_ws/install/flexbe_msgs/include/flexbe_msgs/flexbe_msgs/msg/detail/userdata_info__type_support.cpp
[0.600s] -- Up-to-date: /home/csrobot/flexbe_ws/install/flexbe_msgs/include/flexbe_msgs/flexbe_msgs/msg/detail/synthesis_error_codes__type_support.cpp
[0.600s] -- Up-to-date: /home/csrobot/flexbe_ws/install/flexbe_msgs/include/flexbe_msgs/flexbe_msgs/msg/detail/container__type_support.cpp
[0.600s] -- Up-to-date: /home/csrobot/flexbe_ws/install/flexbe_msgs/include/flexbe_msgs/flexbe_msgs/msg/detail/outcome_request__rosidl_typesupport_introspection_cpp.hpp
[0.600s] -- Up-to-date: /home/csrobot/flexbe_ws/install/flexbe_msgs/include/flexbe_msgs/flexbe_msgs/msg/detail/synthesis_error_codes__rosidl_typesupport_introspection_cpp.hpp
[0.600s] -- Up-to-date: /home/csrobot/flexbe_ws/install/flexbe_msgs/include/flexbe_msgs/flexbe_msgs/msg/detail/container_structure__type_support.cpp
[0.600s] -- Up-to-date: /home/csrobot/flexbe_ws/install/flexbe_msgs/include/flexbe_msgs/flexbe_msgs/msg/detail/userdata_info__rosidl_typesupport_introspection_cpp.hpp
[0.600s] -- Up-to-date: /home/csrobot/flexbe_ws/install/flexbe_msgs/include/flexbe_msgs/flexbe_msgs/msg/detail/behavior_sync__rosidl_typesupport_introspection_cpp.hpp
[0.600s] -- Up-to-date: /home/csrobot/flexbe_ws/install/flexbe_msgs/include/flexbe_msgs/flexbe_msgs/msg/detail/synthesis_request__type_support.cpp
[0.600s] -- Up-to-date: /home/csrobot/flexbe_ws/install/flexbe_msgs/include/flexbe_msgs/flexbe_msgs/msg/detail/container__rosidl_typesupport_introspection_cpp.hpp
[0.600s] -- Up-to-date: /home/csrobot/flexbe_ws/install/flexbe_msgs/include/flexbe_msgs/flexbe_msgs/msg/detail/behavior_request__rosidl_typesupport_introspection_cpp.hpp
[0.600s] -- Up-to-date: /home/csrobot/flexbe_ws/install/flexbe_msgs/include/flexbe_msgs/flexbe_msgs/msg/detail/behavior_modification__rosidl_typesupport_introspection_cpp.hpp
[0.600s] -- Up-to-date: /home/csrobot/flexbe_ws/install/flexbe_msgs/include/flexbe_msgs/flexbe_msgs/msg/detail/behavior_request__type_support.cpp
[0.600s] -- Up-to-date: /home/csrobot/flexbe_ws/install/flexbe_msgs/include/flexbe_msgs/flexbe_msgs/msg/detail/state_map_msg__type_support.cpp
[0.600s] -- Up-to-date: /home/csrobot/flexbe_ws/install/flexbe_msgs/include/flexbe_msgs/flexbe_msgs/msg/detail/behavior_selection__rosidl_typesupport_introspection_cpp.hpp
[0.601s] -- Up-to-date: /home/csrobot/flexbe_ws/install/flexbe_msgs/include/flexbe_msgs/flexbe_msgs/msg/detail/outcome_request__type_support.cpp
[0.601s] -- Up-to-date: /home/csrobot/flexbe_ws/install/flexbe_msgs/include/flexbe_msgs/flexbe_msgs/msg/detail/be_status__rosidl_typesupport_introspection_cpp.hpp
[0.601s] -- Up-to-date: /home/csrobot/flexbe_ws/install/flexbe_msgs/include/flexbe_msgs/flexbe_msgs/msg/detail/ui_command__rosidl_typesupport_introspection_cpp.hpp
[0.601s] -- Up-to-date: /home/csrobot/flexbe_ws/install/flexbe_msgs/include/flexbe_msgs/flexbe_msgs/msg/detail/synthesis_request__rosidl_typesupport_introspection_cpp.hpp
[0.601s] -- Up-to-date: /home/csrobot/flexbe_ws/install/flexbe_msgs/include/flexbe_msgs/flexbe_msgs/msg/detail/state_instantiation__type_support.cpp
[0.601s] -- Up-to-date: /home/csrobot/flexbe_ws/install/flexbe_msgs/include/flexbe_msgs/flexbe_msgs/msg/detail/behavior_selection__type_support.cpp
[0.601s] -- Up-to-date: /home/csrobot/flexbe_ws/install/flexbe_msgs/include/flexbe_msgs/flexbe_msgs/msg/detail/command_feedback__rosidl_typesupport_introspection_cpp.hpp
[0.601s] -- Up-to-date: /home/csrobot/flexbe_ws/install/flexbe_msgs/include/flexbe_msgs/flexbe_msgs/msg/detail/container_structure__rosidl_typesupport_introspection_cpp.hpp
[0.601s] -- Up-to-date: /home/csrobot/flexbe_ws/install/flexbe_msgs/include/flexbe_msgs/flexbe_msgs/msg/detail/behavior_modification__type_support.cpp
[0.601s] -- Up-to-date: /home/csrobot/flexbe_ws/install/flexbe_msgs/include/flexbe_msgs/flexbe_msgs/msg/detail/behavior_log__type_support.cpp
[0.601s] -- Up-to-date: /home/csrobot/flexbe_ws/install/flexbe_msgs/include/flexbe_msgs/flexbe_msgs/msg/detail/outcome_condition__type_support.cpp
[0.601s] -- Up-to-date: /home/csrobot/flexbe_ws/install/flexbe_msgs/include/flexbe_msgs/flexbe_msgs/srv
[0.601s] -- Up-to-date: /home/csrobot/flexbe_ws/install/flexbe_msgs/include/flexbe_msgs/flexbe_msgs/srv/detail
[0.601s] -- Up-to-date: /home/csrobot/flexbe_ws/install/flexbe_msgs/include/flexbe_msgs/flexbe_msgs/srv/detail/get_userdata__type_support.cpp
[0.601s] -- Up-to-date: /home/csrobot/flexbe_ws/install/flexbe_msgs/include/flexbe_msgs/flexbe_msgs/srv/detail/get_userdata__rosidl_typesupport_introspection_cpp.hpp
[0.601s] -- Up-to-date: /home/csrobot/flexbe_ws/install/flexbe_msgs/include/flexbe_msgs/flexbe_msgs/action
[0.601s] -- Up-to-date: /home/csrobot/flexbe_ws/install/flexbe_msgs/include/flexbe_msgs/flexbe_msgs/action/detail
[0.602s] -- Up-to-date: /home/csrobot/flexbe_ws/install/flexbe_msgs/include/flexbe_msgs/flexbe_msgs/action/detail/behavior_input__type_support.cpp
[0.602s] -- Up-to-date: /home/csrobot/flexbe_ws/install/flexbe_msgs/include/flexbe_msgs/flexbe_msgs/action/detail/behavior_synthesis__type_support.cpp
[0.602s] -- Up-to-date: /home/csrobot/flexbe_ws/install/flexbe_msgs/include/flexbe_msgs/flexbe_msgs/action/detail/behavior_execution__type_support.cpp
[0.602s] -- Up-to-date: /home/csrobot/flexbe_ws/install/flexbe_msgs/include/flexbe_msgs/flexbe_msgs/action/detail/behavior_synthesis__rosidl_typesupport_introspection_cpp.hpp
[0.602s] -- Up-to-date: /home/csrobot/flexbe_ws/install/flexbe_msgs/include/flexbe_msgs/flexbe_msgs/action/detail/behavior_input__rosidl_typesupport_introspection_cpp.hpp
[0.602s] -- Up-to-date: /home/csrobot/flexbe_ws/install/flexbe_msgs/include/flexbe_msgs/flexbe_msgs/action/detail/behavior_execution__rosidl_typesupport_introspection_cpp.hpp
[0.602s] -- Up-to-date: /home/csrobot/flexbe_ws/install/flexbe_msgs/lib/libflexbe_msgs__rosidl_typesupport_introspection_cpp.so
[0.602s] -- Up-to-date: /home/csrobot/flexbe_ws/install/flexbe_msgs/lib/libflexbe_msgs__rosidl_typesupport_cpp.so
[0.602s] -- Up-to-date: /home/csrobot/flexbe_ws/install/flexbe_msgs/share/flexbe_msgs/environment/pythonpath.sh
[0.602s] -- Up-to-date: /home/csrobot/flexbe_ws/install/flexbe_msgs/share/flexbe_msgs/environment/pythonpath.dsv
[0.602s] -- Up-to-date: /home/csrobot/flexbe_ws/install/flexbe_msgs/lib/python3.12/site-packages/flexbe_msgs-4.0.1-py3.12.egg-info
[0.602s] -- Installing: /home/csrobot/flexbe_ws/install/flexbe_msgs/lib/python3.12/site-packages/flexbe_msgs-4.0.1-py3.12.egg-info/dependency_links.txt
[0.602s] -- Installing: /home/csrobot/flexbe_ws/install/flexbe_msgs/lib/python3.12/site-packages/flexbe_msgs-4.0.1-py3.12.egg-info/top_level.txt
[0.602s] -- Installing: /home/csrobot/flexbe_ws/install/flexbe_msgs/lib/python3.12/site-packages/flexbe_msgs-4.0.1-py3.12.egg-info/SOURCES.txt
[0.602s] -- Installing: /home/csrobot/flexbe_ws/install/flexbe_msgs/lib/python3.12/site-packages/flexbe_msgs-4.0.1-py3.12.egg-info/PKG-INFO
[0.602s] -- Up-to-date: /home/csrobot/flexbe_ws/install/flexbe_msgs/lib/python3.12/site-packages/flexbe_msgs
[0.603s] -- Up-to-date: /home/csrobot/flexbe_ws/install/flexbe_msgs/lib/python3.12/site-packages/flexbe_msgs/_flexbe_msgs_s.ep.rosidl_typesupport_fastrtps_c.c
[0.603s] -- Up-to-date: /home/csrobot/flexbe_ws/install/flexbe_msgs/lib/python3.12/site-packages/flexbe_msgs/flexbe_msgs_s__rosidl_typesupport_c.so
[0.603s] -- Up-to-date: /home/csrobot/flexbe_ws/install/flexbe_msgs/lib/python3.12/site-packages/flexbe_msgs/msg
[0.603s] -- Up-to-date: /home/csrobot/flexbe_ws/install/flexbe_msgs/lib/python3.12/site-packages/flexbe_msgs/msg/_behavior_sync_s.c
[0.603s] -- Up-to-date: /home/csrobot/flexbe_ws/install/flexbe_msgs/lib/python3.12/site-packages/flexbe_msgs/msg/_behavior_log.py
[0.603s] -- Up-to-date: /home/csrobot/flexbe_ws/install/flexbe_msgs/lib/python3.12/site-packages/flexbe_msgs/msg/_container_s.c
[0.603s] -- Up-to-date: /home/csrobot/flexbe_ws/install/flexbe_msgs/lib/python3.12/site-packages/flexbe_msgs/msg/_behavior_request.py
[0.603s] -- Up-to-date: /home/csrobot/flexbe_ws/install/flexbe_msgs/lib/python3.12/site-packages/flexbe_msgs/msg/_outcome_request_s.c
[0.603s] -- Up-to-date: /home/csrobot/flexbe_ws/install/flexbe_msgs/lib/python3.12/site-packages/flexbe_msgs/msg/_container.py
[0.603s] -- Up-to-date: /home/csrobot/flexbe_ws/install/flexbe_msgs/lib/python3.12/site-packages/flexbe_msgs/msg/_outcome_request.py
[0.603s] -- Up-to-date: /home/csrobot/flexbe_ws/install/flexbe_msgs/lib/python3.12/site-packages/flexbe_msgs/msg/_synthesis_error_codes_s.c
[0.603s] -- Up-to-date: /home/csrobot/flexbe_ws/install/flexbe_msgs/lib/python3.12/site-packages/flexbe_msgs/msg/_state_map_msg_s.c
[0.603s] -- Up-to-date: /home/csrobot/flexbe_ws/install/flexbe_msgs/lib/python3.12/site-packages/flexbe_msgs/msg/_behavior_modification_s.c
[0.603s] -- Up-to-date: /home/csrobot/flexbe_ws/install/flexbe_msgs/lib/python3.12/site-packages/flexbe_msgs/msg/_behavior_selection.py
[0.603s] -- Up-to-date: /home/csrobot/flexbe_ws/install/flexbe_msgs/lib/python3.12/site-packages/flexbe_msgs/msg/_behavior_selection_s.c
[0.603s] -- Up-to-date: /home/csrobot/flexbe_ws/install/flexbe_msgs/lib/python3.12/site-packages/flexbe_msgs/msg/_synthesis_error_codes.py
[0.604s] -- Up-to-date: /home/csrobot/flexbe_ws/install/flexbe_msgs/lib/python3.12/site-packages/flexbe_msgs/msg/_container_structure.py
[0.604s] -- Up-to-date: /home/csrobot/flexbe_ws/install/flexbe_msgs/lib/python3.12/site-packages/flexbe_msgs/msg/_command_feedback_s.c
[0.604s] -- Up-to-date: /home/csrobot/flexbe_ws/install/flexbe_msgs/lib/python3.12/site-packages/flexbe_msgs/msg/_behavior_sync.py
[0.604s] -- Up-to-date: /home/csrobot/flexbe_ws/install/flexbe_msgs/lib/python3.12/site-packages/flexbe_msgs/msg/_ui_command_s.c
[0.604s] -- Up-to-date: /home/csrobot/flexbe_ws/install/flexbe_msgs/lib/python3.12/site-packages/flexbe_msgs/msg/_userdata_info_s.c
[0.604s] -- Up-to-date: /home/csrobot/flexbe_ws/install/flexbe_msgs/lib/python3.12/site-packages/flexbe_msgs/msg/__init__.py
[0.604s] -- Up-to-date: /home/csrobot/flexbe_ws/install/flexbe_msgs/lib/python3.12/site-packages/flexbe_msgs/msg/_be_status.py
[0.604s] -- Up-to-date: /home/csrobot/flexbe_ws/install/flexbe_msgs/lib/python3.12/site-packages/flexbe_msgs/msg/_outcome_condition_s.c
[0.604s] -- Up-to-date: /home/csrobot/flexbe_ws/install/flexbe_msgs/lib/python3.12/site-packages/flexbe_msgs/msg/_userdata_info.py
[0.604s] -- Up-to-date: /home/csrobot/flexbe_ws/install/flexbe_msgs/lib/python3.12/site-packages/flexbe_msgs/msg/_state_instantiation_s.c
[0.604s] -- Up-to-date: /home/csrobot/flexbe_ws/install/flexbe_msgs/lib/python3.12/site-packages/flexbe_msgs/msg/_synthesis_request_s.c
[0.604s] -- Up-to-date: /home/csrobot/flexbe_ws/install/flexbe_msgs/lib/python3.12/site-packages/flexbe_msgs/msg/_container_structure_s.c
[0.604s] -- Up-to-date: /home/csrobot/flexbe_ws/install/flexbe_msgs/lib/python3.12/site-packages/flexbe_msgs/msg/_outcome_condition.py
[0.604s] -- Up-to-date: /home/csrobot/flexbe_ws/install/flexbe_msgs/lib/python3.12/site-packages/flexbe_msgs/msg/_behavior_request_s.c
[0.604s] -- Up-to-date: /home/csrobot/flexbe_ws/install/flexbe_msgs/lib/python3.12/site-packages/flexbe_msgs/msg/_ui_command.py
[0.605s] -- Up-to-date: /home/csrobot/flexbe_ws/install/flexbe_msgs/lib/python3.12/site-packages/flexbe_msgs/msg/_command_feedback.py
[0.605s] -- Up-to-date: /home/csrobot/flexbe_ws/install/flexbe_msgs/lib/python3.12/site-packages/flexbe_msgs/msg/_behavior_log_s.c
[0.605s] -- Up-to-date: /home/csrobot/flexbe_ws/install/flexbe_msgs/lib/python3.12/site-packages/flexbe_msgs/msg/_synthesis_request.py
[0.605s] -- Up-to-date: /home/csrobot/flexbe_ws/install/flexbe_msgs/lib/python3.12/site-packages/flexbe_msgs/msg/_state_instantiation.py
[0.605s] -- Up-to-date: /home/csrobot/flexbe_ws/install/flexbe_msgs/lib/python3.12/site-packages/flexbe_msgs/msg/_be_status_s.c
[0.605s] -- Up-to-date: /home/csrobot/flexbe_ws/install/flexbe_msgs/lib/python3.12/site-packages/flexbe_msgs/msg/_behavior_modification.py
[0.605s] -- Up-to-date: /home/csrobot/flexbe_ws/install/flexbe_msgs/lib/python3.12/site-packages/flexbe_msgs/msg/_state_map_msg.py
[0.605s] -- Up-to-date: /home/csrobot/flexbe_ws/install/flexbe_msgs/lib/python3.12/site-packages/flexbe_msgs/flexbe_msgs_s__rosidl_typesupport_introspection_c.so
[0.605s] -- Up-to-date: /home/csrobot/flexbe_ws/install/flexbe_msgs/lib/python3.12/site-packages/flexbe_msgs/__init__.py
[0.605s] -- Up-to-date: /home/csrobot/flexbe_ws/install/flexbe_msgs/lib/python3.12/site-packages/flexbe_msgs/_flexbe_msgs_s.ep.rosidl_typesupport_c.c
[0.605s] -- Up-to-date: /home/csrobot/flexbe_ws/install/flexbe_msgs/lib/python3.12/site-packages/flexbe_msgs/_flexbe_msgs_s.ep.rosidl_typesupport_introspection_c.c
[0.605s] -- Up-to-date: /home/csrobot/flexbe_ws/install/flexbe_msgs/lib/python3.12/site-packages/flexbe_msgs/flexbe_msgs_s__rosidl_typesupport_fastrtps_c.so
[0.605s] -- Up-to-date: /home/csrobot/flexbe_ws/install/flexbe_msgs/lib/python3.12/site-packages/flexbe_msgs/srv
[0.605s] -- Up-to-date: /home/csrobot/flexbe_ws/install/flexbe_msgs/lib/python3.12/site-packages/flexbe_msgs/srv/_get_userdata_s.c
[0.605s] -- Up-to-date: /home/csrobot/flexbe_ws/install/flexbe_msgs/lib/python3.12/site-packages/flexbe_msgs/srv/__init__.py
[0.606s] -- Up-to-date: /home/csrobot/flexbe_ws/install/flexbe_msgs/lib/python3.12/site-packages/flexbe_msgs/srv/_get_userdata.py
[0.606s] -- Up-to-date: /home/csrobot/flexbe_ws/install/flexbe_msgs/lib/python3.12/site-packages/flexbe_msgs/action
[0.606s] -- Up-to-date: /home/csrobot/flexbe_ws/install/flexbe_msgs/lib/python3.12/site-packages/flexbe_msgs/action/_behavior_synthesis.py
[0.606s] -- Up-to-date: /home/csrobot/flexbe_ws/install/flexbe_msgs/lib/python3.12/site-packages/flexbe_msgs/action/_behavior_input_s.c
[0.606s] -- Up-to-date: /home/csrobot/flexbe_ws/install/flexbe_msgs/lib/python3.12/site-packages/flexbe_msgs/action/_behavior_input.py
[0.606s] -- Up-to-date: /home/csrobot/flexbe_ws/install/flexbe_msgs/lib/python3.12/site-packages/flexbe_msgs/action/__init__.py
[0.606s] -- Up-to-date: /home/csrobot/flexbe_ws/install/flexbe_msgs/lib/python3.12/site-packages/flexbe_msgs/action/_behavior_execution_s.c
[0.606s] -- Up-to-date: /home/csrobot/flexbe_ws/install/flexbe_msgs/lib/python3.12/site-packages/flexbe_msgs/action/_behavior_execution.py
[0.606s] -- Up-to-date: /home/csrobot/flexbe_ws/install/flexbe_msgs/lib/python3.12/site-packages/flexbe_msgs/action/_behavior_synthesis_s.c
[0.612s] Listing '/home/csrobot/flexbe_ws/install/flexbe_msgs/lib/python3.12/site-packages/flexbe_msgs'...
[0.612s] Listing '/home/csrobot/flexbe_ws/install/flexbe_msgs/lib/python3.12/site-packages/flexbe_msgs/action'...
[0.612s] Listing '/home/csrobot/flexbe_ws/install/flexbe_msgs/lib/python3.12/site-packages/flexbe_msgs/msg'...
[0.612s] Listing '/home/csrobot/flexbe_ws/install/flexbe_msgs/lib/python3.12/site-packages/flexbe_msgs/srv'...
[0.613s] -- Up-to-date: /home/csrobot/flexbe_ws/install/flexbe_msgs/lib/python3.12/site-packages/flexbe_msgs/flexbe_msgs_s__rosidl_typesupport_fastrtps_c.so
[0.613s] -- Up-to-date: /home/csrobot/flexbe_ws/install/flexbe_msgs/lib/python3.12/site-packages/flexbe_msgs/flexbe_msgs_s__rosidl_typesupport_introspection_c.so
[0.613s] -- Up-to-date: /home/csrobot/flexbe_ws/install/flexbe_msgs/lib/python3.12/site-packages/flexbe_msgs/flexbe_msgs_s__rosidl_typesupport_c.so
[0.613s] -- Up-to-date: /home/csrobot/flexbe_ws/install/flexbe_msgs/lib/libflexbe_msgs__rosidl_generator_py.so
[0.613s] -- Up-to-date: /home/csrobot/flexbe_ws/install/flexbe_msgs/share/flexbe_msgs/msg/BEStatus.idl
[0.613s] -- Up-to-date: /home/csrobot/flexbe_ws/install/flexbe_msgs/share/flexbe_msgs/msg/BehaviorLog.idl
[0.613s] -- Up-to-date: /home/csrobot/flexbe_ws/install/flexbe_msgs/share/flexbe_msgs/msg/BehaviorModification.idl
[0.613s] -- Up-to-date: /home/csrobot/flexbe_ws/install/flexbe_msgs/share/flexbe_msgs/msg/BehaviorRequest.idl
[0.613s] -- Up-to-date: /home/csrobot/flexbe_ws/install/flexbe_msgs/share/flexbe_msgs/msg/BehaviorSelection.idl
[0.613s] -- Up-to-date: /home/csrobot/flexbe_ws/install/flexbe_msgs/share/flexbe_msgs/msg/BehaviorSync.idl
[0.613s] -- Up-to-date: /home/csrobot/flexbe_ws/install/flexbe_msgs/share/flexbe_msgs/msg/CommandFeedback.idl
[0.613s] -- Up-to-date: /home/csrobot/flexbe_ws/install/flexbe_msgs/share/flexbe_msgs/msg/Container.idl
[0.614s] -- Up-to-date: /home/csrobot/flexbe_ws/install/flexbe_msgs/share/flexbe_msgs/msg/ContainerStructure.idl
[0.614s] -- Up-to-date: /home/csrobot/flexbe_ws/install/flexbe_msgs/share/flexbe_msgs/msg/OutcomeCondition.idl
[0.614s] -- Up-to-date: /home/csrobot/flexbe_ws/install/flexbe_msgs/share/flexbe_msgs/msg/OutcomeRequest.idl
[0.614s] -- Up-to-date: /home/csrobot/flexbe_ws/install/flexbe_msgs/share/flexbe_msgs/msg/StateInstantiation.idl
[0.614s] -- Up-to-date: /home/csrobot/flexbe_ws/install/flexbe_msgs/share/flexbe_msgs/msg/StateMapMsg.idl
[0.614s] -- Up-to-date: /home/csrobot/flexbe_ws/install/flexbe_msgs/share/flexbe_msgs/msg/SynthesisErrorCodes.idl
[0.614s] -- Up-to-date: /home/csrobot/flexbe_ws/install/flexbe_msgs/share/flexbe_msgs/msg/SynthesisRequest.idl
[0.614s] -- Up-to-date: /home/csrobot/flexbe_ws/install/flexbe_msgs/share/flexbe_msgs/msg/UICommand.idl
[0.614s] -- Up-to-date: /home/csrobot/flexbe_ws/install/flexbe_msgs/share/flexbe_msgs/msg/UserdataInfo.idl
[0.614s] -- Up-to-date: /home/csrobot/flexbe_ws/install/flexbe_msgs/share/flexbe_msgs/action/BehaviorInput.idl
[0.614s] -- Up-to-date: /home/csrobot/flexbe_ws/install/flexbe_msgs/share/flexbe_msgs/action/BehaviorExecution.idl
[0.614s] -- Up-to-date: /home/csrobot/flexbe_ws/install/flexbe_msgs/share/flexbe_msgs/action/BehaviorSynthesis.idl
[0.614s] -- Up-to-date: /home/csrobot/flexbe_ws/install/flexbe_msgs/share/flexbe_msgs/srv/GetUserdata.idl
[0.614s] -- Up-to-date: /home/csrobot/flexbe_ws/install/flexbe_msgs/share/flexbe_msgs/msg/BEStatus.msg
[0.614s] -- Up-to-date: /home/csrobot/flexbe_ws/install/flexbe_msgs/share/flexbe_msgs/msg/BehaviorLog.msg
[0.615s] -- Up-to-date: /home/csrobot/flexbe_ws/install/flexbe_msgs/share/flexbe_msgs/msg/BehaviorModification.msg
[0.615s] -- Up-to-date: /home/csrobot/flexbe_ws/install/flexbe_msgs/share/flexbe_msgs/msg/BehaviorRequest.msg
[0.615s] -- Up-to-date: /home/csrobot/flexbe_ws/install/flexbe_msgs/share/flexbe_msgs/msg/BehaviorSelection.msg
[0.615s] -- Up-to-date: /home/csrobot/flexbe_ws/install/flexbe_msgs/share/flexbe_msgs/msg/BehaviorSync.msg
[0.615s] -- Up-to-date: /home/csrobot/flexbe_ws/install/flexbe_msgs/share/flexbe_msgs/msg/CommandFeedback.msg
[0.615s] -- Up-to-date: /home/csrobot/flexbe_ws/install/flexbe_msgs/share/flexbe_msgs/msg/Container.msg
[0.615s] -- Up-to-date: /home/csrobot/flexbe_ws/install/flexbe_msgs/share/flexbe_msgs/msg/ContainerStructure.msg
[0.615s] -- Up-to-date: /home/csrobot/flexbe_ws/install/flexbe_msgs/share/flexbe_msgs/msg/OutcomeCondition.msg
[0.615s] -- Up-to-date: /home/csrobot/flexbe_ws/install/flexbe_msgs/share/flexbe_msgs/msg/OutcomeRequest.msg
[0.615s] -- Up-to-date: /home/csrobot/flexbe_ws/install/flexbe_msgs/share/flexbe_msgs/msg/StateInstantiation.msg
[0.615s] -- Up-to-date: /home/csrobot/flexbe_ws/install/flexbe_msgs/share/flexbe_msgs/msg/StateMapMsg.msg
[0.615s] -- Up-to-date: /home/csrobot/flexbe_ws/install/flexbe_msgs/share/flexbe_msgs/msg/SynthesisErrorCodes.msg
[0.615s] -- Up-to-date: /home/csrobot/flexbe_ws/install/flexbe_msgs/share/flexbe_msgs/msg/SynthesisRequest.msg
[0.615s] -- Up-to-date: /home/csrobot/flexbe_ws/install/flexbe_msgs/share/flexbe_msgs/msg/UICommand.msg
[0.616s] -- Up-to-date: /home/csrobot/flexbe_ws/install/flexbe_msgs/share/flexbe_msgs/msg/UserdataInfo.msg
[0.616s] -- Up-to-date: /home/csrobot/flexbe_ws/install/flexbe_msgs/share/flexbe_msgs/action/BehaviorInput.action
[0.616s] -- Up-to-date: /home/csrobot/flexbe_ws/install/flexbe_msgs/share/flexbe_msgs/action/BehaviorExecution.action
[0.616s] -- Up-to-date: /home/csrobot/flexbe_ws/install/flexbe_msgs/share/flexbe_msgs/action/BehaviorSynthesis.action
[0.616s] -- Up-to-date: /home/csrobot/flexbe_ws/install/flexbe_msgs/share/flexbe_msgs/srv/GetUserdata.srv
[0.616s] -- Up-to-date: /home/csrobot/flexbe_ws/install/flexbe_msgs/share/ament_index/resource_index/package_run_dependencies/flexbe_msgs
[0.616s] -- Up-to-date: /home/csrobot/flexbe_ws/install/flexbe_msgs/share/ament_index/resource_index/parent_prefix_path/flexbe_msgs
[0.616s] -- Up-to-date: /home/csrobot/flexbe_ws/install/flexbe_msgs/share/flexbe_msgs/environment/ament_prefix_path.sh
[0.616s] -- Up-to-date: /home/csrobot/flexbe_ws/install/flexbe_msgs/share/flexbe_msgs/environment/ament_prefix_path.dsv
[0.616s] -- Up-to-date: /home/csrobot/flexbe_ws/install/flexbe_msgs/share/flexbe_msgs/environment/path.sh
[0.616s] -- Up-to-date: /home/csrobot/flexbe_ws/install/flexbe_msgs/share/flexbe_msgs/environment/path.dsv
[0.616s] -- Up-to-date: /home/csrobot/flexbe_ws/install/flexbe_msgs/share/flexbe_msgs/local_setup.bash
[0.616s] -- Up-to-date: /home/csrobot/flexbe_ws/install/flexbe_msgs/share/flexbe_msgs/local_setup.sh
[0.616s] -- Up-to-date: /home/csrobot/flexbe_ws/install/flexbe_msgs/share/flexbe_msgs/local_setup.zsh
[0.616s] -- Up-to-date: /home/csrobot/flexbe_ws/install/flexbe_msgs/share/flexbe_msgs/local_setup.dsv
[0.616s] -- Installing: /home/csrobot/flexbe_ws/install/flexbe_msgs/share/flexbe_msgs/package.dsv
[0.617s] -- Up-to-date: /home/csrobot/flexbe_ws/install/flexbe_msgs/share/ament_index/resource_index/packages/flexbe_msgs
[0.617s] -- Up-to-date: /home/csrobot/flexbe_ws/install/flexbe_msgs/share/flexbe_msgs/cmake/export_flexbe_msgs__rosidl_generator_cExport.cmake
[0.617s] -- Up-to-date: /home/csrobot/flexbe_ws/install/flexbe_msgs/share/flexbe_msgs/cmake/export_flexbe_msgs__rosidl_generator_cExport-noconfig.cmake
[0.617s] -- Up-to-date: /home/csrobot/flexbe_ws/install/flexbe_msgs/share/flexbe_msgs/cmake/export_flexbe_msgs__rosidl_typesupport_fastrtps_cExport.cmake
[0.617s] -- Up-to-date: /home/csrobot/flexbe_ws/install/flexbe_msgs/share/flexbe_msgs/cmake/export_flexbe_msgs__rosidl_typesupport_fastrtps_cExport-noconfig.cmake
[0.617s] -- Up-to-date: /home/csrobot/flexbe_ws/install/flexbe_msgs/share/flexbe_msgs/cmake/flexbe_msgs__rosidl_typesupport_introspection_cExport.cmake
[0.617s] -- Up-to-date: /home/csrobot/flexbe_ws/install/flexbe_msgs/share/flexbe_msgs/cmake/flexbe_msgs__rosidl_typesupport_introspection_cExport-noconfig.cmake
[0.617s] -- Up-to-date: /home/csrobot/flexbe_ws/install/flexbe_msgs/share/flexbe_msgs/cmake/flexbe_msgs__rosidl_typesupport_cExport.cmake
[0.617s] -- Up-to-date: /home/csrobot/flexbe_ws/install/flexbe_msgs/share/flexbe_msgs/cmake/flexbe_msgs__rosidl_typesupport_cExport-noconfig.cmake
[0.617s] -- Up-to-date: /home/csrobot/flexbe_ws/install/flexbe_msgs/share/flexbe_msgs/cmake/export_flexbe_msgs__rosidl_generator_cppExport.cmake
[0.617s] -- Up-to-date: /home/csrobot/flexbe_ws/install/flexbe_msgs/share/flexbe_msgs/cmake/export_flexbe_msgs__rosidl_typesupport_fastrtps_cppExport.cmake
[0.617s] -- Up-to-date: /home/csrobot/flexbe_ws/install/flexbe_msgs/share/flexbe_msgs/cmake/export_flexbe_msgs__rosidl_typesupport_fastrtps_cppExport-noconfig.cmake
[0.617s] -- Up-to-date: /home/csrobot/flexbe_ws/install/flexbe_msgs/share/flexbe_msgs/cmake/flexbe_msgs__rosidl_typesupport_introspection_cppExport.cmake
[0.617s] -- Up-to-date: /home/csrobot/flexbe_ws/install/flexbe_msgs/share/flexbe_msgs/cmake/flexbe_msgs__rosidl_typesupport_introspection_cppExport-noconfig.cmake
[0.617s] -- Up-to-date: /home/csrobot/flexbe_ws/install/flexbe_msgs/share/flexbe_msgs/cmake/flexbe_msgs__rosidl_typesupport_cppExport.cmake
[0.618s] -- Up-to-date: /home/csrobot/flexbe_ws/install/flexbe_msgs/share/flexbe_msgs/cmake/flexbe_msgs__rosidl_typesupport_cppExport-noconfig.cmake
[0.618s] -- Up-to-date: /home/csrobot/flexbe_ws/install/flexbe_msgs/share/flexbe_msgs/cmake/export_flexbe_msgs__rosidl_generator_pyExport.cmake
[0.618s] -- Up-to-date: /home/csrobot/flexbe_ws/install/flexbe_msgs/share/flexbe_msgs/cmake/export_flexbe_msgs__rosidl_generator_pyExport-noconfig.cmake
[0.618s] -- Up-to-date: /home/csrobot/flexbe_ws/install/flexbe_msgs/share/flexbe_msgs/cmake/rosidl_cmake-extras.cmake
[0.618s] -- Up-to-date: /home/csrobot/flexbe_ws/install/flexbe_msgs/share/flexbe_msgs/cmake/ament_cmake_export_dependencies-extras.cmake
[0.618s] -- Up-to-date: /home/csrobot/flexbe_ws/install/flexbe_msgs/share/flexbe_msgs/cmake/ament_cmake_export_include_directories-extras.cmake
[0.618s] -- Up-to-date: /home/csrobot/flexbe_ws/install/flexbe_msgs/share/flexbe_msgs/cmake/ament_cmake_export_libraries-extras.cmake
[0.618s] -- Up-to-date: /home/csrobot/flexbe_ws/install/flexbe_msgs/share/flexbe_msgs/cmake/ament_cmake_export_targets-extras.cmake
[0.618s] -- Up-to-date: /home/csrobot/flexbe_ws/install/flexbe_msgs/share/flexbe_msgs/cmake/rosidl_cmake_export_typesupport_targets-extras.cmake
[0.618s] -- Up-to-date: /home/csrobot/flexbe_ws/install/flexbe_msgs/share/flexbe_msgs/cmake/rosidl_cmake_export_typesupport_libraries-extras.cmake
[0.618s] -- Up-to-date: /home/csrobot/flexbe_ws/install/flexbe_msgs/share/flexbe_msgs/cmake/flexbe_msgsConfig.cmake
[0.618s] -- Up-to-date: /home/csrobot/flexbe_ws/install/flexbe_msgs/share/flexbe_msgs/cmake/flexbe_msgsConfig-version.cmake
[0.618s] -- Up-to-date: /home/csrobot/flexbe_ws/install/flexbe_msgs/share/flexbe_msgs/package.xml
[0.637s] Invoked command in '/home/csrobot/flexbe_ws/build/flexbe_msgs' returned '0': CMAKE_PREFIX_PATH=${CMAKE_PREFIX_PATH}:/home/csrobot/flexbe_ws/install/flexbe_webui:/home/csrobot/flexbe_ws/install/flexbe_onboard:/home/csrobot/flexbe_ws/install/flexbe_states:/home/csrobot/flexbe_ws/install/flexbe_mirror:/home/csrobot/flexbe_ws/install/flexbe_input:/home/csrobot/flexbe_ws/install/example_flexbe_states:/home/csrobot/flexbe_ws/install/compare_flexbe_states:/home/csrobot/flexbe_ws/install/flexbe_core:/opt/ros/jazzy DEBUGINFOD_URLS=https://debuginfod.ubuntu.com /usr/bin/cmake --install /home/csrobot/flexbe_ws/build/flexbe_msgs
