/home/csrobot/flexbe_ws/install/flexbe_states/lib/python3.12/site-packages/flexbe_states/publisher_string_state.py
/home/csrobot/flexbe_ws/install/flexbe_states/lib/python3.12/site-packages/flexbe_states/publisher_empty_state.py
/home/csrobot/flexbe_ws/install/flexbe_states/lib/python3.12/site-packages/flexbe_states/publisher_bool_state.py
/home/csrobot/flexbe_ws/install/flexbe_states/lib/python3.12/site-packages/flexbe_states/user_data_state.py
/home/csrobot/flexbe_ws/install/flexbe_states/lib/python3.12/site-packages/flexbe_states/flexible_check_condition_state.py
/home/csrobot/flexbe_ws/install/flexbe_states/lib/python3.12/site-packages/flexbe_states/selection_state.py
/home/csrobot/flexbe_ws/install/flexbe_states/lib/python3.12/site-packages/flexbe_states/subscriber_state.py
/home/csrobot/flexbe_ws/install/flexbe_states/lib/python3.12/site-packages/flexbe_states/flexible_calculation_state.py
/home/csrobot/flexbe_ws/install/flexbe_states/lib/python3.12/site-packages/flexbe_states/__init__.py
/home/csrobot/flexbe_ws/install/flexbe_states/lib/python3.12/site-packages/flexbe_states/calculation_state.py
/home/csrobot/flexbe_ws/install/flexbe_states/lib/python3.12/site-packages/flexbe_states/log_state.py
/home/csrobot/flexbe_ws/install/flexbe_states/lib/python3.12/site-packages/flexbe_states/wait_state.py
/home/csrobot/flexbe_ws/install/flexbe_states/lib/python3.12/site-packages/flexbe_states/log_key_state.py
/home/csrobot/flexbe_ws/install/flexbe_states/lib/python3.12/site-packages/flexbe_states/check_condition_state.py
/home/csrobot/flexbe_ws/install/flexbe_states/lib/python3.12/site-packages/flexbe_states/operator_decision_state.py
/home/csrobot/flexbe_ws/install/flexbe_states/lib/python3.12/site-packages/flexbe_states/input_state.py
/home/csrobot/flexbe_ws/install/flexbe_states/lib/python3.12/site-packages/flexbe_states/decision_state.py
/home/csrobot/flexbe_ws/install/flexbe_states/lib/python3.12/site-packages/tests/__init__.py
/home/csrobot/flexbe_ws/install/flexbe_states/lib/python3.12/site-packages/tests/run_tests.launch.py
/home/csrobot/flexbe_ws/install/flexbe_states/lib/python3.12/site-packages/tests/run_colcon_test.py
/home/csrobot/flexbe_ws/install/flexbe_states/lib/python3.12/site-packages/tests/pub.launch.py
/home/csrobot/flexbe_ws/install/flexbe_states/lib/python3.12/site-packages/flexbe_states/__pycache__/publisher_string_state.cpython-312.pyc
/home/csrobot/flexbe_ws/install/flexbe_states/lib/python3.12/site-packages/flexbe_states/__pycache__/publisher_empty_state.cpython-312.pyc
/home/csrobot/flexbe_ws/install/flexbe_states/lib/python3.12/site-packages/flexbe_states/__pycache__/publisher_bool_state.cpython-312.pyc
/home/csrobot/flexbe_ws/install/flexbe_states/lib/python3.12/site-packages/flexbe_states/__pycache__/user_data_state.cpython-312.pyc
/home/csrobot/flexbe_ws/install/flexbe_states/lib/python3.12/site-packages/flexbe_states/__pycache__/flexible_check_condition_state.cpython-312.pyc
/home/csrobot/flexbe_ws/install/flexbe_states/lib/python3.12/site-packages/flexbe_states/__pycache__/selection_state.cpython-312.pyc
/home/csrobot/flexbe_ws/install/flexbe_states/lib/python3.12/site-packages/flexbe_states/__pycache__/subscriber_state.cpython-312.pyc
/home/csrobot/flexbe_ws/install/flexbe_states/lib/python3.12/site-packages/flexbe_states/__pycache__/flexible_calculation_state.cpython-312.pyc
/home/csrobot/flexbe_ws/install/flexbe_states/lib/python3.12/site-packages/flexbe_states/__pycache__/__init__.cpython-312.pyc
/home/csrobot/flexbe_ws/install/flexbe_states/lib/python3.12/site-packages/flexbe_states/__pycache__/calculation_state.cpython-312.pyc
/home/csrobot/flexbe_ws/install/flexbe_states/lib/python3.12/site-packages/flexbe_states/__pycache__/log_state.cpython-312.pyc
/home/csrobot/flexbe_ws/install/flexbe_states/lib/python3.12/site-packages/flexbe_states/__pycache__/wait_state.cpython-312.pyc
/home/csrobot/flexbe_ws/install/flexbe_states/lib/python3.12/site-packages/flexbe_states/__pycache__/log_key_state.cpython-312.pyc
/home/csrobot/flexbe_ws/install/flexbe_states/lib/python3.12/site-packages/flexbe_states/__pycache__/check_condition_state.cpython-312.pyc
/home/csrobot/flexbe_ws/install/flexbe_states/lib/python3.12/site-packages/flexbe_states/__pycache__/operator_decision_state.cpython-312.pyc
/home/csrobot/flexbe_ws/install/flexbe_states/lib/python3.12/site-packages/flexbe_states/__pycache__/input_state.cpython-312.pyc
/home/csrobot/flexbe_ws/install/flexbe_states/lib/python3.12/site-packages/flexbe_states/__pycache__/decision_state.cpython-312.pyc
/home/csrobot/flexbe_ws/install/flexbe_states/lib/python3.12/site-packages/tests/__pycache__/__init__.cpython-312.pyc
/home/csrobot/flexbe_ws/install/flexbe_states/lib/python3.12/site-packages/tests/__pycache__/run_tests.launch.cpython-312.pyc
/home/csrobot/flexbe_ws/install/flexbe_states/lib/python3.12/site-packages/tests/__pycache__/run_colcon_test.cpython-312.pyc
/home/csrobot/flexbe_ws/install/flexbe_states/lib/python3.12/site-packages/tests/__pycache__/pub.launch.cpython-312.pyc
/home/csrobot/flexbe_ws/install/flexbe_states/share/ament_index/resource_index/packages/flexbe_states
/home/csrobot/flexbe_ws/install/flexbe_states/share/flexbe_states/package.xml
/home/csrobot/flexbe_ws/install/flexbe_states/share/flexbe_states/tests/log_state_msg.test
/home/csrobot/flexbe_ws/install/flexbe_states/share/flexbe_states/tests/calculation_state_none.test
/home/csrobot/flexbe_ws/install/flexbe_states/share/flexbe_states/tests/log_state_int.test
/home/csrobot/flexbe_ws/install/flexbe_states/share/flexbe_states/tests/operator_decision_state_suggested.test
/home/csrobot/flexbe_ws/install/flexbe_states/share/flexbe_states/tests/subscriber_state_pose.test
/home/csrobot/flexbe_ws/install/flexbe_states/share/flexbe_states/tests/log_state_string.test
/home/csrobot/flexbe_ws/install/flexbe_states/share/flexbe_states/tests/input_state_import.test
/home/csrobot/flexbe_ws/install/flexbe_states/share/flexbe_states/tests/subscriber_state_unavailable.test
/home/csrobot/flexbe_ws/install/flexbe_states/share/flexbe_states/tests/decision_state_simple.test
/home/csrobot/flexbe_ws/install/flexbe_states/share/flexbe_states/tests/flexible_calculation_state_simple.test
/home/csrobot/flexbe_ws/install/flexbe_states/share/flexbe_states/tests/check_condition_state_true.test
/home/csrobot/flexbe_ws/install/flexbe_states/share/flexbe_states/tests/wait_state_short.test
/home/csrobot/flexbe_ws/install/flexbe_states/share/flexbe_states/tests/check_condition_state_invalid.test
/home/csrobot/flexbe_ws/install/flexbe_states/share/flexbe_states/tests/calculation_state_simple.test
/home/csrobot/flexbe_ws/install/flexbe_states/share/flexbe_states/launch/run_tests.launch.py
/home/csrobot/flexbe_ws/install/flexbe_states/share/flexbe_states/launch/pub.launch.py
/home/csrobot/flexbe_ws/install/flexbe_states/lib/python3.12/site-packages/flexbe_states-4.0.1-py3.12.egg-info/dependency_links.txt
/home/csrobot/flexbe_ws/install/flexbe_states/lib/python3.12/site-packages/flexbe_states-4.0.1-py3.12.egg-info/requires.txt
/home/csrobot/flexbe_ws/install/flexbe_states/lib/python3.12/site-packages/flexbe_states-4.0.1-py3.12.egg-info/top_level.txt
/home/csrobot/flexbe_ws/install/flexbe_states/lib/python3.12/site-packages/flexbe_states-4.0.1-py3.12.egg-info/SOURCES.txt
/home/csrobot/flexbe_ws/install/flexbe_states/lib/python3.12/site-packages/flexbe_states-4.0.1-py3.12.egg-info/PKG-INFO
/home/csrobot/flexbe_ws/install/flexbe_states/lib/python3.12/site-packages/flexbe_states-4.0.1-py3.12.egg-info/zip-safe
