[2.439s] Invoking command in '/home/csrobot/flexbe_ws/src/compare_flexbe/compare_flexbe_states': AMENT_PREFIX_PATH=/home/csrobot/flexbe_ws/install/flexbe_core:/home/csrobot/flexbe_ws/install/compare_flexbe_utilities:/home/csrobot/flexbe_ws/install/panda_moveit_config:/home/csrobot/flexbe_ws/install/panda_gazebo:/home/csrobot/flexbe_ws/install/panda_description:/home/csrobot/flexbe_ws/install/gpd_ros:/home/csrobot/flexbe_ws/install/flexbe_behavior_engine:/home/csrobot/flexbe_ws/install/flexbe_widget:/home/csrobot/flexbe_ws/install/flexbe_webui:/home/csrobot/flexbe_ws/install/flexbe_onboard:/home/csrobot/flexbe_ws/install/flexbe_states:/home/csrobot/flexbe_ws/install/flexbe_testing:/home/csrobot/flexbe_ws/install/flexbe_mirror:/home/csrobot/flexbe_ws/install/flexbe_input:/home/csrobot/flexbe_ws/install/example_flexbe_states:/home/csrobot/flexbe_ws/install/compare_flexbe:/home/csrobot/flexbe_ws/install/compare_flexbe_states:/home/csrobot/flexbe_ws/install/compare_flexbe_behaviors:/home/csrobot/flexbe_ws/install/flexbe_msgs:/home/csrobot/flexbe_ws/install/armada_gazebo:/home/csrobot/flexbe_ws/install/armada_description:/home/csrobot/flexbe_ws/install/armada_bringup:/home/csrobot/graspnet_ws/install/unseen_obj_clst_ros2:/home/csrobot/graspnet_ws/install/graspsam_ros2:/home/csrobot/graspnet_ws/install/contact_graspnet_ros2:/opt/ros/jazzy CMAKE_PREFIX_PATH=/home/csrobot/flexbe_ws/install/flexbe_msgs:/home/csrobot/flexbe_ws/install/compare_flexbe_utilities:/home/csrobot/flexbe_ws/install/panda_moveit_config:/home/csrobot/flexbe_ws/install/panda_gazebo:/home/csrobot/flexbe_ws/install/panda_description:/home/csrobot/flexbe_ws/install/gpd_ros:/home/csrobot/flexbe_ws/install/flexbe_behavior_engine:/home/csrobot/flexbe_ws/install/flexbe_widget:/home/csrobot/flexbe_ws/install/flexbe_testing:/home/csrobot/flexbe_ws/install/compare_flexbe:/home/csrobot/flexbe_ws/install/compare_flexbe_behaviors:/home/csrobot/flexbe_ws/install/armada_gazebo:/home/csrobot/flexbe_ws/install/armada_description:/home/csrobot/flexbe_ws/install/armada_bringup:/home/csrobot/graspnet_ws/install/unseen_obj_clst_ros2:/home/csrobot/graspnet_ws/install/graspsam_ros2:/home/csrobot/graspnet_ws/install/contact_graspnet_ros2:/opt/ros/jazzy/opt/gz_sim_vendor:/opt/ros/jazzy/opt/gz_sensors_vendor:/opt/ros/jazzy/opt/gz_physics_vendor:/opt/ros/jazzy/opt/sdformat_vendor:/opt/ros/jazzy/opt/gz_gui_vendor:/opt/ros/jazzy/opt/gz_transport_vendor:/opt/ros/jazzy/opt/gz_rendering_vendor:/opt/ros/jazzy/opt/gz_plugin_vendor:/opt/ros/jazzy/opt/gz_fuel_tools_vendor:/opt/ros/jazzy/opt/gz_msgs_vendor:/opt/ros/jazzy/opt/gz_common_vendor:/opt/ros/jazzy/opt/gz_math_vendor:/opt/ros/jazzy/opt/gz_utils_vendor:/opt/ros/jazzy/opt/gz_tools_vendor:/opt/ros/jazzy/opt/gz_ogre_next_vendor:/opt/ros/jazzy/opt/gz_dartsim_vendor:/opt/ros/jazzy/opt/gz_cmake_vendor DEBUGINFOD_URLS=https://debuginfod.ubuntu.com LD_LIBRARY_PATH=/home/csrobot/flexbe_ws/install/flexbe_msgs/lib:/home/csrobot/flexbe_ws/install/compare_flexbe_utilities/lib:/home/csrobot/flexbe_ws/install/gpd/lib:/home/csrobot/flexbe_ws/install/gpd_ros/lib:/home/csrobot/graspnet_ws/install/unseen_obj_clst_ros2/lib:/home/csrobot/graspnet_ws/install/graspsam_ros2/lib:/home/csrobot/graspnet_ws/install/contact_graspnet_ros2/lib:/opt/ros/jazzy/opt/gz_sim_vendor/lib:/opt/ros/jazzy/opt/gz_sensors_vendor/lib:/opt/ros/jazzy/opt/gz_physics_vendor/lib:/opt/ros/jazzy/opt/sdformat_vendor/lib:/opt/ros/jazzy/opt/rviz_ogre_vendor/lib:/opt/ros/jazzy/lib/x86_64-linux-gnu:/opt/ros/jazzy/opt/gz_gui_vendor/lib:/opt/ros/jazzy/opt/gz_transport_vendor/lib:/opt/ros/jazzy/opt/gz_rendering_vendor/lib:/opt/ros/jazzy/opt/gz_plugin_vendor/lib:/opt/ros/jazzy/opt/gz_fuel_tools_vendor/lib:/opt/ros/jazzy/opt/gz_msgs_vendor/lib:/opt/ros/jazzy/opt/gz_common_vendor/lib:/opt/ros/jazzy/opt/gz_math_vendor/lib:/opt/ros/jazzy/opt/gz_utils_vendor/lib:/opt/ros/jazzy/opt/gz_tools_vendor/lib:/opt/ros/jazzy/opt/gz_ogre_next_vendor/lib:/opt/ros/jazzy/opt/gz_dartsim_vendor/lib:/opt/ros/jazzy/opt/gz_cmake_vendor/lib:/opt/ros/jazzy/lib:/usr/local/cuda/lib64:/usr/local/cuda/lib64 PYTHONPATH=/home/csrobot/flexbe_ws/build/compare_flexbe_states/prefix_override:/usr/lib/python3/dist-packages/colcon_core/task/python/colcon_distutils_commands:/home/csrobot/flexbe_ws/install/compare_flexbe_states/lib/python3.12/site-packages:/home/csrobot/flexbe_ws/install/flexbe_core/lib/python3.12/site-packages:/home/csrobot/flexbe_ws/install/flexbe_msgs/lib/python3.12/site-packages:/home/csrobot/flexbe_ws/install/compare_flexbe_utilities/lib/python3.12/site-packages:/home/csrobot/flexbe_ws/install/gpd_ros/lib/python3.12/site-packages:/home/csrobot/flexbe_ws/install/flexbe_widget/lib/python3.12/site-packages:/home/csrobot/flexbe_ws/install/flexbe_webui/lib/python3.12/site-packages:/home/csrobot/flexbe_ws/install/flexbe_onboard/lib/python3.12/site-packages:/home/csrobot/flexbe_ws/install/flexbe_states/lib/python3.12/site-packages:/home/csrobot/flexbe_ws/install/flexbe_testing/lib/python3.12/site-packages:/home/csrobot/flexbe_ws/install/flexbe_mirror/lib/python3.12/site-packages:/home/csrobot/flexbe_ws/install/flexbe_input/lib/python3.12/site-packages:/home/csrobot/flexbe_ws/install/example_flexbe_states/lib/python3.12/site-packages:/home/csrobot/flexbe_ws/install/compare_flexbe_states/lib/python3.12/site-packages:/home/csrobot/flexbe_ws/install/compare_flexbe_behaviors/lib/python3.12/site-packages:/home/csrobot/graspnet_ws/install/unseen_obj_clst_ros2/lib/python3.12/site-packages:/home/csrobot/graspnet_ws/install/graspsam_ros2/lib/python3.12/site-packages:/home/csrobot/graspnet_ws/install/contact_graspnet_ros2/lib/python3.12/site-packages:/opt/ros/jazzy/lib/python3.12/site-packages /usr/bin/python3 -W ignore:setup.py install is deprecated -W ignore:easy_install command is deprecated setup.py egg_info --egg-base ../../../build/compare_flexbe_states build --build-base /home/csrobot/flexbe_ws/build/compare_flexbe_states/build install --record /home/csrobot/flexbe_ws/build/compare_flexbe_states/install.log --single-version-externally-managed install_data
[3.012s] running egg_info
[3.013s] creating ../../../build/compare_flexbe_states/compare_flexbe_states.egg-info
[3.054s] writing ../../../build/compare_flexbe_states/compare_flexbe_states.egg-info/PKG-INFO
[3.055s] writing dependency_links to ../../../build/compare_flexbe_states/compare_flexbe_states.egg-info/dependency_links.txt
[3.055s] writing entry points to ../../../build/compare_flexbe_states/compare_flexbe_states.egg-info/entry_points.txt
[3.055s] writing requirements to ../../../build/compare_flexbe_states/compare_flexbe_states.egg-info/requires.txt
[3.055s] writing top-level names to ../../../build/compare_flexbe_states/compare_flexbe_states.egg-info/top_level.txt
[3.055s] writing manifest file '../../../build/compare_flexbe_states/compare_flexbe_states.egg-info/SOURCES.txt'
[3.121s] reading manifest file '../../../build/compare_flexbe_states/compare_flexbe_states.egg-info/SOURCES.txt'
[3.122s] writing manifest file '../../../build/compare_flexbe_states/compare_flexbe_states.egg-info/SOURCES.txt'
[3.124s] running build
[3.127s] running build_py
[3.127s] creating /home/csrobot/flexbe_ws/build/compare_flexbe_states/build
[3.128s] creating /home/csrobot/flexbe_ws/build/compare_flexbe_states/build/lib
[3.128s] creating /home/csrobot/flexbe_ws/build/compare_flexbe_states/build/lib/compare_flexbe_states
[3.128s] copying compare_flexbe_states/get_point_cloud_service_state.py -> /home/csrobot/flexbe_ws/build/compare_flexbe_states/build/lib/compare_flexbe_states
[3.128s] copying compare_flexbe_states/build_mask_cloud_state.py -> /home/csrobot/flexbe_ws/build/compare_flexbe_states/build/lib/compare_flexbe_states
[3.128s] copying compare_flexbe_states/publish_point_cloud_state.py -> /home/csrobot/flexbe_ws/build/compare_flexbe_states/build/lib/compare_flexbe_states
[3.128s] copying compare_flexbe_states/voxel_grid_filter_state.py -> /home/csrobot/flexbe_ws/build/compare_flexbe_states/build/lib/compare_flexbe_states
[3.128s] copying compare_flexbe_states/detect_grasps_service_state.py -> /home/csrobot/flexbe_ws/build/compare_flexbe_states/build/lib/compare_flexbe_states
[3.128s] copying compare_flexbe_states/unseen_obj_seg_cloud_service_state.py -> /home/csrobot/flexbe_ws/build/compare_flexbe_states/build/lib/compare_flexbe_states
[3.128s] copying compare_flexbe_states/move_to_named_pose_service_state.py -> /home/csrobot/flexbe_ws/build/compare_flexbe_states/build/lib/compare_flexbe_states
[3.128s] copying compare_flexbe_states/unseen_obj_seg_rgbd_service_state.py -> /home/csrobot/flexbe_ws/build/compare_flexbe_states/build/lib/compare_flexbe_states
[3.128s] copying compare_flexbe_states/move_to_pose_service_state.py -> /home/csrobot/flexbe_ws/build/compare_flexbe_states/build/lib/compare_flexbe_states
[3.129s] copying compare_flexbe_states/filter_by_indices_service_state.py -> /home/csrobot/flexbe_ws/build/compare_flexbe_states/build/lib/compare_flexbe_states
[3.129s] copying compare_flexbe_states/__init__.py -> /home/csrobot/flexbe_ws/build/compare_flexbe_states/build/lib/compare_flexbe_states
[3.129s] copying compare_flexbe_states/cgn_grasp_rgbd_service_state.py -> /home/csrobot/flexbe_ws/build/compare_flexbe_states/build/lib/compare_flexbe_states
[3.129s] copying compare_flexbe_states/plane_segmentation_service_state.py -> /home/csrobot/flexbe_ws/build/compare_flexbe_states/build/lib/compare_flexbe_states
[3.129s] copying compare_flexbe_states/reach_to_grasp_service_state.py -> /home/csrobot/flexbe_ws/build/compare_flexbe_states/build/lib/compare_flexbe_states
[3.129s] copying compare_flexbe_states/cartesian_move_to_pose_service_state.py -> /home/csrobot/flexbe_ws/build/compare_flexbe_states/build/lib/compare_flexbe_states
[3.129s] copying compare_flexbe_states/gripper_command_action_state.py -> /home/csrobot/flexbe_ws/build/compare_flexbe_states/build/lib/compare_flexbe_states
[3.129s] copying compare_flexbe_states/cgn_grasp_cloud_service_state.py -> /home/csrobot/flexbe_ws/build/compare_flexbe_states/build/lib/compare_flexbe_states
[3.129s] copying compare_flexbe_states/euclidean_clustering_service_state.py -> /home/csrobot/flexbe_ws/build/compare_flexbe_states/build/lib/compare_flexbe_states
[3.129s] copying compare_flexbe_states/select_instance_to_cgn_indices_state.py -> /home/csrobot/flexbe_ws/build/compare_flexbe_states/build/lib/compare_flexbe_states
[3.129s] running install
[3.143s] running install_lib
[3.175s] creating /home/csrobot/flexbe_ws/install/compare_flexbe_states/lib/python3.12/site-packages/compare_flexbe_states
[3.176s] copying /home/csrobot/flexbe_ws/build/compare_flexbe_states/build/lib/compare_flexbe_states/get_point_cloud_service_state.py -> /home/csrobot/flexbe_ws/install/compare_flexbe_states/lib/python3.12/site-packages/compare_flexbe_states
[3.176s] copying /home/csrobot/flexbe_ws/build/compare_flexbe_states/build/lib/compare_flexbe_states/build_mask_cloud_state.py -> /home/csrobot/flexbe_ws/install/compare_flexbe_states/lib/python3.12/site-packages/compare_flexbe_states
[3.176s] copying /home/csrobot/flexbe_ws/build/compare_flexbe_states/build/lib/compare_flexbe_states/publish_point_cloud_state.py -> /home/csrobot/flexbe_ws/install/compare_flexbe_states/lib/python3.12/site-packages/compare_flexbe_states
[3.176s] copying /home/csrobot/flexbe_ws/build/compare_flexbe_states/build/lib/compare_flexbe_states/voxel_grid_filter_state.py -> /home/csrobot/flexbe_ws/install/compare_flexbe_states/lib/python3.12/site-packages/compare_flexbe_states
[3.176s] copying /home/csrobot/flexbe_ws/build/compare_flexbe_states/build/lib/compare_flexbe_states/detect_grasps_service_state.py -> /home/csrobot/flexbe_ws/install/compare_flexbe_states/lib/python3.12/site-packages/compare_flexbe_states
[3.179s] copying /home/csrobot/flexbe_ws/build/compare_flexbe_states/build/lib/compare_flexbe_states/unseen_obj_seg_cloud_service_state.py -> /home/csrobot/flexbe_ws/install/compare_flexbe_states/lib/python3.12/site-packages/compare_flexbe_states
[3.179s] copying /home/csrobot/flexbe_ws/build/compare_flexbe_states/build/lib/compare_flexbe_states/move_to_named_pose_service_state.py -> /home/csrobot/flexbe_ws/install/compare_flexbe_states/lib/python3.12/site-packages/compare_flexbe_states
[3.179s] copying /home/csrobot/flexbe_ws/build/compare_flexbe_states/build/lib/compare_flexbe_states/unseen_obj_seg_rgbd_service_state.py -> /home/csrobot/flexbe_ws/install/compare_flexbe_states/lib/python3.12/site-packages/compare_flexbe_states
[3.179s] copying /home/csrobot/flexbe_ws/build/compare_flexbe_states/build/lib/compare_flexbe_states/move_to_pose_service_state.py -> /home/csrobot/flexbe_ws/install/compare_flexbe_states/lib/python3.12/site-packages/compare_flexbe_states
[3.179s] copying /home/csrobot/flexbe_ws/build/compare_flexbe_states/build/lib/compare_flexbe_states/filter_by_indices_service_state.py -> /home/csrobot/flexbe_ws/install/compare_flexbe_states/lib/python3.12/site-packages/compare_flexbe_states
[3.179s] copying /home/csrobot/flexbe_ws/build/compare_flexbe_states/build/lib/compare_flexbe_states/__init__.py -> /home/csrobot/flexbe_ws/install/compare_flexbe_states/lib/python3.12/site-packages/compare_flexbe_states
[3.180s] copying /home/csrobot/flexbe_ws/build/compare_flexbe_states/build/lib/compare_flexbe_states/cgn_grasp_rgbd_service_state.py -> /home/csrobot/flexbe_ws/install/compare_flexbe_states/lib/python3.12/site-packages/compare_flexbe_states
[3.180s] copying /home/csrobot/flexbe_ws/build/compare_flexbe_states/build/lib/compare_flexbe_states/plane_segmentation_service_state.py -> /home/csrobot/flexbe_ws/install/compare_flexbe_states/lib/python3.12/site-packages/compare_flexbe_states
[3.183s] copying /home/csrobot/flexbe_ws/build/compare_flexbe_states/build/lib/compare_flexbe_states/reach_to_grasp_service_state.py -> /home/csrobot/flexbe_ws/install/compare_flexbe_states/lib/python3.12/site-packages/compare_flexbe_states
[3.184s] copying /home/csrobot/flexbe_ws/build/compare_flexbe_states/build/lib/compare_flexbe_states/cartesian_move_to_pose_service_state.py -> /home/csrobot/flexbe_ws/install/compare_flexbe_states/lib/python3.12/site-packages/compare_flexbe_states
[3.184s] copying /home/csrobot/flexbe_ws/build/compare_flexbe_states/build/lib/compare_flexbe_states/gripper_command_action_state.py -> /home/csrobot/flexbe_ws/install/compare_flexbe_states/lib/python3.12/site-packages/compare_flexbe_states
[3.184s] copying /home/csrobot/flexbe_ws/build/compare_flexbe_states/build/lib/compare_flexbe_states/cgn_grasp_cloud_service_state.py -> /home/csrobot/flexbe_ws/install/compare_flexbe_states/lib/python3.12/site-packages/compare_flexbe_states
[3.184s] copying /home/csrobot/flexbe_ws/build/compare_flexbe_states/build/lib/compare_flexbe_states/euclidean_clustering_service_state.py -> /home/csrobot/flexbe_ws/install/compare_flexbe_states/lib/python3.12/site-packages/compare_flexbe_states
[3.184s] copying /home/csrobot/flexbe_ws/build/compare_flexbe_states/build/lib/compare_flexbe_states/select_instance_to_cgn_indices_state.py -> /home/csrobot/flexbe_ws/install/compare_flexbe_states/lib/python3.12/site-packages/compare_flexbe_states
[3.184s] byte-compiling /home/csrobot/flexbe_ws/install/compare_flexbe_states/lib/python3.12/site-packages/compare_flexbe_states/get_point_cloud_service_state.py to get_point_cloud_service_state.cpython-312.pyc
[3.188s] byte-compiling /home/csrobot/flexbe_ws/install/compare_flexbe_states/lib/python3.12/site-packages/compare_flexbe_states/build_mask_cloud_state.py to build_mask_cloud_state.cpython-312.pyc
[3.188s] byte-compiling /home/csrobot/flexbe_ws/install/compare_flexbe_states/lib/python3.12/site-packages/compare_flexbe_states/publish_point_cloud_state.py to publish_point_cloud_state.cpython-312.pyc
[3.188s] byte-compiling /home/csrobot/flexbe_ws/install/compare_flexbe_states/lib/python3.12/site-packages/compare_flexbe_states/voxel_grid_filter_state.py to voxel_grid_filter_state.cpython-312.pyc
[3.190s] byte-compiling /home/csrobot/flexbe_ws/install/compare_flexbe_states/lib/python3.12/site-packages/compare_flexbe_states/detect_grasps_service_state.py to detect_grasps_service_state.cpython-312.pyc
[3.192s] byte-compiling /home/csrobot/flexbe_ws/install/compare_flexbe_states/lib/python3.12/site-packages/compare_flexbe_states/unseen_obj_seg_cloud_service_state.py to unseen_obj_seg_cloud_service_state.cpython-312.pyc
[3.194s] byte-compiling /home/csrobot/flexbe_ws/install/compare_flexbe_states/lib/python3.12/site-packages/compare_flexbe_states/move_to_named_pose_service_state.py to move_to_named_pose_service_state.cpython-312.pyc
[3.195s] byte-compiling /home/csrobot/flexbe_ws/install/compare_flexbe_states/lib/python3.12/site-packages/compare_flexbe_states/unseen_obj_seg_rgbd_service_state.py to unseen_obj_seg_rgbd_service_state.cpython-312.pyc
[3.197s] byte-compiling /home/csrobot/flexbe_ws/install/compare_flexbe_states/lib/python3.12/site-packages/compare_flexbe_states/move_to_pose_service_state.py to move_to_pose_service_state.cpython-312.pyc
[3.198s] byte-compiling /home/csrobot/flexbe_ws/install/compare_flexbe_states/lib/python3.12/site-packages/compare_flexbe_states/filter_by_indices_service_state.py to filter_by_indices_service_state.cpython-312.pyc
[3.199s] byte-compiling /home/csrobot/flexbe_ws/install/compare_flexbe_states/lib/python3.12/site-packages/compare_flexbe_states/__init__.py to __init__.cpython-312.pyc
[3.200s] byte-compiling /home/csrobot/flexbe_ws/install/compare_flexbe_states/lib/python3.12/site-packages/compare_flexbe_states/cgn_grasp_rgbd_service_state.py to cgn_grasp_rgbd_service_state.cpython-312.pyc
[3.201s] byte-compiling /home/csrobot/flexbe_ws/install/compare_flexbe_states/lib/python3.12/site-packages/compare_flexbe_states/plane_segmentation_service_state.py to plane_segmentation_service_state.cpython-312.pyc
[3.202s] byte-compiling /home/csrobot/flexbe_ws/install/compare_flexbe_states/lib/python3.12/site-packages/compare_flexbe_states/reach_to_grasp_service_state.py to reach_to_grasp_service_state.cpython-312.pyc
[3.204s] byte-compiling /home/csrobot/flexbe_ws/install/compare_flexbe_states/lib/python3.12/site-packages/compare_flexbe_states/cartesian_move_to_pose_service_state.py to cartesian_move_to_pose_service_state.cpython-312.pyc
[3.205s] byte-compiling /home/csrobot/flexbe_ws/install/compare_flexbe_states/lib/python3.12/site-packages/compare_flexbe_states/gripper_command_action_state.py to gripper_command_action_state.cpython-312.pyc
[3.206s] byte-compiling /home/csrobot/flexbe_ws/install/compare_flexbe_states/lib/python3.12/site-packages/compare_flexbe_states/cgn_grasp_cloud_service_state.py to cgn_grasp_cloud_service_state.cpython-312.pyc
[3.209s] byte-compiling /home/csrobot/flexbe_ws/install/compare_flexbe_states/lib/python3.12/site-packages/compare_flexbe_states/euclidean_clustering_service_state.py to euclidean_clustering_service_state.cpython-312.pyc
[3.209s] byte-compiling /home/csrobot/flexbe_ws/install/compare_flexbe_states/lib/python3.12/site-packages/compare_flexbe_states/select_instance_to_cgn_indices_state.py to select_instance_to_cgn_indices_state.cpython-312.pyc
[3.211s] running install_data
[3.211s] creating /home/csrobot/flexbe_ws/install/compare_flexbe_states/share/ament_index
[3.211s] creating /home/csrobot/flexbe_ws/install/compare_flexbe_states/share/ament_index/resource_index
[3.212s] creating /home/csrobot/flexbe_ws/install/compare_flexbe_states/share/ament_index/resource_index/packages
[3.212s] copying resource/compare_flexbe_states -> /home/csrobot/flexbe_ws/install/compare_flexbe_states/share/ament_index/resource_index/packages
[3.213s] copying package.xml -> /home/csrobot/flexbe_ws/install/compare_flexbe_states/share/compare_flexbe_states
[3.213s] creating /home/csrobot/flexbe_ws/install/compare_flexbe_states/share/compare_flexbe_states/tests
[3.213s] copying tests/example_state.test -> /home/csrobot/flexbe_ws/install/compare_flexbe_states/share/compare_flexbe_states/tests
[3.214s] copying tests/example_action_state.test -> /home/csrobot/flexbe_ws/install/compare_flexbe_states/share/compare_flexbe_states/tests
[3.214s] creating /home/csrobot/flexbe_ws/install/compare_flexbe_states/share/compare_flexbe_states/launch
[3.214s] copying tests/run_tests.launch.py -> /home/csrobot/flexbe_ws/install/compare_flexbe_states/share/compare_flexbe_states/launch
[3.218s] running install_egg_info
[3.249s] Copying ../../../build/compare_flexbe_states/compare_flexbe_states.egg-info to /home/csrobot/flexbe_ws/install/compare_flexbe_states/lib/python3.12/site-packages/compare_flexbe_states-0.0.1-py3.12.egg-info
[3.250s] running install_scripts
[3.484s] Installing example_action_state script to /home/csrobot/flexbe_ws/install/compare_flexbe_states/lib/compare_flexbe_states
[3.485s] Installing example_state script to /home/csrobot/flexbe_ws/install/compare_flexbe_states/lib/compare_flexbe_states
[3.485s] writing list of installed files to '/home/csrobot/flexbe_ws/build/compare_flexbe_states/install.log'
[3.550s] Invoked command in '/home/csrobot/flexbe_ws/src/compare_flexbe/compare_flexbe_states' returned '0': AMENT_PREFIX_PATH=/home/csrobot/flexbe_ws/install/flexbe_core:/home/csrobot/flexbe_ws/install/compare_flexbe_utilities:/home/csrobot/flexbe_ws/install/panda_moveit_config:/home/csrobot/flexbe_ws/install/panda_gazebo:/home/csrobot/flexbe_ws/install/panda_description:/home/csrobot/flexbe_ws/install/gpd_ros:/home/csrobot/flexbe_ws/install/flexbe_behavior_engine:/home/csrobot/flexbe_ws/install/flexbe_widget:/home/csrobot/flexbe_ws/install/flexbe_webui:/home/csrobot/flexbe_ws/install/flexbe_onboard:/home/csrobot/flexbe_ws/install/flexbe_states:/home/csrobot/flexbe_ws/install/flexbe_testing:/home/csrobot/flexbe_ws/install/flexbe_mirror:/home/csrobot/flexbe_ws/install/flexbe_input:/home/csrobot/flexbe_ws/install/example_flexbe_states:/home/csrobot/flexbe_ws/install/compare_flexbe:/home/csrobot/flexbe_ws/install/compare_flexbe_states:/home/csrobot/flexbe_ws/install/compare_flexbe_behaviors:/home/csrobot/flexbe_ws/install/flexbe_msgs:/home/csrobot/flexbe_ws/install/armada_gazebo:/home/csrobot/flexbe_ws/install/armada_description:/home/csrobot/flexbe_ws/install/armada_bringup:/home/csrobot/graspnet_ws/install/unseen_obj_clst_ros2:/home/csrobot/graspnet_ws/install/graspsam_ros2:/home/csrobot/graspnet_ws/install/contact_graspnet_ros2:/opt/ros/jazzy CMAKE_PREFIX_PATH=/home/csrobot/flexbe_ws/install/flexbe_msgs:/home/csrobot/flexbe_ws/install/compare_flexbe_utilities:/home/csrobot/flexbe_ws/install/panda_moveit_config:/home/csrobot/flexbe_ws/install/panda_gazebo:/home/csrobot/flexbe_ws/install/panda_description:/home/csrobot/flexbe_ws/install/gpd_ros:/home/csrobot/flexbe_ws/install/flexbe_behavior_engine:/home/csrobot/flexbe_ws/install/flexbe_widget:/home/csrobot/flexbe_ws/install/flexbe_testing:/home/csrobot/flexbe_ws/install/compare_flexbe:/home/csrobot/flexbe_ws/install/compare_flexbe_behaviors:/home/csrobot/flexbe_ws/install/armada_gazebo:/home/csrobot/flexbe_ws/install/armada_description:/home/csrobot/flexbe_ws/install/armada_bringup:/home/csrobot/graspnet_ws/install/unseen_obj_clst_ros2:/home/csrobot/graspnet_ws/install/graspsam_ros2:/home/csrobot/graspnet_ws/install/contact_graspnet_ros2:/opt/ros/jazzy/opt/gz_sim_vendor:/opt/ros/jazzy/opt/gz_sensors_vendor:/opt/ros/jazzy/opt/gz_physics_vendor:/opt/ros/jazzy/opt/sdformat_vendor:/opt/ros/jazzy/opt/gz_gui_vendor:/opt/ros/jazzy/opt/gz_transport_vendor:/opt/ros/jazzy/opt/gz_rendering_vendor:/opt/ros/jazzy/opt/gz_plugin_vendor:/opt/ros/jazzy/opt/gz_fuel_tools_vendor:/opt/ros/jazzy/opt/gz_msgs_vendor:/opt/ros/jazzy/opt/gz_common_vendor:/opt/ros/jazzy/opt/gz_math_vendor:/opt/ros/jazzy/opt/gz_utils_vendor:/opt/ros/jazzy/opt/gz_tools_vendor:/opt/ros/jazzy/opt/gz_ogre_next_vendor:/opt/ros/jazzy/opt/gz_dartsim_vendor:/opt/ros/jazzy/opt/gz_cmake_vendor DEBUGINFOD_URLS=https://debuginfod.ubuntu.com LD_LIBRARY_PATH=/home/csrobot/flexbe_ws/install/flexbe_msgs/lib:/home/csrobot/flexbe_ws/install/compare_flexbe_utilities/lib:/home/csrobot/flexbe_ws/install/gpd/lib:/home/csrobot/flexbe_ws/install/gpd_ros/lib:/home/csrobot/graspnet_ws/install/unseen_obj_clst_ros2/lib:/home/csrobot/graspnet_ws/install/graspsam_ros2/lib:/home/csrobot/graspnet_ws/install/contact_graspnet_ros2/lib:/opt/ros/jazzy/opt/gz_sim_vendor/lib:/opt/ros/jazzy/opt/gz_sensors_vendor/lib:/opt/ros/jazzy/opt/gz_physics_vendor/lib:/opt/ros/jazzy/opt/sdformat_vendor/lib:/opt/ros/jazzy/opt/rviz_ogre_vendor/lib:/opt/ros/jazzy/lib/x86_64-linux-gnu:/opt/ros/jazzy/opt/gz_gui_vendor/lib:/opt/ros/jazzy/opt/gz_transport_vendor/lib:/opt/ros/jazzy/opt/gz_rendering_vendor/lib:/opt/ros/jazzy/opt/gz_plugin_vendor/lib:/opt/ros/jazzy/opt/gz_fuel_tools_vendor/lib:/opt/ros/jazzy/opt/gz_msgs_vendor/lib:/opt/ros/jazzy/opt/gz_common_vendor/lib:/opt/ros/jazzy/opt/gz_math_vendor/lib:/opt/ros/jazzy/opt/gz_utils_vendor/lib:/opt/ros/jazzy/opt/gz_tools_vendor/lib:/opt/ros/jazzy/opt/gz_ogre_next_vendor/lib:/opt/ros/jazzy/opt/gz_dartsim_vendor/lib:/opt/ros/jazzy/opt/gz_cmake_vendor/lib:/opt/ros/jazzy/lib:/usr/local/cuda/lib64:/usr/local/cuda/lib64 PYTHONPATH=/home/csrobot/flexbe_ws/build/compare_flexbe_states/prefix_override:/usr/lib/python3/dist-packages/colcon_core/task/python/colcon_distutils_commands:/home/csrobot/flexbe_ws/install/compare_flexbe_states/lib/python3.12/site-packages:/home/csrobot/flexbe_ws/install/flexbe_core/lib/python3.12/site-packages:/home/csrobot/flexbe_ws/install/flexbe_msgs/lib/python3.12/site-packages:/home/csrobot/flexbe_ws/install/compare_flexbe_utilities/lib/python3.12/site-packages:/home/csrobot/flexbe_ws/install/gpd_ros/lib/python3.12/site-packages:/home/csrobot/flexbe_ws/install/flexbe_widget/lib/python3.12/site-packages:/home/csrobot/flexbe_ws/install/flexbe_webui/lib/python3.12/site-packages:/home/csrobot/flexbe_ws/install/flexbe_onboard/lib/python3.12/site-packages:/home/csrobot/flexbe_ws/install/flexbe_states/lib/python3.12/site-packages:/home/csrobot/flexbe_ws/install/flexbe_testing/lib/python3.12/site-packages:/home/csrobot/flexbe_ws/install/flexbe_mirror/lib/python3.12/site-packages:/home/csrobot/flexbe_ws/install/flexbe_input/lib/python3.12/site-packages:/home/csrobot/flexbe_ws/install/example_flexbe_states/lib/python3.12/site-packages:/home/csrobot/flexbe_ws/install/compare_flexbe_states/lib/python3.12/site-packages:/home/csrobot/flexbe_ws/install/compare_flexbe_behaviors/lib/python3.12/site-packages:/home/csrobot/graspnet_ws/install/unseen_obj_clst_ros2/lib/python3.12/site-packages:/home/csrobot/graspnet_ws/install/graspsam_ros2/lib/python3.12/site-packages:/home/csrobot/graspnet_ws/install/contact_graspnet_ros2/lib/python3.12/site-packages:/opt/ros/jazzy/lib/python3.12/site-packages /usr/bin/python3 -W ignore:setup.py install is deprecated -W ignore:easy_install command is deprecated setup.py egg_info --egg-base ../../../build/compare_flexbe_states build --build-base /home/csrobot/flexbe_ws/build/compare_flexbe_states/build install --record /home/csrobot/flexbe_ws/build/compare_flexbe_states/install.log --single-version-externally-managed install_data
