[0.046s] Invoking command in '/home/csrobot/flexbe_ws/build/gpd_ros': CMAKE_PREFIX_PATH=${CMAKE_PREFIX_PATH}:/home/csrobot/flexbe_ws/install/flexbe_webui:/home/csrobot/flexbe_ws/install/flexbe_onboard:/home/csrobot/flexbe_ws/install/flexbe_states:/home/csrobot/flexbe_ws/install/flexbe_mirror:/home/csrobot/flexbe_ws/install/flexbe_input:/home/csrobot/flexbe_ws/install/example_flexbe_states:/home/csrobot/flexbe_ws/install/compare_flexbe_states:/home/csrobot/flexbe_ws/install/flexbe_core:/opt/ros/jazzy DEBUGINFOD_URLS=https://debuginfod.ubuntu.com /usr/bin/cmake --build /home/csrobot/flexbe_ws/build/gpd_ros -- -j8 -l8
[0.107s] [  0%] Built target gpd_ros__rosidl_generator_type_description
[0.174s] [  0%] Built target ament_cmake_python_copy_gpd_ros
[0.174s] [  2%] Built target grasp_plotter
[0.174s] [  2%] Built target gpd_ros__cpp
[0.185s] [ 26%] Built target gpd_ros__rosidl_generator_c
[0.246s] [ 35%] Built target gpd_ros__rosidl_typesupport_cpp
[0.252s] [ 44%] Built target gpd_ros__rosidl_typesupport_fastrtps_cpp
[0.254s] [ 53%] Built target gpd_ros__rosidl_typesupport_introspection_c
[0.255s] [ 62%] Built target gpd_ros__rosidl_typesupport_introspection_cpp
[0.257s] [ 73%] Built target gpd_ros__rosidl_typesupport_fastrtps_c
[0.258s] [ 80%] Built target gpd_ros__rosidl_typesupport_c
[0.279s] [ 80%] Built target gpd_ros
[0.306s] [ 81%] Built target gpd_ros__py
[0.319s] [ 83%] Built target grasp_pose_server
[0.319s] [ 85%] Built target grasp_messages
[0.337s] [ 93%] Built target gpd_ros__rosidl_generator_py
[0.370s] [ 95%] Built target grasp_detection_server
[0.375s] [ 97%] Built target gpd_ros_s__rosidl_typesupport_fastrtps_c
[0.378s] [ 99%] Built target gpd_ros_s__rosidl_typesupport_c
[0.382s] [100%] Built target gpd_ros_s__rosidl_typesupport_introspection_c
[0.479s] running egg_info
[0.506s] writing gpd_ros.egg-info/PKG-INFO
[0.506s] writing dependency_links to gpd_ros.egg-info/dependency_links.txt
[0.506s] writing top-level names to gpd_ros.egg-info/top_level.txt
[0.585s] reading manifest file 'gpd_ros.egg-info/SOURCES.txt'
[0.587s] writing manifest file 'gpd_ros.egg-info/SOURCES.txt'
[0.611s] [100%] Built target ament_cmake_python_build_gpd_ros_egg
[0.622s] Invoked command in '/home/csrobot/flexbe_ws/build/gpd_ros' returned '0': CMAKE_PREFIX_PATH=${CMAKE_PREFIX_PATH}:/home/csrobot/flexbe_ws/install/flexbe_webui:/home/csrobot/flexbe_ws/install/flexbe_onboard:/home/csrobot/flexbe_ws/install/flexbe_states:/home/csrobot/flexbe_ws/install/flexbe_mirror:/home/csrobot/flexbe_ws/install/flexbe_input:/home/csrobot/flexbe_ws/install/example_flexbe_states:/home/csrobot/flexbe_ws/install/compare_flexbe_states:/home/csrobot/flexbe_ws/install/flexbe_core:/opt/ros/jazzy DEBUGINFOD_URLS=https://debuginfod.ubuntu.com /usr/bin/cmake --build /home/csrobot/flexbe_ws/build/gpd_ros -- -j8 -l8
[0.624s] Invoking command in '/home/csrobot/flexbe_ws/build/gpd_ros': CMAKE_PREFIX_PATH=${CMAKE_PREFIX_PATH}:/home/csrobot/flexbe_ws/install/flexbe_webui:/home/csrobot/flexbe_ws/install/flexbe_onboard:/home/csrobot/flexbe_ws/install/flexbe_states:/home/csrobot/flexbe_ws/install/flexbe_mirror:/home/csrobot/flexbe_ws/install/flexbe_input:/home/csrobot/flexbe_ws/install/example_flexbe_states:/home/csrobot/flexbe_ws/install/compare_flexbe_states:/home/csrobot/flexbe_ws/install/flexbe_core:/opt/ros/jazzy DEBUGINFOD_URLS=https://debuginfod.ubuntu.com /usr/bin/cmake --install /home/csrobot/flexbe_ws/build/gpd_ros
[0.631s] -- Install configuration: ""
[0.631s] -- Up-to-date: /home/csrobot/flexbe_ws/install/gpd_ros/share/ament_index/resource_index/rosidl_interfaces/gpd_ros
[0.631s] -- Up-to-date: /home/csrobot/flexbe_ws/install/gpd_ros/share/gpd_ros/msg/CloudIndexed.json
[0.632s] -- Up-to-date: /home/csrobot/flexbe_ws/install/gpd_ros/share/gpd_ros/msg/CloudSamples.json
[0.632s] -- Up-to-date: /home/csrobot/flexbe_ws/install/gpd_ros/share/gpd_ros/msg/CloudSources.json
[0.632s] -- Up-to-date: /home/csrobot/flexbe_ws/install/gpd_ros/share/gpd_ros/msg/GraspConfig.json
[0.632s] -- Up-to-date: /home/csrobot/flexbe_ws/install/gpd_ros/share/gpd_ros/msg/GraspConfigList.json
[0.632s] -- Up-to-date: /home/csrobot/flexbe_ws/install/gpd_ros/share/gpd_ros/msg/SamplesMsg.json
[0.632s] -- Up-to-date: /home/csrobot/flexbe_ws/install/gpd_ros/share/gpd_ros/srv/DetectGrasps.json
[0.632s] -- Up-to-date: /home/csrobot/flexbe_ws/install/gpd_ros/share/gpd_ros/srv/ComputeGraspPoses.json
[0.632s] -- Up-to-date: /home/csrobot/flexbe_ws/install/gpd_ros/include/gpd_ros/gpd_ros
[0.632s] -- Up-to-date: /home/csrobot/flexbe_ws/install/gpd_ros/include/gpd_ros/gpd_ros/msg
[0.632s] -- Up-to-date: /home/csrobot/flexbe_ws/install/gpd_ros/include/gpd_ros/gpd_ros/msg/grasp_config.h
[0.632s] -- Up-to-date: /home/csrobot/flexbe_ws/install/gpd_ros/include/gpd_ros/gpd_ros/msg/rosidl_generator_c__visibility_control.h
[0.632s] -- Up-to-date: /home/csrobot/flexbe_ws/install/gpd_ros/include/gpd_ros/gpd_ros/msg/samples_msg.h
[0.633s] -- Up-to-date: /home/csrobot/flexbe_ws/install/gpd_ros/include/gpd_ros/gpd_ros/msg/cloud_indexed.h
[0.633s] -- Up-to-date: /home/csrobot/flexbe_ws/install/gpd_ros/include/gpd_ros/gpd_ros/msg/grasp_config_list.h
[0.633s] -- Up-to-date: /home/csrobot/flexbe_ws/install/gpd_ros/include/gpd_ros/gpd_ros/msg/cloud_samples.h
[0.633s] -- Up-to-date: /home/csrobot/flexbe_ws/install/gpd_ros/include/gpd_ros/gpd_ros/msg/detail
[0.633s] -- Up-to-date: /home/csrobot/flexbe_ws/install/gpd_ros/include/gpd_ros/gpd_ros/msg/detail/cloud_indexed__description.c
[0.633s] -- Installing: /home/csrobot/flexbe_ws/install/gpd_ros/include/gpd_ros/gpd_ros/msg/detail/cloud_samples__type_support.c
[0.633s] -- Installing: /home/csrobot/flexbe_ws/install/gpd_ros/include/gpd_ros/gpd_ros/msg/detail/grasp_config_list__type_support.c
[0.633s] -- Up-to-date: /home/csrobot/flexbe_ws/install/gpd_ros/include/gpd_ros/gpd_ros/msg/detail/grasp_config_list__functions.c
[0.633s] -- Up-to-date: /home/csrobot/flexbe_ws/install/gpd_ros/include/gpd_ros/gpd_ros/msg/detail/samples_msg__functions.h
[0.633s] -- Up-to-date: /home/csrobot/flexbe_ws/install/gpd_ros/include/gpd_ros/gpd_ros/msg/detail/cloud_samples__functions.h
[0.633s] -- Up-to-date: /home/csrobot/flexbe_ws/install/gpd_ros/include/gpd_ros/gpd_ros/msg/detail/grasp_config_list__functions.h
[0.633s] -- Up-to-date: /home/csrobot/flexbe_ws/install/gpd_ros/include/gpd_ros/gpd_ros/msg/detail/grasp_config__functions.c
[0.633s] -- Up-to-date: /home/csrobot/flexbe_ws/install/gpd_ros/include/gpd_ros/gpd_ros/msg/detail/cloud_indexed__functions.h
[0.633s] -- Up-to-date: /home/csrobot/flexbe_ws/install/gpd_ros/include/gpd_ros/gpd_ros/msg/detail/grasp_config__struct.h
[0.634s] -- Up-to-date: /home/csrobot/flexbe_ws/install/gpd_ros/include/gpd_ros/gpd_ros/msg/detail/cloud_sources__type_support.h
[0.634s] -- Installing: /home/csrobot/flexbe_ws/install/gpd_ros/include/gpd_ros/gpd_ros/msg/detail/cloud_sources__type_support.c
[0.634s] -- Up-to-date: /home/csrobot/flexbe_ws/install/gpd_ros/include/gpd_ros/gpd_ros/msg/detail/cloud_samples__struct.h
[0.634s] -- Installing: /home/csrobot/flexbe_ws/install/gpd_ros/include/gpd_ros/gpd_ros/msg/detail/grasp_config__type_support.c
[0.634s] -- Up-to-date: /home/csrobot/flexbe_ws/install/gpd_ros/include/gpd_ros/gpd_ros/msg/detail/grasp_config__type_support.h
[0.634s] -- Up-to-date: /home/csrobot/flexbe_ws/install/gpd_ros/include/gpd_ros/gpd_ros/msg/detail/samples_msg__struct.h
[0.634s] -- Up-to-date: /home/csrobot/flexbe_ws/install/gpd_ros/include/gpd_ros/gpd_ros/msg/detail/cloud_sources__struct.h
[0.634s] -- Up-to-date: /home/csrobot/flexbe_ws/install/gpd_ros/include/gpd_ros/gpd_ros/msg/detail/grasp_config_list__type_support.h
[0.634s] -- Installing: /home/csrobot/flexbe_ws/install/gpd_ros/include/gpd_ros/gpd_ros/msg/detail/cloud_indexed__type_support.c
[0.634s] -- Up-to-date: /home/csrobot/flexbe_ws/install/gpd_ros/include/gpd_ros/gpd_ros/msg/detail/grasp_config__functions.h
[0.634s] -- Installing: /home/csrobot/flexbe_ws/install/gpd_ros/include/gpd_ros/gpd_ros/msg/detail/samples_msg__type_support.c
[0.634s] -- Up-to-date: /home/csrobot/flexbe_ws/install/gpd_ros/include/gpd_ros/gpd_ros/msg/detail/samples_msg__description.c
[0.634s] -- Up-to-date: /home/csrobot/flexbe_ws/install/gpd_ros/include/gpd_ros/gpd_ros/msg/detail/cloud_samples__functions.c
[0.634s] -- Up-to-date: /home/csrobot/flexbe_ws/install/gpd_ros/include/gpd_ros/gpd_ros/msg/detail/grasp_config_list__struct.h
[0.635s] -- Up-to-date: /home/csrobot/flexbe_ws/install/gpd_ros/include/gpd_ros/gpd_ros/msg/detail/grasp_config__description.c
[0.635s] -- Up-to-date: /home/csrobot/flexbe_ws/install/gpd_ros/include/gpd_ros/gpd_ros/msg/detail/cloud_sources__description.c
[0.635s] -- Up-to-date: /home/csrobot/flexbe_ws/install/gpd_ros/include/gpd_ros/gpd_ros/msg/detail/cloud_indexed__functions.c
[0.635s] -- Up-to-date: /home/csrobot/flexbe_ws/install/gpd_ros/include/gpd_ros/gpd_ros/msg/detail/cloud_indexed__type_support.h
[0.635s] -- Up-to-date: /home/csrobot/flexbe_ws/install/gpd_ros/include/gpd_ros/gpd_ros/msg/detail/cloud_samples__description.c
[0.635s] -- Up-to-date: /home/csrobot/flexbe_ws/install/gpd_ros/include/gpd_ros/gpd_ros/msg/detail/cloud_sources__functions.c
[0.635s] -- Up-to-date: /home/csrobot/flexbe_ws/install/gpd_ros/include/gpd_ros/gpd_ros/msg/detail/cloud_samples__type_support.h
[0.635s] -- Up-to-date: /home/csrobot/flexbe_ws/install/gpd_ros/include/gpd_ros/gpd_ros/msg/detail/cloud_sources__functions.h
[0.635s] -- Up-to-date: /home/csrobot/flexbe_ws/install/gpd_ros/include/gpd_ros/gpd_ros/msg/detail/samples_msg__functions.c
[0.635s] -- Up-to-date: /home/csrobot/flexbe_ws/install/gpd_ros/include/gpd_ros/gpd_ros/msg/detail/samples_msg__type_support.h
[0.635s] -- Up-to-date: /home/csrobot/flexbe_ws/install/gpd_ros/include/gpd_ros/gpd_ros/msg/detail/cloud_indexed__struct.h
[0.635s] -- Up-to-date: /home/csrobot/flexbe_ws/install/gpd_ros/include/gpd_ros/gpd_ros/msg/detail/grasp_config_list__description.c
[0.635s] -- Up-to-date: /home/csrobot/flexbe_ws/install/gpd_ros/include/gpd_ros/gpd_ros/msg/cloud_sources.h
[0.635s] -- Up-to-date: /home/csrobot/flexbe_ws/install/gpd_ros/include/gpd_ros/gpd_ros/srv
[0.635s] -- Up-to-date: /home/csrobot/flexbe_ws/install/gpd_ros/include/gpd_ros/gpd_ros/srv/detect_grasps.h
[0.636s] -- Up-to-date: /home/csrobot/flexbe_ws/install/gpd_ros/include/gpd_ros/gpd_ros/srv/compute_grasp_poses.h
[0.636s] -- Up-to-date: /home/csrobot/flexbe_ws/install/gpd_ros/include/gpd_ros/gpd_ros/srv/detail
[0.636s] -- Up-to-date: /home/csrobot/flexbe_ws/install/gpd_ros/include/gpd_ros/gpd_ros/srv/detail/detect_grasps__functions.h
[0.636s] -- Installing: /home/csrobot/flexbe_ws/install/gpd_ros/include/gpd_ros/gpd_ros/srv/detail/detect_grasps__type_support.c
[0.636s] -- Up-to-date: /home/csrobot/flexbe_ws/install/gpd_ros/include/gpd_ros/gpd_ros/srv/detail/compute_grasp_poses__functions.h
[0.636s] -- Up-to-date: /home/csrobot/flexbe_ws/install/gpd_ros/include/gpd_ros/gpd_ros/srv/detail/detect_grasps__functions.c
[0.636s] -- Up-to-date: /home/csrobot/flexbe_ws/install/gpd_ros/include/gpd_ros/gpd_ros/srv/detail/compute_grasp_poses__functions.c
[0.636s] -- Up-to-date: /home/csrobot/flexbe_ws/install/gpd_ros/include/gpd_ros/gpd_ros/srv/detail/detect_grasps__type_support.h
[0.636s] -- Up-to-date: /home/csrobot/flexbe_ws/install/gpd_ros/include/gpd_ros/gpd_ros/srv/detail/detect_grasps__struct.h
[0.636s] -- Installing: /home/csrobot/flexbe_ws/install/gpd_ros/include/gpd_ros/gpd_ros/srv/detail/compute_grasp_poses__type_support.c
[0.636s] -- Up-to-date: /home/csrobot/flexbe_ws/install/gpd_ros/include/gpd_ros/gpd_ros/srv/detail/compute_grasp_poses__type_support.h
[0.636s] -- Up-to-date: /home/csrobot/flexbe_ws/install/gpd_ros/include/gpd_ros/gpd_ros/srv/detail/compute_grasp_poses__struct.h
[0.636s] -- Up-to-date: /home/csrobot/flexbe_ws/install/gpd_ros/include/gpd_ros/gpd_ros/srv/detail/detect_grasps__description.c
[0.636s] -- Up-to-date: /home/csrobot/flexbe_ws/install/gpd_ros/include/gpd_ros/gpd_ros/srv/detail/compute_grasp_poses__description.c
[0.636s] -- Up-to-date: /home/csrobot/flexbe_ws/install/gpd_ros/share/gpd_ros/environment/library_path.sh
[0.637s] -- Up-to-date: /home/csrobot/flexbe_ws/install/gpd_ros/share/gpd_ros/environment/library_path.dsv
[0.637s] -- Up-to-date: /home/csrobot/flexbe_ws/install/gpd_ros/lib/libgpd_ros__rosidl_generator_c.so
[0.637s] -- Up-to-date: /home/csrobot/flexbe_ws/install/gpd_ros/include/gpd_ros/gpd_ros
[0.637s] -- Up-to-date: /home/csrobot/flexbe_ws/install/gpd_ros/include/gpd_ros/gpd_ros/msg
[0.637s] -- Up-to-date: /home/csrobot/flexbe_ws/install/gpd_ros/include/gpd_ros/gpd_ros/msg/rosidl_typesupport_fastrtps_c__visibility_control.h
[0.637s] -- Up-to-date: /home/csrobot/flexbe_ws/install/gpd_ros/include/gpd_ros/gpd_ros/msg/detail
[0.637s] -- Up-to-date: /home/csrobot/flexbe_ws/install/gpd_ros/include/gpd_ros/gpd_ros/msg/detail/cloud_sources__rosidl_typesupport_fastrtps_c.h
[0.637s] -- Up-to-date: /home/csrobot/flexbe_ws/install/gpd_ros/include/gpd_ros/gpd_ros/msg/detail/cloud_indexed__rosidl_typesupport_fastrtps_c.h
[0.637s] -- Up-to-date: /home/csrobot/flexbe_ws/install/gpd_ros/include/gpd_ros/gpd_ros/msg/detail/grasp_config__rosidl_typesupport_fastrtps_c.h
[0.637s] -- Up-to-date: /home/csrobot/flexbe_ws/install/gpd_ros/include/gpd_ros/gpd_ros/msg/detail/samples_msg__rosidl_typesupport_fastrtps_c.h
[0.637s] -- Up-to-date: /home/csrobot/flexbe_ws/install/gpd_ros/include/gpd_ros/gpd_ros/msg/detail/cloud_samples__rosidl_typesupport_fastrtps_c.h
[0.638s] -- Up-to-date: /home/csrobot/flexbe_ws/install/gpd_ros/include/gpd_ros/gpd_ros/msg/detail/grasp_config_list__rosidl_typesupport_fastrtps_c.h
[0.638s] -- Up-to-date: /home/csrobot/flexbe_ws/install/gpd_ros/include/gpd_ros/gpd_ros/srv
[0.638s] -- Up-to-date: /home/csrobot/flexbe_ws/install/gpd_ros/include/gpd_ros/gpd_ros/srv/detail
[0.638s] -- Up-to-date: /home/csrobot/flexbe_ws/install/gpd_ros/include/gpd_ros/gpd_ros/srv/detail/compute_grasp_poses__rosidl_typesupport_fastrtps_c.h
[0.638s] -- Up-to-date: /home/csrobot/flexbe_ws/install/gpd_ros/include/gpd_ros/gpd_ros/srv/detail/detect_grasps__rosidl_typesupport_fastrtps_c.h
[0.638s] -- Up-to-date: /home/csrobot/flexbe_ws/install/gpd_ros/lib/libgpd_ros__rosidl_typesupport_fastrtps_c.so
[0.638s] -- Up-to-date: /home/csrobot/flexbe_ws/install/gpd_ros/include/gpd_ros/gpd_ros
[0.638s] -- Up-to-date: /home/csrobot/flexbe_ws/install/gpd_ros/include/gpd_ros/gpd_ros/msg
[0.638s] -- Up-to-date: /home/csrobot/flexbe_ws/install/gpd_ros/include/gpd_ros/gpd_ros/msg/rosidl_typesupport_introspection_c__visibility_control.h
[0.638s] -- Up-to-date: /home/csrobot/flexbe_ws/install/gpd_ros/include/gpd_ros/gpd_ros/msg/detail
[0.638s] -- Up-to-date: /home/csrobot/flexbe_ws/install/gpd_ros/include/gpd_ros/gpd_ros/msg/detail/cloud_indexed__rosidl_typesupport_introspection_c.h
[0.638s] -- Installing: /home/csrobot/flexbe_ws/install/gpd_ros/include/gpd_ros/gpd_ros/msg/detail/cloud_samples__type_support.c
[0.638s] -- Installing: /home/csrobot/flexbe_ws/install/gpd_ros/include/gpd_ros/gpd_ros/msg/detail/grasp_config_list__type_support.c
[0.638s] -- Installing: /home/csrobot/flexbe_ws/install/gpd_ros/include/gpd_ros/gpd_ros/msg/detail/cloud_sources__type_support.c
[0.639s] -- Up-to-date: /home/csrobot/flexbe_ws/install/gpd_ros/include/gpd_ros/gpd_ros/msg/detail/samples_msg__rosidl_typesupport_introspection_c.h
[0.639s] -- Installing: /home/csrobot/flexbe_ws/install/gpd_ros/include/gpd_ros/gpd_ros/msg/detail/grasp_config__type_support.c
[0.639s] -- Up-to-date: /home/csrobot/flexbe_ws/install/gpd_ros/include/gpd_ros/gpd_ros/msg/detail/grasp_config_list__rosidl_typesupport_introspection_c.h
[0.639s] -- Installing: /home/csrobot/flexbe_ws/install/gpd_ros/include/gpd_ros/gpd_ros/msg/detail/cloud_indexed__type_support.c
[0.639s] -- Installing: /home/csrobot/flexbe_ws/install/gpd_ros/include/gpd_ros/gpd_ros/msg/detail/samples_msg__type_support.c
[0.639s] -- Up-to-date: /home/csrobot/flexbe_ws/install/gpd_ros/include/gpd_ros/gpd_ros/msg/detail/cloud_samples__rosidl_typesupport_introspection_c.h
[0.639s] -- Up-to-date: /home/csrobot/flexbe_ws/install/gpd_ros/include/gpd_ros/gpd_ros/msg/detail/grasp_config__rosidl_typesupport_introspection_c.h
[0.639s] -- Up-to-date: /home/csrobot/flexbe_ws/install/gpd_ros/include/gpd_ros/gpd_ros/msg/detail/cloud_sources__rosidl_typesupport_introspection_c.h
[0.639s] -- Up-to-date: /home/csrobot/flexbe_ws/install/gpd_ros/include/gpd_ros/gpd_ros/srv
[0.639s] -- Up-to-date: /home/csrobot/flexbe_ws/install/gpd_ros/include/gpd_ros/gpd_ros/srv/detail
[0.639s] -- Installing: /home/csrobot/flexbe_ws/install/gpd_ros/include/gpd_ros/gpd_ros/srv/detail/detect_grasps__type_support.c
[0.639s] -- Up-to-date: /home/csrobot/flexbe_ws/install/gpd_ros/include/gpd_ros/gpd_ros/srv/detail/compute_grasp_poses__rosidl_typesupport_introspection_c.h
[0.639s] -- Installing: /home/csrobot/flexbe_ws/install/gpd_ros/include/gpd_ros/gpd_ros/srv/detail/compute_grasp_poses__type_support.c
[0.639s] -- Up-to-date: /home/csrobot/flexbe_ws/install/gpd_ros/include/gpd_ros/gpd_ros/srv/detail/detect_grasps__rosidl_typesupport_introspection_c.h
[0.639s] -- Up-to-date: /home/csrobot/flexbe_ws/install/gpd_ros/lib/libgpd_ros__rosidl_typesupport_introspection_c.so
[0.639s] -- Up-to-date: /home/csrobot/flexbe_ws/install/gpd_ros/lib/libgpd_ros__rosidl_typesupport_c.so
[0.639s] -- Up-to-date: /home/csrobot/flexbe_ws/install/gpd_ros/include/gpd_ros/gpd_ros
[0.640s] -- Up-to-date: /home/csrobot/flexbe_ws/install/gpd_ros/include/gpd_ros/gpd_ros/msg
[0.640s] -- Up-to-date: /home/csrobot/flexbe_ws/install/gpd_ros/include/gpd_ros/gpd_ros/msg/cloud_sources.hpp
[0.640s] -- Up-to-date: /home/csrobot/flexbe_ws/install/gpd_ros/include/gpd_ros/gpd_ros/msg/grasp_config.hpp
[0.640s] -- Up-to-date: /home/csrobot/flexbe_ws/install/gpd_ros/include/gpd_ros/gpd_ros/msg/cloud_indexed.hpp
[0.640s] -- Up-to-date: /home/csrobot/flexbe_ws/install/gpd_ros/include/gpd_ros/gpd_ros/msg/cloud_samples.hpp
[0.640s] -- Up-to-date: /home/csrobot/flexbe_ws/install/gpd_ros/include/gpd_ros/gpd_ros/msg/rosidl_generator_cpp__visibility_control.hpp
[0.640s] -- Up-to-date: /home/csrobot/flexbe_ws/install/gpd_ros/include/gpd_ros/gpd_ros/msg/samples_msg.hpp
[0.640s] -- Up-to-date: /home/csrobot/flexbe_ws/install/gpd_ros/include/gpd_ros/gpd_ros/msg/detail
[0.640s] -- Up-to-date: /home/csrobot/flexbe_ws/install/gpd_ros/include/gpd_ros/gpd_ros/msg/detail/cloud_indexed__builder.hpp
[0.640s] -- Up-to-date: /home/csrobot/flexbe_ws/install/gpd_ros/include/gpd_ros/gpd_ros/msg/detail/cloud_sources__builder.hpp
[0.640s] -- Up-to-date: /home/csrobot/flexbe_ws/install/gpd_ros/include/gpd_ros/gpd_ros/msg/detail/cloud_sources__struct.hpp
[0.640s] -- Up-to-date: /home/csrobot/flexbe_ws/install/gpd_ros/include/gpd_ros/gpd_ros/msg/detail/grasp_config__traits.hpp
[0.640s] -- Up-to-date: /home/csrobot/flexbe_ws/install/gpd_ros/include/gpd_ros/gpd_ros/msg/detail/cloud_indexed__type_support.hpp
[0.640s] -- Up-to-date: /home/csrobot/flexbe_ws/install/gpd_ros/include/gpd_ros/gpd_ros/msg/detail/grasp_config_list__type_support.hpp
[0.640s] -- Up-to-date: /home/csrobot/flexbe_ws/install/gpd_ros/include/gpd_ros/gpd_ros/msg/detail/samples_msg__type_support.hpp
[0.640s] -- Up-to-date: /home/csrobot/flexbe_ws/install/gpd_ros/include/gpd_ros/gpd_ros/msg/detail/cloud_samples__traits.hpp
[0.640s] -- Up-to-date: /home/csrobot/flexbe_ws/install/gpd_ros/include/gpd_ros/gpd_ros/msg/detail/samples_msg__traits.hpp
[0.641s] -- Up-to-date: /home/csrobot/flexbe_ws/install/gpd_ros/include/gpd_ros/gpd_ros/msg/detail/cloud_sources__type_support.hpp
[0.641s] -- Up-to-date: /home/csrobot/flexbe_ws/install/gpd_ros/include/gpd_ros/gpd_ros/msg/detail/grasp_config_list__struct.hpp
[0.641s] -- Up-to-date: /home/csrobot/flexbe_ws/install/gpd_ros/include/gpd_ros/gpd_ros/msg/detail/cloud_indexed__struct.hpp
[0.641s] -- Up-to-date: /home/csrobot/flexbe_ws/install/gpd_ros/include/gpd_ros/gpd_ros/msg/detail/grasp_config__type_support.hpp
[0.641s] -- Up-to-date: /home/csrobot/flexbe_ws/install/gpd_ros/include/gpd_ros/gpd_ros/msg/detail/samples_msg__struct.hpp
[0.641s] -- Up-to-date: /home/csrobot/flexbe_ws/install/gpd_ros/include/gpd_ros/gpd_ros/msg/detail/cloud_samples__builder.hpp
[0.641s] -- Up-to-date: /home/csrobot/flexbe_ws/install/gpd_ros/include/gpd_ros/gpd_ros/msg/detail/grasp_config__builder.hpp
[0.641s] -- Up-to-date: /home/csrobot/flexbe_ws/install/gpd_ros/include/gpd_ros/gpd_ros/msg/detail/grasp_config_list__traits.hpp
[0.641s] -- Up-to-date: /home/csrobot/flexbe_ws/install/gpd_ros/include/gpd_ros/gpd_ros/msg/detail/cloud_indexed__traits.hpp
[0.641s] -- Up-to-date: /home/csrobot/flexbe_ws/install/gpd_ros/include/gpd_ros/gpd_ros/msg/detail/samples_msg__builder.hpp
[0.641s] -- Up-to-date: /home/csrobot/flexbe_ws/install/gpd_ros/include/gpd_ros/gpd_ros/msg/detail/grasp_config__struct.hpp
[0.641s] -- Up-to-date: /home/csrobot/flexbe_ws/install/gpd_ros/include/gpd_ros/gpd_ros/msg/detail/grasp_config_list__builder.hpp
[0.641s] -- Up-to-date: /home/csrobot/flexbe_ws/install/gpd_ros/include/gpd_ros/gpd_ros/msg/detail/cloud_sources__traits.hpp
[0.641s] -- Up-to-date: /home/csrobot/flexbe_ws/install/gpd_ros/include/gpd_ros/gpd_ros/msg/detail/cloud_samples__struct.hpp
[0.641s] -- Up-to-date: /home/csrobot/flexbe_ws/install/gpd_ros/include/gpd_ros/gpd_ros/msg/detail/cloud_samples__type_support.hpp
[0.641s] -- Up-to-date: /home/csrobot/flexbe_ws/install/gpd_ros/include/gpd_ros/gpd_ros/msg/grasp_config_list.hpp
[0.641s] -- Up-to-date: /home/csrobot/flexbe_ws/install/gpd_ros/include/gpd_ros/gpd_ros/srv
[0.641s] -- Up-to-date: /home/csrobot/flexbe_ws/install/gpd_ros/include/gpd_ros/gpd_ros/srv/compute_grasp_poses.hpp
[0.642s] -- Up-to-date: /home/csrobot/flexbe_ws/install/gpd_ros/include/gpd_ros/gpd_ros/srv/detect_grasps.hpp
[0.642s] -- Up-to-date: /home/csrobot/flexbe_ws/install/gpd_ros/include/gpd_ros/gpd_ros/srv/detail
[0.642s] -- Up-to-date: /home/csrobot/flexbe_ws/install/gpd_ros/include/gpd_ros/gpd_ros/srv/detail/detect_grasps__builder.hpp
[0.642s] -- Up-to-date: /home/csrobot/flexbe_ws/install/gpd_ros/include/gpd_ros/gpd_ros/srv/detail/compute_grasp_poses__struct.hpp
[0.642s] -- Up-to-date: /home/csrobot/flexbe_ws/install/gpd_ros/include/gpd_ros/gpd_ros/srv/detail/detect_grasps__struct.hpp
[0.642s] -- Up-to-date: /home/csrobot/flexbe_ws/install/gpd_ros/include/gpd_ros/gpd_ros/srv/detail/detect_grasps__type_support.hpp
[0.642s] -- Up-to-date: /home/csrobot/flexbe_ws/install/gpd_ros/include/gpd_ros/gpd_ros/srv/detail/compute_grasp_poses__builder.hpp
[0.642s] -- Up-to-date: /home/csrobot/flexbe_ws/install/gpd_ros/include/gpd_ros/gpd_ros/srv/detail/compute_grasp_poses__type_support.hpp
[0.642s] -- Up-to-date: /home/csrobot/flexbe_ws/install/gpd_ros/include/gpd_ros/gpd_ros/srv/detail/detect_grasps__traits.hpp
[0.642s] -- Up-to-date: /home/csrobot/flexbe_ws/install/gpd_ros/include/gpd_ros/gpd_ros/srv/detail/compute_grasp_poses__traits.hpp
[0.642s] -- Up-to-date: /home/csrobot/flexbe_ws/install/gpd_ros/include/gpd_ros/gpd_ros
[0.642s] -- Up-to-date: /home/csrobot/flexbe_ws/install/gpd_ros/include/gpd_ros/gpd_ros/msg
[0.642s] -- Up-to-date: /home/csrobot/flexbe_ws/install/gpd_ros/include/gpd_ros/gpd_ros/msg/rosidl_typesupport_fastrtps_cpp__visibility_control.h
[0.642s] -- Up-to-date: /home/csrobot/flexbe_ws/install/gpd_ros/include/gpd_ros/gpd_ros/msg/detail
[0.642s] -- Up-to-date: /home/csrobot/flexbe_ws/install/gpd_ros/include/gpd_ros/gpd_ros/msg/detail/cloud_indexed__rosidl_typesupport_fastrtps_cpp.hpp
[0.642s] -- Up-to-date: /home/csrobot/flexbe_ws/install/gpd_ros/include/gpd_ros/gpd_ros/msg/detail/samples_msg__rosidl_typesupport_fastrtps_cpp.hpp
[0.642s] -- Up-to-date: /home/csrobot/flexbe_ws/install/gpd_ros/include/gpd_ros/gpd_ros/msg/detail/cloud_samples__rosidl_typesupport_fastrtps_cpp.hpp
[0.643s] -- Up-to-date: /home/csrobot/flexbe_ws/install/gpd_ros/include/gpd_ros/gpd_ros/msg/detail/grasp_config__rosidl_typesupport_fastrtps_cpp.hpp
[0.643s] -- Up-to-date: /home/csrobot/flexbe_ws/install/gpd_ros/include/gpd_ros/gpd_ros/msg/detail/grasp_config_list__rosidl_typesupport_fastrtps_cpp.hpp
[0.643s] -- Up-to-date: /home/csrobot/flexbe_ws/install/gpd_ros/include/gpd_ros/gpd_ros/msg/detail/dds_fastrtps
[0.643s] -- Up-to-date: /home/csrobot/flexbe_ws/install/gpd_ros/include/gpd_ros/gpd_ros/msg/detail/cloud_sources__rosidl_typesupport_fastrtps_cpp.hpp
[0.643s] -- Up-to-date: /home/csrobot/flexbe_ws/install/gpd_ros/include/gpd_ros/gpd_ros/srv
[0.643s] -- Up-to-date: /home/csrobot/flexbe_ws/install/gpd_ros/include/gpd_ros/gpd_ros/srv/detail
[0.643s] -- Up-to-date: /home/csrobot/flexbe_ws/install/gpd_ros/include/gpd_ros/gpd_ros/srv/detail/compute_grasp_poses__rosidl_typesupport_fastrtps_cpp.hpp
[0.643s] -- Up-to-date: /home/csrobot/flexbe_ws/install/gpd_ros/include/gpd_ros/gpd_ros/srv/detail/detect_grasps__rosidl_typesupport_fastrtps_cpp.hpp
[0.643s] -- Up-to-date: /home/csrobot/flexbe_ws/install/gpd_ros/include/gpd_ros/gpd_ros/srv/detail/dds_fastrtps
[0.643s] -- Up-to-date: /home/csrobot/flexbe_ws/install/gpd_ros/lib/libgpd_ros__rosidl_typesupport_fastrtps_cpp.so
[0.643s] -- Up-to-date: /home/csrobot/flexbe_ws/install/gpd_ros/include/gpd_ros/gpd_ros
[0.643s] -- Up-to-date: /home/csrobot/flexbe_ws/install/gpd_ros/include/gpd_ros/gpd_ros/msg
[0.643s] -- Up-to-date: /home/csrobot/flexbe_ws/install/gpd_ros/include/gpd_ros/gpd_ros/msg/detail
[0.643s] -- Up-to-date: /home/csrobot/flexbe_ws/install/gpd_ros/include/gpd_ros/gpd_ros/msg/detail/cloud_samples__rosidl_typesupport_introspection_cpp.hpp
[0.644s] -- Up-to-date: /home/csrobot/flexbe_ws/install/gpd_ros/include/gpd_ros/gpd_ros/msg/detail/grasp_config__type_support.cpp
[0.644s] -- Up-to-date: /home/csrobot/flexbe_ws/install/gpd_ros/include/gpd_ros/gpd_ros/msg/detail/samples_msg__rosidl_typesupport_introspection_cpp.hpp
[0.644s] -- Up-to-date: /home/csrobot/flexbe_ws/install/gpd_ros/include/gpd_ros/gpd_ros/msg/detail/cloud_indexed__type_support.cpp
[0.644s] -- Up-to-date: /home/csrobot/flexbe_ws/install/gpd_ros/include/gpd_ros/gpd_ros/msg/detail/cloud_sources__type_support.cpp
[0.644s] -- Up-to-date: /home/csrobot/flexbe_ws/install/gpd_ros/include/gpd_ros/gpd_ros/msg/detail/grasp_config_list__type_support.cpp
[0.644s] -- Up-to-date: /home/csrobot/flexbe_ws/install/gpd_ros/include/gpd_ros/gpd_ros/msg/detail/grasp_config__rosidl_typesupport_introspection_cpp.hpp
[0.644s] -- Up-to-date: /home/csrobot/flexbe_ws/install/gpd_ros/include/gpd_ros/gpd_ros/msg/detail/grasp_config_list__rosidl_typesupport_introspection_cpp.hpp
[0.644s] -- Up-to-date: /home/csrobot/flexbe_ws/install/gpd_ros/include/gpd_ros/gpd_ros/msg/detail/cloud_sources__rosidl_typesupport_introspection_cpp.hpp
[0.644s] -- Up-to-date: /home/csrobot/flexbe_ws/install/gpd_ros/include/gpd_ros/gpd_ros/msg/detail/cloud_samples__type_support.cpp
[0.644s] -- Up-to-date: /home/csrobot/flexbe_ws/install/gpd_ros/include/gpd_ros/gpd_ros/msg/detail/samples_msg__type_support.cpp
[0.645s] -- Up-to-date: /home/csrobot/flexbe_ws/install/gpd_ros/include/gpd_ros/gpd_ros/msg/detail/cloud_indexed__rosidl_typesupport_introspection_cpp.hpp
[0.645s] -- Up-to-date: /home/csrobot/flexbe_ws/install/gpd_ros/include/gpd_ros/gpd_ros/srv
[0.645s] -- Up-to-date: /home/csrobot/flexbe_ws/install/gpd_ros/include/gpd_ros/gpd_ros/srv/detail
[0.645s] -- Up-to-date: /home/csrobot/flexbe_ws/install/gpd_ros/include/gpd_ros/gpd_ros/srv/detail/compute_grasp_poses__rosidl_typesupport_introspection_cpp.hpp
[0.645s] -- Up-to-date: /home/csrobot/flexbe_ws/install/gpd_ros/include/gpd_ros/gpd_ros/srv/detail/detect_grasps__type_support.cpp
[0.645s] -- Up-to-date: /home/csrobot/flexbe_ws/install/gpd_ros/include/gpd_ros/gpd_ros/srv/detail/detect_grasps__rosidl_typesupport_introspection_cpp.hpp
[0.645s] -- Up-to-date: /home/csrobot/flexbe_ws/install/gpd_ros/include/gpd_ros/gpd_ros/srv/detail/compute_grasp_poses__type_support.cpp
[0.645s] -- Up-to-date: /home/csrobot/flexbe_ws/install/gpd_ros/lib/libgpd_ros__rosidl_typesupport_introspection_cpp.so
[0.645s] -- Up-to-date: /home/csrobot/flexbe_ws/install/gpd_ros/lib/libgpd_ros__rosidl_typesupport_cpp.so
[0.645s] -- Up-to-date: /home/csrobot/flexbe_ws/install/gpd_ros/share/gpd_ros/environment/pythonpath.sh
[0.645s] -- Up-to-date: /home/csrobot/flexbe_ws/install/gpd_ros/share/gpd_ros/environment/pythonpath.dsv
[0.645s] -- Up-to-date: /home/csrobot/flexbe_ws/install/gpd_ros/lib/python3.12/site-packages/gpd_ros-0.0.1-py3.12.egg-info
[0.645s] -- Installing: /home/csrobot/flexbe_ws/install/gpd_ros/lib/python3.12/site-packages/gpd_ros-0.0.1-py3.12.egg-info/dependency_links.txt
[0.645s] -- Installing: /home/csrobot/flexbe_ws/install/gpd_ros/lib/python3.12/site-packages/gpd_ros-0.0.1-py3.12.egg-info/top_level.txt
[0.645s] -- Installing: /home/csrobot/flexbe_ws/install/gpd_ros/lib/python3.12/site-packages/gpd_ros-0.0.1-py3.12.egg-info/SOURCES.txt
[0.646s] -- Installing: /home/csrobot/flexbe_ws/install/gpd_ros/lib/python3.12/site-packages/gpd_ros-0.0.1-py3.12.egg-info/PKG-INFO
[0.646s] -- Up-to-date: /home/csrobot/flexbe_ws/install/gpd_ros/lib/python3.12/site-packages/gpd_ros
[0.646s] -- Up-to-date: /home/csrobot/flexbe_ws/install/gpd_ros/lib/python3.12/site-packages/gpd_ros/msg
[0.646s] -- Up-to-date: /home/csrobot/flexbe_ws/install/gpd_ros/lib/python3.12/site-packages/gpd_ros/msg/_samples_msg_s.c
[0.646s] -- Up-to-date: /home/csrobot/flexbe_ws/install/gpd_ros/lib/python3.12/site-packages/gpd_ros/msg/_cloud_samples_s.c
[0.646s] -- Up-to-date: /home/csrobot/flexbe_ws/install/gpd_ros/lib/python3.12/site-packages/gpd_ros/msg/_grasp_config.py
[0.646s] -- Up-to-date: /home/csrobot/flexbe_ws/install/gpd_ros/lib/python3.12/site-packages/gpd_ros/msg/_grasp_config_list_s.c
[0.646s] -- Up-to-date: /home/csrobot/flexbe_ws/install/gpd_ros/lib/python3.12/site-packages/gpd_ros/msg/_cloud_sources_s.c
[0.646s] -- Up-to-date: /home/csrobot/flexbe_ws/install/gpd_ros/lib/python3.12/site-packages/gpd_ros/msg/_cloud_sources.py
[0.646s] -- Up-to-date: /home/csrobot/flexbe_ws/install/gpd_ros/lib/python3.12/site-packages/gpd_ros/msg/__init__.py
[0.646s] -- Up-to-date: /home/csrobot/flexbe_ws/install/gpd_ros/lib/python3.12/site-packages/gpd_ros/msg/_grasp_config_s.c
[0.646s] -- Up-to-date: /home/csrobot/flexbe_ws/install/gpd_ros/lib/python3.12/site-packages/gpd_ros/msg/_cloud_indexed.py
[0.646s] -- Up-to-date: /home/csrobot/flexbe_ws/install/gpd_ros/lib/python3.12/site-packages/gpd_ros/msg/_cloud_samples.py
[0.646s] -- Up-to-date: /home/csrobot/flexbe_ws/install/gpd_ros/lib/python3.12/site-packages/gpd_ros/msg/_cloud_indexed_s.c
[0.646s] -- Up-to-date: /home/csrobot/flexbe_ws/install/gpd_ros/lib/python3.12/site-packages/gpd_ros/msg/_grasp_config_list.py
[0.646s] -- Up-to-date: /home/csrobot/flexbe_ws/install/gpd_ros/lib/python3.12/site-packages/gpd_ros/msg/_samples_msg.py
[0.647s] -- Up-to-date: /home/csrobot/flexbe_ws/install/gpd_ros/lib/python3.12/site-packages/gpd_ros/__init__.py
[0.647s] -- Up-to-date: /home/csrobot/flexbe_ws/install/gpd_ros/lib/python3.12/site-packages/gpd_ros/_gpd_ros_s.ep.rosidl_typesupport_fastrtps_c.c
[0.647s] -- Up-to-date: /home/csrobot/flexbe_ws/install/gpd_ros/lib/python3.12/site-packages/gpd_ros/srv
[0.647s] -- Up-to-date: /home/csrobot/flexbe_ws/install/gpd_ros/lib/python3.12/site-packages/gpd_ros/srv/_compute_grasp_poses_s.c
[0.647s] -- Up-to-date: /home/csrobot/flexbe_ws/install/gpd_ros/lib/python3.12/site-packages/gpd_ros/srv/_compute_grasp_poses.py
[0.647s] -- Up-to-date: /home/csrobot/flexbe_ws/install/gpd_ros/lib/python3.12/site-packages/gpd_ros/srv/__init__.py
[0.647s] -- Up-to-date: /home/csrobot/flexbe_ws/install/gpd_ros/lib/python3.12/site-packages/gpd_ros/srv/_detect_grasps_s.c
[0.647s] -- Up-to-date: /home/csrobot/flexbe_ws/install/gpd_ros/lib/python3.12/site-packages/gpd_ros/srv/_detect_grasps.py
[0.647s] -- Up-to-date: /home/csrobot/flexbe_ws/install/gpd_ros/lib/python3.12/site-packages/gpd_ros/gpd_ros_s__rosidl_typesupport_fastrtps_c.so
[0.647s] -- Up-to-date: /home/csrobot/flexbe_ws/install/gpd_ros/lib/python3.12/site-packages/gpd_ros/gpd_ros_s__rosidl_typesupport_introspection_c.so
[0.647s] -- Up-to-date: /home/csrobot/flexbe_ws/install/gpd_ros/lib/python3.12/site-packages/gpd_ros/_gpd_ros_s.ep.rosidl_typesupport_introspection_c.c
[0.647s] -- Up-to-date: /home/csrobot/flexbe_ws/install/gpd_ros/lib/python3.12/site-packages/gpd_ros/gpd_ros_s__rosidl_typesupport_c.so
[0.647s] -- Up-to-date: /home/csrobot/flexbe_ws/install/gpd_ros/lib/python3.12/site-packages/gpd_ros/_gpd_ros_s.ep.rosidl_typesupport_c.c
[0.694s] Listing '/home/csrobot/flexbe_ws/install/gpd_ros/lib/python3.12/site-packages/gpd_ros'...
[0.694s] Listing '/home/csrobot/flexbe_ws/install/gpd_ros/lib/python3.12/site-packages/gpd_ros/msg'...
[0.694s] Listing '/home/csrobot/flexbe_ws/install/gpd_ros/lib/python3.12/site-packages/gpd_ros/srv'...
[0.694s] -- Up-to-date: /home/csrobot/flexbe_ws/install/gpd_ros/lib/python3.12/site-packages/gpd_ros/gpd_ros_s__rosidl_typesupport_fastrtps_c.so
[0.694s] -- Up-to-date: /home/csrobot/flexbe_ws/install/gpd_ros/lib/python3.12/site-packages/gpd_ros/gpd_ros_s__rosidl_typesupport_introspection_c.so
[0.694s] -- Up-to-date: /home/csrobot/flexbe_ws/install/gpd_ros/lib/python3.12/site-packages/gpd_ros/gpd_ros_s__rosidl_typesupport_c.so
[0.695s] -- Up-to-date: /home/csrobot/flexbe_ws/install/gpd_ros/lib/libgpd_ros__rosidl_generator_py.so
[0.695s] -- Up-to-date: /home/csrobot/flexbe_ws/install/gpd_ros/share/gpd_ros/msg/CloudIndexed.idl
[0.695s] -- Up-to-date: /home/csrobot/flexbe_ws/install/gpd_ros/share/gpd_ros/msg/CloudSamples.idl
[0.695s] -- Up-to-date: /home/csrobot/flexbe_ws/install/gpd_ros/share/gpd_ros/msg/CloudSources.idl
[0.695s] -- Up-to-date: /home/csrobot/flexbe_ws/install/gpd_ros/share/gpd_ros/msg/GraspConfig.idl
[0.695s] -- Up-to-date: /home/csrobot/flexbe_ws/install/gpd_ros/share/gpd_ros/msg/GraspConfigList.idl
[0.695s] -- Up-to-date: /home/csrobot/flexbe_ws/install/gpd_ros/share/gpd_ros/msg/SamplesMsg.idl
[0.695s] -- Up-to-date: /home/csrobot/flexbe_ws/install/gpd_ros/share/gpd_ros/srv/DetectGrasps.idl
[0.695s] -- Up-to-date: /home/csrobot/flexbe_ws/install/gpd_ros/share/gpd_ros/srv/ComputeGraspPoses.idl
[0.695s] -- Up-to-date: /home/csrobot/flexbe_ws/install/gpd_ros/share/gpd_ros/msg/CloudIndexed.msg
[0.695s] -- Up-to-date: /home/csrobot/flexbe_ws/install/gpd_ros/share/gpd_ros/msg/CloudSamples.msg
[0.695s] -- Up-to-date: /home/csrobot/flexbe_ws/install/gpd_ros/share/gpd_ros/msg/CloudSources.msg
[0.695s] -- Up-to-date: /home/csrobot/flexbe_ws/install/gpd_ros/share/gpd_ros/msg/GraspConfig.msg
[0.695s] -- Up-to-date: /home/csrobot/flexbe_ws/install/gpd_ros/share/gpd_ros/msg/GraspConfigList.msg
[0.695s] -- Up-to-date: /home/csrobot/flexbe_ws/install/gpd_ros/share/gpd_ros/msg/SamplesMsg.msg
[0.695s] -- Up-to-date: /home/csrobot/flexbe_ws/install/gpd_ros/share/gpd_ros/srv/DetectGrasps.srv
[0.696s] -- Up-to-date: /home/csrobot/flexbe_ws/install/gpd_ros/share/gpd_ros/srv/ComputeGraspPoses.srv
[0.696s] -- Up-to-date: /home/csrobot/flexbe_ws/install/gpd_ros/lib/libgrasp_messages.so
[0.696s] -- Up-to-date: /home/csrobot/flexbe_ws/install/gpd_ros/lib/libgrasp_plotter.so
[0.696s] -- Up-to-date: /home/csrobot/flexbe_ws/install/gpd_ros/lib/gpd_ros/grasp_detection_server
[0.696s] -- Up-to-date: /home/csrobot/flexbe_ws/install/gpd_ros/lib/gpd_ros/grasp_pose_server
[0.696s] -- Up-to-date: /home/csrobot/flexbe_ws/install/gpd_ros/include
[0.696s] -- Up-to-date: /home/csrobot/flexbe_ws/install/gpd_ros/include/gpd_ros
[0.696s] -- Up-to-date: /home/csrobot/flexbe_ws/install/gpd_ros/include/gpd_ros/grasp_plotter.h
[0.696s] -- Up-to-date: /home/csrobot/flexbe_ws/install/gpd_ros/include/gpd_ros/grasp_messages.h
[0.696s] -- Up-to-date: /home/csrobot/flexbe_ws/install/gpd_ros/include/gpd_ros/grasp_detection_server.h
[0.696s] -- Up-to-date: /home/csrobot/flexbe_ws/install/gpd_ros/share/ament_index/resource_index/package_run_dependencies/gpd_ros
[0.696s] -- Up-to-date: /home/csrobot/flexbe_ws/install/gpd_ros/share/ament_index/resource_index/parent_prefix_path/gpd_ros
[0.696s] -- Up-to-date: /home/csrobot/flexbe_ws/install/gpd_ros/share/gpd_ros/environment/ament_prefix_path.sh
[0.696s] -- Up-to-date: /home/csrobot/flexbe_ws/install/gpd_ros/share/gpd_ros/environment/ament_prefix_path.dsv
[0.696s] -- Up-to-date: /home/csrobot/flexbe_ws/install/gpd_ros/share/gpd_ros/environment/path.sh
[0.697s] -- Up-to-date: /home/csrobot/flexbe_ws/install/gpd_ros/share/gpd_ros/environment/path.dsv
[0.697s] -- Up-to-date: /home/csrobot/flexbe_ws/install/gpd_ros/share/gpd_ros/local_setup.bash
[0.697s] -- Up-to-date: /home/csrobot/flexbe_ws/install/gpd_ros/share/gpd_ros/local_setup.sh
[0.697s] -- Up-to-date: /home/csrobot/flexbe_ws/install/gpd_ros/share/gpd_ros/local_setup.zsh
[0.697s] -- Up-to-date: /home/csrobot/flexbe_ws/install/gpd_ros/share/gpd_ros/local_setup.dsv
[0.697s] -- Installing: /home/csrobot/flexbe_ws/install/gpd_ros/share/gpd_ros/package.dsv
[0.697s] -- Up-to-date: /home/csrobot/flexbe_ws/install/gpd_ros/share/ament_index/resource_index/packages/gpd_ros
[0.697s] -- Up-to-date: /home/csrobot/flexbe_ws/install/gpd_ros/share/gpd_ros/cmake/export_gpd_ros__rosidl_generator_cExport.cmake
[0.697s] -- Up-to-date: /home/csrobot/flexbe_ws/install/gpd_ros/share/gpd_ros/cmake/export_gpd_ros__rosidl_generator_cExport-noconfig.cmake
[0.697s] -- Up-to-date: /home/csrobot/flexbe_ws/install/gpd_ros/share/gpd_ros/cmake/export_gpd_ros__rosidl_typesupport_fastrtps_cExport.cmake
[0.697s] -- Up-to-date: /home/csrobot/flexbe_ws/install/gpd_ros/share/gpd_ros/cmake/export_gpd_ros__rosidl_typesupport_fastrtps_cExport-noconfig.cmake
[0.697s] -- Up-to-date: /home/csrobot/flexbe_ws/install/gpd_ros/share/gpd_ros/cmake/gpd_ros__rosidl_typesupport_introspection_cExport.cmake
[0.697s] -- Up-to-date: /home/csrobot/flexbe_ws/install/gpd_ros/share/gpd_ros/cmake/gpd_ros__rosidl_typesupport_introspection_cExport-noconfig.cmake
[0.697s] -- Up-to-date: /home/csrobot/flexbe_ws/install/gpd_ros/share/gpd_ros/cmake/gpd_ros__rosidl_typesupport_cExport.cmake
[0.698s] -- Up-to-date: /home/csrobot/flexbe_ws/install/gpd_ros/share/gpd_ros/cmake/gpd_ros__rosidl_typesupport_cExport-noconfig.cmake
[0.698s] -- Up-to-date: /home/csrobot/flexbe_ws/install/gpd_ros/share/gpd_ros/cmake/export_gpd_ros__rosidl_generator_cppExport.cmake
[0.698s] -- Up-to-date: /home/csrobot/flexbe_ws/install/gpd_ros/share/gpd_ros/cmake/export_gpd_ros__rosidl_typesupport_fastrtps_cppExport.cmake
[0.698s] -- Up-to-date: /home/csrobot/flexbe_ws/install/gpd_ros/share/gpd_ros/cmake/export_gpd_ros__rosidl_typesupport_fastrtps_cppExport-noconfig.cmake
[0.698s] -- Up-to-date: /home/csrobot/flexbe_ws/install/gpd_ros/share/gpd_ros/cmake/gpd_ros__rosidl_typesupport_introspection_cppExport.cmake
[0.698s] -- Up-to-date: /home/csrobot/flexbe_ws/install/gpd_ros/share/gpd_ros/cmake/gpd_ros__rosidl_typesupport_introspection_cppExport-noconfig.cmake
[0.698s] -- Up-to-date: /home/csrobot/flexbe_ws/install/gpd_ros/share/gpd_ros/cmake/gpd_ros__rosidl_typesupport_cppExport.cmake
[0.698s] -- Up-to-date: /home/csrobot/flexbe_ws/install/gpd_ros/share/gpd_ros/cmake/gpd_ros__rosidl_typesupport_cppExport-noconfig.cmake
[0.698s] -- Up-to-date: /home/csrobot/flexbe_ws/install/gpd_ros/share/gpd_ros/cmake/export_gpd_ros__rosidl_generator_pyExport.cmake
[0.698s] -- Up-to-date: /home/csrobot/flexbe_ws/install/gpd_ros/share/gpd_ros/cmake/export_gpd_ros__rosidl_generator_pyExport-noconfig.cmake
[0.698s] -- Up-to-date: /home/csrobot/flexbe_ws/install/gpd_ros/share/gpd_ros/cmake/export_gpd_rosExport.cmake
[0.698s] -- Up-to-date: /home/csrobot/flexbe_ws/install/gpd_ros/share/gpd_ros/cmake/export_gpd_rosExport-noconfig.cmake
[0.698s] -- Up-to-date: /home/csrobot/flexbe_ws/install/gpd_ros/share/gpd_ros/cmake/rosidl_cmake-extras.cmake
[0.698s] -- Up-to-date: /home/csrobot/flexbe_ws/install/gpd_ros/share/gpd_ros/cmake/ament_cmake_export_dependencies-extras.cmake
[0.698s] -- Up-to-date: /home/csrobot/flexbe_ws/install/gpd_ros/share/gpd_ros/cmake/ament_cmake_export_include_directories-extras.cmake
[0.698s] -- Up-to-date: /home/csrobot/flexbe_ws/install/gpd_ros/share/gpd_ros/cmake/ament_cmake_export_libraries-extras.cmake
[0.699s] -- Up-to-date: /home/csrobot/flexbe_ws/install/gpd_ros/share/gpd_ros/cmake/ament_cmake_export_targets-extras.cmake
[0.699s] -- Up-to-date: /home/csrobot/flexbe_ws/install/gpd_ros/share/gpd_ros/cmake/rosidl_cmake_export_typesupport_targets-extras.cmake
[0.699s] -- Up-to-date: /home/csrobot/flexbe_ws/install/gpd_ros/share/gpd_ros/cmake/rosidl_cmake_export_typesupport_libraries-extras.cmake
[0.699s] -- Up-to-date: /home/csrobot/flexbe_ws/install/gpd_ros/share/gpd_ros/cmake/gpd_rosConfig.cmake
[0.699s] -- Up-to-date: /home/csrobot/flexbe_ws/install/gpd_ros/share/gpd_ros/cmake/gpd_rosConfig-version.cmake
[0.699s] -- Up-to-date: /home/csrobot/flexbe_ws/install/gpd_ros/share/gpd_ros/package.xml
[0.699s] Invoked command in '/home/csrobot/flexbe_ws/build/gpd_ros' returned '0': CMAKE_PREFIX_PATH=${CMAKE_PREFIX_PATH}:/home/csrobot/flexbe_ws/install/flexbe_webui:/home/csrobot/flexbe_ws/install/flexbe_onboard:/home/csrobot/flexbe_ws/install/flexbe_states:/home/csrobot/flexbe_ws/install/flexbe_mirror:/home/csrobot/flexbe_ws/install/flexbe_input:/home/csrobot/flexbe_ws/install/example_flexbe_states:/home/csrobot/flexbe_ws/install/compare_flexbe_states:/home/csrobot/flexbe_ws/install/flexbe_core:/opt/ros/jazzy DEBUGINFOD_URLS=https://debuginfod.ubuntu.com /usr/bin/cmake --install /home/csrobot/flexbe_ws/build/gpd_ros
