running egg_info
creating ../../build/flexbe_webui/flexbe_webui.egg-info
writing ../../build/flexbe_webui/flexbe_webui.egg-info/PKG-INFO
writing dependency_links to ../../build/flexbe_webui/flexbe_webui.egg-info/dependency_links.txt
writing entry points to ../../build/flexbe_webui/flexbe_webui.egg-info/entry_points.txt
writing requirements to ../../build/flexbe_webui/flexbe_webui.egg-info/requires.txt
writing top-level names to ../../build/flexbe_webui/flexbe_webui.egg-info/top_level.txt
writing manifest file '../../build/flexbe_webui/flexbe_webui.egg-info/SOURCES.txt'
reading manifest file '../../build/flexbe_webui/flexbe_webui.egg-info/SOURCES.txt'
adding license file 'LICENSE'
writing manifest file '../../build/flexbe_webui/flexbe_webui.egg-info/SOURCES.txt'
running build
running build_py
creating /home/csrobot/flexbe_ws/build/flexbe_webui/build
creating /home/csrobot/flexbe_ws/build/flexbe_webui/build/lib
creating /home/csrobot/flexbe_ws/build/flexbe_webui/build/lib/flexbe_webui
copying flexbe_webui/webui_client.py -> /home/csrobot/flexbe_ws/build/flexbe_webui/build/lib/flexbe_webui
copying flexbe_webui/webui_node.py -> /home/csrobot/flexbe_ws/build/flexbe_webui/build/lib/flexbe_webui
copying flexbe_webui/__init__.py -> /home/csrobot/flexbe_ws/build/flexbe_webui/build/lib/flexbe_webui
copying flexbe_webui/settings.py -> /home/csrobot/flexbe_ws/build/flexbe_webui/build/lib/flexbe_webui
copying flexbe_webui/webui_server.py -> /home/csrobot/flexbe_ws/build/flexbe_webui/build/lib/flexbe_webui
copying flexbe_webui/tools.py -> /home/csrobot/flexbe_ws/build/flexbe_webui/build/lib/flexbe_webui
creating /home/csrobot/flexbe_ws/build/flexbe_webui/build/lib/flexbe_webui/io
copying flexbe_webui/io/code_generator.py -> /home/csrobot/flexbe_ws/build/flexbe_webui/build/lib/flexbe_webui/io
copying flexbe_webui/io/__init__.py -> /home/csrobot/flexbe_ws/build/flexbe_webui/build/lib/flexbe_webui/io
copying flexbe_webui/io/state_parser.py -> /home/csrobot/flexbe_ws/build/flexbe_webui/build/lib/flexbe_webui/io
copying flexbe_webui/io/base_models.py -> /home/csrobot/flexbe_ws/build/flexbe_webui/build/lib/flexbe_webui/io
copying flexbe_webui/io/behavior_parser.py -> /home/csrobot/flexbe_ws/build/flexbe_webui/build/lib/flexbe_webui/io
copying flexbe_webui/io/manifest_generator.py -> /home/csrobot/flexbe_ws/build/flexbe_webui/build/lib/flexbe_webui/io
creating /home/csrobot/flexbe_ws/build/flexbe_webui/build/lib/flexbe_webui/ros
copying flexbe_webui/ros/__init__.py -> /home/csrobot/flexbe_ws/build/flexbe_webui/build/lib/flexbe_webui/ros
copying flexbe_webui/ros/packages.py -> /home/csrobot/flexbe_ws/build/flexbe_webui/build/lib/flexbe_webui/ros
running install
running install_lib
creating /home/csrobot/flexbe_ws/install/flexbe_webui/lib/python3.12/site-packages/flexbe_webui
creating /home/csrobot/flexbe_ws/install/flexbe_webui/lib/python3.12/site-packages/flexbe_webui/io
copying /home/csrobot/flexbe_ws/build/flexbe_webui/build/lib/flexbe_webui/io/code_generator.py -> /home/csrobot/flexbe_ws/install/flexbe_webui/lib/python3.12/site-packages/flexbe_webui/io
copying /home/csrobot/flexbe_ws/build/flexbe_webui/build/lib/flexbe_webui/io/__init__.py -> /home/csrobot/flexbe_ws/install/flexbe_webui/lib/python3.12/site-packages/flexbe_webui/io
copying /home/csrobot/flexbe_ws/build/flexbe_webui/build/lib/flexbe_webui/io/state_parser.py -> /home/csrobot/flexbe_ws/install/flexbe_webui/lib/python3.12/site-packages/flexbe_webui/io
copying /home/csrobot/flexbe_ws/build/flexbe_webui/build/lib/flexbe_webui/io/base_models.py -> /home/csrobot/flexbe_ws/install/flexbe_webui/lib/python3.12/site-packages/flexbe_webui/io
copying /home/csrobot/flexbe_ws/build/flexbe_webui/build/lib/flexbe_webui/io/behavior_parser.py -> /home/csrobot/flexbe_ws/install/flexbe_webui/lib/python3.12/site-packages/flexbe_webui/io
copying /home/csrobot/flexbe_ws/build/flexbe_webui/build/lib/flexbe_webui/io/manifest_generator.py -> /home/csrobot/flexbe_ws/install/flexbe_webui/lib/python3.12/site-packages/flexbe_webui/io
copying /home/csrobot/flexbe_ws/build/flexbe_webui/build/lib/flexbe_webui/webui_client.py -> /home/csrobot/flexbe_ws/install/flexbe_webui/lib/python3.12/site-packages/flexbe_webui
copying /home/csrobot/flexbe_ws/build/flexbe_webui/build/lib/flexbe_webui/webui_node.py -> /home/csrobot/flexbe_ws/install/flexbe_webui/lib/python3.12/site-packages/flexbe_webui
copying /home/csrobot/flexbe_ws/build/flexbe_webui/build/lib/flexbe_webui/__init__.py -> /home/csrobot/flexbe_ws/install/flexbe_webui/lib/python3.12/site-packages/flexbe_webui
creating /home/csrobot/flexbe_ws/install/flexbe_webui/lib/python3.12/site-packages/flexbe_webui/ros
copying /home/csrobot/flexbe_ws/build/flexbe_webui/build/lib/flexbe_webui/ros/__init__.py -> /home/csrobot/flexbe_ws/install/flexbe_webui/lib/python3.12/site-packages/flexbe_webui/ros
copying /home/csrobot/flexbe_ws/build/flexbe_webui/build/lib/flexbe_webui/ros/packages.py -> /home/csrobot/flexbe_ws/install/flexbe_webui/lib/python3.12/site-packages/flexbe_webui/ros
copying /home/csrobot/flexbe_ws/build/flexbe_webui/build/lib/flexbe_webui/settings.py -> /home/csrobot/flexbe_ws/install/flexbe_webui/lib/python3.12/site-packages/flexbe_webui
copying /home/csrobot/flexbe_ws/build/flexbe_webui/build/lib/flexbe_webui/webui_server.py -> /home/csrobot/flexbe_ws/install/flexbe_webui/lib/python3.12/site-packages/flexbe_webui
copying /home/csrobot/flexbe_ws/build/flexbe_webui/build/lib/flexbe_webui/tools.py -> /home/csrobot/flexbe_ws/install/flexbe_webui/lib/python3.12/site-packages/flexbe_webui
byte-compiling /home/csrobot/flexbe_ws/install/flexbe_webui/lib/python3.12/site-packages/flexbe_webui/io/code_generator.py to code_generator.cpython-312.pyc
byte-compiling /home/csrobot/flexbe_ws/install/flexbe_webui/lib/python3.12/site-packages/flexbe_webui/io/__init__.py to __init__.cpython-312.pyc
byte-compiling /home/csrobot/flexbe_ws/install/flexbe_webui/lib/python3.12/site-packages/flexbe_webui/io/state_parser.py to state_parser.cpython-312.pyc
byte-compiling /home/csrobot/flexbe_ws/install/flexbe_webui/lib/python3.12/site-packages/flexbe_webui/io/base_models.py to base_models.cpython-312.pyc
byte-compiling /home/csrobot/flexbe_ws/install/flexbe_webui/lib/python3.12/site-packages/flexbe_webui/io/behavior_parser.py to behavior_parser.cpython-312.pyc
byte-compiling /home/csrobot/flexbe_ws/install/flexbe_webui/lib/python3.12/site-packages/flexbe_webui/io/manifest_generator.py to manifest_generator.cpython-312.pyc
byte-compiling /home/csrobot/flexbe_ws/install/flexbe_webui/lib/python3.12/site-packages/flexbe_webui/webui_client.py to webui_client.cpython-312.pyc
byte-compiling /home/csrobot/flexbe_ws/install/flexbe_webui/lib/python3.12/site-packages/flexbe_webui/webui_node.py to webui_node.cpython-312.pyc
byte-compiling /home/csrobot/flexbe_ws/install/flexbe_webui/lib/python3.12/site-packages/flexbe_webui/__init__.py to __init__.cpython-312.pyc
byte-compiling /home/csrobot/flexbe_ws/install/flexbe_webui/lib/python3.12/site-packages/flexbe_webui/ros/__init__.py to __init__.cpython-312.pyc
byte-compiling /home/csrobot/flexbe_ws/install/flexbe_webui/lib/python3.12/site-packages/flexbe_webui/ros/packages.py to packages.cpython-312.pyc
byte-compiling /home/csrobot/flexbe_ws/install/flexbe_webui/lib/python3.12/site-packages/flexbe_webui/settings.py to settings.cpython-312.pyc
byte-compiling /home/csrobot/flexbe_ws/install/flexbe_webui/lib/python3.12/site-packages/flexbe_webui/webui_server.py to webui_server.cpython-312.pyc
byte-compiling /home/csrobot/flexbe_ws/install/flexbe_webui/lib/python3.12/site-packages/flexbe_webui/tools.py to tools.cpython-312.pyc
running install_data
creating /home/csrobot/flexbe_ws/install/flexbe_webui/share/ament_index
creating /home/csrobot/flexbe_ws/install/flexbe_webui/share/ament_index/resource_index
creating /home/csrobot/flexbe_ws/install/flexbe_webui/share/ament_index/resource_index/packages
copying resource/flexbe_webui -> /home/csrobot/flexbe_ws/install/flexbe_webui/share/ament_index/resource_index/packages
copying package.xml -> /home/csrobot/flexbe_ws/install/flexbe_webui/share/flexbe_webui
creating /home/csrobot/flexbe_ws/install/flexbe_webui/share/flexbe_webui/launch
copying launch/flexbe_ocs.launch.py -> /home/csrobot/flexbe_ws/install/flexbe_webui/share/flexbe_webui/launch
copying launch/flexbe_full.launch.py -> /home/csrobot/flexbe_ws/install/flexbe_webui/share/flexbe_webui/launch
creating /home/csrobot/flexbe_ws/install/flexbe_webui/share/flexbe_webui/config
copying config/flexbe_webui_config.json -> /home/csrobot/flexbe_ws/install/flexbe_webui/share/flexbe_webui/config
creating /home/csrobot/flexbe_ws/install/flexbe_webui/share/flexbe_webui/app
copying flexbe_webui/app/events.js -> /home/csrobot/flexbe_ws/install/flexbe_webui/share/flexbe_webui/app
copying flexbe_webui/app/window.js -> /home/csrobot/flexbe_ws/install/flexbe_webui/share/flexbe_webui/app
copying flexbe_webui/app/prototype.js -> /home/csrobot/flexbe_ws/install/flexbe_webui/share/flexbe_webui/app
copying flexbe_webui/app/window.html -> /home/csrobot/flexbe_ws/install/flexbe_webui/share/flexbe_webui/app
copying flexbe_webui/app/api.js -> /home/csrobot/flexbe_ws/install/flexbe_webui/share/flexbe_webui/app
creating /home/csrobot/flexbe_ws/install/flexbe_webui/share/flexbe_webui/app/io
copying flexbe_webui/app/io/io_modelgenerator.js -> /home/csrobot/flexbe_ws/install/flexbe_webui/share/flexbe_webui/app/io
copying flexbe_webui/app/io/io_codeparser.js -> /home/csrobot/flexbe_ws/install/flexbe_webui/share/flexbe_webui/app/io
copying flexbe_webui/app/io/io_behaviorsaver.js -> /home/csrobot/flexbe_ws/install/flexbe_webui/share/flexbe_webui/app/io
copying flexbe_webui/app/io/io_behaviorloader.js -> /home/csrobot/flexbe_ws/install/flexbe_webui/share/flexbe_webui/app/io
copying flexbe_webui/app/io/io_manifestparser.js -> /home/csrobot/flexbe_ws/install/flexbe_webui/share/flexbe_webui/app/io
copying flexbe_webui/app/io/io.js -> /home/csrobot/flexbe_ws/install/flexbe_webui/share/flexbe_webui/app/io
copying flexbe_webui/app/io/io_filesystem.js -> /home/csrobot/flexbe_ws/install/flexbe_webui/share/flexbe_webui/app/io
copying flexbe_webui/app/io/io_stateparser.js -> /home/csrobot/flexbe_ws/install/flexbe_webui/share/flexbe_webui/app/io
creating /home/csrobot/flexbe_ws/install/flexbe_webui/share/flexbe_webui/app/ext
copying flexbe_webui/app/ext/dagre.min.js -> /home/csrobot/flexbe_ws/install/flexbe_webui/share/flexbe_webui/app/ext
copying flexbe_webui/app/ext/mousetrap.min.js -> /home/csrobot/flexbe_ws/install/flexbe_webui/share/flexbe_webui/app/ext
copying flexbe_webui/app/ext/yaml.min.js -> /home/csrobot/flexbe_ws/install/flexbe_webui/share/flexbe_webui/app/ext
copying flexbe_webui/app/ext/raphael.js -> /home/csrobot/flexbe_ws/install/flexbe_webui/share/flexbe_webui/app/ext
copying flexbe_webui/app/ext/d3.min.js -> /home/csrobot/flexbe_ws/install/flexbe_webui/share/flexbe_webui/app/ext
copying flexbe_webui/app/ext/mousetrap-global-bind.min.js -> /home/csrobot/flexbe_ws/install/flexbe_webui/share/flexbe_webui/app/ext
copying flexbe_webui/app/ext/json_parse_raw.js -> /home/csrobot/flexbe_ws/install/flexbe_webui/share/flexbe_webui/app/ext
creating /home/csrobot/flexbe_ws/install/flexbe_webui/share/flexbe_webui/app/ws
copying flexbe_webui/app/ws/ws_documentation.js -> /home/csrobot/flexbe_ws/install/flexbe_webui/share/flexbe_webui/app/ws
copying flexbe_webui/app/ws/ws_statedefinition.js -> /home/csrobot/flexbe_ws/install/flexbe_webui/share/flexbe_webui/app/ws
copying flexbe_webui/app/ws/ws_behaviorlib.js -> /home/csrobot/flexbe_ws/install/flexbe_webui/share/flexbe_webui/app/ws
copying flexbe_webui/app/ws/ws_statelib.js -> /home/csrobot/flexbe_ws/install/flexbe_webui/share/flexbe_webui/app/ws
copying flexbe_webui/app/ws/ws_behaviorstatedefinition.js -> /home/csrobot/flexbe_ws/install/flexbe_webui/share/flexbe_webui/app/ws
copying flexbe_webui/app/ws/ws_statemachinedefinition.js -> /home/csrobot/flexbe_ws/install/flexbe_webui/share/flexbe_webui/app/ws
copying flexbe_webui/app/ws/ws.js -> /home/csrobot/flexbe_ws/install/flexbe_webui/share/flexbe_webui/app/ws
creating /home/csrobot/flexbe_ws/install/flexbe_webui/share/flexbe_webui/app/ros
copying flexbe_webui/app/ros/ros_publisher.js -> /home/csrobot/flexbe_ws/install/flexbe_webui/share/flexbe_webui/app/ros
copying flexbe_webui/app/ros/ros_actionclient.js -> /home/csrobot/flexbe_ws/install/flexbe_webui/share/flexbe_webui/app/ros
copying flexbe_webui/app/ros/ros_subscriber.js -> /home/csrobot/flexbe_ws/install/flexbe_webui/share/flexbe_webui/app/ros
copying flexbe_webui/app/ros/ros.js -> /home/csrobot/flexbe_ws/install/flexbe_webui/share/flexbe_webui/app/ros
creating /home/csrobot/flexbe_ws/install/flexbe_webui/share/flexbe_webui/app/drawable
copying flexbe_webui/app/drawable/drawable_state.js -> /home/csrobot/flexbe_ws/install/flexbe_webui/share/flexbe_webui/app/drawable
copying flexbe_webui/app/drawable/drawable_note.js -> /home/csrobot/flexbe_ws/install/flexbe_webui/share/flexbe_webui/app/drawable
copying flexbe_webui/app/drawable/drawable_behaviorstate.js -> /home/csrobot/flexbe_ws/install/flexbe_webui/share/flexbe_webui/app/drawable
copying flexbe_webui/app/drawable/drawable_transition.js -> /home/csrobot/flexbe_ws/install/flexbe_webui/share/flexbe_webui/app/drawable
copying flexbe_webui/app/drawable/drawable.js -> /home/csrobot/flexbe_ws/install/flexbe_webui/share/flexbe_webui/app/drawable
copying flexbe_webui/app/drawable/drawable_helper.js -> /home/csrobot/flexbe_ws/install/flexbe_webui/share/flexbe_webui/app/drawable
copying flexbe_webui/app/drawable/drawable_statemachine.js -> /home/csrobot/flexbe_ws/install/flexbe_webui/share/flexbe_webui/app/drawable
copying flexbe_webui/app/drawable/drawable_outcome.js -> /home/csrobot/flexbe_ws/install/flexbe_webui/share/flexbe_webui/app/drawable
copying flexbe_webui/app/drawable/drawable_containerpath.js -> /home/csrobot/flexbe_ws/install/flexbe_webui/share/flexbe_webui/app/drawable
creating /home/csrobot/flexbe_ws/install/flexbe_webui/share/flexbe_webui/app/ui
copying flexbe_webui/app/ui/ui_feed.js -> /home/csrobot/flexbe_ws/install/flexbe_webui/share/flexbe_webui/app/ui
copying flexbe_webui/app/ui/ui_tools.js -> /home/csrobot/flexbe_ws/install/flexbe_webui/share/flexbe_webui/app/ui
copying flexbe_webui/app/ui/ui_runtimecontrol.js -> /home/csrobot/flexbe_ws/install/flexbe_webui/share/flexbe_webui/app/ui
copying flexbe_webui/app/ui/ui_statemachine.js -> /home/csrobot/flexbe_ws/install/flexbe_webui/share/flexbe_webui/app/ui
copying flexbe_webui/app/ui/ui_dashboard.js -> /home/csrobot/flexbe_ws/install/flexbe_webui/share/flexbe_webui/app/ui
copying flexbe_webui/app/ui/ui.js -> /home/csrobot/flexbe_ws/install/flexbe_webui/share/flexbe_webui/app/ui
copying flexbe_webui/app/ui/ui_settings.js -> /home/csrobot/flexbe_ws/install/flexbe_webui/share/flexbe_webui/app/ui
copying flexbe_webui/app/ui/ui_menu.js -> /home/csrobot/flexbe_ws/install/flexbe_webui/share/flexbe_webui/app/ui
creating /home/csrobot/flexbe_ws/install/flexbe_webui/share/flexbe_webui/app/ui/panels
copying flexbe_webui/app/ui/panels/ui_panels.js -> /home/csrobot/flexbe_ws/install/flexbe_webui/share/flexbe_webui/app/ui/panels
copying flexbe_webui/app/ui/panels/ui_panels_terminal.js -> /home/csrobot/flexbe_ws/install/flexbe_webui/share/flexbe_webui/app/ui/panels
copying flexbe_webui/app/ui/panels/ui_panels_selectbehavior.js -> /home/csrobot/flexbe_ws/install/flexbe_webui/share/flexbe_webui/app/ui/panels
copying flexbe_webui/app/ui/panels/ui_panels_stateproperties.js -> /home/csrobot/flexbe_ws/install/flexbe_webui/share/flexbe_webui/app/ui/panels
copying flexbe_webui/app/ui/panels/ui_panels_addstate.js -> /home/csrobot/flexbe_ws/install/flexbe_webui/share/flexbe_webui/app/ui/panels
creating /home/csrobot/flexbe_ws/install/flexbe_webui/share/flexbe_webui/app/_model
copying flexbe_webui/app/_model/behavior.js -> /home/csrobot/flexbe_ws/install/flexbe_webui/share/flexbe_webui/app/_model
copying flexbe_webui/app/_model/note.js -> /home/csrobot/flexbe_ws/install/flexbe_webui/share/flexbe_webui/app/_model
copying flexbe_webui/app/_model/statemachine.js -> /home/csrobot/flexbe_ws/install/flexbe_webui/share/flexbe_webui/app/_model
copying flexbe_webui/app/_model/state.js -> /home/csrobot/flexbe_ws/install/flexbe_webui/share/flexbe_webui/app/_model
copying flexbe_webui/app/_model/behaviorstate.js -> /home/csrobot/flexbe_ws/install/flexbe_webui/share/flexbe_webui/app/_model
copying flexbe_webui/app/_model/transition.js -> /home/csrobot/flexbe_ws/install/flexbe_webui/share/flexbe_webui/app/_model
creating /home/csrobot/flexbe_ws/install/flexbe_webui/share/flexbe_webui/app/_test
copying flexbe_webui/app/_test/dump_workspace.js -> /home/csrobot/flexbe_ws/install/flexbe_webui/share/flexbe_webui/app/_test
copying flexbe_webui/app/_test/statelib.test.js -> /home/csrobot/flexbe_ws/install/flexbe_webui/share/flexbe_webui/app/_test
copying flexbe_webui/app/_test/testreport.js -> /home/csrobot/flexbe_ws/install/flexbe_webui/share/flexbe_webui/app/_test
copying flexbe_webui/app/_test/scripts.js -> /home/csrobot/flexbe_ws/install/flexbe_webui/share/flexbe_webui/app/_test
copying flexbe_webui/app/_test/checkbehaviorsreport.js -> /home/csrobot/flexbe_ws/install/flexbe_webui/share/flexbe_webui/app/_test
creating /home/csrobot/flexbe_ws/install/flexbe_webui/share/flexbe_webui/app/style
copying flexbe_webui/app/style/dashboard.css -> /home/csrobot/flexbe_ws/install/flexbe_webui/share/flexbe_webui/app/style
copying flexbe_webui/app/style/statemachine.css -> /home/csrobot/flexbe_ws/install/flexbe_webui/share/flexbe_webui/app/style
copying flexbe_webui/app/style/main.css -> /home/csrobot/flexbe_ws/install/flexbe_webui/share/flexbe_webui/app/style
copying flexbe_webui/app/style/popup.css -> /home/csrobot/flexbe_ws/install/flexbe_webui/share/flexbe_webui/app/style
copying flexbe_webui/app/style/runtimecontrol.css -> /home/csrobot/flexbe_ws/install/flexbe_webui/share/flexbe_webui/app/style
copying flexbe_webui/app/style/settings.css -> /home/csrobot/flexbe_ws/install/flexbe_webui/share/flexbe_webui/app/style
creating /home/csrobot/flexbe_ws/install/flexbe_webui/share/flexbe_webui/app/img
copying flexbe_webui/app/img/warning.png -> /home/csrobot/flexbe_ws/install/flexbe_webui/share/flexbe_webui/app/img
copying flexbe_webui/app/img/file_save.png -> /home/csrobot/flexbe_ws/install/flexbe_webui/share/flexbe_webui/app/img
copying flexbe_webui/app/img/chrislab_logo.png -> /home/csrobot/flexbe_ws/install/flexbe_webui/share/flexbe_webui/app/img
copying flexbe_webui/app/img/dataflow_white.png -> /home/csrobot/flexbe_ws/install/flexbe_webui/share/flexbe_webui/app/img
copying flexbe_webui/app/img/version_latest.png -> /home/csrobot/flexbe_ws/install/flexbe_webui/share/flexbe_webui/app/img
copying flexbe_webui/app/img/icon-128.png -> /home/csrobot/flexbe_ws/install/flexbe_webui/share/flexbe_webui/app/img
copying flexbe_webui/app/img/check.png -> /home/csrobot/flexbe_ws/install/flexbe_webui/share/flexbe_webui/app/img
copying flexbe_webui/app/img/error.png -> /home/csrobot/flexbe_ws/install/flexbe_webui/share/flexbe_webui/app/img
copying flexbe_webui/app/img/icon-16.png -> /home/csrobot/flexbe_ws/install/flexbe_webui/share/flexbe_webui/app/img
copying flexbe_webui/app/img/title_db.png -> /home/csrobot/flexbe_ws/install/flexbe_webui/share/flexbe_webui/app/img
copying flexbe_webui/app/img/file_save_white.png -> /home/csrobot/flexbe_ws/install/flexbe_webui/share/flexbe_webui/app/img
copying flexbe_webui/app/img/title_settings.png -> /home/csrobot/flexbe_ws/install/flexbe_webui/share/flexbe_webui/app/img
copying flexbe_webui/app/img/settings_import.png -> /home/csrobot/flexbe_ws/install/flexbe_webui/share/flexbe_webui/app/img
copying flexbe_webui/app/img/title_sm.png -> /home/csrobot/flexbe_ws/install/flexbe_webui/share/flexbe_webui/app/img
copying flexbe_webui/app/img/db.png -> /home/csrobot/flexbe_ws/install/flexbe_webui/share/flexbe_webui/app/img
copying flexbe_webui/app/img/title_save.png -> /home/csrobot/flexbe_ws/install/flexbe_webui/share/flexbe_webui/app/img
copying flexbe_webui/app/img/add.png -> /home/csrobot/flexbe_ws/install/flexbe_webui/share/flexbe_webui/app/img
copying flexbe_webui/app/img/link.png -> /home/csrobot/flexbe_ws/install/flexbe_webui/share/flexbe_webui/app/img
copying flexbe_webui/app/img/turn_back.png -> /home/csrobot/flexbe_ws/install/flexbe_webui/share/flexbe_webui/app/img
copying flexbe_webui/app/img/title_terminal.png -> /home/csrobot/flexbe_ws/install/flexbe_webui/share/flexbe_webui/app/img
copying flexbe_webui/app/img/version_old.png -> /home/csrobot/flexbe_ws/install/flexbe_webui/share/flexbe_webui/app/img
copying flexbe_webui/app/img/lightning.png -> /home/csrobot/flexbe_ws/install/flexbe_webui/share/flexbe_webui/app/img
copying flexbe_webui/app/img/cross.png -> /home/csrobot/flexbe_ws/install/flexbe_webui/share/flexbe_webui/app/img
copying flexbe_webui/app/img/se_active.png -> /home/csrobot/flexbe_ws/install/flexbe_webui/share/flexbe_webui/app/img
copying flexbe_webui/app/img/se.png -> /home/csrobot/flexbe_ws/install/flexbe_webui/share/flexbe_webui/app/img
copying flexbe_webui/app/img/information.png -> /home/csrobot/flexbe_ws/install/flexbe_webui/share/flexbe_webui/app/img
copying flexbe_webui/app/img/title_add.png -> /home/csrobot/flexbe_ws/install/flexbe_webui/share/flexbe_webui/app/img
copying flexbe_webui/app/img/file_load.png -> /home/csrobot/flexbe_ws/install/flexbe_webui/share/flexbe_webui/app/img
copying flexbe_webui/app/img/settings_export.png -> /home/csrobot/flexbe_ws/install/flexbe_webui/share/flexbe_webui/app/img
copying flexbe_webui/app/img/sm_active.png -> /home/csrobot/flexbe_ws/install/flexbe_webui/share/flexbe_webui/app/img
copying flexbe_webui/app/img/logo_borderless.png -> /home/csrobot/flexbe_ws/install/flexbe_webui/share/flexbe_webui/app/img
copying flexbe_webui/app/img/group_selection.png -> /home/csrobot/flexbe_ws/install/flexbe_webui/share/flexbe_webui/app/img
copying flexbe_webui/app/img/table_row_delete.png -> /home/csrobot/flexbe_ws/install/flexbe_webui/share/flexbe_webui/app/img
copying flexbe_webui/app/img/link_break.png -> /home/csrobot/flexbe_ws/install/flexbe_webui/share/flexbe_webui/app/img
copying flexbe_webui/app/img/version_offline.png -> /home/csrobot/flexbe_ws/install/flexbe_webui/share/flexbe_webui/app/img
copying flexbe_webui/app/img/autoconnect.png -> /home/csrobot/flexbe_ws/install/flexbe_webui/share/flexbe_webui/app/img
copying flexbe_webui/app/img/db_active.png -> /home/csrobot/flexbe_ws/install/flexbe_webui/share/flexbe_webui/app/img
copying flexbe_webui/app/img/note_add.png -> /home/csrobot/flexbe_ws/install/flexbe_webui/share/flexbe_webui/app/img
copying flexbe_webui/app/img/rc_active.png -> /home/csrobot/flexbe_ws/install/flexbe_webui/share/flexbe_webui/app/img
copying flexbe_webui/app/img/title_load.png -> /home/csrobot/flexbe_ws/install/flexbe_webui/share/flexbe_webui/app/img
copying flexbe_webui/app/img/team_vigir_logo.png -> /home/csrobot/flexbe_ws/install/flexbe_webui/share/flexbe_webui/app/img
copying flexbe_webui/app/img/outcome.png -> /home/csrobot/flexbe_ws/install/flexbe_webui/share/flexbe_webui/app/img
copying flexbe_webui/app/img/move-icon.png -> /home/csrobot/flexbe_ws/install/flexbe_webui/share/flexbe_webui/app/img
copying flexbe_webui/app/img/title_terminal_white.png -> /home/csrobot/flexbe_ws/install/flexbe_webui/share/flexbe_webui/app/img
copying flexbe_webui/app/img/sm.png -> /home/csrobot/flexbe_ws/install/flexbe_webui/share/flexbe_webui/app/img
copying flexbe_webui/app/img/redo.png -> /home/csrobot/flexbe_ws/install/flexbe_webui/share/flexbe_webui/app/img
copying flexbe_webui/app/img/lock.png -> /home/csrobot/flexbe_ws/install/flexbe_webui/share/flexbe_webui/app/img
copying flexbe_webui/app/img/pencil.png -> /home/csrobot/flexbe_ws/install/flexbe_webui/share/flexbe_webui/app/img
copying flexbe_webui/app/img/undo.png -> /home/csrobot/flexbe_ws/install/flexbe_webui/share/flexbe_webui/app/img
copying flexbe_webui/app/img/rc.png -> /home/csrobot/flexbe_ws/install/flexbe_webui/share/flexbe_webui/app/img
copying flexbe_webui/app/img/version_devel.png -> /home/csrobot/flexbe_ws/install/flexbe_webui/share/flexbe_webui/app/img
copying flexbe_webui/app/img/page_view.png -> /home/csrobot/flexbe_ws/install/flexbe_webui/share/flexbe_webui/app/img
copying flexbe_webui/app/img/page_edit.png -> /home/csrobot/flexbe_ws/install/flexbe_webui/share/flexbe_webui/app/img
copying flexbe_webui/app/img/tick.png -> /home/csrobot/flexbe_ws/install/flexbe_webui/share/flexbe_webui/app/img
copying flexbe_webui/app/img/note.png -> /home/csrobot/flexbe_ws/install/flexbe_webui/share/flexbe_webui/app/img
copying flexbe_webui/app/img/file_new.png -> /home/csrobot/flexbe_ws/install/flexbe_webui/share/flexbe_webui/app/img
copying flexbe_webui/app/img/dataflow.png -> /home/csrobot/flexbe_ws/install/flexbe_webui/share/flexbe_webui/app/img
copying flexbe_webui/app/img/smile.png -> /home/csrobot/flexbe_ws/install/flexbe_webui/share/flexbe_webui/app/img
copying flexbe_webui/app/img/close.png -> /home/csrobot/flexbe_ws/install/flexbe_webui/share/flexbe_webui/app/img
creating /home/csrobot/flexbe_ws/install/flexbe_webui/share/flexbe_webui/app/_helper
copying flexbe_webui/app/_helper/tools.js -> /home/csrobot/flexbe_ws/install/flexbe_webui/share/flexbe_webui/app/_helper
copying flexbe_webui/app/_helper/activitytracer.js -> /home/csrobot/flexbe_ws/install/flexbe_webui/share/flexbe_webui/app/_helper
copying flexbe_webui/app/_helper/checking.js -> /home/csrobot/flexbe_ws/install/flexbe_webui/share/flexbe_webui/app/_helper
copying flexbe_webui/app/_helper/command_lib.js -> /home/csrobot/flexbe_ws/install/flexbe_webui/share/flexbe_webui/app/_helper
copying flexbe_webui/app/_helper/autocomplete.js -> /home/csrobot/flexbe_ws/install/flexbe_webui/share/flexbe_webui/app/_helper
copying flexbe_webui/app/_helper/varsolver.js -> /home/csrobot/flexbe_ws/install/flexbe_webui/share/flexbe_webui/app/_helper
creating /home/csrobot/flexbe_ws/install/flexbe_webui/share/flexbe_webui/app/rc
copying flexbe_webui/app/rc/rc_controller.js -> /home/csrobot/flexbe_ws/install/flexbe_webui/share/flexbe_webui/app/rc
copying flexbe_webui/app/rc/rc_pubsub.js -> /home/csrobot/flexbe_ws/install/flexbe_webui/share/flexbe_webui/app/rc
copying flexbe_webui/app/rc/rc_ros.js -> /home/csrobot/flexbe_ws/install/flexbe_webui/share/flexbe_webui/app/rc
copying flexbe_webui/app/rc/rc_sync.js -> /home/csrobot/flexbe_ws/install/flexbe_webui/share/flexbe_webui/app/rc
copying flexbe_webui/app/rc/rc.js -> /home/csrobot/flexbe_ws/install/flexbe_webui/share/flexbe_webui/app/rc
running install_egg_info
Copying ../../build/flexbe_webui/flexbe_webui.egg-info to /home/csrobot/flexbe_ws/install/flexbe_webui/lib/python3.12/site-packages/flexbe_webui-4.0.3-py3.12.egg-info
running install_scripts
Installing webui_client script to /home/csrobot/flexbe_ws/install/flexbe_webui/lib/flexbe_webui
Installing webui_node script to /home/csrobot/flexbe_ws/install/flexbe_webui/lib/flexbe_webui
Installing webui_server script to /home/csrobot/flexbe_ws/install/flexbe_webui/lib/flexbe_webui
writing list of installed files to '/home/csrobot/flexbe_ws/build/flexbe_webui/install.log'
