running egg_info
creating ../../../build/flexbe_core/flexbe_core.egg-info
writing ../../../build/flexbe_core/flexbe_core.egg-info/PKG-INFO
writing dependency_links to ../../../build/flexbe_core/flexbe_core.egg-info/dependency_links.txt
writing requirements to ../../../build/flexbe_core/flexbe_core.egg-info/requires.txt
writing top-level names to ../../../build/flexbe_core/flexbe_core.egg-info/top_level.txt
writing manifest file '../../../build/flexbe_core/flexbe_core.egg-info/SOURCES.txt'
reading manifest file '../../../build/flexbe_core/flexbe_core.egg-info/SOURCES.txt'
writing manifest file '../../../build/flexbe_core/flexbe_core.egg-info/SOURCES.txt'
running build
running build_py
creating /home/csrobot/flexbe_ws/build/flexbe_core/build
creating /home/csrobot/flexbe_ws/build/flexbe_core/build/lib
creating /home/csrobot/flexbe_ws/build/flexbe_core/build/lib/flexbe_core
copying flexbe_core/behavior.py -> /home/csrobot/flexbe_ws/build/flexbe_core/build/lib/flexbe_core
copying flexbe_core/__init__.py -> /home/csrobot/flexbe_ws/build/flexbe_core/build/lib/flexbe_core
copying flexbe_core/state_logger.py -> /home/csrobot/flexbe_ws/build/flexbe_core/build/lib/flexbe_core
copying flexbe_core/behavior_library.py -> /home/csrobot/flexbe_ws/build/flexbe_core/build/lib/flexbe_core
copying flexbe_core/logger.py -> /home/csrobot/flexbe_ws/build/flexbe_core/build/lib/flexbe_core
creating /home/csrobot/flexbe_ws/build/flexbe_core/build/lib/flexbe_core/core
copying flexbe_core/core/operatable_state.py -> /home/csrobot/flexbe_ws/build/flexbe_core/build/lib/flexbe_core/core
copying flexbe_core/core/ros_state_machine.py -> /home/csrobot/flexbe_ws/build/flexbe_core/build/lib/flexbe_core/core
copying flexbe_core/core/preemptable_state_machine.py -> /home/csrobot/flexbe_ws/build/flexbe_core/build/lib/flexbe_core/core
copying flexbe_core/core/topics.py -> /home/csrobot/flexbe_ws/build/flexbe_core/build/lib/flexbe_core/core
copying flexbe_core/core/state_machine.py -> /home/csrobot/flexbe_ws/build/flexbe_core/build/lib/flexbe_core/core
copying flexbe_core/core/ros_state.py -> /home/csrobot/flexbe_ws/build/flexbe_core/build/lib/flexbe_core/core
copying flexbe_core/core/state.py -> /home/csrobot/flexbe_ws/build/flexbe_core/build/lib/flexbe_core/core
copying flexbe_core/core/user_data.py -> /home/csrobot/flexbe_ws/build/flexbe_core/build/lib/flexbe_core/core
copying flexbe_core/core/manually_transitionable_state.py -> /home/csrobot/flexbe_ws/build/flexbe_core/build/lib/flexbe_core/core
copying flexbe_core/core/__init__.py -> /home/csrobot/flexbe_ws/build/flexbe_core/build/lib/flexbe_core/core
copying flexbe_core/core/priority_container.py -> /home/csrobot/flexbe_ws/build/flexbe_core/build/lib/flexbe_core/core
copying flexbe_core/core/preemptable_state.py -> /home/csrobot/flexbe_ws/build/flexbe_core/build/lib/flexbe_core/core
copying flexbe_core/core/operatable_state_machine.py -> /home/csrobot/flexbe_ws/build/flexbe_core/build/lib/flexbe_core/core
copying flexbe_core/core/concurrency_container.py -> /home/csrobot/flexbe_ws/build/flexbe_core/build/lib/flexbe_core/core
copying flexbe_core/core/lockable_state_machine.py -> /home/csrobot/flexbe_ws/build/flexbe_core/build/lib/flexbe_core/core
copying flexbe_core/core/event_state.py -> /home/csrobot/flexbe_ws/build/flexbe_core/build/lib/flexbe_core/core
copying flexbe_core/core/state_map.py -> /home/csrobot/flexbe_ws/build/flexbe_core/build/lib/flexbe_core/core
copying flexbe_core/core/exceptions.py -> /home/csrobot/flexbe_ws/build/flexbe_core/build/lib/flexbe_core/core
copying flexbe_core/core/lockable_state.py -> /home/csrobot/flexbe_ws/build/flexbe_core/build/lib/flexbe_core/core
creating /home/csrobot/flexbe_ws/build/flexbe_core/build/lib/flexbe_core/proxy
copying flexbe_core/proxy/proxy_publisher.py -> /home/csrobot/flexbe_ws/build/flexbe_core/build/lib/flexbe_core/proxy
copying flexbe_core/proxy/qos.py -> /home/csrobot/flexbe_ws/build/flexbe_core/build/lib/flexbe_core/proxy
copying flexbe_core/proxy/proxy_subscriber_cached.py -> /home/csrobot/flexbe_ws/build/flexbe_core/build/lib/flexbe_core/proxy
copying flexbe_core/proxy/proxy_service_caller.py -> /home/csrobot/flexbe_ws/build/flexbe_core/build/lib/flexbe_core/proxy
copying flexbe_core/proxy/__init__.py -> /home/csrobot/flexbe_ws/build/flexbe_core/build/lib/flexbe_core/proxy
copying flexbe_core/proxy/proxy_transform_listener.py -> /home/csrobot/flexbe_ws/build/flexbe_core/build/lib/flexbe_core/proxy
copying flexbe_core/proxy/proxy_action_client.py -> /home/csrobot/flexbe_ws/build/flexbe_core/build/lib/flexbe_core/proxy
running install
running install_lib
creating /home/csrobot/flexbe_ws/install/flexbe_core/lib/python3.12/site-packages/flexbe_core
creating /home/csrobot/flexbe_ws/install/flexbe_core/lib/python3.12/site-packages/flexbe_core/core
copying /home/csrobot/flexbe_ws/build/flexbe_core/build/lib/flexbe_core/core/operatable_state.py -> /home/csrobot/flexbe_ws/install/flexbe_core/lib/python3.12/site-packages/flexbe_core/core
copying /home/csrobot/flexbe_ws/build/flexbe_core/build/lib/flexbe_core/core/ros_state_machine.py -> /home/csrobot/flexbe_ws/install/flexbe_core/lib/python3.12/site-packages/flexbe_core/core
copying /home/csrobot/flexbe_ws/build/flexbe_core/build/lib/flexbe_core/core/preemptable_state_machine.py -> /home/csrobot/flexbe_ws/install/flexbe_core/lib/python3.12/site-packages/flexbe_core/core
copying /home/csrobot/flexbe_ws/build/flexbe_core/build/lib/flexbe_core/core/topics.py -> /home/csrobot/flexbe_ws/install/flexbe_core/lib/python3.12/site-packages/flexbe_core/core
copying /home/csrobot/flexbe_ws/build/flexbe_core/build/lib/flexbe_core/core/state_machine.py -> /home/csrobot/flexbe_ws/install/flexbe_core/lib/python3.12/site-packages/flexbe_core/core
copying /home/csrobot/flexbe_ws/build/flexbe_core/build/lib/flexbe_core/core/ros_state.py -> /home/csrobot/flexbe_ws/install/flexbe_core/lib/python3.12/site-packages/flexbe_core/core
copying /home/csrobot/flexbe_ws/build/flexbe_core/build/lib/flexbe_core/core/state.py -> /home/csrobot/flexbe_ws/install/flexbe_core/lib/python3.12/site-packages/flexbe_core/core
copying /home/csrobot/flexbe_ws/build/flexbe_core/build/lib/flexbe_core/core/user_data.py -> /home/csrobot/flexbe_ws/install/flexbe_core/lib/python3.12/site-packages/flexbe_core/core
copying /home/csrobot/flexbe_ws/build/flexbe_core/build/lib/flexbe_core/core/manually_transitionable_state.py -> /home/csrobot/flexbe_ws/install/flexbe_core/lib/python3.12/site-packages/flexbe_core/core
copying /home/csrobot/flexbe_ws/build/flexbe_core/build/lib/flexbe_core/core/__init__.py -> /home/csrobot/flexbe_ws/install/flexbe_core/lib/python3.12/site-packages/flexbe_core/core
copying /home/csrobot/flexbe_ws/build/flexbe_core/build/lib/flexbe_core/core/priority_container.py -> /home/csrobot/flexbe_ws/install/flexbe_core/lib/python3.12/site-packages/flexbe_core/core
copying /home/csrobot/flexbe_ws/build/flexbe_core/build/lib/flexbe_core/core/preemptable_state.py -> /home/csrobot/flexbe_ws/install/flexbe_core/lib/python3.12/site-packages/flexbe_core/core
copying /home/csrobot/flexbe_ws/build/flexbe_core/build/lib/flexbe_core/core/operatable_state_machine.py -> /home/csrobot/flexbe_ws/install/flexbe_core/lib/python3.12/site-packages/flexbe_core/core
copying /home/csrobot/flexbe_ws/build/flexbe_core/build/lib/flexbe_core/core/concurrency_container.py -> /home/csrobot/flexbe_ws/install/flexbe_core/lib/python3.12/site-packages/flexbe_core/core
copying /home/csrobot/flexbe_ws/build/flexbe_core/build/lib/flexbe_core/core/lockable_state_machine.py -> /home/csrobot/flexbe_ws/install/flexbe_core/lib/python3.12/site-packages/flexbe_core/core
copying /home/csrobot/flexbe_ws/build/flexbe_core/build/lib/flexbe_core/core/event_state.py -> /home/csrobot/flexbe_ws/install/flexbe_core/lib/python3.12/site-packages/flexbe_core/core
copying /home/csrobot/flexbe_ws/build/flexbe_core/build/lib/flexbe_core/core/state_map.py -> /home/csrobot/flexbe_ws/install/flexbe_core/lib/python3.12/site-packages/flexbe_core/core
copying /home/csrobot/flexbe_ws/build/flexbe_core/build/lib/flexbe_core/core/exceptions.py -> /home/csrobot/flexbe_ws/install/flexbe_core/lib/python3.12/site-packages/flexbe_core/core
copying /home/csrobot/flexbe_ws/build/flexbe_core/build/lib/flexbe_core/core/lockable_state.py -> /home/csrobot/flexbe_ws/install/flexbe_core/lib/python3.12/site-packages/flexbe_core/core
copying /home/csrobot/flexbe_ws/build/flexbe_core/build/lib/flexbe_core/behavior.py -> /home/csrobot/flexbe_ws/install/flexbe_core/lib/python3.12/site-packages/flexbe_core
copying /home/csrobot/flexbe_ws/build/flexbe_core/build/lib/flexbe_core/__init__.py -> /home/csrobot/flexbe_ws/install/flexbe_core/lib/python3.12/site-packages/flexbe_core
copying /home/csrobot/flexbe_ws/build/flexbe_core/build/lib/flexbe_core/state_logger.py -> /home/csrobot/flexbe_ws/install/flexbe_core/lib/python3.12/site-packages/flexbe_core
creating /home/csrobot/flexbe_ws/install/flexbe_core/lib/python3.12/site-packages/flexbe_core/proxy
copying /home/csrobot/flexbe_ws/build/flexbe_core/build/lib/flexbe_core/proxy/proxy_publisher.py -> /home/csrobot/flexbe_ws/install/flexbe_core/lib/python3.12/site-packages/flexbe_core/proxy
copying /home/csrobot/flexbe_ws/build/flexbe_core/build/lib/flexbe_core/proxy/qos.py -> /home/csrobot/flexbe_ws/install/flexbe_core/lib/python3.12/site-packages/flexbe_core/proxy
copying /home/csrobot/flexbe_ws/build/flexbe_core/build/lib/flexbe_core/proxy/proxy_subscriber_cached.py -> /home/csrobot/flexbe_ws/install/flexbe_core/lib/python3.12/site-packages/flexbe_core/proxy
copying /home/csrobot/flexbe_ws/build/flexbe_core/build/lib/flexbe_core/proxy/proxy_service_caller.py -> /home/csrobot/flexbe_ws/install/flexbe_core/lib/python3.12/site-packages/flexbe_core/proxy
copying /home/csrobot/flexbe_ws/build/flexbe_core/build/lib/flexbe_core/proxy/__init__.py -> /home/csrobot/flexbe_ws/install/flexbe_core/lib/python3.12/site-packages/flexbe_core/proxy
copying /home/csrobot/flexbe_ws/build/flexbe_core/build/lib/flexbe_core/proxy/proxy_transform_listener.py -> /home/csrobot/flexbe_ws/install/flexbe_core/lib/python3.12/site-packages/flexbe_core/proxy
copying /home/csrobot/flexbe_ws/build/flexbe_core/build/lib/flexbe_core/proxy/proxy_action_client.py -> /home/csrobot/flexbe_ws/install/flexbe_core/lib/python3.12/site-packages/flexbe_core/proxy
copying /home/csrobot/flexbe_ws/build/flexbe_core/build/lib/flexbe_core/behavior_library.py -> /home/csrobot/flexbe_ws/install/flexbe_core/lib/python3.12/site-packages/flexbe_core
copying /home/csrobot/flexbe_ws/build/flexbe_core/build/lib/flexbe_core/logger.py -> /home/csrobot/flexbe_ws/install/flexbe_core/lib/python3.12/site-packages/flexbe_core
byte-compiling /home/csrobot/flexbe_ws/install/flexbe_core/lib/python3.12/site-packages/flexbe_core/core/operatable_state.py to operatable_state.cpython-312.pyc
byte-compiling /home/csrobot/flexbe_ws/install/flexbe_core/lib/python3.12/site-packages/flexbe_core/core/ros_state_machine.py to ros_state_machine.cpython-312.pyc
byte-compiling /home/csrobot/flexbe_ws/install/flexbe_core/lib/python3.12/site-packages/flexbe_core/core/preemptable_state_machine.py to preemptable_state_machine.cpython-312.pyc
byte-compiling /home/csrobot/flexbe_ws/install/flexbe_core/lib/python3.12/site-packages/flexbe_core/core/topics.py to topics.cpython-312.pyc
byte-compiling /home/csrobot/flexbe_ws/install/flexbe_core/lib/python3.12/site-packages/flexbe_core/core/state_machine.py to state_machine.cpython-312.pyc
byte-compiling /home/csrobot/flexbe_ws/install/flexbe_core/lib/python3.12/site-packages/flexbe_core/core/ros_state.py to ros_state.cpython-312.pyc
byte-compiling /home/csrobot/flexbe_ws/install/flexbe_core/lib/python3.12/site-packages/flexbe_core/core/state.py to state.cpython-312.pyc
byte-compiling /home/csrobot/flexbe_ws/install/flexbe_core/lib/python3.12/site-packages/flexbe_core/core/user_data.py to user_data.cpython-312.pyc
byte-compiling /home/csrobot/flexbe_ws/install/flexbe_core/lib/python3.12/site-packages/flexbe_core/core/manually_transitionable_state.py to manually_transitionable_state.cpython-312.pyc
byte-compiling /home/csrobot/flexbe_ws/install/flexbe_core/lib/python3.12/site-packages/flexbe_core/core/__init__.py to __init__.cpython-312.pyc
byte-compiling /home/csrobot/flexbe_ws/install/flexbe_core/lib/python3.12/site-packages/flexbe_core/core/priority_container.py to priority_container.cpython-312.pyc
byte-compiling /home/csrobot/flexbe_ws/install/flexbe_core/lib/python3.12/site-packages/flexbe_core/core/preemptable_state.py to preemptable_state.cpython-312.pyc
byte-compiling /home/csrobot/flexbe_ws/install/flexbe_core/lib/python3.12/site-packages/flexbe_core/core/operatable_state_machine.py to operatable_state_machine.cpython-312.pyc
byte-compiling /home/csrobot/flexbe_ws/install/flexbe_core/lib/python3.12/site-packages/flexbe_core/core/concurrency_container.py to concurrency_container.cpython-312.pyc
byte-compiling /home/csrobot/flexbe_ws/install/flexbe_core/lib/python3.12/site-packages/flexbe_core/core/lockable_state_machine.py to lockable_state_machine.cpython-312.pyc
byte-compiling /home/csrobot/flexbe_ws/install/flexbe_core/lib/python3.12/site-packages/flexbe_core/core/event_state.py to event_state.cpython-312.pyc
byte-compiling /home/csrobot/flexbe_ws/install/flexbe_core/lib/python3.12/site-packages/flexbe_core/core/state_map.py to state_map.cpython-312.pyc
byte-compiling /home/csrobot/flexbe_ws/install/flexbe_core/lib/python3.12/site-packages/flexbe_core/core/exceptions.py to exceptions.cpython-312.pyc
byte-compiling /home/csrobot/flexbe_ws/install/flexbe_core/lib/python3.12/site-packages/flexbe_core/core/lockable_state.py to lockable_state.cpython-312.pyc
byte-compiling /home/csrobot/flexbe_ws/install/flexbe_core/lib/python3.12/site-packages/flexbe_core/behavior.py to behavior.cpython-312.pyc
byte-compiling /home/csrobot/flexbe_ws/install/flexbe_core/lib/python3.12/site-packages/flexbe_core/__init__.py to __init__.cpython-312.pyc
byte-compiling /home/csrobot/flexbe_ws/install/flexbe_core/lib/python3.12/site-packages/flexbe_core/state_logger.py to state_logger.cpython-312.pyc
byte-compiling /home/csrobot/flexbe_ws/install/flexbe_core/lib/python3.12/site-packages/flexbe_core/proxy/proxy_publisher.py to proxy_publisher.cpython-312.pyc
byte-compiling /home/csrobot/flexbe_ws/install/flexbe_core/lib/python3.12/site-packages/flexbe_core/proxy/qos.py to qos.cpython-312.pyc
byte-compiling /home/csrobot/flexbe_ws/install/flexbe_core/lib/python3.12/site-packages/flexbe_core/proxy/proxy_subscriber_cached.py to proxy_subscriber_cached.cpython-312.pyc
byte-compiling /home/csrobot/flexbe_ws/install/flexbe_core/lib/python3.12/site-packages/flexbe_core/proxy/proxy_service_caller.py to proxy_service_caller.cpython-312.pyc
byte-compiling /home/csrobot/flexbe_ws/install/flexbe_core/lib/python3.12/site-packages/flexbe_core/proxy/__init__.py to __init__.cpython-312.pyc
byte-compiling /home/csrobot/flexbe_ws/install/flexbe_core/lib/python3.12/site-packages/flexbe_core/proxy/proxy_transform_listener.py to proxy_transform_listener.cpython-312.pyc
byte-compiling /home/csrobot/flexbe_ws/install/flexbe_core/lib/python3.12/site-packages/flexbe_core/proxy/proxy_action_client.py to proxy_action_client.cpython-312.pyc
byte-compiling /home/csrobot/flexbe_ws/install/flexbe_core/lib/python3.12/site-packages/flexbe_core/behavior_library.py to behavior_library.cpython-312.pyc
byte-compiling /home/csrobot/flexbe_ws/install/flexbe_core/lib/python3.12/site-packages/flexbe_core/logger.py to logger.cpython-312.pyc
running install_data
creating /home/csrobot/flexbe_ws/install/flexbe_core/share/ament_index
creating /home/csrobot/flexbe_ws/install/flexbe_core/share/ament_index/resource_index
creating /home/csrobot/flexbe_ws/install/flexbe_core/share/ament_index/resource_index/packages
copying resource/flexbe_core -> /home/csrobot/flexbe_ws/install/flexbe_core/share/ament_index/resource_index/packages
copying package.xml -> /home/csrobot/flexbe_ws/install/flexbe_core/share/flexbe_core
running install_egg_info
Copying ../../../build/flexbe_core/flexbe_core.egg-info to /home/csrobot/flexbe_ws/install/flexbe_core/lib/python3.12/site-packages/flexbe_core-4.0.1-py3.12.egg-info
running install_scripts
writing list of installed files to '/home/csrobot/flexbe_ws/build/flexbe_core/install.log'
