[1.100s] Invoking command in '/home/csrobot/flexbe_ws/src/flexbe_behavior_engine/flexbe_core': CMAKE_PREFIX_PATH=/home/csrobot/flexbe_ws/install/flexbe_msgs:/home/csrobot/flexbe_ws/install/compare_flexbe_utilities:/home/csrobot/flexbe_ws/install/panda_moveit_config:/home/csrobot/flexbe_ws/install/panda_gazebo:/home/csrobot/flexbe_ws/install/panda_description:/home/csrobot/flexbe_ws/install/gpd_ros:/home/csrobot/flexbe_ws/install/flexbe_behavior_engine:/home/csrobot/flexbe_ws/install/flexbe_widget:/home/csrobot/flexbe_ws/install/flexbe_testing:/home/csrobot/flexbe_ws/install/compare_flexbe:/home/csrobot/flexbe_ws/install/compare_flexbe_behaviors:/home/csrobot/flexbe_ws/install/armada_gazebo:/home/csrobot/flexbe_ws/install/armada_description:/home/csrobot/flexbe_ws/install/armada_bringup:/home/csrobot/graspnet_ws/install/unseen_obj_clst_ros2:/home/csrobot/graspnet_ws/install/graspsam_ros2:/home/csrobot/graspnet_ws/install/contact_graspnet_ros2:/opt/ros/jazzy/opt/gz_sim_vendor:/opt/ros/jazzy/opt/gz_sensors_vendor:/opt/ros/jazzy/opt/gz_physics_vendor:/opt/ros/jazzy/opt/sdformat_vendor:/opt/ros/jazzy/opt/gz_gui_vendor:/opt/ros/jazzy/opt/gz_transport_vendor:/opt/ros/jazzy/opt/gz_rendering_vendor:/opt/ros/jazzy/opt/gz_plugin_vendor:/opt/ros/jazzy/opt/gz_fuel_tools_vendor:/opt/ros/jazzy/opt/gz_msgs_vendor:/opt/ros/jazzy/opt/gz_common_vendor:/opt/ros/jazzy/opt/gz_math_vendor:/opt/ros/jazzy/opt/gz_utils_vendor:/opt/ros/jazzy/opt/gz_tools_vendor:/opt/ros/jazzy/opt/gz_ogre_next_vendor:/opt/ros/jazzy/opt/gz_dartsim_vendor:/opt/ros/jazzy/opt/gz_cmake_vendor DEBUGINFOD_URLS=https://debuginfod.ubuntu.com LD_LIBRARY_PATH=/home/csrobot/flexbe_ws/install/flexbe_msgs/lib:/home/csrobot/flexbe_ws/install/compare_flexbe_utilities/lib:/home/csrobot/flexbe_ws/install/gpd/lib:/home/csrobot/flexbe_ws/install/gpd_ros/lib:/home/csrobot/graspnet_ws/install/unseen_obj_clst_ros2/lib:/home/csrobot/graspnet_ws/install/graspsam_ros2/lib:/home/csrobot/graspnet_ws/install/contact_graspnet_ros2/lib:/opt/ros/jazzy/opt/gz_sim_vendor/lib:/opt/ros/jazzy/opt/gz_sensors_vendor/lib:/opt/ros/jazzy/opt/gz_physics_vendor/lib:/opt/ros/jazzy/opt/sdformat_vendor/lib:/opt/ros/jazzy/opt/rviz_ogre_vendor/lib:/opt/ros/jazzy/lib/x86_64-linux-gnu:/opt/ros/jazzy/opt/gz_gui_vendor/lib:/opt/ros/jazzy/opt/gz_transport_vendor/lib:/opt/ros/jazzy/opt/gz_rendering_vendor/lib:/opt/ros/jazzy/opt/gz_plugin_vendor/lib:/opt/ros/jazzy/opt/gz_fuel_tools_vendor/lib:/opt/ros/jazzy/opt/gz_msgs_vendor/lib:/opt/ros/jazzy/opt/gz_common_vendor/lib:/opt/ros/jazzy/opt/gz_math_vendor/lib:/opt/ros/jazzy/opt/gz_utils_vendor/lib:/opt/ros/jazzy/opt/gz_tools_vendor/lib:/opt/ros/jazzy/opt/gz_ogre_next_vendor/lib:/opt/ros/jazzy/opt/gz_dartsim_vendor/lib:/opt/ros/jazzy/opt/gz_cmake_vendor/lib:/opt/ros/jazzy/lib:/usr/local/cuda/lib64:/usr/local/cuda/lib64 PYTHONPATH=/home/csrobot/flexbe_ws/build/flexbe_core/prefix_override:/usr/lib/python3/dist-packages/colcon_core/task/python/colcon_distutils_commands:/home/csrobot/flexbe_ws/install/flexbe_core/lib/python3.12/site-packages:/home/csrobot/flexbe_ws/install/flexbe_msgs/lib/python3.12/site-packages:/home/csrobot/flexbe_ws/install/compare_flexbe_utilities/lib/python3.12/site-packages:/home/csrobot/flexbe_ws/install/gpd_ros/lib/python3.12/site-packages:/home/csrobot/flexbe_ws/install/flexbe_widget/lib/python3.12/site-packages:/home/csrobot/flexbe_ws/install/flexbe_webui/lib/python3.12/site-packages:/home/csrobot/flexbe_ws/install/flexbe_onboard/lib/python3.12/site-packages:/home/csrobot/flexbe_ws/install/flexbe_states/lib/python3.12/site-packages:/home/csrobot/flexbe_ws/install/flexbe_testing/lib/python3.12/site-packages:/home/csrobot/flexbe_ws/install/flexbe_mirror/lib/python3.12/site-packages:/home/csrobot/flexbe_ws/install/flexbe_input/lib/python3.12/site-packages:/home/csrobot/flexbe_ws/install/example_flexbe_states/lib/python3.12/site-packages:/home/csrobot/flexbe_ws/install/compare_flexbe_states/lib/python3.12/site-packages:/home/csrobot/flexbe_ws/install/compare_flexbe_behaviors/lib/python3.12/site-packages:/home/csrobot/flexbe_ws/install/flexbe_core/lib/python3.12/site-packages:/home/csrobot/graspnet_ws/install/unseen_obj_clst_ros2/lib/python3.12/site-packages:/home/csrobot/graspnet_ws/install/graspsam_ros2/lib/python3.12/site-packages:/home/csrobot/graspnet_ws/install/contact_graspnet_ros2/lib/python3.12/site-packages:/opt/ros/jazzy/lib/python3.12/site-packages /usr/bin/python3 -W ignore:setup.py install is deprecated -W ignore:easy_install command is deprecated setup.py egg_info --egg-base ../../../build/flexbe_core build --build-base /home/csrobot/flexbe_ws/build/flexbe_core/build install --record /home/csrobot/flexbe_ws/build/flexbe_core/install.log --single-version-externally-managed install_data
[1.456s] running egg_info
[1.456s] creating ../../../build/flexbe_core/flexbe_core.egg-info
[1.486s] writing ../../../build/flexbe_core/flexbe_core.egg-info/PKG-INFO
[1.486s] writing dependency_links to ../../../build/flexbe_core/flexbe_core.egg-info/dependency_links.txt
[1.486s] writing requirements to ../../../build/flexbe_core/flexbe_core.egg-info/requires.txt
[1.486s] writing top-level names to ../../../build/flexbe_core/flexbe_core.egg-info/top_level.txt
[1.486s] writing manifest file '../../../build/flexbe_core/flexbe_core.egg-info/SOURCES.txt'
[1.546s] reading manifest file '../../../build/flexbe_core/flexbe_core.egg-info/SOURCES.txt'
[1.547s] writing manifest file '../../../build/flexbe_core/flexbe_core.egg-info/SOURCES.txt'
[1.547s] running build
[1.547s] running build_py
[1.547s] creating /home/csrobot/flexbe_ws/build/flexbe_core/build
[1.547s] creating /home/csrobot/flexbe_ws/build/flexbe_core/build/lib
[1.548s] creating /home/csrobot/flexbe_ws/build/flexbe_core/build/lib/flexbe_core
[1.548s] copying flexbe_core/behavior.py -> /home/csrobot/flexbe_ws/build/flexbe_core/build/lib/flexbe_core
[1.548s] copying flexbe_core/__init__.py -> /home/csrobot/flexbe_ws/build/flexbe_core/build/lib/flexbe_core
[1.548s] copying flexbe_core/state_logger.py -> /home/csrobot/flexbe_ws/build/flexbe_core/build/lib/flexbe_core
[1.548s] copying flexbe_core/behavior_library.py -> /home/csrobot/flexbe_ws/build/flexbe_core/build/lib/flexbe_core
[1.548s] copying flexbe_core/logger.py -> /home/csrobot/flexbe_ws/build/flexbe_core/build/lib/flexbe_core
[1.548s] creating /home/csrobot/flexbe_ws/build/flexbe_core/build/lib/flexbe_core/core
[1.548s] copying flexbe_core/core/operatable_state.py -> /home/csrobot/flexbe_ws/build/flexbe_core/build/lib/flexbe_core/core
[1.549s] copying flexbe_core/core/ros_state_machine.py -> /home/csrobot/flexbe_ws/build/flexbe_core/build/lib/flexbe_core/core
[1.549s] copying flexbe_core/core/preemptable_state_machine.py -> /home/csrobot/flexbe_ws/build/flexbe_core/build/lib/flexbe_core/core
[1.549s] copying flexbe_core/core/topics.py -> /home/csrobot/flexbe_ws/build/flexbe_core/build/lib/flexbe_core/core
[1.549s] copying flexbe_core/core/state_machine.py -> /home/csrobot/flexbe_ws/build/flexbe_core/build/lib/flexbe_core/core
[1.549s] copying flexbe_core/core/ros_state.py -> /home/csrobot/flexbe_ws/build/flexbe_core/build/lib/flexbe_core/core
[1.549s] copying flexbe_core/core/state.py -> /home/csrobot/flexbe_ws/build/flexbe_core/build/lib/flexbe_core/core
[1.550s] copying flexbe_core/core/user_data.py -> /home/csrobot/flexbe_ws/build/flexbe_core/build/lib/flexbe_core/core
[1.550s] copying flexbe_core/core/manually_transitionable_state.py -> /home/csrobot/flexbe_ws/build/flexbe_core/build/lib/flexbe_core/core
[1.550s] copying flexbe_core/core/__init__.py -> /home/csrobot/flexbe_ws/build/flexbe_core/build/lib/flexbe_core/core
[1.550s] copying flexbe_core/core/priority_container.py -> /home/csrobot/flexbe_ws/build/flexbe_core/build/lib/flexbe_core/core
[1.550s] copying flexbe_core/core/preemptable_state.py -> /home/csrobot/flexbe_ws/build/flexbe_core/build/lib/flexbe_core/core
[1.551s] copying flexbe_core/core/operatable_state_machine.py -> /home/csrobot/flexbe_ws/build/flexbe_core/build/lib/flexbe_core/core
[1.551s] copying flexbe_core/core/concurrency_container.py -> /home/csrobot/flexbe_ws/build/flexbe_core/build/lib/flexbe_core/core
[1.552s] copying flexbe_core/core/lockable_state_machine.py -> /home/csrobot/flexbe_ws/build/flexbe_core/build/lib/flexbe_core/core
[1.552s] copying flexbe_core/core/event_state.py -> /home/csrobot/flexbe_ws/build/flexbe_core/build/lib/flexbe_core/core
[1.552s] copying flexbe_core/core/state_map.py -> /home/csrobot/flexbe_ws/build/flexbe_core/build/lib/flexbe_core/core
[1.552s] copying flexbe_core/core/exceptions.py -> /home/csrobot/flexbe_ws/build/flexbe_core/build/lib/flexbe_core/core
[1.552s] copying flexbe_core/core/lockable_state.py -> /home/csrobot/flexbe_ws/build/flexbe_core/build/lib/flexbe_core/core
[1.552s] creating /home/csrobot/flexbe_ws/build/flexbe_core/build/lib/flexbe_core/proxy
[1.552s] copying flexbe_core/proxy/proxy_publisher.py -> /home/csrobot/flexbe_ws/build/flexbe_core/build/lib/flexbe_core/proxy
[1.552s] copying flexbe_core/proxy/qos.py -> /home/csrobot/flexbe_ws/build/flexbe_core/build/lib/flexbe_core/proxy
[1.552s] copying flexbe_core/proxy/proxy_subscriber_cached.py -> /home/csrobot/flexbe_ws/build/flexbe_core/build/lib/flexbe_core/proxy
[1.552s] copying flexbe_core/proxy/proxy_service_caller.py -> /home/csrobot/flexbe_ws/build/flexbe_core/build/lib/flexbe_core/proxy
[1.553s] copying flexbe_core/proxy/__init__.py -> /home/csrobot/flexbe_ws/build/flexbe_core/build/lib/flexbe_core/proxy
[1.553s] copying flexbe_core/proxy/proxy_transform_listener.py -> /home/csrobot/flexbe_ws/build/flexbe_core/build/lib/flexbe_core/proxy
[1.553s] copying flexbe_core/proxy/proxy_action_client.py -> /home/csrobot/flexbe_ws/build/flexbe_core/build/lib/flexbe_core/proxy
[1.553s] running install
[1.559s] running install_lib
[1.589s] creating /home/csrobot/flexbe_ws/install/flexbe_core/lib/python3.12/site-packages/flexbe_core
[1.589s] creating /home/csrobot/flexbe_ws/install/flexbe_core/lib/python3.12/site-packages/flexbe_core/core
[1.589s] copying /home/csrobot/flexbe_ws/build/flexbe_core/build/lib/flexbe_core/core/operatable_state.py -> /home/csrobot/flexbe_ws/install/flexbe_core/lib/python3.12/site-packages/flexbe_core/core
[1.590s] copying /home/csrobot/flexbe_ws/build/flexbe_core/build/lib/flexbe_core/core/ros_state_machine.py -> /home/csrobot/flexbe_ws/install/flexbe_core/lib/python3.12/site-packages/flexbe_core/core
[1.590s] copying /home/csrobot/flexbe_ws/build/flexbe_core/build/lib/flexbe_core/core/preemptable_state_machine.py -> /home/csrobot/flexbe_ws/install/flexbe_core/lib/python3.12/site-packages/flexbe_core/core
[1.590s] copying /home/csrobot/flexbe_ws/build/flexbe_core/build/lib/flexbe_core/core/topics.py -> /home/csrobot/flexbe_ws/install/flexbe_core/lib/python3.12/site-packages/flexbe_core/core
[1.590s] copying /home/csrobot/flexbe_ws/build/flexbe_core/build/lib/flexbe_core/core/state_machine.py -> /home/csrobot/flexbe_ws/install/flexbe_core/lib/python3.12/site-packages/flexbe_core/core
[1.590s] copying /home/csrobot/flexbe_ws/build/flexbe_core/build/lib/flexbe_core/core/ros_state.py -> /home/csrobot/flexbe_ws/install/flexbe_core/lib/python3.12/site-packages/flexbe_core/core
[1.590s] copying /home/csrobot/flexbe_ws/build/flexbe_core/build/lib/flexbe_core/core/state.py -> /home/csrobot/flexbe_ws/install/flexbe_core/lib/python3.12/site-packages/flexbe_core/core
[1.590s] copying /home/csrobot/flexbe_ws/build/flexbe_core/build/lib/flexbe_core/core/user_data.py -> /home/csrobot/flexbe_ws/install/flexbe_core/lib/python3.12/site-packages/flexbe_core/core
[1.590s] copying /home/csrobot/flexbe_ws/build/flexbe_core/build/lib/flexbe_core/core/manually_transitionable_state.py -> /home/csrobot/flexbe_ws/install/flexbe_core/lib/python3.12/site-packages/flexbe_core/core
[1.591s] copying /home/csrobot/flexbe_ws/build/flexbe_core/build/lib/flexbe_core/core/__init__.py -> /home/csrobot/flexbe_ws/install/flexbe_core/lib/python3.12/site-packages/flexbe_core/core
[1.591s] copying /home/csrobot/flexbe_ws/build/flexbe_core/build/lib/flexbe_core/core/priority_container.py -> /home/csrobot/flexbe_ws/install/flexbe_core/lib/python3.12/site-packages/flexbe_core/core
[1.591s] copying /home/csrobot/flexbe_ws/build/flexbe_core/build/lib/flexbe_core/core/preemptable_state.py -> /home/csrobot/flexbe_ws/install/flexbe_core/lib/python3.12/site-packages/flexbe_core/core
[1.591s] copying /home/csrobot/flexbe_ws/build/flexbe_core/build/lib/flexbe_core/core/operatable_state_machine.py -> /home/csrobot/flexbe_ws/install/flexbe_core/lib/python3.12/site-packages/flexbe_core/core
[1.591s] copying /home/csrobot/flexbe_ws/build/flexbe_core/build/lib/flexbe_core/core/concurrency_container.py -> /home/csrobot/flexbe_ws/install/flexbe_core/lib/python3.12/site-packages/flexbe_core/core
[1.591s] copying /home/csrobot/flexbe_ws/build/flexbe_core/build/lib/flexbe_core/core/lockable_state_machine.py -> /home/csrobot/flexbe_ws/install/flexbe_core/lib/python3.12/site-packages/flexbe_core/core
[1.591s] copying /home/csrobot/flexbe_ws/build/flexbe_core/build/lib/flexbe_core/core/event_state.py -> /home/csrobot/flexbe_ws/install/flexbe_core/lib/python3.12/site-packages/flexbe_core/core
[1.592s] copying /home/csrobot/flexbe_ws/build/flexbe_core/build/lib/flexbe_core/core/state_map.py -> /home/csrobot/flexbe_ws/install/flexbe_core/lib/python3.12/site-packages/flexbe_core/core
[1.592s] copying /home/csrobot/flexbe_ws/build/flexbe_core/build/lib/flexbe_core/core/exceptions.py -> /home/csrobot/flexbe_ws/install/flexbe_core/lib/python3.12/site-packages/flexbe_core/core
[1.592s] copying /home/csrobot/flexbe_ws/build/flexbe_core/build/lib/flexbe_core/core/lockable_state.py -> /home/csrobot/flexbe_ws/install/flexbe_core/lib/python3.12/site-packages/flexbe_core/core
[1.592s] copying /home/csrobot/flexbe_ws/build/flexbe_core/build/lib/flexbe_core/behavior.py -> /home/csrobot/flexbe_ws/install/flexbe_core/lib/python3.12/site-packages/flexbe_core
[1.592s] copying /home/csrobot/flexbe_ws/build/flexbe_core/build/lib/flexbe_core/__init__.py -> /home/csrobot/flexbe_ws/install/flexbe_core/lib/python3.12/site-packages/flexbe_core
[1.592s] copying /home/csrobot/flexbe_ws/build/flexbe_core/build/lib/flexbe_core/state_logger.py -> /home/csrobot/flexbe_ws/install/flexbe_core/lib/python3.12/site-packages/flexbe_core
[1.592s] creating /home/csrobot/flexbe_ws/install/flexbe_core/lib/python3.12/site-packages/flexbe_core/proxy
[1.592s] copying /home/csrobot/flexbe_ws/build/flexbe_core/build/lib/flexbe_core/proxy/proxy_publisher.py -> /home/csrobot/flexbe_ws/install/flexbe_core/lib/python3.12/site-packages/flexbe_core/proxy
[1.592s] copying /home/csrobot/flexbe_ws/build/flexbe_core/build/lib/flexbe_core/proxy/qos.py -> /home/csrobot/flexbe_ws/install/flexbe_core/lib/python3.12/site-packages/flexbe_core/proxy
[1.592s] copying /home/csrobot/flexbe_ws/build/flexbe_core/build/lib/flexbe_core/proxy/proxy_subscriber_cached.py -> /home/csrobot/flexbe_ws/install/flexbe_core/lib/python3.12/site-packages/flexbe_core/proxy
[1.593s] copying /home/csrobot/flexbe_ws/build/flexbe_core/build/lib/flexbe_core/proxy/proxy_service_caller.py -> /home/csrobot/flexbe_ws/install/flexbe_core/lib/python3.12/site-packages/flexbe_core/proxy
[1.593s] copying /home/csrobot/flexbe_ws/build/flexbe_core/build/lib/flexbe_core/proxy/__init__.py -> /home/csrobot/flexbe_ws/install/flexbe_core/lib/python3.12/site-packages/flexbe_core/proxy
[1.593s] copying /home/csrobot/flexbe_ws/build/flexbe_core/build/lib/flexbe_core/proxy/proxy_transform_listener.py -> /home/csrobot/flexbe_ws/install/flexbe_core/lib/python3.12/site-packages/flexbe_core/proxy
[1.594s] copying /home/csrobot/flexbe_ws/build/flexbe_core/build/lib/flexbe_core/proxy/proxy_action_client.py -> /home/csrobot/flexbe_ws/install/flexbe_core/lib/python3.12/site-packages/flexbe_core/proxy
[1.594s] copying /home/csrobot/flexbe_ws/build/flexbe_core/build/lib/flexbe_core/behavior_library.py -> /home/csrobot/flexbe_ws/install/flexbe_core/lib/python3.12/site-packages/flexbe_core
[1.594s] copying /home/csrobot/flexbe_ws/build/flexbe_core/build/lib/flexbe_core/logger.py -> /home/csrobot/flexbe_ws/install/flexbe_core/lib/python3.12/site-packages/flexbe_core
[1.594s] byte-compiling /home/csrobot/flexbe_ws/install/flexbe_core/lib/python3.12/site-packages/flexbe_core/core/operatable_state.py to operatable_state.cpython-312.pyc
[1.594s] byte-compiling /home/csrobot/flexbe_ws/install/flexbe_core/lib/python3.12/site-packages/flexbe_core/core/ros_state_machine.py to ros_state_machine.cpython-312.pyc
[1.594s] byte-compiling /home/csrobot/flexbe_ws/install/flexbe_core/lib/python3.12/site-packages/flexbe_core/core/preemptable_state_machine.py to preemptable_state_machine.cpython-312.pyc
[1.596s] byte-compiling /home/csrobot/flexbe_ws/install/flexbe_core/lib/python3.12/site-packages/flexbe_core/core/topics.py to topics.cpython-312.pyc
[1.596s] byte-compiling /home/csrobot/flexbe_ws/install/flexbe_core/lib/python3.12/site-packages/flexbe_core/core/state_machine.py to state_machine.cpython-312.pyc
[1.598s] byte-compiling /home/csrobot/flexbe_ws/install/flexbe_core/lib/python3.12/site-packages/flexbe_core/core/ros_state.py to ros_state.cpython-312.pyc
[1.598s] byte-compiling /home/csrobot/flexbe_ws/install/flexbe_core/lib/python3.12/site-packages/flexbe_core/core/state.py to state.cpython-312.pyc
[1.599s] byte-compiling /home/csrobot/flexbe_ws/install/flexbe_core/lib/python3.12/site-packages/flexbe_core/core/user_data.py to user_data.cpython-312.pyc
[1.600s] byte-compiling /home/csrobot/flexbe_ws/install/flexbe_core/lib/python3.12/site-packages/flexbe_core/core/manually_transitionable_state.py to manually_transitionable_state.cpython-312.pyc
[1.601s] byte-compiling /home/csrobot/flexbe_ws/install/flexbe_core/lib/python3.12/site-packages/flexbe_core/core/__init__.py to __init__.cpython-312.pyc
[1.601s] byte-compiling /home/csrobot/flexbe_ws/install/flexbe_core/lib/python3.12/site-packages/flexbe_core/core/priority_container.py to priority_container.cpython-312.pyc
[1.602s] byte-compiling /home/csrobot/flexbe_ws/install/flexbe_core/lib/python3.12/site-packages/flexbe_core/core/preemptable_state.py to preemptable_state.cpython-312.pyc
[1.602s] byte-compiling /home/csrobot/flexbe_ws/install/flexbe_core/lib/python3.12/site-packages/flexbe_core/core/operatable_state_machine.py to operatable_state_machine.cpython-312.pyc
[1.606s] byte-compiling /home/csrobot/flexbe_ws/install/flexbe_core/lib/python3.12/site-packages/flexbe_core/core/concurrency_container.py to concurrency_container.cpython-312.pyc
[1.609s] byte-compiling /home/csrobot/flexbe_ws/install/flexbe_core/lib/python3.12/site-packages/flexbe_core/core/lockable_state_machine.py to lockable_state_machine.cpython-312.pyc
[1.609s] byte-compiling /home/csrobot/flexbe_ws/install/flexbe_core/lib/python3.12/site-packages/flexbe_core/core/event_state.py to event_state.cpython-312.pyc
[1.611s] byte-compiling /home/csrobot/flexbe_ws/install/flexbe_core/lib/python3.12/site-packages/flexbe_core/core/state_map.py to state_map.cpython-312.pyc
[1.612s] byte-compiling /home/csrobot/flexbe_ws/install/flexbe_core/lib/python3.12/site-packages/flexbe_core/core/exceptions.py to exceptions.cpython-312.pyc
[1.612s] byte-compiling /home/csrobot/flexbe_ws/install/flexbe_core/lib/python3.12/site-packages/flexbe_core/core/lockable_state.py to lockable_state.cpython-312.pyc
[1.613s] byte-compiling /home/csrobot/flexbe_ws/install/flexbe_core/lib/python3.12/site-packages/flexbe_core/behavior.py to behavior.cpython-312.pyc
[1.615s] byte-compiling /home/csrobot/flexbe_ws/install/flexbe_core/lib/python3.12/site-packages/flexbe_core/__init__.py to __init__.cpython-312.pyc
[1.615s] byte-compiling /home/csrobot/flexbe_ws/install/flexbe_core/lib/python3.12/site-packages/flexbe_core/state_logger.py to state_logger.cpython-312.pyc
[1.617s] byte-compiling /home/csrobot/flexbe_ws/install/flexbe_core/lib/python3.12/site-packages/flexbe_core/proxy/proxy_publisher.py to proxy_publisher.cpython-312.pyc
[1.621s] byte-compiling /home/csrobot/flexbe_ws/install/flexbe_core/lib/python3.12/site-packages/flexbe_core/proxy/qos.py to qos.cpython-312.pyc
[1.621s] byte-compiling /home/csrobot/flexbe_ws/install/flexbe_core/lib/python3.12/site-packages/flexbe_core/proxy/proxy_subscriber_cached.py to proxy_subscriber_cached.cpython-312.pyc
[1.622s] byte-compiling /home/csrobot/flexbe_ws/install/flexbe_core/lib/python3.12/site-packages/flexbe_core/proxy/proxy_service_caller.py to proxy_service_caller.cpython-312.pyc
[1.625s] byte-compiling /home/csrobot/flexbe_ws/install/flexbe_core/lib/python3.12/site-packages/flexbe_core/proxy/__init__.py to __init__.cpython-312.pyc
[1.625s] byte-compiling /home/csrobot/flexbe_ws/install/flexbe_core/lib/python3.12/site-packages/flexbe_core/proxy/proxy_transform_listener.py to proxy_transform_listener.cpython-312.pyc
[1.625s] byte-compiling /home/csrobot/flexbe_ws/install/flexbe_core/lib/python3.12/site-packages/flexbe_core/proxy/proxy_action_client.py to proxy_action_client.cpython-312.pyc
[1.628s] byte-compiling /home/csrobot/flexbe_ws/install/flexbe_core/lib/python3.12/site-packages/flexbe_core/behavior_library.py to behavior_library.cpython-312.pyc
[1.630s] byte-compiling /home/csrobot/flexbe_ws/install/flexbe_core/lib/python3.12/site-packages/flexbe_core/logger.py to logger.cpython-312.pyc
[1.632s] running install_data
[1.632s] creating /home/csrobot/flexbe_ws/install/flexbe_core/share/ament_index
[1.632s] creating /home/csrobot/flexbe_ws/install/flexbe_core/share/ament_index/resource_index
[1.632s] creating /home/csrobot/flexbe_ws/install/flexbe_core/share/ament_index/resource_index/packages
[1.632s] copying resource/flexbe_core -> /home/csrobot/flexbe_ws/install/flexbe_core/share/ament_index/resource_index/packages
[1.632s] copying package.xml -> /home/csrobot/flexbe_ws/install/flexbe_core/share/flexbe_core
[1.632s] running install_egg_info
[1.665s] Copying ../../../build/flexbe_core/flexbe_core.egg-info to /home/csrobot/flexbe_ws/install/flexbe_core/lib/python3.12/site-packages/flexbe_core-4.0.1-py3.12.egg-info
[1.665s] running install_scripts
[1.845s] writing list of installed files to '/home/csrobot/flexbe_ws/build/flexbe_core/install.log'
[1.885s] Invoked command in '/home/csrobot/flexbe_ws/src/flexbe_behavior_engine/flexbe_core' returned '0': CMAKE_PREFIX_PATH=/home/csrobot/flexbe_ws/install/flexbe_msgs:/home/csrobot/flexbe_ws/install/compare_flexbe_utilities:/home/csrobot/flexbe_ws/install/panda_moveit_config:/home/csrobot/flexbe_ws/install/panda_gazebo:/home/csrobot/flexbe_ws/install/panda_description:/home/csrobot/flexbe_ws/install/gpd_ros:/home/csrobot/flexbe_ws/install/flexbe_behavior_engine:/home/csrobot/flexbe_ws/install/flexbe_widget:/home/csrobot/flexbe_ws/install/flexbe_testing:/home/csrobot/flexbe_ws/install/compare_flexbe:/home/csrobot/flexbe_ws/install/compare_flexbe_behaviors:/home/csrobot/flexbe_ws/install/armada_gazebo:/home/csrobot/flexbe_ws/install/armada_description:/home/csrobot/flexbe_ws/install/armada_bringup:/home/csrobot/graspnet_ws/install/unseen_obj_clst_ros2:/home/csrobot/graspnet_ws/install/graspsam_ros2:/home/csrobot/graspnet_ws/install/contact_graspnet_ros2:/opt/ros/jazzy/opt/gz_sim_vendor:/opt/ros/jazzy/opt/gz_sensors_vendor:/opt/ros/jazzy/opt/gz_physics_vendor:/opt/ros/jazzy/opt/sdformat_vendor:/opt/ros/jazzy/opt/gz_gui_vendor:/opt/ros/jazzy/opt/gz_transport_vendor:/opt/ros/jazzy/opt/gz_rendering_vendor:/opt/ros/jazzy/opt/gz_plugin_vendor:/opt/ros/jazzy/opt/gz_fuel_tools_vendor:/opt/ros/jazzy/opt/gz_msgs_vendor:/opt/ros/jazzy/opt/gz_common_vendor:/opt/ros/jazzy/opt/gz_math_vendor:/opt/ros/jazzy/opt/gz_utils_vendor:/opt/ros/jazzy/opt/gz_tools_vendor:/opt/ros/jazzy/opt/gz_ogre_next_vendor:/opt/ros/jazzy/opt/gz_dartsim_vendor:/opt/ros/jazzy/opt/gz_cmake_vendor DEBUGINFOD_URLS=https://debuginfod.ubuntu.com LD_LIBRARY_PATH=/home/csrobot/flexbe_ws/install/flexbe_msgs/lib:/home/csrobot/flexbe_ws/install/compare_flexbe_utilities/lib:/home/csrobot/flexbe_ws/install/gpd/lib:/home/csrobot/flexbe_ws/install/gpd_ros/lib:/home/csrobot/graspnet_ws/install/unseen_obj_clst_ros2/lib:/home/csrobot/graspnet_ws/install/graspsam_ros2/lib:/home/csrobot/graspnet_ws/install/contact_graspnet_ros2/lib:/opt/ros/jazzy/opt/gz_sim_vendor/lib:/opt/ros/jazzy/opt/gz_sensors_vendor/lib:/opt/ros/jazzy/opt/gz_physics_vendor/lib:/opt/ros/jazzy/opt/sdformat_vendor/lib:/opt/ros/jazzy/opt/rviz_ogre_vendor/lib:/opt/ros/jazzy/lib/x86_64-linux-gnu:/opt/ros/jazzy/opt/gz_gui_vendor/lib:/opt/ros/jazzy/opt/gz_transport_vendor/lib:/opt/ros/jazzy/opt/gz_rendering_vendor/lib:/opt/ros/jazzy/opt/gz_plugin_vendor/lib:/opt/ros/jazzy/opt/gz_fuel_tools_vendor/lib:/opt/ros/jazzy/opt/gz_msgs_vendor/lib:/opt/ros/jazzy/opt/gz_common_vendor/lib:/opt/ros/jazzy/opt/gz_math_vendor/lib:/opt/ros/jazzy/opt/gz_utils_vendor/lib:/opt/ros/jazzy/opt/gz_tools_vendor/lib:/opt/ros/jazzy/opt/gz_ogre_next_vendor/lib:/opt/ros/jazzy/opt/gz_dartsim_vendor/lib:/opt/ros/jazzy/opt/gz_cmake_vendor/lib:/opt/ros/jazzy/lib:/usr/local/cuda/lib64:/usr/local/cuda/lib64 PYTHONPATH=/home/csrobot/flexbe_ws/build/flexbe_core/prefix_override:/usr/lib/python3/dist-packages/colcon_core/task/python/colcon_distutils_commands:/home/csrobot/flexbe_ws/install/flexbe_core/lib/python3.12/site-packages:/home/csrobot/flexbe_ws/install/flexbe_msgs/lib/python3.12/site-packages:/home/csrobot/flexbe_ws/install/compare_flexbe_utilities/lib/python3.12/site-packages:/home/csrobot/flexbe_ws/install/gpd_ros/lib/python3.12/site-packages:/home/csrobot/flexbe_ws/install/flexbe_widget/lib/python3.12/site-packages:/home/csrobot/flexbe_ws/install/flexbe_webui/lib/python3.12/site-packages:/home/csrobot/flexbe_ws/install/flexbe_onboard/lib/python3.12/site-packages:/home/csrobot/flexbe_ws/install/flexbe_states/lib/python3.12/site-packages:/home/csrobot/flexbe_ws/install/flexbe_testing/lib/python3.12/site-packages:/home/csrobot/flexbe_ws/install/flexbe_mirror/lib/python3.12/site-packages:/home/csrobot/flexbe_ws/install/flexbe_input/lib/python3.12/site-packages:/home/csrobot/flexbe_ws/install/example_flexbe_states/lib/python3.12/site-packages:/home/csrobot/flexbe_ws/install/compare_flexbe_states/lib/python3.12/site-packages:/home/csrobot/flexbe_ws/install/compare_flexbe_behaviors/lib/python3.12/site-packages:/home/csrobot/flexbe_ws/install/flexbe_core/lib/python3.12/site-packages:/home/csrobot/graspnet_ws/install/unseen_obj_clst_ros2/lib/python3.12/site-packages:/home/csrobot/graspnet_ws/install/graspsam_ros2/lib/python3.12/site-packages:/home/csrobot/graspnet_ws/install/contact_graspnet_ros2/lib/python3.12/site-packages:/opt/ros/jazzy/lib/python3.12/site-packages /usr/bin/python3 -W ignore:setup.py install is deprecated -W ignore:easy_install command is deprecated setup.py egg_info --egg-base ../../../build/flexbe_core build --build-base /home/csrobot/flexbe_ws/build/flexbe_core/build install --record /home/csrobot/flexbe_ws/build/flexbe_core/install.log --single-version-externally-managed install_data
