running egg_info
creating ../../../build/example_flexbe_states/example_flexbe_states.egg-info
writing ../../../build/example_flexbe_states/example_flexbe_states.egg-info/PKG-INFO
writing dependency_links to ../../../build/example_flexbe_states/example_flexbe_states.egg-info/dependency_links.txt
writing entry points to ../../../build/example_flexbe_states/example_flexbe_states.egg-info/entry_points.txt
writing requirements to ../../../build/example_flexbe_states/example_flexbe_states.egg-info/requires.txt
writing top-level names to ../../../build/example_flexbe_states/example_flexbe_states.egg-info/top_level.txt
writing manifest file '../../../build/example_flexbe_states/example_flexbe_states.egg-info/SOURCES.txt'
reading manifest file '../../../build/example_flexbe_states/example_flexbe_states.egg-info/SOURCES.txt'
writing manifest file '../../../build/example_flexbe_states/example_flexbe_states.egg-info/SOURCES.txt'
running build
running build_py
creating /home/csrobot/flexbe_ws/build/example_flexbe_states/build
creating /home/csrobot/flexbe_ws/build/example_flexbe_states/build/lib
creating /home/csrobot/flexbe_ws/build/example_flexbe_states/build/lib/example_flexbe_states
copying example_flexbe_states/example_action_state.py -> /home/csrobot/flexbe_ws/build/example_flexbe_states/build/lib/example_flexbe_states
copying example_flexbe_states/__init__.py -> /home/csrobot/flexbe_ws/build/example_flexbe_states/build/lib/example_flexbe_states
copying example_flexbe_states/example_state.py -> /home/csrobot/flexbe_ws/build/example_flexbe_states/build/lib/example_flexbe_states
running install
running install_lib
creating /home/csrobot/flexbe_ws/install/example_flexbe_states/lib/python3.12/site-packages/example_flexbe_states
copying /home/csrobot/flexbe_ws/build/example_flexbe_states/build/lib/example_flexbe_states/example_action_state.py -> /home/csrobot/flexbe_ws/install/example_flexbe_states/lib/python3.12/site-packages/example_flexbe_states
copying /home/csrobot/flexbe_ws/build/example_flexbe_states/build/lib/example_flexbe_states/__init__.py -> /home/csrobot/flexbe_ws/install/example_flexbe_states/lib/python3.12/site-packages/example_flexbe_states
copying /home/csrobot/flexbe_ws/build/example_flexbe_states/build/lib/example_flexbe_states/example_state.py -> /home/csrobot/flexbe_ws/install/example_flexbe_states/lib/python3.12/site-packages/example_flexbe_states
byte-compiling /home/csrobot/flexbe_ws/install/example_flexbe_states/lib/python3.12/site-packages/example_flexbe_states/example_action_state.py to example_action_state.cpython-312.pyc
byte-compiling /home/csrobot/flexbe_ws/install/example_flexbe_states/lib/python3.12/site-packages/example_flexbe_states/__init__.py to __init__.cpython-312.pyc
byte-compiling /home/csrobot/flexbe_ws/install/example_flexbe_states/lib/python3.12/site-packages/example_flexbe_states/example_state.py to example_state.cpython-312.pyc
running install_data
creating /home/csrobot/flexbe_ws/install/example_flexbe_states/share/ament_index
creating /home/csrobot/flexbe_ws/install/example_flexbe_states/share/ament_index/resource_index
creating /home/csrobot/flexbe_ws/install/example_flexbe_states/share/ament_index/resource_index/packages
copying resource/example_flexbe_states -> /home/csrobot/flexbe_ws/install/example_flexbe_states/share/ament_index/resource_index/packages
copying package.xml -> /home/csrobot/flexbe_ws/install/example_flexbe_states/share/example_flexbe_states
creating /home/csrobot/flexbe_ws/install/example_flexbe_states/share/example_flexbe_states/tests
copying tests/example_state.test -> /home/csrobot/flexbe_ws/install/example_flexbe_states/share/example_flexbe_states/tests
copying tests/example_action_state.test -> /home/csrobot/flexbe_ws/install/example_flexbe_states/share/example_flexbe_states/tests
creating /home/csrobot/flexbe_ws/install/example_flexbe_states/share/example_flexbe_states/launch
copying tests/run_tests.launch.py -> /home/csrobot/flexbe_ws/install/example_flexbe_states/share/example_flexbe_states/launch
running install_egg_info
Copying ../../../build/example_flexbe_states/example_flexbe_states.egg-info to /home/csrobot/flexbe_ws/install/example_flexbe_states/lib/python3.12/site-packages/example_flexbe_states-0.0.1-py3.12.egg-info
running install_scripts
Installing example_action_state script to /home/csrobot/flexbe_ws/install/example_flexbe_states/lib/example_flexbe_states
Installing example_state script to /home/csrobot/flexbe_ws/install/example_flexbe_states/lib/example_flexbe_states
writing list of installed files to '/home/csrobot/flexbe_ws/build/example_flexbe_states/install.log'
