running egg_info
creating ../../../build/flexbe_onboard/flexbe_onboard.egg-info
writing ../../../build/flexbe_onboard/flexbe_onboard.egg-info/PKG-INFO
writing dependency_links to ../../../build/flexbe_onboard/flexbe_onboard.egg-info/dependency_links.txt
writing entry points to ../../../build/flexbe_onboard/flexbe_onboard.egg-info/entry_points.txt
writing requirements to ../../../build/flexbe_onboard/flexbe_onboard.egg-info/requires.txt
writing top-level names to ../../../build/flexbe_onboard/flexbe_onboard.egg-info/top_level.txt
writing manifest file '../../../build/flexbe_onboard/flexbe_onboard.egg-info/SOURCES.txt'
reading manifest file '../../../build/flexbe_onboard/flexbe_onboard.egg-info/SOURCES.txt'
writing manifest file '../../../build/flexbe_onboard/flexbe_onboard.egg-info/SOURCES.txt'
running build
running build_py
creating /home/csrobot/flexbe_ws/build/flexbe_onboard/build
creating /home/csrobot/flexbe_ws/build/flexbe_onboard/build/lib
creating /home/csrobot/flexbe_ws/build/flexbe_onboard/build/lib/flexbe_onboard
copying flexbe_onboard/flexbe_onboard.py -> /home/csrobot/flexbe_ws/build/flexbe_onboard/build/lib/flexbe_onboard
copying flexbe_onboard/__init__.py -> /home/csrobot/flexbe_ws/build/flexbe_onboard/build/lib/flexbe_onboard
copying flexbe_onboard/start_behavior.py -> /home/csrobot/flexbe_ws/build/flexbe_onboard/build/lib/flexbe_onboard
running install
running install_lib
creating /home/csrobot/flexbe_ws/install/flexbe_onboard/lib/python3.12/site-packages/flexbe_onboard
copying /home/csrobot/flexbe_ws/build/flexbe_onboard/build/lib/flexbe_onboard/flexbe_onboard.py -> /home/csrobot/flexbe_ws/install/flexbe_onboard/lib/python3.12/site-packages/flexbe_onboard
copying /home/csrobot/flexbe_ws/build/flexbe_onboard/build/lib/flexbe_onboard/__init__.py -> /home/csrobot/flexbe_ws/install/flexbe_onboard/lib/python3.12/site-packages/flexbe_onboard
copying /home/csrobot/flexbe_ws/build/flexbe_onboard/build/lib/flexbe_onboard/start_behavior.py -> /home/csrobot/flexbe_ws/install/flexbe_onboard/lib/python3.12/site-packages/flexbe_onboard
byte-compiling /home/csrobot/flexbe_ws/install/flexbe_onboard/lib/python3.12/site-packages/flexbe_onboard/flexbe_onboard.py to flexbe_onboard.cpython-312.pyc
byte-compiling /home/csrobot/flexbe_ws/install/flexbe_onboard/lib/python3.12/site-packages/flexbe_onboard/__init__.py to __init__.cpython-312.pyc
byte-compiling /home/csrobot/flexbe_ws/install/flexbe_onboard/lib/python3.12/site-packages/flexbe_onboard/start_behavior.py to start_behavior.cpython-312.pyc
running install_data
copying launch/behavior_onboard.launch.py -> /home/csrobot/flexbe_ws/install/flexbe_onboard/share/flexbe_onboard
creating /home/csrobot/flexbe_ws/install/flexbe_onboard/share/ament_index
creating /home/csrobot/flexbe_ws/install/flexbe_onboard/share/ament_index/resource_index
creating /home/csrobot/flexbe_ws/install/flexbe_onboard/share/ament_index/resource_index/packages
copying resource/flexbe_onboard -> /home/csrobot/flexbe_ws/install/flexbe_onboard/share/ament_index/resource_index/packages
copying package.xml -> /home/csrobot/flexbe_ws/install/flexbe_onboard/share/flexbe_onboard
copying tests/flexbe_onboard_test.py -> /home/csrobot/flexbe_ws/install/flexbe_onboard/share/flexbe_onboard
copying tests/test_onboard.py -> /home/csrobot/flexbe_ws/install/flexbe_onboard/share/flexbe_onboard
copying tests/flexbe_onboard_test_data/log_behavior_test_sm.py -> /home/csrobot/flexbe_ws/install/flexbe_onboard/share/flexbe_onboard
copying tests/flexbe_onboard_test_data/__init__.py -> /home/csrobot/flexbe_ws/install/flexbe_onboard/share/flexbe_onboard
copying tests/flexbe_onboard_test_data/complex_behavior_test_sm.py -> /home/csrobot/flexbe_ws/install/flexbe_onboard/share/flexbe_onboard
creating /home/csrobot/flexbe_ws/install/flexbe_onboard/share/flexbe_onboard/tests
creating /home/csrobot/flexbe_ws/install/flexbe_onboard/share/flexbe_onboard/tests/flexbe_onboard_test_data
copying tests/flexbe_onboard_test_data/log_behavior_test_sm.py -> /home/csrobot/flexbe_ws/install/flexbe_onboard/share/flexbe_onboard/tests/flexbe_onboard_test_data
copying tests/flexbe_onboard_test_data/__init__.py -> /home/csrobot/flexbe_ws/install/flexbe_onboard/share/flexbe_onboard/tests/flexbe_onboard_test_data
copying tests/flexbe_onboard_test_data/complex_behavior_test_sm.py -> /home/csrobot/flexbe_ws/install/flexbe_onboard/share/flexbe_onboard/tests/flexbe_onboard_test_data
copying tests/flexbe_onboard_test_data/complex_behavior_test.xml -> /home/csrobot/flexbe_ws/install/flexbe_onboard/share/flexbe_onboard/tests/flexbe_onboard_test_data
copying tests/flexbe_onboard_test_data/log_behavior_test.xml -> /home/csrobot/flexbe_ws/install/flexbe_onboard/share/flexbe_onboard/tests/flexbe_onboard_test_data
running install_egg_info
Copying ../../../build/flexbe_onboard/flexbe_onboard.egg-info to /home/csrobot/flexbe_ws/install/flexbe_onboard/lib/python3.12/site-packages/flexbe_onboard-4.0.1-py3.12.egg-info
running install_scripts
Installing flexbe_onboard script to /home/csrobot/flexbe_ws/install/flexbe_onboard/lib/flexbe_onboard
Installing start_behavior script to /home/csrobot/flexbe_ws/install/flexbe_onboard/lib/flexbe_onboard
writing list of installed files to '/home/csrobot/flexbe_ws/build/flexbe_onboard/install.log'
