[0.010s] Invoking command in '/home/csrobot/flexbe_ws/build/compare_flexbe_utilities': CMAKE_PREFIX_PATH=/home/csrobot/flexbe_ws/install/gpd_ros:/home/csrobot/flexbe_ws/install/panda_moveit_config:/home/csrobot/flexbe_ws/install/panda_gazebo:/home/csrobot/flexbe_ws/install/panda_description:/home/csrobot/flexbe_ws/install/compare_flexbe_utilities:/home/csrobot/flexbe_ws/install/flexbe_behavior_engine:/home/csrobot/flexbe_ws/install/flexbe_widget:/home/csrobot/flexbe_ws/install/flexbe_testing:/home/csrobot/flexbe_ws/install/compare_flexbe:/home/csrobot/flexbe_ws/install/compare_flexbe_behaviors:/home/csrobot/flexbe_ws/install/flexbe_msgs:/home/csrobot/flexbe_ws/install/armada_gazebo:/home/csrobot/flexbe_ws/install/armada_description:/home/csrobot/flexbe_ws/install/armada_bringup:/home/csrobot/graspnet_ws/install/unseen_obj_clst_ros2:/home/csrobot/graspnet_ws/install/graspsam_ros2:/home/csrobot/graspnet_ws/install/contact_graspnet_ros2:/opt/ros/jazzy/opt/gz_sim_vendor:/opt/ros/jazzy/opt/gz_sensors_vendor:/opt/ros/jazzy/opt/gz_physics_vendor:/opt/ros/jazzy/opt/sdformat_vendor:/opt/ros/jazzy/opt/gz_gui_vendor:/opt/ros/jazzy/opt/gz_transport_vendor:/opt/ros/jazzy/opt/gz_rendering_vendor:/opt/ros/jazzy/opt/gz_plugin_vendor:/opt/ros/jazzy/opt/gz_fuel_tools_vendor:/opt/ros/jazzy/opt/gz_msgs_vendor:/opt/ros/jazzy/opt/gz_common_vendor:/opt/ros/jazzy/opt/gz_math_vendor:/opt/ros/jazzy/opt/gz_utils_vendor:/opt/ros/jazzy/opt/gz_tools_vendor:/opt/ros/jazzy/opt/gz_ogre_next_vendor:/opt/ros/jazzy/opt/gz_dartsim_vendor:/opt/ros/jazzy/opt/gz_cmake_vendor:/home/csrobot/flexbe_ws/install/flexbe_webui:/home/csrobot/flexbe_ws/install/flexbe_onboard:/home/csrobot/flexbe_ws/install/flexbe_states:/home/csrobot/flexbe_ws/install/flexbe_mirror:/home/csrobot/flexbe_ws/install/flexbe_input:/home/csrobot/flexbe_ws/install/example_flexbe_states:/home/csrobot/flexbe_ws/install/compare_flexbe_states:/home/csrobot/flexbe_ws/install/flexbe_core:/opt/ros/jazzy DEBUGINFOD_URLS=https://debuginfod.ubuntu.com LD_LIBRARY_PATH=/home/csrobot/flexbe_ws/install/gpd_ros/lib:/home/csrobot/flexbe_ws/install/compare_flexbe_utilities/lib:/home/csrobot/flexbe_ws/install/gpd/lib:/home/csrobot/flexbe_ws/install/flexbe_msgs/lib:/home/csrobot/graspnet_ws/install/unseen_obj_clst_ros2/lib:/home/csrobot/graspnet_ws/install/graspsam_ros2/lib:/home/csrobot/graspnet_ws/install/contact_graspnet_ros2/lib:/opt/ros/jazzy/opt/gz_sim_vendor/lib:/opt/ros/jazzy/opt/gz_sensors_vendor/lib:/opt/ros/jazzy/opt/gz_physics_vendor/lib:/opt/ros/jazzy/opt/sdformat_vendor/lib:/opt/ros/jazzy/opt/rviz_ogre_vendor/lib:/opt/ros/jazzy/lib/x86_64-linux-gnu:/opt/ros/jazzy/opt/gz_gui_vendor/lib:/opt/ros/jazzy/opt/gz_transport_vendor/lib:/opt/ros/jazzy/opt/gz_rendering_vendor/lib:/opt/ros/jazzy/opt/gz_plugin_vendor/lib:/opt/ros/jazzy/opt/gz_fuel_tools_vendor/lib:/opt/ros/jazzy/opt/gz_msgs_vendor/lib:/opt/ros/jazzy/opt/gz_common_vendor/lib:/opt/ros/jazzy/opt/gz_math_vendor/lib:/opt/ros/jazzy/opt/gz_utils_vendor/lib:/opt/ros/jazzy/opt/gz_tools_vendor/lib:/opt/ros/jazzy/opt/gz_ogre_next_vendor/lib:/opt/ros/jazzy/opt/gz_dartsim_vendor/lib:/opt/ros/jazzy/opt/gz_cmake_vendor/lib:/opt/ros/jazzy/lib:/usr/local/cuda/lib64:/usr/local/cuda/lib64 PYTHONPATH=/home/csrobot/flexbe_ws/install/gpd_ros/lib/python3.12/site-packages:/home/csrobot/flexbe_ws/install/compare_flexbe_utilities/lib/python3.12/site-packages:/home/csrobot/flexbe_ws/install/flexbe_widget/lib/python3.12/site-packages:/home/csrobot/flexbe_ws/install/flexbe_webui/lib/python3.12/site-packages:/home/csrobot/flexbe_ws/install/flexbe_onboard/lib/python3.12/site-packages:/home/csrobot/flexbe_ws/install/flexbe_states/lib/python3.12/site-packages:/home/csrobot/flexbe_ws/install/flexbe_testing/lib/python3.12/site-packages:/home/csrobot/flexbe_ws/install/flexbe_mirror/lib/python3.12/site-packages:/home/csrobot/flexbe_ws/install/flexbe_input/lib/python3.12/site-packages:/home/csrobot/flexbe_ws/install/example_flexbe_states/lib/python3.12/site-packages:/home/csrobot/flexbe_ws/install/compare_flexbe_states/lib/python3.12/site-packages:/home/csrobot/flexbe_ws/install/compare_flexbe_behaviors/lib/python3.12/site-packages:/home/csrobot/flexbe_ws/install/flexbe_core/lib/python3.12/site-packages:/home/csrobot/flexbe_ws/install/flexbe_msgs/lib/python3.12/site-packages:/home/csrobot/graspnet_ws/install/unseen_obj_clst_ros2/lib/python3.12/site-packages:/home/csrobot/graspnet_ws/install/graspsam_ros2/lib/python3.12/site-packages:/home/csrobot/graspnet_ws/install/contact_graspnet_ros2/lib/python3.12/site-packages:/opt/ros/jazzy/lib/python3.12/site-packages /usr/bin/cmake --build /home/csrobot/flexbe_ws/build/compare_flexbe_utilities -- -j8 -l8
[0.060s] [  1%] Built target compare_flexbe_utilities__rosidl_generator_type_description
[0.086s] [  1%] Built target ament_cmake_python_copy_compare_flexbe_utilities
[0.110s] [ 22%] Built target compare_flexbe_utilities__rosidl_generator_c
[0.340s] running egg_info
[0.365s] writing compare_flexbe_utilities.egg-info/PKG-INFO
[0.365s] writing dependency_links to compare_flexbe_utilities.egg-info/dependency_links.txt
[0.365s] writing top-level names to compare_flexbe_utilities.egg-info/top_level.txt
[0.441s] reading manifest file 'compare_flexbe_utilities.egg-info/SOURCES.txt'
[0.442s] writing manifest file 'compare_flexbe_utilities.egg-info/SOURCES.txt'
[0.463s] [ 22%] Built target ament_cmake_python_build_compare_flexbe_utilities_egg
[0.483s] [ 30%] Built target compare_flexbe_utilities__rosidl_typesupport_c
[0.503s] [ 38%] Built target compare_flexbe_utilities__rosidl_typesupport_introspection_c
[0.526s] [ 46%] Built target compare_flexbe_utilities__rosidl_typesupport_fastrtps_c
[0.545s] [ 47%] Built target compare_flexbe_utilities__cpp
[0.567s] [ 56%] Built target compare_flexbe_utilities__rosidl_typesupport_cpp
[0.588s] [ 64%] Built target compare_flexbe_utilities__rosidl_typesupport_introspection_cpp
[0.618s] [ 66%] Built target euclidean_clustering_service
[0.648s] [ 67%] Built target get_point_cloud_service
[0.677s] [ 69%] Built target filter_by_indices_service
[0.705s] [ 71%] Built target reach_to_grasp_service
[0.734s] [ 72%] Built target plane_segmentation_service
[0.761s] [ 74%] Built target voxel_grid_filter_service
[0.788s] [ 76%] Built target move_to_pose_service
[0.815s] [ 78%] Built target move_to_named_pose_service
[0.842s] [ 79%] Built target cartesian_move_to_pose_service
[0.866s] [ 87%] Built target compare_flexbe_utilities__rosidl_typesupport_fastrtps_cpp
[0.882s] [ 87%] Built target compare_flexbe_utilities
[0.899s] [ 88%] Built target compare_flexbe_utilities__py
[0.921s] [ 95%] Built target compare_flexbe_utilities__rosidl_generator_py
[0.940s] [ 97%] Built target compare_flexbe_utilities_s__rosidl_typesupport_fastrtps_c
[0.958s] [ 99%] Built target compare_flexbe_utilities_s__rosidl_typesupport_c
[0.976s] [100%] Built target compare_flexbe_utilities_s__rosidl_typesupport_introspection_c
[0.986s] Invoked command in '/home/csrobot/flexbe_ws/build/compare_flexbe_utilities' returned '0': CMAKE_PREFIX_PATH=/home/csrobot/flexbe_ws/install/gpd_ros:/home/csrobot/flexbe_ws/install/panda_moveit_config:/home/csrobot/flexbe_ws/install/panda_gazebo:/home/csrobot/flexbe_ws/install/panda_description:/home/csrobot/flexbe_ws/install/compare_flexbe_utilities:/home/csrobot/flexbe_ws/install/flexbe_behavior_engine:/home/csrobot/flexbe_ws/install/flexbe_widget:/home/csrobot/flexbe_ws/install/flexbe_testing:/home/csrobot/flexbe_ws/install/compare_flexbe:/home/csrobot/flexbe_ws/install/compare_flexbe_behaviors:/home/csrobot/flexbe_ws/install/flexbe_msgs:/home/csrobot/flexbe_ws/install/armada_gazebo:/home/csrobot/flexbe_ws/install/armada_description:/home/csrobot/flexbe_ws/install/armada_bringup:/home/csrobot/graspnet_ws/install/unseen_obj_clst_ros2:/home/csrobot/graspnet_ws/install/graspsam_ros2:/home/csrobot/graspnet_ws/install/contact_graspnet_ros2:/opt/ros/jazzy/opt/gz_sim_vendor:/opt/ros/jazzy/opt/gz_sensors_vendor:/opt/ros/jazzy/opt/gz_physics_vendor:/opt/ros/jazzy/opt/sdformat_vendor:/opt/ros/jazzy/opt/gz_gui_vendor:/opt/ros/jazzy/opt/gz_transport_vendor:/opt/ros/jazzy/opt/gz_rendering_vendor:/opt/ros/jazzy/opt/gz_plugin_vendor:/opt/ros/jazzy/opt/gz_fuel_tools_vendor:/opt/ros/jazzy/opt/gz_msgs_vendor:/opt/ros/jazzy/opt/gz_common_vendor:/opt/ros/jazzy/opt/gz_math_vendor:/opt/ros/jazzy/opt/gz_utils_vendor:/opt/ros/jazzy/opt/gz_tools_vendor:/opt/ros/jazzy/opt/gz_ogre_next_vendor:/opt/ros/jazzy/opt/gz_dartsim_vendor:/opt/ros/jazzy/opt/gz_cmake_vendor:/home/csrobot/flexbe_ws/install/flexbe_webui:/home/csrobot/flexbe_ws/install/flexbe_onboard:/home/csrobot/flexbe_ws/install/flexbe_states:/home/csrobot/flexbe_ws/install/flexbe_mirror:/home/csrobot/flexbe_ws/install/flexbe_input:/home/csrobot/flexbe_ws/install/example_flexbe_states:/home/csrobot/flexbe_ws/install/compare_flexbe_states:/home/csrobot/flexbe_ws/install/flexbe_core:/opt/ros/jazzy DEBUGINFOD_URLS=https://debuginfod.ubuntu.com LD_LIBRARY_PATH=/home/csrobot/flexbe_ws/install/gpd_ros/lib:/home/csrobot/flexbe_ws/install/compare_flexbe_utilities/lib:/home/csrobot/flexbe_ws/install/gpd/lib:/home/csrobot/flexbe_ws/install/flexbe_msgs/lib:/home/csrobot/graspnet_ws/install/unseen_obj_clst_ros2/lib:/home/csrobot/graspnet_ws/install/graspsam_ros2/lib:/home/csrobot/graspnet_ws/install/contact_graspnet_ros2/lib:/opt/ros/jazzy/opt/gz_sim_vendor/lib:/opt/ros/jazzy/opt/gz_sensors_vendor/lib:/opt/ros/jazzy/opt/gz_physics_vendor/lib:/opt/ros/jazzy/opt/sdformat_vendor/lib:/opt/ros/jazzy/opt/rviz_ogre_vendor/lib:/opt/ros/jazzy/lib/x86_64-linux-gnu:/opt/ros/jazzy/opt/gz_gui_vendor/lib:/opt/ros/jazzy/opt/gz_transport_vendor/lib:/opt/ros/jazzy/opt/gz_rendering_vendor/lib:/opt/ros/jazzy/opt/gz_plugin_vendor/lib:/opt/ros/jazzy/opt/gz_fuel_tools_vendor/lib:/opt/ros/jazzy/opt/gz_msgs_vendor/lib:/opt/ros/jazzy/opt/gz_common_vendor/lib:/opt/ros/jazzy/opt/gz_math_vendor/lib:/opt/ros/jazzy/opt/gz_utils_vendor/lib:/opt/ros/jazzy/opt/gz_tools_vendor/lib:/opt/ros/jazzy/opt/gz_ogre_next_vendor/lib:/opt/ros/jazzy/opt/gz_dartsim_vendor/lib:/opt/ros/jazzy/opt/gz_cmake_vendor/lib:/opt/ros/jazzy/lib:/usr/local/cuda/lib64:/usr/local/cuda/lib64 PYTHONPATH=/home/csrobot/flexbe_ws/install/gpd_ros/lib/python3.12/site-packages:/home/csrobot/flexbe_ws/install/compare_flexbe_utilities/lib/python3.12/site-packages:/home/csrobot/flexbe_ws/install/flexbe_widget/lib/python3.12/site-packages:/home/csrobot/flexbe_ws/install/flexbe_webui/lib/python3.12/site-packages:/home/csrobot/flexbe_ws/install/flexbe_onboard/lib/python3.12/site-packages:/home/csrobot/flexbe_ws/install/flexbe_states/lib/python3.12/site-packages:/home/csrobot/flexbe_ws/install/flexbe_testing/lib/python3.12/site-packages:/home/csrobot/flexbe_ws/install/flexbe_mirror/lib/python3.12/site-packages:/home/csrobot/flexbe_ws/install/flexbe_input/lib/python3.12/site-packages:/home/csrobot/flexbe_ws/install/example_flexbe_states/lib/python3.12/site-packages:/home/csrobot/flexbe_ws/install/compare_flexbe_states/lib/python3.12/site-packages:/home/csrobot/flexbe_ws/install/compare_flexbe_behaviors/lib/python3.12/site-packages:/home/csrobot/flexbe_ws/install/flexbe_core/lib/python3.12/site-packages:/home/csrobot/flexbe_ws/install/flexbe_msgs/lib/python3.12/site-packages:/home/csrobot/graspnet_ws/install/unseen_obj_clst_ros2/lib/python3.12/site-packages:/home/csrobot/graspnet_ws/install/graspsam_ros2/lib/python3.12/site-packages:/home/csrobot/graspnet_ws/install/contact_graspnet_ros2/lib/python3.12/site-packages:/opt/ros/jazzy/lib/python3.12/site-packages /usr/bin/cmake --build /home/csrobot/flexbe_ws/build/compare_flexbe_utilities -- -j8 -l8
[0.988s] Invoking command in '/home/csrobot/flexbe_ws/build/compare_flexbe_utilities': CMAKE_PREFIX_PATH=/home/csrobot/flexbe_ws/install/gpd_ros:/home/csrobot/flexbe_ws/install/panda_moveit_config:/home/csrobot/flexbe_ws/install/panda_gazebo:/home/csrobot/flexbe_ws/install/panda_description:/home/csrobot/flexbe_ws/install/compare_flexbe_utilities:/home/csrobot/flexbe_ws/install/flexbe_behavior_engine:/home/csrobot/flexbe_ws/install/flexbe_widget:/home/csrobot/flexbe_ws/install/flexbe_testing:/home/csrobot/flexbe_ws/install/compare_flexbe:/home/csrobot/flexbe_ws/install/compare_flexbe_behaviors:/home/csrobot/flexbe_ws/install/flexbe_msgs:/home/csrobot/flexbe_ws/install/armada_gazebo:/home/csrobot/flexbe_ws/install/armada_description:/home/csrobot/flexbe_ws/install/armada_bringup:/home/csrobot/graspnet_ws/install/unseen_obj_clst_ros2:/home/csrobot/graspnet_ws/install/graspsam_ros2:/home/csrobot/graspnet_ws/install/contact_graspnet_ros2:/opt/ros/jazzy/opt/gz_sim_vendor:/opt/ros/jazzy/opt/gz_sensors_vendor:/opt/ros/jazzy/opt/gz_physics_vendor:/opt/ros/jazzy/opt/sdformat_vendor:/opt/ros/jazzy/opt/gz_gui_vendor:/opt/ros/jazzy/opt/gz_transport_vendor:/opt/ros/jazzy/opt/gz_rendering_vendor:/opt/ros/jazzy/opt/gz_plugin_vendor:/opt/ros/jazzy/opt/gz_fuel_tools_vendor:/opt/ros/jazzy/opt/gz_msgs_vendor:/opt/ros/jazzy/opt/gz_common_vendor:/opt/ros/jazzy/opt/gz_math_vendor:/opt/ros/jazzy/opt/gz_utils_vendor:/opt/ros/jazzy/opt/gz_tools_vendor:/opt/ros/jazzy/opt/gz_ogre_next_vendor:/opt/ros/jazzy/opt/gz_dartsim_vendor:/opt/ros/jazzy/opt/gz_cmake_vendor:/home/csrobot/flexbe_ws/install/flexbe_webui:/home/csrobot/flexbe_ws/install/flexbe_onboard:/home/csrobot/flexbe_ws/install/flexbe_states:/home/csrobot/flexbe_ws/install/flexbe_mirror:/home/csrobot/flexbe_ws/install/flexbe_input:/home/csrobot/flexbe_ws/install/example_flexbe_states:/home/csrobot/flexbe_ws/install/compare_flexbe_states:/home/csrobot/flexbe_ws/install/flexbe_core:/opt/ros/jazzy DEBUGINFOD_URLS=https://debuginfod.ubuntu.com LD_LIBRARY_PATH=/home/csrobot/flexbe_ws/install/gpd_ros/lib:/home/csrobot/flexbe_ws/install/compare_flexbe_utilities/lib:/home/csrobot/flexbe_ws/install/gpd/lib:/home/csrobot/flexbe_ws/install/flexbe_msgs/lib:/home/csrobot/graspnet_ws/install/unseen_obj_clst_ros2/lib:/home/csrobot/graspnet_ws/install/graspsam_ros2/lib:/home/csrobot/graspnet_ws/install/contact_graspnet_ros2/lib:/opt/ros/jazzy/opt/gz_sim_vendor/lib:/opt/ros/jazzy/opt/gz_sensors_vendor/lib:/opt/ros/jazzy/opt/gz_physics_vendor/lib:/opt/ros/jazzy/opt/sdformat_vendor/lib:/opt/ros/jazzy/opt/rviz_ogre_vendor/lib:/opt/ros/jazzy/lib/x86_64-linux-gnu:/opt/ros/jazzy/opt/gz_gui_vendor/lib:/opt/ros/jazzy/opt/gz_transport_vendor/lib:/opt/ros/jazzy/opt/gz_rendering_vendor/lib:/opt/ros/jazzy/opt/gz_plugin_vendor/lib:/opt/ros/jazzy/opt/gz_fuel_tools_vendor/lib:/opt/ros/jazzy/opt/gz_msgs_vendor/lib:/opt/ros/jazzy/opt/gz_common_vendor/lib:/opt/ros/jazzy/opt/gz_math_vendor/lib:/opt/ros/jazzy/opt/gz_utils_vendor/lib:/opt/ros/jazzy/opt/gz_tools_vendor/lib:/opt/ros/jazzy/opt/gz_ogre_next_vendor/lib:/opt/ros/jazzy/opt/gz_dartsim_vendor/lib:/opt/ros/jazzy/opt/gz_cmake_vendor/lib:/opt/ros/jazzy/lib:/usr/local/cuda/lib64:/usr/local/cuda/lib64 PYTHONPATH=/home/csrobot/flexbe_ws/install/gpd_ros/lib/python3.12/site-packages:/home/csrobot/flexbe_ws/install/compare_flexbe_utilities/lib/python3.12/site-packages:/home/csrobot/flexbe_ws/install/flexbe_widget/lib/python3.12/site-packages:/home/csrobot/flexbe_ws/install/flexbe_webui/lib/python3.12/site-packages:/home/csrobot/flexbe_ws/install/flexbe_onboard/lib/python3.12/site-packages:/home/csrobot/flexbe_ws/install/flexbe_states/lib/python3.12/site-packages:/home/csrobot/flexbe_ws/install/flexbe_testing/lib/python3.12/site-packages:/home/csrobot/flexbe_ws/install/flexbe_mirror/lib/python3.12/site-packages:/home/csrobot/flexbe_ws/install/flexbe_input/lib/python3.12/site-packages:/home/csrobot/flexbe_ws/install/example_flexbe_states/lib/python3.12/site-packages:/home/csrobot/flexbe_ws/install/compare_flexbe_states/lib/python3.12/site-packages:/home/csrobot/flexbe_ws/install/compare_flexbe_behaviors/lib/python3.12/site-packages:/home/csrobot/flexbe_ws/install/flexbe_core/lib/python3.12/site-packages:/home/csrobot/flexbe_ws/install/flexbe_msgs/lib/python3.12/site-packages:/home/csrobot/graspnet_ws/install/unseen_obj_clst_ros2/lib/python3.12/site-packages:/home/csrobot/graspnet_ws/install/graspsam_ros2/lib/python3.12/site-packages:/home/csrobot/graspnet_ws/install/contact_graspnet_ros2/lib/python3.12/site-packages:/opt/ros/jazzy/lib/python3.12/site-packages /usr/bin/cmake --install /home/csrobot/flexbe_ws/build/compare_flexbe_utilities
[0.995s] -- Install configuration: ""
[0.995s] -- Up-to-date: /home/csrobot/flexbe_ws/install/compare_flexbe_utilities/share/ament_index/resource_index/rosidl_interfaces/compare_flexbe_utilities
[0.995s] -- Up-to-date: /home/csrobot/flexbe_ws/install/compare_flexbe_utilities/share/compare_flexbe_utilities/srv/CartesianMoveToPose.json
[0.995s] -- Up-to-date: /home/csrobot/flexbe_ws/install/compare_flexbe_utilities/share/compare_flexbe_utilities/srv/MoveToNamedPose.json
[0.995s] -- Up-to-date: /home/csrobot/flexbe_ws/install/compare_flexbe_utilities/share/compare_flexbe_utilities/srv/MoveToPose.json
[0.996s] -- Up-to-date: /home/csrobot/flexbe_ws/install/compare_flexbe_utilities/share/compare_flexbe_utilities/srv/VoxelGridFilter.json
[0.996s] -- Up-to-date: /home/csrobot/flexbe_ws/install/compare_flexbe_utilities/share/compare_flexbe_utilities/srv/PlaneSegmentation.json
[0.996s] -- Up-to-date: /home/csrobot/flexbe_ws/install/compare_flexbe_utilities/share/compare_flexbe_utilities/srv/EuclideanClustering.json
[0.996s] -- Up-to-date: /home/csrobot/flexbe_ws/install/compare_flexbe_utilities/share/compare_flexbe_utilities/srv/GetPointCloud.json
[0.996s] -- Up-to-date: /home/csrobot/flexbe_ws/install/compare_flexbe_utilities/share/compare_flexbe_utilities/srv/FilterByIndices.json
[0.996s] -- Up-to-date: /home/csrobot/flexbe_ws/install/compare_flexbe_utilities/include/compare_flexbe_utilities/compare_flexbe_utilities
[0.996s] -- Up-to-date: /home/csrobot/flexbe_ws/install/compare_flexbe_utilities/include/compare_flexbe_utilities/compare_flexbe_utilities/msg
[0.996s] -- Up-to-date: /home/csrobot/flexbe_ws/install/compare_flexbe_utilities/include/compare_flexbe_utilities/compare_flexbe_utilities/msg/rosidl_generator_c__visibility_control.h
[0.996s] -- Up-to-date: /home/csrobot/flexbe_ws/install/compare_flexbe_utilities/include/compare_flexbe_utilities/compare_flexbe_utilities/srv
[0.996s] -- Up-to-date: /home/csrobot/flexbe_ws/install/compare_flexbe_utilities/include/compare_flexbe_utilities/compare_flexbe_utilities/srv/plane_segmentation.h
[0.996s] -- Up-to-date: /home/csrobot/flexbe_ws/install/compare_flexbe_utilities/include/compare_flexbe_utilities/compare_flexbe_utilities/srv/filter_by_indices.h
[0.996s] -- Up-to-date: /home/csrobot/flexbe_ws/install/compare_flexbe_utilities/include/compare_flexbe_utilities/compare_flexbe_utilities/srv/move_to_named_pose.h
[0.996s] -- Up-to-date: /home/csrobot/flexbe_ws/install/compare_flexbe_utilities/include/compare_flexbe_utilities/compare_flexbe_utilities/srv/euclidean_clustering.h
[0.997s] -- Up-to-date: /home/csrobot/flexbe_ws/install/compare_flexbe_utilities/include/compare_flexbe_utilities/compare_flexbe_utilities/srv/get_point_cloud.h
[0.997s] -- Up-to-date: /home/csrobot/flexbe_ws/install/compare_flexbe_utilities/include/compare_flexbe_utilities/compare_flexbe_utilities/srv/move_to_pose.h
[0.997s] -- Up-to-date: /home/csrobot/flexbe_ws/install/compare_flexbe_utilities/include/compare_flexbe_utilities/compare_flexbe_utilities/srv/detail
[0.997s] -- Up-to-date: /home/csrobot/flexbe_ws/install/compare_flexbe_utilities/include/compare_flexbe_utilities/compare_flexbe_utilities/srv/detail/euclidean_clustering__type_support.h
[0.997s] -- Up-to-date: /home/csrobot/flexbe_ws/install/compare_flexbe_utilities/include/compare_flexbe_utilities/compare_flexbe_utilities/srv/detail/euclidean_clustering__struct.h
[0.997s] -- Installing: /home/csrobot/flexbe_ws/install/compare_flexbe_utilities/include/compare_flexbe_utilities/compare_flexbe_utilities/srv/detail/move_to_named_pose__type_support.c
[0.997s] -- Up-to-date: /home/csrobot/flexbe_ws/install/compare_flexbe_utilities/include/compare_flexbe_utilities/compare_flexbe_utilities/srv/detail/move_to_pose__struct.h
[0.997s] -- Installing: /home/csrobot/flexbe_ws/install/compare_flexbe_utilities/include/compare_flexbe_utilities/compare_flexbe_utilities/srv/detail/plane_segmentation__type_support.c
[0.997s] -- Up-to-date: /home/csrobot/flexbe_ws/install/compare_flexbe_utilities/include/compare_flexbe_utilities/compare_flexbe_utilities/srv/detail/get_point_cloud__functions.c
[0.997s] -- Installing: /home/csrobot/flexbe_ws/install/compare_flexbe_utilities/include/compare_flexbe_utilities/compare_flexbe_utilities/srv/detail/move_to_pose__type_support.c
[0.997s] -- Installing: /home/csrobot/flexbe_ws/install/compare_flexbe_utilities/include/compare_flexbe_utilities/compare_flexbe_utilities/srv/detail/get_point_cloud__type_support.c
[0.997s] -- Up-to-date: /home/csrobot/flexbe_ws/install/compare_flexbe_utilities/include/compare_flexbe_utilities/compare_flexbe_utilities/srv/detail/euclidean_clustering__functions.c
[0.997s] -- Up-to-date: /home/csrobot/flexbe_ws/install/compare_flexbe_utilities/include/compare_flexbe_utilities/compare_flexbe_utilities/srv/detail/cartesian_move_to_pose__functions.c
[0.997s] -- Up-to-date: /home/csrobot/flexbe_ws/install/compare_flexbe_utilities/include/compare_flexbe_utilities/compare_flexbe_utilities/srv/detail/get_point_cloud__type_support.h
[0.997s] -- Up-to-date: /home/csrobot/flexbe_ws/install/compare_flexbe_utilities/include/compare_flexbe_utilities/compare_flexbe_utilities/srv/detail/plane_segmentation__functions.h
[0.998s] -- Up-to-date: /home/csrobot/flexbe_ws/install/compare_flexbe_utilities/include/compare_flexbe_utilities/compare_flexbe_utilities/srv/detail/move_to_named_pose__struct.h
[0.998s] -- Up-to-date: /home/csrobot/flexbe_ws/install/compare_flexbe_utilities/include/compare_flexbe_utilities/compare_flexbe_utilities/srv/detail/filter_by_indices__functions.c
[0.998s] -- Up-to-date: /home/csrobot/flexbe_ws/install/compare_flexbe_utilities/include/compare_flexbe_utilities/compare_flexbe_utilities/srv/detail/cartesian_move_to_pose__type_support.h
[0.998s] -- Up-to-date: /home/csrobot/flexbe_ws/install/compare_flexbe_utilities/include/compare_flexbe_utilities/compare_flexbe_utilities/srv/detail/voxel_grid_filter__struct.h
[0.998s] -- Installing: /home/csrobot/flexbe_ws/install/compare_flexbe_utilities/include/compare_flexbe_utilities/compare_flexbe_utilities/srv/detail/voxel_grid_filter__type_support.c
[0.998s] -- Up-to-date: /home/csrobot/flexbe_ws/install/compare_flexbe_utilities/include/compare_flexbe_utilities/compare_flexbe_utilities/srv/detail/filter_by_indices__type_support.h
[0.998s] -- Up-to-date: /home/csrobot/flexbe_ws/install/compare_flexbe_utilities/include/compare_flexbe_utilities/compare_flexbe_utilities/srv/detail/voxel_grid_filter__functions.c
[0.998s] -- Up-to-date: /home/csrobot/flexbe_ws/install/compare_flexbe_utilities/include/compare_flexbe_utilities/compare_flexbe_utilities/srv/detail/get_point_cloud__description.c
[0.998s] -- Up-to-date: /home/csrobot/flexbe_ws/install/compare_flexbe_utilities/include/compare_flexbe_utilities/compare_flexbe_utilities/srv/detail/voxel_grid_filter__type_support.h
[0.998s] -- Up-to-date: /home/csrobot/flexbe_ws/install/compare_flexbe_utilities/include/compare_flexbe_utilities/compare_flexbe_utilities/srv/detail/voxel_grid_filter__functions.h
[0.998s] -- Up-to-date: /home/csrobot/flexbe_ws/install/compare_flexbe_utilities/include/compare_flexbe_utilities/compare_flexbe_utilities/srv/detail/plane_segmentation__type_support.h
[0.998s] -- Up-to-date: /home/csrobot/flexbe_ws/install/compare_flexbe_utilities/include/compare_flexbe_utilities/compare_flexbe_utilities/srv/detail/move_to_pose__functions.h
[0.998s] -- Up-to-date: /home/csrobot/flexbe_ws/install/compare_flexbe_utilities/include/compare_flexbe_utilities/compare_flexbe_utilities/srv/detail/cartesian_move_to_pose__description.c
[0.998s] -- Up-to-date: /home/csrobot/flexbe_ws/install/compare_flexbe_utilities/include/compare_flexbe_utilities/compare_flexbe_utilities/srv/detail/move_to_pose__functions.c
[0.999s] -- Up-to-date: /home/csrobot/flexbe_ws/install/compare_flexbe_utilities/include/compare_flexbe_utilities/compare_flexbe_utilities/srv/detail/move_to_named_pose__functions.c
[0.999s] -- Up-to-date: /home/csrobot/flexbe_ws/install/compare_flexbe_utilities/include/compare_flexbe_utilities/compare_flexbe_utilities/srv/detail/filter_by_indices__functions.h
[0.999s] -- Up-to-date: /home/csrobot/flexbe_ws/install/compare_flexbe_utilities/include/compare_flexbe_utilities/compare_flexbe_utilities/srv/detail/move_to_named_pose__functions.h
[0.999s] -- Up-to-date: /home/csrobot/flexbe_ws/install/compare_flexbe_utilities/include/compare_flexbe_utilities/compare_flexbe_utilities/srv/detail/move_to_named_pose__type_support.h
[0.999s] -- Up-to-date: /home/csrobot/flexbe_ws/install/compare_flexbe_utilities/include/compare_flexbe_utilities/compare_flexbe_utilities/srv/detail/plane_segmentation__description.c
[0.999s] -- Installing: /home/csrobot/flexbe_ws/install/compare_flexbe_utilities/include/compare_flexbe_utilities/compare_flexbe_utilities/srv/detail/cartesian_move_to_pose__type_support.c
[0.999s] -- Up-to-date: /home/csrobot/flexbe_ws/install/compare_flexbe_utilities/include/compare_flexbe_utilities/compare_flexbe_utilities/srv/detail/get_point_cloud__struct.h
[0.999s] -- Up-to-date: /home/csrobot/flexbe_ws/install/compare_flexbe_utilities/include/compare_flexbe_utilities/compare_flexbe_utilities/srv/detail/move_to_pose__type_support.h
[0.999s] -- Installing: /home/csrobot/flexbe_ws/install/compare_flexbe_utilities/include/compare_flexbe_utilities/compare_flexbe_utilities/srv/detail/filter_by_indices__type_support.c
[0.999s] -- Up-to-date: /home/csrobot/flexbe_ws/install/compare_flexbe_utilities/include/compare_flexbe_utilities/compare_flexbe_utilities/srv/detail/euclidean_clustering__functions.h
[0.999s] -- Up-to-date: /home/csrobot/flexbe_ws/install/compare_flexbe_utilities/include/compare_flexbe_utilities/compare_flexbe_utilities/srv/detail/filter_by_indices__struct.h
[0.999s] -- Up-to-date: /home/csrobot/flexbe_ws/install/compare_flexbe_utilities/include/compare_flexbe_utilities/compare_flexbe_utilities/srv/detail/cartesian_move_to_pose__struct.h
[0.999s] -- Up-to-date: /home/csrobot/flexbe_ws/install/compare_flexbe_utilities/include/compare_flexbe_utilities/compare_flexbe_utilities/srv/detail/voxel_grid_filter__description.c
[0.999s] -- Up-to-date: /home/csrobot/flexbe_ws/install/compare_flexbe_utilities/include/compare_flexbe_utilities/compare_flexbe_utilities/srv/detail/move_to_named_pose__description.c
[0.999s] -- Up-to-date: /home/csrobot/flexbe_ws/install/compare_flexbe_utilities/include/compare_flexbe_utilities/compare_flexbe_utilities/srv/detail/filter_by_indices__description.c
[1.000s] -- Up-to-date: /home/csrobot/flexbe_ws/install/compare_flexbe_utilities/include/compare_flexbe_utilities/compare_flexbe_utilities/srv/detail/plane_segmentation__functions.c
[1.000s] -- Installing: /home/csrobot/flexbe_ws/install/compare_flexbe_utilities/include/compare_flexbe_utilities/compare_flexbe_utilities/srv/detail/euclidean_clustering__type_support.c
[1.000s] -- Up-to-date: /home/csrobot/flexbe_ws/install/compare_flexbe_utilities/include/compare_flexbe_utilities/compare_flexbe_utilities/srv/detail/euclidean_clustering__description.c
[1.000s] -- Up-to-date: /home/csrobot/flexbe_ws/install/compare_flexbe_utilities/include/compare_flexbe_utilities/compare_flexbe_utilities/srv/detail/plane_segmentation__struct.h
[1.000s] -- Up-to-date: /home/csrobot/flexbe_ws/install/compare_flexbe_utilities/include/compare_flexbe_utilities/compare_flexbe_utilities/srv/detail/cartesian_move_to_pose__functions.h
[1.000s] -- Up-to-date: /home/csrobot/flexbe_ws/install/compare_flexbe_utilities/include/compare_flexbe_utilities/compare_flexbe_utilities/srv/detail/get_point_cloud__functions.h
[1.000s] -- Up-to-date: /home/csrobot/flexbe_ws/install/compare_flexbe_utilities/include/compare_flexbe_utilities/compare_flexbe_utilities/srv/detail/move_to_pose__description.c
[1.000s] -- Up-to-date: /home/csrobot/flexbe_ws/install/compare_flexbe_utilities/include/compare_flexbe_utilities/compare_flexbe_utilities/srv/cartesian_move_to_pose.h
[1.000s] -- Up-to-date: /home/csrobot/flexbe_ws/install/compare_flexbe_utilities/include/compare_flexbe_utilities/compare_flexbe_utilities/srv/voxel_grid_filter.h
[1.000s] -- Up-to-date: /home/csrobot/flexbe_ws/install/compare_flexbe_utilities/share/compare_flexbe_utilities/environment/library_path.sh
[1.000s] -- Up-to-date: /home/csrobot/flexbe_ws/install/compare_flexbe_utilities/share/compare_flexbe_utilities/environment/library_path.dsv
[1.000s] -- Up-to-date: /home/csrobot/flexbe_ws/install/compare_flexbe_utilities/lib/libcompare_flexbe_utilities__rosidl_generator_c.so
[1.000s] -- Up-to-date: /home/csrobot/flexbe_ws/install/compare_flexbe_utilities/include/compare_flexbe_utilities/compare_flexbe_utilities
[1.000s] -- Up-to-date: /home/csrobot/flexbe_ws/install/compare_flexbe_utilities/include/compare_flexbe_utilities/compare_flexbe_utilities/msg
[1.001s] -- Up-to-date: /home/csrobot/flexbe_ws/install/compare_flexbe_utilities/include/compare_flexbe_utilities/compare_flexbe_utilities/msg/rosidl_typesupport_fastrtps_c__visibility_control.h
[1.001s] -- Up-to-date: /home/csrobot/flexbe_ws/install/compare_flexbe_utilities/include/compare_flexbe_utilities/compare_flexbe_utilities/srv
[1.001s] -- Up-to-date: /home/csrobot/flexbe_ws/install/compare_flexbe_utilities/include/compare_flexbe_utilities/compare_flexbe_utilities/srv/detail
[1.001s] -- Up-to-date: /home/csrobot/flexbe_ws/install/compare_flexbe_utilities/include/compare_flexbe_utilities/compare_flexbe_utilities/srv/detail/plane_segmentation__rosidl_typesupport_fastrtps_c.h
[1.001s] -- Up-to-date: /home/csrobot/flexbe_ws/install/compare_flexbe_utilities/include/compare_flexbe_utilities/compare_flexbe_utilities/srv/detail/filter_by_indices__rosidl_typesupport_fastrtps_c.h
[1.001s] -- Up-to-date: /home/csrobot/flexbe_ws/install/compare_flexbe_utilities/include/compare_flexbe_utilities/compare_flexbe_utilities/srv/detail/cartesian_move_to_pose__rosidl_typesupport_fastrtps_c.h
[1.001s] -- Up-to-date: /home/csrobot/flexbe_ws/install/compare_flexbe_utilities/include/compare_flexbe_utilities/compare_flexbe_utilities/srv/detail/voxel_grid_filter__rosidl_typesupport_fastrtps_c.h
[1.001s] -- Up-to-date: /home/csrobot/flexbe_ws/install/compare_flexbe_utilities/include/compare_flexbe_utilities/compare_flexbe_utilities/srv/detail/move_to_named_pose__rosidl_typesupport_fastrtps_c.h
[1.001s] -- Up-to-date: /home/csrobot/flexbe_ws/install/compare_flexbe_utilities/include/compare_flexbe_utilities/compare_flexbe_utilities/srv/detail/move_to_pose__rosidl_typesupport_fastrtps_c.h
[1.001s] -- Up-to-date: /home/csrobot/flexbe_ws/install/compare_flexbe_utilities/include/compare_flexbe_utilities/compare_flexbe_utilities/srv/detail/euclidean_clustering__rosidl_typesupport_fastrtps_c.h
[1.001s] -- Up-to-date: /home/csrobot/flexbe_ws/install/compare_flexbe_utilities/include/compare_flexbe_utilities/compare_flexbe_utilities/srv/detail/get_point_cloud__rosidl_typesupport_fastrtps_c.h
[1.001s] -- Up-to-date: /home/csrobot/flexbe_ws/install/compare_flexbe_utilities/lib/libcompare_flexbe_utilities__rosidl_typesupport_fastrtps_c.so
[1.001s] -- Up-to-date: /home/csrobot/flexbe_ws/install/compare_flexbe_utilities/include/compare_flexbe_utilities/compare_flexbe_utilities
[1.001s] -- Up-to-date: /home/csrobot/flexbe_ws/install/compare_flexbe_utilities/include/compare_flexbe_utilities/compare_flexbe_utilities/msg
[1.001s] -- Up-to-date: /home/csrobot/flexbe_ws/install/compare_flexbe_utilities/include/compare_flexbe_utilities/compare_flexbe_utilities/msg/rosidl_generator_cpp__visibility_control.hpp
[1.001s] -- Up-to-date: /home/csrobot/flexbe_ws/install/compare_flexbe_utilities/include/compare_flexbe_utilities/compare_flexbe_utilities/srv
[1.002s] -- Up-to-date: /home/csrobot/flexbe_ws/install/compare_flexbe_utilities/include/compare_flexbe_utilities/compare_flexbe_utilities/srv/filter_by_indices.hpp
[1.002s] -- Up-to-date: /home/csrobot/flexbe_ws/install/compare_flexbe_utilities/include/compare_flexbe_utilities/compare_flexbe_utilities/srv/plane_segmentation.hpp
[1.002s] -- Up-to-date: /home/csrobot/flexbe_ws/install/compare_flexbe_utilities/include/compare_flexbe_utilities/compare_flexbe_utilities/srv/move_to_pose.hpp
[1.002s] -- Up-to-date: /home/csrobot/flexbe_ws/install/compare_flexbe_utilities/include/compare_flexbe_utilities/compare_flexbe_utilities/srv/euclidean_clustering.hpp
[1.002s] -- Up-to-date: /home/csrobot/flexbe_ws/install/compare_flexbe_utilities/include/compare_flexbe_utilities/compare_flexbe_utilities/srv/voxel_grid_filter.hpp
[1.002s] -- Up-to-date: /home/csrobot/flexbe_ws/install/compare_flexbe_utilities/include/compare_flexbe_utilities/compare_flexbe_utilities/srv/get_point_cloud.hpp
[1.002s] -- Up-to-date: /home/csrobot/flexbe_ws/install/compare_flexbe_utilities/include/compare_flexbe_utilities/compare_flexbe_utilities/srv/detail
[1.002s] -- Up-to-date: /home/csrobot/flexbe_ws/install/compare_flexbe_utilities/include/compare_flexbe_utilities/compare_flexbe_utilities/srv/detail/move_to_pose__traits.hpp
[1.002s] -- Up-to-date: /home/csrobot/flexbe_ws/install/compare_flexbe_utilities/include/compare_flexbe_utilities/compare_flexbe_utilities/srv/detail/move_to_pose__struct.hpp
[1.002s] -- Up-to-date: /home/csrobot/flexbe_ws/install/compare_flexbe_utilities/include/compare_flexbe_utilities/compare_flexbe_utilities/srv/detail/plane_segmentation__struct.hpp
[1.002s] -- Up-to-date: /home/csrobot/flexbe_ws/install/compare_flexbe_utilities/include/compare_flexbe_utilities/compare_flexbe_utilities/srv/detail/plane_segmentation__traits.hpp
[1.002s] -- Up-to-date: /home/csrobot/flexbe_ws/install/compare_flexbe_utilities/include/compare_flexbe_utilities/compare_flexbe_utilities/srv/detail/filter_by_indices__traits.hpp
[1.002s] -- Up-to-date: /home/csrobot/flexbe_ws/install/compare_flexbe_utilities/include/compare_flexbe_utilities/compare_flexbe_utilities/srv/detail/voxel_grid_filter__struct.hpp
[1.002s] -- Up-to-date: /home/csrobot/flexbe_ws/install/compare_flexbe_utilities/include/compare_flexbe_utilities/compare_flexbe_utilities/srv/detail/cartesian_move_to_pose__type_support.hpp
[1.002s] -- Up-to-date: /home/csrobot/flexbe_ws/install/compare_flexbe_utilities/include/compare_flexbe_utilities/compare_flexbe_utilities/srv/detail/voxel_grid_filter__builder.hpp
[1.002s] -- Up-to-date: /home/csrobot/flexbe_ws/install/compare_flexbe_utilities/include/compare_flexbe_utilities/compare_flexbe_utilities/srv/detail/get_point_cloud__builder.hpp
[1.003s] -- Up-to-date: /home/csrobot/flexbe_ws/install/compare_flexbe_utilities/include/compare_flexbe_utilities/compare_flexbe_utilities/srv/detail/plane_segmentation__builder.hpp
[1.003s] -- Up-to-date: /home/csrobot/flexbe_ws/install/compare_flexbe_utilities/include/compare_flexbe_utilities/compare_flexbe_utilities/srv/detail/filter_by_indices__struct.hpp
[1.003s] -- Up-to-date: /home/csrobot/flexbe_ws/install/compare_flexbe_utilities/include/compare_flexbe_utilities/compare_flexbe_utilities/srv/detail/cartesian_move_to_pose__traits.hpp
[1.003s] -- Up-to-date: /home/csrobot/flexbe_ws/install/compare_flexbe_utilities/include/compare_flexbe_utilities/compare_flexbe_utilities/srv/detail/euclidean_clustering__builder.hpp
[1.003s] -- Up-to-date: /home/csrobot/flexbe_ws/install/compare_flexbe_utilities/include/compare_flexbe_utilities/compare_flexbe_utilities/srv/detail/get_point_cloud__struct.hpp
[1.003s] -- Up-to-date: /home/csrobot/flexbe_ws/install/compare_flexbe_utilities/include/compare_flexbe_utilities/compare_flexbe_utilities/srv/detail/euclidean_clustering__struct.hpp
[1.003s] -- Up-to-date: /home/csrobot/flexbe_ws/install/compare_flexbe_utilities/include/compare_flexbe_utilities/compare_flexbe_utilities/srv/detail/filter_by_indices__builder.hpp
[1.003s] -- Up-to-date: /home/csrobot/flexbe_ws/install/compare_flexbe_utilities/include/compare_flexbe_utilities/compare_flexbe_utilities/srv/detail/voxel_grid_filter__traits.hpp
[1.003s] -- Up-to-date: /home/csrobot/flexbe_ws/install/compare_flexbe_utilities/include/compare_flexbe_utilities/compare_flexbe_utilities/srv/detail/filter_by_indices__type_support.hpp
[1.003s] -- Up-to-date: /home/csrobot/flexbe_ws/install/compare_flexbe_utilities/include/compare_flexbe_utilities/compare_flexbe_utilities/srv/detail/plane_segmentation__type_support.hpp
[1.003s] -- Up-to-date: /home/csrobot/flexbe_ws/install/compare_flexbe_utilities/include/compare_flexbe_utilities/compare_flexbe_utilities/srv/detail/cartesian_move_to_pose__struct.hpp
[1.003s] -- Up-to-date: /home/csrobot/flexbe_ws/install/compare_flexbe_utilities/include/compare_flexbe_utilities/compare_flexbe_utilities/srv/detail/euclidean_clustering__traits.hpp
[1.003s] -- Up-to-date: /home/csrobot/flexbe_ws/install/compare_flexbe_utilities/include/compare_flexbe_utilities/compare_flexbe_utilities/srv/detail/move_to_named_pose__traits.hpp
[1.003s] -- Up-to-date: /home/csrobot/flexbe_ws/install/compare_flexbe_utilities/include/compare_flexbe_utilities/compare_flexbe_utilities/srv/detail/euclidean_clustering__type_support.hpp
[1.003s] -- Up-to-date: /home/csrobot/flexbe_ws/install/compare_flexbe_utilities/include/compare_flexbe_utilities/compare_flexbe_utilities/srv/detail/move_to_pose__builder.hpp
[1.003s] -- Up-to-date: /home/csrobot/flexbe_ws/install/compare_flexbe_utilities/include/compare_flexbe_utilities/compare_flexbe_utilities/srv/detail/move_to_named_pose__struct.hpp
[1.003s] -- Up-to-date: /home/csrobot/flexbe_ws/install/compare_flexbe_utilities/include/compare_flexbe_utilities/compare_flexbe_utilities/srv/detail/cartesian_move_to_pose__builder.hpp
[1.004s] -- Up-to-date: /home/csrobot/flexbe_ws/install/compare_flexbe_utilities/include/compare_flexbe_utilities/compare_flexbe_utilities/srv/detail/voxel_grid_filter__type_support.hpp
[1.004s] -- Up-to-date: /home/csrobot/flexbe_ws/install/compare_flexbe_utilities/include/compare_flexbe_utilities/compare_flexbe_utilities/srv/detail/get_point_cloud__traits.hpp
[1.004s] -- Up-to-date: /home/csrobot/flexbe_ws/install/compare_flexbe_utilities/include/compare_flexbe_utilities/compare_flexbe_utilities/srv/detail/move_to_pose__type_support.hpp
[1.004s] -- Up-to-date: /home/csrobot/flexbe_ws/install/compare_flexbe_utilities/include/compare_flexbe_utilities/compare_flexbe_utilities/srv/detail/get_point_cloud__type_support.hpp
[1.004s] -- Up-to-date: /home/csrobot/flexbe_ws/install/compare_flexbe_utilities/include/compare_flexbe_utilities/compare_flexbe_utilities/srv/detail/move_to_named_pose__builder.hpp
[1.004s] -- Up-to-date: /home/csrobot/flexbe_ws/install/compare_flexbe_utilities/include/compare_flexbe_utilities/compare_flexbe_utilities/srv/detail/move_to_named_pose__type_support.hpp
[1.004s] -- Up-to-date: /home/csrobot/flexbe_ws/install/compare_flexbe_utilities/include/compare_flexbe_utilities/compare_flexbe_utilities/srv/cartesian_move_to_pose.hpp
[1.004s] -- Up-to-date: /home/csrobot/flexbe_ws/install/compare_flexbe_utilities/include/compare_flexbe_utilities/compare_flexbe_utilities/srv/move_to_named_pose.hpp
[1.004s] -- Up-to-date: /home/csrobot/flexbe_ws/install/compare_flexbe_utilities/include/compare_flexbe_utilities/compare_flexbe_utilities
[1.004s] -- Up-to-date: /home/csrobot/flexbe_ws/install/compare_flexbe_utilities/include/compare_flexbe_utilities/compare_flexbe_utilities/msg
[1.004s] -- Up-to-date: /home/csrobot/flexbe_ws/install/compare_flexbe_utilities/include/compare_flexbe_utilities/compare_flexbe_utilities/msg/rosidl_typesupport_fastrtps_cpp__visibility_control.h
[1.004s] -- Up-to-date: /home/csrobot/flexbe_ws/install/compare_flexbe_utilities/include/compare_flexbe_utilities/compare_flexbe_utilities/srv
[1.004s] -- Up-to-date: /home/csrobot/flexbe_ws/install/compare_flexbe_utilities/include/compare_flexbe_utilities/compare_flexbe_utilities/srv/detail
[1.004s] -- Up-to-date: /home/csrobot/flexbe_ws/install/compare_flexbe_utilities/include/compare_flexbe_utilities/compare_flexbe_utilities/srv/detail/voxel_grid_filter__rosidl_typesupport_fastrtps_cpp.hpp
[1.004s] -- Up-to-date: /home/csrobot/flexbe_ws/install/compare_flexbe_utilities/include/compare_flexbe_utilities/compare_flexbe_utilities/srv/detail/filter_by_indices__rosidl_typesupport_fastrtps_cpp.hpp
[1.004s] -- Up-to-date: /home/csrobot/flexbe_ws/install/compare_flexbe_utilities/include/compare_flexbe_utilities/compare_flexbe_utilities/srv/detail/move_to_named_pose__rosidl_typesupport_fastrtps_cpp.hpp
[1.004s] -- Up-to-date: /home/csrobot/flexbe_ws/install/compare_flexbe_utilities/include/compare_flexbe_utilities/compare_flexbe_utilities/srv/detail/euclidean_clustering__rosidl_typesupport_fastrtps_cpp.hpp
[1.005s] -- Up-to-date: /home/csrobot/flexbe_ws/install/compare_flexbe_utilities/include/compare_flexbe_utilities/compare_flexbe_utilities/srv/detail/plane_segmentation__rosidl_typesupport_fastrtps_cpp.hpp
[1.005s] -- Up-to-date: /home/csrobot/flexbe_ws/install/compare_flexbe_utilities/include/compare_flexbe_utilities/compare_flexbe_utilities/srv/detail/cartesian_move_to_pose__rosidl_typesupport_fastrtps_cpp.hpp
[1.005s] -- Up-to-date: /home/csrobot/flexbe_ws/install/compare_flexbe_utilities/include/compare_flexbe_utilities/compare_flexbe_utilities/srv/detail/dds_fastrtps
[1.005s] -- Up-to-date: /home/csrobot/flexbe_ws/install/compare_flexbe_utilities/include/compare_flexbe_utilities/compare_flexbe_utilities/srv/detail/get_point_cloud__rosidl_typesupport_fastrtps_cpp.hpp
[1.005s] -- Up-to-date: /home/csrobot/flexbe_ws/install/compare_flexbe_utilities/include/compare_flexbe_utilities/compare_flexbe_utilities/srv/detail/move_to_pose__rosidl_typesupport_fastrtps_cpp.hpp
[1.005s] -- Up-to-date: /home/csrobot/flexbe_ws/install/compare_flexbe_utilities/lib/libcompare_flexbe_utilities__rosidl_typesupport_fastrtps_cpp.so
[1.005s] -- Up-to-date: /home/csrobot/flexbe_ws/install/compare_flexbe_utilities/include/compare_flexbe_utilities/compare_flexbe_utilities
[1.005s] -- Up-to-date: /home/csrobot/flexbe_ws/install/compare_flexbe_utilities/include/compare_flexbe_utilities/compare_flexbe_utilities/msg
[1.005s] -- Up-to-date: /home/csrobot/flexbe_ws/install/compare_flexbe_utilities/include/compare_flexbe_utilities/compare_flexbe_utilities/msg/rosidl_typesupport_introspection_c__visibility_control.h
[1.005s] -- Up-to-date: /home/csrobot/flexbe_ws/install/compare_flexbe_utilities/include/compare_flexbe_utilities/compare_flexbe_utilities/srv
[1.005s] -- Up-to-date: /home/csrobot/flexbe_ws/install/compare_flexbe_utilities/include/compare_flexbe_utilities/compare_flexbe_utilities/srv/detail
[1.005s] -- Installing: /home/csrobot/flexbe_ws/install/compare_flexbe_utilities/include/compare_flexbe_utilities/compare_flexbe_utilities/srv/detail/move_to_named_pose__type_support.c
[1.005s] -- Installing: /home/csrobot/flexbe_ws/install/compare_flexbe_utilities/include/compare_flexbe_utilities/compare_flexbe_utilities/srv/detail/plane_segmentation__type_support.c
[1.005s] -- Installing: /home/csrobot/flexbe_ws/install/compare_flexbe_utilities/include/compare_flexbe_utilities/compare_flexbe_utilities/srv/detail/move_to_pose__type_support.c
[1.005s] -- Installing: /home/csrobot/flexbe_ws/install/compare_flexbe_utilities/include/compare_flexbe_utilities/compare_flexbe_utilities/srv/detail/get_point_cloud__type_support.c
[1.005s] -- Up-to-date: /home/csrobot/flexbe_ws/install/compare_flexbe_utilities/include/compare_flexbe_utilities/compare_flexbe_utilities/srv/detail/plane_segmentation__rosidl_typesupport_introspection_c.h
[1.006s] -- Up-to-date: /home/csrobot/flexbe_ws/install/compare_flexbe_utilities/include/compare_flexbe_utilities/compare_flexbe_utilities/srv/detail/get_point_cloud__rosidl_typesupport_introspection_c.h
[1.006s] -- Up-to-date: /home/csrobot/flexbe_ws/install/compare_flexbe_utilities/include/compare_flexbe_utilities/compare_flexbe_utilities/srv/detail/move_to_pose__rosidl_typesupport_introspection_c.h
[1.006s] -- Installing: /home/csrobot/flexbe_ws/install/compare_flexbe_utilities/include/compare_flexbe_utilities/compare_flexbe_utilities/srv/detail/voxel_grid_filter__type_support.c
[1.006s] -- Up-to-date: /home/csrobot/flexbe_ws/install/compare_flexbe_utilities/include/compare_flexbe_utilities/compare_flexbe_utilities/srv/detail/voxel_grid_filter__rosidl_typesupport_introspection_c.h
[1.006s] -- Up-to-date: /home/csrobot/flexbe_ws/install/compare_flexbe_utilities/include/compare_flexbe_utilities/compare_flexbe_utilities/srv/detail/move_to_named_pose__rosidl_typesupport_introspection_c.h
[1.006s] -- Installing: /home/csrobot/flexbe_ws/install/compare_flexbe_utilities/include/compare_flexbe_utilities/compare_flexbe_utilities/srv/detail/cartesian_move_to_pose__type_support.c
[1.006s] -- Installing: /home/csrobot/flexbe_ws/install/compare_flexbe_utilities/include/compare_flexbe_utilities/compare_flexbe_utilities/srv/detail/filter_by_indices__type_support.c
[1.006s] -- Up-to-date: /home/csrobot/flexbe_ws/install/compare_flexbe_utilities/include/compare_flexbe_utilities/compare_flexbe_utilities/srv/detail/euclidean_clustering__rosidl_typesupport_introspection_c.h
[1.006s] -- Installing: /home/csrobot/flexbe_ws/install/compare_flexbe_utilities/include/compare_flexbe_utilities/compare_flexbe_utilities/srv/detail/euclidean_clustering__type_support.c
[1.006s] -- Up-to-date: /home/csrobot/flexbe_ws/install/compare_flexbe_utilities/include/compare_flexbe_utilities/compare_flexbe_utilities/srv/detail/filter_by_indices__rosidl_typesupport_introspection_c.h
[1.006s] -- Up-to-date: /home/csrobot/flexbe_ws/install/compare_flexbe_utilities/include/compare_flexbe_utilities/compare_flexbe_utilities/srv/detail/cartesian_move_to_pose__rosidl_typesupport_introspection_c.h
[1.006s] -- Up-to-date: /home/csrobot/flexbe_ws/install/compare_flexbe_utilities/lib/libcompare_flexbe_utilities__rosidl_typesupport_introspection_c.so
[1.006s] -- Up-to-date: /home/csrobot/flexbe_ws/install/compare_flexbe_utilities/lib/libcompare_flexbe_utilities__rosidl_typesupport_c.so
[1.006s] -- Up-to-date: /home/csrobot/flexbe_ws/install/compare_flexbe_utilities/include/compare_flexbe_utilities/compare_flexbe_utilities
[1.006s] -- Up-to-date: /home/csrobot/flexbe_ws/install/compare_flexbe_utilities/include/compare_flexbe_utilities/compare_flexbe_utilities/srv
[1.006s] -- Up-to-date: /home/csrobot/flexbe_ws/install/compare_flexbe_utilities/include/compare_flexbe_utilities/compare_flexbe_utilities/srv/detail
[1.006s] -- Up-to-date: /home/csrobot/flexbe_ws/install/compare_flexbe_utilities/include/compare_flexbe_utilities/compare_flexbe_utilities/srv/detail/euclidean_clustering__type_support.cpp
[1.007s] -- Up-to-date: /home/csrobot/flexbe_ws/install/compare_flexbe_utilities/include/compare_flexbe_utilities/compare_flexbe_utilities/srv/detail/filter_by_indices__rosidl_typesupport_introspection_cpp.hpp
[1.007s] -- Up-to-date: /home/csrobot/flexbe_ws/install/compare_flexbe_utilities/include/compare_flexbe_utilities/compare_flexbe_utilities/srv/detail/plane_segmentation__type_support.cpp
[1.007s] -- Up-to-date: /home/csrobot/flexbe_ws/install/compare_flexbe_utilities/include/compare_flexbe_utilities/compare_flexbe_utilities/srv/detail/voxel_grid_filter__type_support.cpp
[1.007s] -- Up-to-date: /home/csrobot/flexbe_ws/install/compare_flexbe_utilities/include/compare_flexbe_utilities/compare_flexbe_utilities/srv/detail/move_to_named_pose__type_support.cpp
[1.007s] -- Up-to-date: /home/csrobot/flexbe_ws/install/compare_flexbe_utilities/include/compare_flexbe_utilities/compare_flexbe_utilities/srv/detail/plane_segmentation__rosidl_typesupport_introspection_cpp.hpp
[1.007s] -- Up-to-date: /home/csrobot/flexbe_ws/install/compare_flexbe_utilities/include/compare_flexbe_utilities/compare_flexbe_utilities/srv/detail/move_to_pose__type_support.cpp
[1.007s] -- Up-to-date: /home/csrobot/flexbe_ws/install/compare_flexbe_utilities/include/compare_flexbe_utilities/compare_flexbe_utilities/srv/detail/move_to_named_pose__rosidl_typesupport_introspection_cpp.hpp
[1.007s] -- Up-to-date: /home/csrobot/flexbe_ws/install/compare_flexbe_utilities/include/compare_flexbe_utilities/compare_flexbe_utilities/srv/detail/get_point_cloud__rosidl_typesupport_introspection_cpp.hpp
[1.007s] -- Up-to-date: /home/csrobot/flexbe_ws/install/compare_flexbe_utilities/include/compare_flexbe_utilities/compare_flexbe_utilities/srv/detail/move_to_pose__rosidl_typesupport_introspection_cpp.hpp
[1.007s] -- Up-to-date: /home/csrobot/flexbe_ws/install/compare_flexbe_utilities/include/compare_flexbe_utilities/compare_flexbe_utilities/srv/detail/cartesian_move_to_pose__rosidl_typesupport_introspection_cpp.hpp
[1.007s] -- Up-to-date: /home/csrobot/flexbe_ws/install/compare_flexbe_utilities/include/compare_flexbe_utilities/compare_flexbe_utilities/srv/detail/get_point_cloud__type_support.cpp
[1.007s] -- Up-to-date: /home/csrobot/flexbe_ws/install/compare_flexbe_utilities/include/compare_flexbe_utilities/compare_flexbe_utilities/srv/detail/cartesian_move_to_pose__type_support.cpp
[1.007s] -- Up-to-date: /home/csrobot/flexbe_ws/install/compare_flexbe_utilities/include/compare_flexbe_utilities/compare_flexbe_utilities/srv/detail/euclidean_clustering__rosidl_typesupport_introspection_cpp.hpp
[1.007s] -- Up-to-date: /home/csrobot/flexbe_ws/install/compare_flexbe_utilities/include/compare_flexbe_utilities/compare_flexbe_utilities/srv/detail/voxel_grid_filter__rosidl_typesupport_introspection_cpp.hpp
[1.007s] -- Up-to-date: /home/csrobot/flexbe_ws/install/compare_flexbe_utilities/include/compare_flexbe_utilities/compare_flexbe_utilities/srv/detail/filter_by_indices__type_support.cpp
[1.007s] -- Up-to-date: /home/csrobot/flexbe_ws/install/compare_flexbe_utilities/lib/libcompare_flexbe_utilities__rosidl_typesupport_introspection_cpp.so
[1.007s] -- Up-to-date: /home/csrobot/flexbe_ws/install/compare_flexbe_utilities/lib/libcompare_flexbe_utilities__rosidl_typesupport_cpp.so
[1.007s] -- Up-to-date: /home/csrobot/flexbe_ws/install/compare_flexbe_utilities/share/compare_flexbe_utilities/environment/pythonpath.sh
[1.008s] -- Up-to-date: /home/csrobot/flexbe_ws/install/compare_flexbe_utilities/share/compare_flexbe_utilities/environment/pythonpath.dsv
[1.008s] -- Up-to-date: /home/csrobot/flexbe_ws/install/compare_flexbe_utilities/lib/python3.12/site-packages/compare_flexbe_utilities-0.0.0-py3.12.egg-info
[1.008s] -- Installing: /home/csrobot/flexbe_ws/install/compare_flexbe_utilities/lib/python3.12/site-packages/compare_flexbe_utilities-0.0.0-py3.12.egg-info/dependency_links.txt
[1.008s] -- Installing: /home/csrobot/flexbe_ws/install/compare_flexbe_utilities/lib/python3.12/site-packages/compare_flexbe_utilities-0.0.0-py3.12.egg-info/top_level.txt
[1.008s] -- Installing: /home/csrobot/flexbe_ws/install/compare_flexbe_utilities/lib/python3.12/site-packages/compare_flexbe_utilities-0.0.0-py3.12.egg-info/SOURCES.txt
[1.008s] -- Installing: /home/csrobot/flexbe_ws/install/compare_flexbe_utilities/lib/python3.12/site-packages/compare_flexbe_utilities-0.0.0-py3.12.egg-info/PKG-INFO
[1.008s] -- Up-to-date: /home/csrobot/flexbe_ws/install/compare_flexbe_utilities/lib/python3.12/site-packages/compare_flexbe_utilities
[1.008s] -- Up-to-date: /home/csrobot/flexbe_ws/install/compare_flexbe_utilities/lib/python3.12/site-packages/compare_flexbe_utilities/compare_flexbe_utilities_s__rosidl_typesupport_fastrtps_c.so
[1.008s] -- Up-to-date: /home/csrobot/flexbe_ws/install/compare_flexbe_utilities/lib/python3.12/site-packages/compare_flexbe_utilities/compare_flexbe_utilities_s__rosidl_typesupport_introspection_c.so
[1.008s] -- Up-to-date: /home/csrobot/flexbe_ws/install/compare_flexbe_utilities/lib/python3.12/site-packages/compare_flexbe_utilities/__init__.py
[1.008s] -- Up-to-date: /home/csrobot/flexbe_ws/install/compare_flexbe_utilities/lib/python3.12/site-packages/compare_flexbe_utilities/_compare_flexbe_utilities_s.ep.rosidl_typesupport_c.c
[1.008s] -- Up-to-date: /home/csrobot/flexbe_ws/install/compare_flexbe_utilities/lib/python3.12/site-packages/compare_flexbe_utilities/compare_flexbe_utilities_s__rosidl_typesupport_c.so
[1.008s] -- Up-to-date: /home/csrobot/flexbe_ws/install/compare_flexbe_utilities/lib/python3.12/site-packages/compare_flexbe_utilities/_compare_flexbe_utilities_s.ep.rosidl_typesupport_fastrtps_c.c
[1.008s] -- Up-to-date: /home/csrobot/flexbe_ws/install/compare_flexbe_utilities/lib/python3.12/site-packages/compare_flexbe_utilities/srv
[1.008s] -- Up-to-date: /home/csrobot/flexbe_ws/install/compare_flexbe_utilities/lib/python3.12/site-packages/compare_flexbe_utilities/srv/_filter_by_indices_s.c
[1.008s] -- Up-to-date: /home/csrobot/flexbe_ws/install/compare_flexbe_utilities/lib/python3.12/site-packages/compare_flexbe_utilities/srv/_filter_by_indices.py
[1.008s] -- Up-to-date: /home/csrobot/flexbe_ws/install/compare_flexbe_utilities/lib/python3.12/site-packages/compare_flexbe_utilities/srv/_plane_segmentation.py
[1.009s] -- Up-to-date: /home/csrobot/flexbe_ws/install/compare_flexbe_utilities/lib/python3.12/site-packages/compare_flexbe_utilities/srv/_voxel_grid_filter.py
[1.009s] -- Up-to-date: /home/csrobot/flexbe_ws/install/compare_flexbe_utilities/lib/python3.12/site-packages/compare_flexbe_utilities/srv/_move_to_named_pose_s.c
[1.009s] -- Up-to-date: /home/csrobot/flexbe_ws/install/compare_flexbe_utilities/lib/python3.12/site-packages/compare_flexbe_utilities/srv/_move_to_pose_s.c
[1.009s] -- Up-to-date: /home/csrobot/flexbe_ws/install/compare_flexbe_utilities/lib/python3.12/site-packages/compare_flexbe_utilities/srv/_get_point_cloud.py
[1.009s] -- Up-to-date: /home/csrobot/flexbe_ws/install/compare_flexbe_utilities/lib/python3.12/site-packages/compare_flexbe_utilities/srv/_cartesian_move_to_pose_s.c
[1.009s] -- Up-to-date: /home/csrobot/flexbe_ws/install/compare_flexbe_utilities/lib/python3.12/site-packages/compare_flexbe_utilities/srv/_move_to_named_pose.py
[1.009s] -- Up-to-date: /home/csrobot/flexbe_ws/install/compare_flexbe_utilities/lib/python3.12/site-packages/compare_flexbe_utilities/srv/_euclidean_clustering.py
[1.009s] -- Up-to-date: /home/csrobot/flexbe_ws/install/compare_flexbe_utilities/lib/python3.12/site-packages/compare_flexbe_utilities/srv/_get_point_cloud_s.c
[1.009s] -- Up-to-date: /home/csrobot/flexbe_ws/install/compare_flexbe_utilities/lib/python3.12/site-packages/compare_flexbe_utilities/srv/__init__.py
[1.009s] -- Up-to-date: /home/csrobot/flexbe_ws/install/compare_flexbe_utilities/lib/python3.12/site-packages/compare_flexbe_utilities/srv/_plane_segmentation_s.c
[1.009s] -- Up-to-date: /home/csrobot/flexbe_ws/install/compare_flexbe_utilities/lib/python3.12/site-packages/compare_flexbe_utilities/srv/_cartesian_move_to_pose.py
[1.009s] -- Up-to-date: /home/csrobot/flexbe_ws/install/compare_flexbe_utilities/lib/python3.12/site-packages/compare_flexbe_utilities/srv/_move_to_pose.py
[1.009s] -- Up-to-date: /home/csrobot/flexbe_ws/install/compare_flexbe_utilities/lib/python3.12/site-packages/compare_flexbe_utilities/srv/_euclidean_clustering_s.c
[1.009s] -- Up-to-date: /home/csrobot/flexbe_ws/install/compare_flexbe_utilities/lib/python3.12/site-packages/compare_flexbe_utilities/srv/_voxel_grid_filter_s.c
[1.009s] -- Up-to-date: /home/csrobot/flexbe_ws/install/compare_flexbe_utilities/lib/python3.12/site-packages/compare_flexbe_utilities/_compare_flexbe_utilities_s.ep.rosidl_typesupport_introspection_c.c
[1.035s] Listing '/home/csrobot/flexbe_ws/install/compare_flexbe_utilities/lib/python3.12/site-packages/compare_flexbe_utilities'...
[1.035s] Listing '/home/csrobot/flexbe_ws/install/compare_flexbe_utilities/lib/python3.12/site-packages/compare_flexbe_utilities/srv'...
[1.039s] -- Up-to-date: /home/csrobot/flexbe_ws/install/compare_flexbe_utilities/lib/python3.12/site-packages/compare_flexbe_utilities/compare_flexbe_utilities_s__rosidl_typesupport_fastrtps_c.so
[1.040s] -- Up-to-date: /home/csrobot/flexbe_ws/install/compare_flexbe_utilities/lib/python3.12/site-packages/compare_flexbe_utilities/compare_flexbe_utilities_s__rosidl_typesupport_introspection_c.so
[1.040s] -- Up-to-date: /home/csrobot/flexbe_ws/install/compare_flexbe_utilities/lib/python3.12/site-packages/compare_flexbe_utilities/compare_flexbe_utilities_s__rosidl_typesupport_c.so
[1.040s] -- Up-to-date: /home/csrobot/flexbe_ws/install/compare_flexbe_utilities/lib/libcompare_flexbe_utilities__rosidl_generator_py.so
[1.040s] -- Up-to-date: /home/csrobot/flexbe_ws/install/compare_flexbe_utilities/share/compare_flexbe_utilities/srv/CartesianMoveToPose.idl
[1.040s] -- Up-to-date: /home/csrobot/flexbe_ws/install/compare_flexbe_utilities/share/compare_flexbe_utilities/srv/MoveToNamedPose.idl
[1.040s] -- Up-to-date: /home/csrobot/flexbe_ws/install/compare_flexbe_utilities/share/compare_flexbe_utilities/srv/MoveToPose.idl
[1.040s] -- Up-to-date: /home/csrobot/flexbe_ws/install/compare_flexbe_utilities/share/compare_flexbe_utilities/srv/VoxelGridFilter.idl
[1.041s] -- Up-to-date: /home/csrobot/flexbe_ws/install/compare_flexbe_utilities/share/compare_flexbe_utilities/srv/PlaneSegmentation.idl
[1.041s] -- Up-to-date: /home/csrobot/flexbe_ws/install/compare_flexbe_utilities/share/compare_flexbe_utilities/srv/EuclideanClustering.idl
[1.041s] -- Up-to-date: /home/csrobot/flexbe_ws/install/compare_flexbe_utilities/share/compare_flexbe_utilities/srv/GetPointCloud.idl
[1.041s] -- Up-to-date: /home/csrobot/flexbe_ws/install/compare_flexbe_utilities/share/compare_flexbe_utilities/srv/FilterByIndices.idl
[1.041s] -- Up-to-date: /home/csrobot/flexbe_ws/install/compare_flexbe_utilities/share/compare_flexbe_utilities/srv/CartesianMoveToPose.srv
[1.041s] -- Up-to-date: /home/csrobot/flexbe_ws/install/compare_flexbe_utilities/share/compare_flexbe_utilities/srv/MoveToNamedPose.srv
[1.041s] -- Up-to-date: /home/csrobot/flexbe_ws/install/compare_flexbe_utilities/share/compare_flexbe_utilities/srv/MoveToPose.srv
[1.041s] -- Up-to-date: /home/csrobot/flexbe_ws/install/compare_flexbe_utilities/share/compare_flexbe_utilities/srv/VoxelGridFilter.srv
[1.041s] -- Up-to-date: /home/csrobot/flexbe_ws/install/compare_flexbe_utilities/share/compare_flexbe_utilities/srv/PlaneSegmentation.srv
[1.041s] -- Up-to-date: /home/csrobot/flexbe_ws/install/compare_flexbe_utilities/share/compare_flexbe_utilities/srv/EuclideanClustering.srv
[1.041s] -- Up-to-date: /home/csrobot/flexbe_ws/install/compare_flexbe_utilities/share/compare_flexbe_utilities/srv/GetPointCloud.srv
[1.041s] -- Up-to-date: /home/csrobot/flexbe_ws/install/compare_flexbe_utilities/share/compare_flexbe_utilities/srv/FilterByIndices.srv
[1.041s] -- Up-to-date: /home/csrobot/flexbe_ws/install/compare_flexbe_utilities/lib/compare_flexbe_utilities/cartesian_move_to_pose_service
[1.041s] -- Up-to-date: /home/csrobot/flexbe_ws/install/compare_flexbe_utilities/lib/compare_flexbe_utilities/move_to_named_pose_service
[1.041s] -- Up-to-date: /home/csrobot/flexbe_ws/install/compare_flexbe_utilities/lib/compare_flexbe_utilities/move_to_pose_service
[1.042s] -- Up-to-date: /home/csrobot/flexbe_ws/install/compare_flexbe_utilities/lib/compare_flexbe_utilities/voxel_grid_filter_service
[1.042s] -- Up-to-date: /home/csrobot/flexbe_ws/install/compare_flexbe_utilities/lib/compare_flexbe_utilities/plane_segmentation_service
[1.042s] -- Up-to-date: /home/csrobot/flexbe_ws/install/compare_flexbe_utilities/lib/compare_flexbe_utilities/euclidean_clustering_service
[1.042s] -- Up-to-date: /home/csrobot/flexbe_ws/install/compare_flexbe_utilities/lib/compare_flexbe_utilities/get_point_cloud_service
[1.042s] -- Up-to-date: /home/csrobot/flexbe_ws/install/compare_flexbe_utilities/lib/compare_flexbe_utilities/filter_by_indices_service
[1.043s] -- Up-to-date: /home/csrobot/flexbe_ws/install/compare_flexbe_utilities/lib/compare_flexbe_utilities/reach_to_grasp_service
[1.043s] -- Up-to-date: /home/csrobot/flexbe_ws/install/compare_flexbe_utilities/share/ament_index/resource_index/package_run_dependencies/compare_flexbe_utilities
[1.043s] -- Up-to-date: /home/csrobot/flexbe_ws/install/compare_flexbe_utilities/share/ament_index/resource_index/parent_prefix_path/compare_flexbe_utilities
[1.043s] -- Up-to-date: /home/csrobot/flexbe_ws/install/compare_flexbe_utilities/share/compare_flexbe_utilities/environment/ament_prefix_path.sh
[1.043s] -- Up-to-date: /home/csrobot/flexbe_ws/install/compare_flexbe_utilities/share/compare_flexbe_utilities/environment/ament_prefix_path.dsv
[1.043s] -- Up-to-date: /home/csrobot/flexbe_ws/install/compare_flexbe_utilities/share/compare_flexbe_utilities/environment/path.sh
[1.043s] -- Up-to-date: /home/csrobot/flexbe_ws/install/compare_flexbe_utilities/share/compare_flexbe_utilities/environment/path.dsv
[1.043s] -- Up-to-date: /home/csrobot/flexbe_ws/install/compare_flexbe_utilities/share/compare_flexbe_utilities/local_setup.bash
[1.043s] -- Up-to-date: /home/csrobot/flexbe_ws/install/compare_flexbe_utilities/share/compare_flexbe_utilities/local_setup.sh
[1.043s] -- Up-to-date: /home/csrobot/flexbe_ws/install/compare_flexbe_utilities/share/compare_flexbe_utilities/local_setup.zsh
[1.043s] -- Up-to-date: /home/csrobot/flexbe_ws/install/compare_flexbe_utilities/share/compare_flexbe_utilities/local_setup.dsv
[1.043s] -- Installing: /home/csrobot/flexbe_ws/install/compare_flexbe_utilities/share/compare_flexbe_utilities/package.dsv
[1.044s] -- Up-to-date: /home/csrobot/flexbe_ws/install/compare_flexbe_utilities/share/ament_index/resource_index/packages/compare_flexbe_utilities
[1.044s] -- Up-to-date: /home/csrobot/flexbe_ws/install/compare_flexbe_utilities/share/compare_flexbe_utilities/cmake/export_compare_flexbe_utilities__rosidl_generator_cExport.cmake
[1.044s] -- Up-to-date: /home/csrobot/flexbe_ws/install/compare_flexbe_utilities/share/compare_flexbe_utilities/cmake/export_compare_flexbe_utilities__rosidl_generator_cExport-noconfig.cmake
[1.044s] -- Up-to-date: /home/csrobot/flexbe_ws/install/compare_flexbe_utilities/share/compare_flexbe_utilities/cmake/export_compare_flexbe_utilities__rosidl_typesupport_fastrtps_cExport.cmake
[1.044s] -- Up-to-date: /home/csrobot/flexbe_ws/install/compare_flexbe_utilities/share/compare_flexbe_utilities/cmake/export_compare_flexbe_utilities__rosidl_typesupport_fastrtps_cExport-noconfig.cmake
[1.044s] -- Up-to-date: /home/csrobot/flexbe_ws/install/compare_flexbe_utilities/share/compare_flexbe_utilities/cmake/export_compare_flexbe_utilities__rosidl_generator_cppExport.cmake
[1.044s] -- Up-to-date: /home/csrobot/flexbe_ws/install/compare_flexbe_utilities/share/compare_flexbe_utilities/cmake/export_compare_flexbe_utilities__rosidl_typesupport_fastrtps_cppExport.cmake
[1.044s] -- Up-to-date: /home/csrobot/flexbe_ws/install/compare_flexbe_utilities/share/compare_flexbe_utilities/cmake/export_compare_flexbe_utilities__rosidl_typesupport_fastrtps_cppExport-noconfig.cmake
[1.044s] -- Up-to-date: /home/csrobot/flexbe_ws/install/compare_flexbe_utilities/share/compare_flexbe_utilities/cmake/compare_flexbe_utilities__rosidl_typesupport_introspection_cExport.cmake
[1.044s] -- Up-to-date: /home/csrobot/flexbe_ws/install/compare_flexbe_utilities/share/compare_flexbe_utilities/cmake/compare_flexbe_utilities__rosidl_typesupport_introspection_cExport-noconfig.cmake
[1.044s] -- Up-to-date: /home/csrobot/flexbe_ws/install/compare_flexbe_utilities/share/compare_flexbe_utilities/cmake/compare_flexbe_utilities__rosidl_typesupport_cExport.cmake
[1.044s] -- Up-to-date: /home/csrobot/flexbe_ws/install/compare_flexbe_utilities/share/compare_flexbe_utilities/cmake/compare_flexbe_utilities__rosidl_typesupport_cExport-noconfig.cmake
[1.044s] -- Up-to-date: /home/csrobot/flexbe_ws/install/compare_flexbe_utilities/share/compare_flexbe_utilities/cmake/compare_flexbe_utilities__rosidl_typesupport_introspection_cppExport.cmake
[1.044s] -- Up-to-date: /home/csrobot/flexbe_ws/install/compare_flexbe_utilities/share/compare_flexbe_utilities/cmake/compare_flexbe_utilities__rosidl_typesupport_introspection_cppExport-noconfig.cmake
[1.044s] -- Up-to-date: /home/csrobot/flexbe_ws/install/compare_flexbe_utilities/share/compare_flexbe_utilities/cmake/compare_flexbe_utilities__rosidl_typesupport_cppExport.cmake
[1.045s] -- Up-to-date: /home/csrobot/flexbe_ws/install/compare_flexbe_utilities/share/compare_flexbe_utilities/cmake/compare_flexbe_utilities__rosidl_typesupport_cppExport-noconfig.cmake
[1.045s] -- Up-to-date: /home/csrobot/flexbe_ws/install/compare_flexbe_utilities/share/compare_flexbe_utilities/cmake/export_compare_flexbe_utilities__rosidl_generator_pyExport.cmake
[1.045s] -- Up-to-date: /home/csrobot/flexbe_ws/install/compare_flexbe_utilities/share/compare_flexbe_utilities/cmake/export_compare_flexbe_utilities__rosidl_generator_pyExport-noconfig.cmake
[1.045s] -- Up-to-date: /home/csrobot/flexbe_ws/install/compare_flexbe_utilities/share/compare_flexbe_utilities/cmake/rosidl_cmake-extras.cmake
[1.045s] -- Up-to-date: /home/csrobot/flexbe_ws/install/compare_flexbe_utilities/share/compare_flexbe_utilities/cmake/ament_cmake_export_dependencies-extras.cmake
[1.045s] -- Up-to-date: /home/csrobot/flexbe_ws/install/compare_flexbe_utilities/share/compare_flexbe_utilities/cmake/ament_cmake_export_include_directories-extras.cmake
[1.045s] -- Up-to-date: /home/csrobot/flexbe_ws/install/compare_flexbe_utilities/share/compare_flexbe_utilities/cmake/ament_cmake_export_libraries-extras.cmake
[1.045s] -- Up-to-date: /home/csrobot/flexbe_ws/install/compare_flexbe_utilities/share/compare_flexbe_utilities/cmake/ament_cmake_export_targets-extras.cmake
[1.045s] -- Up-to-date: /home/csrobot/flexbe_ws/install/compare_flexbe_utilities/share/compare_flexbe_utilities/cmake/rosidl_cmake_export_typesupport_targets-extras.cmake
[1.045s] -- Up-to-date: /home/csrobot/flexbe_ws/install/compare_flexbe_utilities/share/compare_flexbe_utilities/cmake/rosidl_cmake_export_typesupport_libraries-extras.cmake
[1.045s] -- Up-to-date: /home/csrobot/flexbe_ws/install/compare_flexbe_utilities/share/compare_flexbe_utilities/cmake/compare_flexbe_utilitiesConfig.cmake
[1.045s] -- Up-to-date: /home/csrobot/flexbe_ws/install/compare_flexbe_utilities/share/compare_flexbe_utilities/cmake/compare_flexbe_utilitiesConfig-version.cmake
[1.045s] -- Up-to-date: /home/csrobot/flexbe_ws/install/compare_flexbe_utilities/share/compare_flexbe_utilities/package.xml
[1.047s] Invoked command in '/home/csrobot/flexbe_ws/build/compare_flexbe_utilities' returned '0': CMAKE_PREFIX_PATH=/home/csrobot/flexbe_ws/install/gpd_ros:/home/csrobot/flexbe_ws/install/panda_moveit_config:/home/csrobot/flexbe_ws/install/panda_gazebo:/home/csrobot/flexbe_ws/install/panda_description:/home/csrobot/flexbe_ws/install/compare_flexbe_utilities:/home/csrobot/flexbe_ws/install/flexbe_behavior_engine:/home/csrobot/flexbe_ws/install/flexbe_widget:/home/csrobot/flexbe_ws/install/flexbe_testing:/home/csrobot/flexbe_ws/install/compare_flexbe:/home/csrobot/flexbe_ws/install/compare_flexbe_behaviors:/home/csrobot/flexbe_ws/install/flexbe_msgs:/home/csrobot/flexbe_ws/install/armada_gazebo:/home/csrobot/flexbe_ws/install/armada_description:/home/csrobot/flexbe_ws/install/armada_bringup:/home/csrobot/graspnet_ws/install/unseen_obj_clst_ros2:/home/csrobot/graspnet_ws/install/graspsam_ros2:/home/csrobot/graspnet_ws/install/contact_graspnet_ros2:/opt/ros/jazzy/opt/gz_sim_vendor:/opt/ros/jazzy/opt/gz_sensors_vendor:/opt/ros/jazzy/opt/gz_physics_vendor:/opt/ros/jazzy/opt/sdformat_vendor:/opt/ros/jazzy/opt/gz_gui_vendor:/opt/ros/jazzy/opt/gz_transport_vendor:/opt/ros/jazzy/opt/gz_rendering_vendor:/opt/ros/jazzy/opt/gz_plugin_vendor:/opt/ros/jazzy/opt/gz_fuel_tools_vendor:/opt/ros/jazzy/opt/gz_msgs_vendor:/opt/ros/jazzy/opt/gz_common_vendor:/opt/ros/jazzy/opt/gz_math_vendor:/opt/ros/jazzy/opt/gz_utils_vendor:/opt/ros/jazzy/opt/gz_tools_vendor:/opt/ros/jazzy/opt/gz_ogre_next_vendor:/opt/ros/jazzy/opt/gz_dartsim_vendor:/opt/ros/jazzy/opt/gz_cmake_vendor:/home/csrobot/flexbe_ws/install/flexbe_webui:/home/csrobot/flexbe_ws/install/flexbe_onboard:/home/csrobot/flexbe_ws/install/flexbe_states:/home/csrobot/flexbe_ws/install/flexbe_mirror:/home/csrobot/flexbe_ws/install/flexbe_input:/home/csrobot/flexbe_ws/install/example_flexbe_states:/home/csrobot/flexbe_ws/install/compare_flexbe_states:/home/csrobot/flexbe_ws/install/flexbe_core:/opt/ros/jazzy DEBUGINFOD_URLS=https://debuginfod.ubuntu.com LD_LIBRARY_PATH=/home/csrobot/flexbe_ws/install/gpd_ros/lib:/home/csrobot/flexbe_ws/install/compare_flexbe_utilities/lib:/home/csrobot/flexbe_ws/install/gpd/lib:/home/csrobot/flexbe_ws/install/flexbe_msgs/lib:/home/csrobot/graspnet_ws/install/unseen_obj_clst_ros2/lib:/home/csrobot/graspnet_ws/install/graspsam_ros2/lib:/home/csrobot/graspnet_ws/install/contact_graspnet_ros2/lib:/opt/ros/jazzy/opt/gz_sim_vendor/lib:/opt/ros/jazzy/opt/gz_sensors_vendor/lib:/opt/ros/jazzy/opt/gz_physics_vendor/lib:/opt/ros/jazzy/opt/sdformat_vendor/lib:/opt/ros/jazzy/opt/rviz_ogre_vendor/lib:/opt/ros/jazzy/lib/x86_64-linux-gnu:/opt/ros/jazzy/opt/gz_gui_vendor/lib:/opt/ros/jazzy/opt/gz_transport_vendor/lib:/opt/ros/jazzy/opt/gz_rendering_vendor/lib:/opt/ros/jazzy/opt/gz_plugin_vendor/lib:/opt/ros/jazzy/opt/gz_fuel_tools_vendor/lib:/opt/ros/jazzy/opt/gz_msgs_vendor/lib:/opt/ros/jazzy/opt/gz_common_vendor/lib:/opt/ros/jazzy/opt/gz_math_vendor/lib:/opt/ros/jazzy/opt/gz_utils_vendor/lib:/opt/ros/jazzy/opt/gz_tools_vendor/lib:/opt/ros/jazzy/opt/gz_ogre_next_vendor/lib:/opt/ros/jazzy/opt/gz_dartsim_vendor/lib:/opt/ros/jazzy/opt/gz_cmake_vendor/lib:/opt/ros/jazzy/lib:/usr/local/cuda/lib64:/usr/local/cuda/lib64 PYTHONPATH=/home/csrobot/flexbe_ws/install/gpd_ros/lib/python3.12/site-packages:/home/csrobot/flexbe_ws/install/compare_flexbe_utilities/lib/python3.12/site-packages:/home/csrobot/flexbe_ws/install/flexbe_widget/lib/python3.12/site-packages:/home/csrobot/flexbe_ws/install/flexbe_webui/lib/python3.12/site-packages:/home/csrobot/flexbe_ws/install/flexbe_onboard/lib/python3.12/site-packages:/home/csrobot/flexbe_ws/install/flexbe_states/lib/python3.12/site-packages:/home/csrobot/flexbe_ws/install/flexbe_testing/lib/python3.12/site-packages:/home/csrobot/flexbe_ws/install/flexbe_mirror/lib/python3.12/site-packages:/home/csrobot/flexbe_ws/install/flexbe_input/lib/python3.12/site-packages:/home/csrobot/flexbe_ws/install/example_flexbe_states/lib/python3.12/site-packages:/home/csrobot/flexbe_ws/install/compare_flexbe_states/lib/python3.12/site-packages:/home/csrobot/flexbe_ws/install/compare_flexbe_behaviors/lib/python3.12/site-packages:/home/csrobot/flexbe_ws/install/flexbe_core/lib/python3.12/site-packages:/home/csrobot/flexbe_ws/install/flexbe_msgs/lib/python3.12/site-packages:/home/csrobot/graspnet_ws/install/unseen_obj_clst_ros2/lib/python3.12/site-packages:/home/csrobot/graspnet_ws/install/graspsam_ros2/lib/python3.12/site-packages:/home/csrobot/graspnet_ws/install/contact_graspnet_ros2/lib/python3.12/site-packages:/opt/ros/jazzy/lib/python3.12/site-packages /usr/bin/cmake --install /home/csrobot/flexbe_ws/build/compare_flexbe_utilities
