Built target ament_cmake_python_copy_flexbe_widget_setup
Built target ament_cmake_python_copy_flexbe_widget
running egg_info
writing flexbe_widget.egg-info/PKG-INFO
writing dependency_links to flexbe_widget.egg-info/dependency_links.txt
writing top-level names to flexbe_widget.egg-info/top_level.txt
reading manifest file 'flexbe_widget.egg-info/SOURCES.txt'
writing manifest file 'flexbe_widget.egg-info/SOURCES.txt'
Built target ament_cmake_python_build_flexbe_widget_egg
-- Install configuration: ""
-- Up-to-date: /home/csrobot/flexbe_ws/install/flexbe_widget/lib/flexbe_widget/be_action_server
-- Up-to-date: /home/csrobot/flexbe_ws/install/flexbe_widget/lib/flexbe_widget/be_compress
-- Up-to-date: /home/csrobot/flexbe_ws/install/flexbe_widget/lib/flexbe_widget/be_launcher
-- Up-to-date: /home/csrobot/flexbe_ws/install/flexbe_widget/lib/flexbe_widget/breakpoint
-- Up-to-date: /home/csrobot/flexbe_ws/install/flexbe_widget/lib/flexbe_widget/create_repo
-- Up-to-date: /home/csrobot/flexbe_ws/install/flexbe_widget/lib/flexbe_widget/evaluate_logs
-- Up-to-date: /home/csrobot/flexbe_ws/install/flexbe_widget/lib/flexbe_widget/flexbe_status_listener
-- Up-to-date: /home/csrobot/flexbe_ws/install/flexbe_widget/share/flexbe_widget/launch
-- Up-to-date: /home/csrobot/flexbe_ws/install/flexbe_widget/share/flexbe_widget/launch/flexbe_action_server.launch.py
-- Up-to-date: /home/csrobot/flexbe_ws/install/flexbe_widget/share/flexbe_widget/environment/pythonpath.sh
-- Up-to-date: /home/csrobot/flexbe_ws/install/flexbe_widget/share/flexbe_widget/environment/pythonpath.dsv
-- Up-to-date: /home/csrobot/flexbe_ws/install/flexbe_widget/lib/python3.12/site-packages/flexbe_widget-4.0.1-py3.12.egg-info
-- Installing: /home/csrobot/flexbe_ws/install/flexbe_widget/lib/python3.12/site-packages/flexbe_widget-4.0.1-py3.12.egg-info/dependency_links.txt
-- Installing: /home/csrobot/flexbe_ws/install/flexbe_widget/lib/python3.12/site-packages/flexbe_widget-4.0.1-py3.12.egg-info/top_level.txt
-- Installing: /home/csrobot/flexbe_ws/install/flexbe_widget/lib/python3.12/site-packages/flexbe_widget-4.0.1-py3.12.egg-info/SOURCES.txt
-- Installing: /home/csrobot/flexbe_ws/install/flexbe_widget/lib/python3.12/site-packages/flexbe_widget-4.0.1-py3.12.egg-info/PKG-INFO
-- Up-to-date: /home/csrobot/flexbe_ws/install/flexbe_widget/lib/python3.12/site-packages/flexbe_widget
-- Up-to-date: /home/csrobot/flexbe_ws/install/flexbe_widget/lib/python3.12/site-packages/flexbe_widget/behavior_launcher.py
-- Up-to-date: /home/csrobot/flexbe_ws/install/flexbe_widget/lib/python3.12/site-packages/flexbe_widget/behavior_action_server.py
-- Up-to-date: /home/csrobot/flexbe_ws/install/flexbe_widget/lib/python3.12/site-packages/flexbe_widget/__init__.py
-- Up-to-date: /home/csrobot/flexbe_ws/install/flexbe_widget/lib/python3.12/site-packages/flexbe_widget/.gitignore
-- Up-to-date: /home/csrobot/flexbe_ws/install/flexbe_widget/lib/python3.12/site-packages/flexbe_widget/flexbe_status_listener.py
Listing '/home/csrobot/flexbe_ws/install/flexbe_widget/lib/python3.12/site-packages/flexbe_widget'...
-- Up-to-date: /home/csrobot/flexbe_ws/install/flexbe_widget/share/ament_index/resource_index/package_run_dependencies/flexbe_widget
-- Up-to-date: /home/csrobot/flexbe_ws/install/flexbe_widget/share/ament_index/resource_index/parent_prefix_path/flexbe_widget
-- Up-to-date: /home/csrobot/flexbe_ws/install/flexbe_widget/share/flexbe_widget/environment/ament_prefix_path.sh
-- Up-to-date: /home/csrobot/flexbe_ws/install/flexbe_widget/share/flexbe_widget/environment/ament_prefix_path.dsv
-- Up-to-date: /home/csrobot/flexbe_ws/install/flexbe_widget/share/flexbe_widget/environment/path.sh
-- Up-to-date: /home/csrobot/flexbe_ws/install/flexbe_widget/share/flexbe_widget/environment/path.dsv
-- Up-to-date: /home/csrobot/flexbe_ws/install/flexbe_widget/share/flexbe_widget/local_setup.bash
-- Up-to-date: /home/csrobot/flexbe_ws/install/flexbe_widget/share/flexbe_widget/local_setup.sh
-- Up-to-date: /home/csrobot/flexbe_ws/install/flexbe_widget/share/flexbe_widget/local_setup.zsh
-- Up-to-date: /home/csrobot/flexbe_ws/install/flexbe_widget/share/flexbe_widget/local_setup.dsv
-- Up-to-date: /home/csrobot/flexbe_ws/install/flexbe_widget/share/flexbe_widget/package.dsv
-- Up-to-date: /home/csrobot/flexbe_ws/install/flexbe_widget/share/ament_index/resource_index/packages/flexbe_widget
-- Up-to-date: /home/csrobot/flexbe_ws/install/flexbe_widget/share/flexbe_widget/cmake/flexbe_widgetConfig.cmake
-- Up-to-date: /home/csrobot/flexbe_ws/install/flexbe_widget/share/flexbe_widget/cmake/flexbe_widgetConfig-version.cmake
-- Up-to-date: /home/csrobot/flexbe_ws/install/flexbe_widget/share/flexbe_widget/package.xml
