[1.244s] Invoking command in '/home/csrobot/flexbe_ws/src/flexbe_behavior_engine/flexbe_states': AMENT_PREFIX_PATH=/home/csrobot/flexbe_ws/install/flexbe_core:/home/csrobot/flexbe_ws/install/compare_flexbe_utilities:/home/csrobot/flexbe_ws/install/panda_moveit_config:/home/csrobot/flexbe_ws/install/panda_gazebo:/home/csrobot/flexbe_ws/install/panda_description:/home/csrobot/flexbe_ws/install/gpd_ros:/home/csrobot/flexbe_ws/install/flexbe_behavior_engine:/home/csrobot/flexbe_ws/install/flexbe_widget:/home/csrobot/flexbe_ws/install/flexbe_webui:/home/csrobot/flexbe_ws/install/flexbe_onboard:/home/csrobot/flexbe_ws/install/flexbe_states:/home/csrobot/flexbe_ws/install/flexbe_testing:/home/csrobot/flexbe_ws/install/flexbe_mirror:/home/csrobot/flexbe_ws/install/flexbe_input:/home/csrobot/flexbe_ws/install/example_flexbe_states:/home/csrobot/flexbe_ws/install/compare_flexbe:/home/csrobot/flexbe_ws/install/compare_flexbe_states:/home/csrobot/flexbe_ws/install/compare_flexbe_behaviors:/home/csrobot/flexbe_ws/install/flexbe_msgs:/home/csrobot/flexbe_ws/install/armada_gazebo:/home/csrobot/flexbe_ws/install/armada_description:/home/csrobot/flexbe_ws/install/armada_bringup:/home/csrobot/graspnet_ws/install/unseen_obj_clst_ros2:/home/csrobot/graspnet_ws/install/graspsam_ros2:/home/csrobot/graspnet_ws/install/contact_graspnet_ros2:/opt/ros/jazzy CMAKE_PREFIX_PATH=/home/csrobot/flexbe_ws/install/flexbe_testing:/home/csrobot/flexbe_ws/install/flexbe_msgs:/home/csrobot/flexbe_ws/install/compare_flexbe_utilities:/home/csrobot/flexbe_ws/install/panda_moveit_config:/home/csrobot/flexbe_ws/install/panda_gazebo:/home/csrobot/flexbe_ws/install/panda_description:/home/csrobot/flexbe_ws/install/gpd_ros:/home/csrobot/flexbe_ws/install/flexbe_behavior_engine:/home/csrobot/flexbe_ws/install/flexbe_widget:/home/csrobot/flexbe_ws/install/compare_flexbe:/home/csrobot/flexbe_ws/install/compare_flexbe_behaviors:/home/csrobot/flexbe_ws/install/armada_gazebo:/home/csrobot/flexbe_ws/install/armada_description:/home/csrobot/flexbe_ws/install/armada_bringup:/home/csrobot/graspnet_ws/install/unseen_obj_clst_ros2:/home/csrobot/graspnet_ws/install/graspsam_ros2:/home/csrobot/graspnet_ws/install/contact_graspnet_ros2:/opt/ros/jazzy/opt/gz_sim_vendor:/opt/ros/jazzy/opt/gz_sensors_vendor:/opt/ros/jazzy/opt/gz_physics_vendor:/opt/ros/jazzy/opt/sdformat_vendor:/opt/ros/jazzy/opt/gz_gui_vendor:/opt/ros/jazzy/opt/gz_transport_vendor:/opt/ros/jazzy/opt/gz_rendering_vendor:/opt/ros/jazzy/opt/gz_plugin_vendor:/opt/ros/jazzy/opt/gz_fuel_tools_vendor:/opt/ros/jazzy/opt/gz_msgs_vendor:/opt/ros/jazzy/opt/gz_common_vendor:/opt/ros/jazzy/opt/gz_math_vendor:/opt/ros/jazzy/opt/gz_utils_vendor:/opt/ros/jazzy/opt/gz_tools_vendor:/opt/ros/jazzy/opt/gz_ogre_next_vendor:/opt/ros/jazzy/opt/gz_dartsim_vendor:/opt/ros/jazzy/opt/gz_cmake_vendor DEBUGINFOD_URLS=https://debuginfod.ubuntu.com LD_LIBRARY_PATH=/home/csrobot/flexbe_ws/install/flexbe_msgs/lib:/home/csrobot/flexbe_ws/install/compare_flexbe_utilities/lib:/home/csrobot/flexbe_ws/install/gpd/lib:/home/csrobot/flexbe_ws/install/gpd_ros/lib:/home/csrobot/graspnet_ws/install/unseen_obj_clst_ros2/lib:/home/csrobot/graspnet_ws/install/graspsam_ros2/lib:/home/csrobot/graspnet_ws/install/contact_graspnet_ros2/lib:/opt/ros/jazzy/opt/gz_sim_vendor/lib:/opt/ros/jazzy/opt/gz_sensors_vendor/lib:/opt/ros/jazzy/opt/gz_physics_vendor/lib:/opt/ros/jazzy/opt/sdformat_vendor/lib:/opt/ros/jazzy/opt/rviz_ogre_vendor/lib:/opt/ros/jazzy/lib/x86_64-linux-gnu:/opt/ros/jazzy/opt/gz_gui_vendor/lib:/opt/ros/jazzy/opt/gz_transport_vendor/lib:/opt/ros/jazzy/opt/gz_rendering_vendor/lib:/opt/ros/jazzy/opt/gz_plugin_vendor/lib:/opt/ros/jazzy/opt/gz_fuel_tools_vendor/lib:/opt/ros/jazzy/opt/gz_msgs_vendor/lib:/opt/ros/jazzy/opt/gz_common_vendor/lib:/opt/ros/jazzy/opt/gz_math_vendor/lib:/opt/ros/jazzy/opt/gz_utils_vendor/lib:/opt/ros/jazzy/opt/gz_tools_vendor/lib:/opt/ros/jazzy/opt/gz_ogre_next_vendor/lib:/opt/ros/jazzy/opt/gz_dartsim_vendor/lib:/opt/ros/jazzy/opt/gz_cmake_vendor/lib:/opt/ros/jazzy/lib:/usr/local/cuda/lib64:/usr/local/cuda/lib64 PYTHONPATH=/home/csrobot/flexbe_ws/build/flexbe_states/prefix_override:/usr/lib/python3/dist-packages/colcon_core/task/python/colcon_distutils_commands:/home/csrobot/flexbe_ws/install/flexbe_states/lib/python3.12/site-packages:/home/csrobot/flexbe_ws/install/flexbe_testing/lib/python3.12/site-packages:/home/csrobot/flexbe_ws/install/flexbe_core/lib/python3.12/site-packages:/home/csrobot/flexbe_ws/install/flexbe_msgs/lib/python3.12/site-packages:/home/csrobot/flexbe_ws/install/compare_flexbe_utilities/lib/python3.12/site-packages:/home/csrobot/flexbe_ws/install/gpd_ros/lib/python3.12/site-packages:/home/csrobot/flexbe_ws/install/flexbe_widget/lib/python3.12/site-packages:/home/csrobot/flexbe_ws/install/flexbe_webui/lib/python3.12/site-packages:/home/csrobot/flexbe_ws/install/flexbe_onboard/lib/python3.12/site-packages:/home/csrobot/flexbe_ws/install/flexbe_states/lib/python3.12/site-packages:/home/csrobot/flexbe_ws/install/flexbe_mirror/lib/python3.12/site-packages:/home/csrobot/flexbe_ws/install/flexbe_input/lib/python3.12/site-packages:/home/csrobot/flexbe_ws/install/example_flexbe_states/lib/python3.12/site-packages:/home/csrobot/flexbe_ws/install/compare_flexbe_states/lib/python3.12/site-packages:/home/csrobot/flexbe_ws/install/compare_flexbe_behaviors/lib/python3.12/site-packages:/home/csrobot/graspnet_ws/install/unseen_obj_clst_ros2/lib/python3.12/site-packages:/home/csrobot/graspnet_ws/install/graspsam_ros2/lib/python3.12/site-packages:/home/csrobot/graspnet_ws/install/contact_graspnet_ros2/lib/python3.12/site-packages:/opt/ros/jazzy/lib/python3.12/site-packages /usr/bin/python3 -W ignore:setup.py install is deprecated -W ignore:easy_install command is deprecated setup.py egg_info --egg-base ../../../build/flexbe_states build --build-base /home/csrobot/flexbe_ws/build/flexbe_states/build install --record /home/csrobot/flexbe_ws/build/flexbe_states/install.log --single-version-externally-managed install_data
[1.599s] running egg_info
[1.599s] creating ../../../build/flexbe_states/flexbe_states.egg-info
[1.628s] writing ../../../build/flexbe_states/flexbe_states.egg-info/PKG-INFO
[1.628s] writing dependency_links to ../../../build/flexbe_states/flexbe_states.egg-info/dependency_links.txt
[1.628s] writing requirements to ../../../build/flexbe_states/flexbe_states.egg-info/requires.txt
[1.628s] writing top-level names to ../../../build/flexbe_states/flexbe_states.egg-info/top_level.txt
[1.629s] writing manifest file '../../../build/flexbe_states/flexbe_states.egg-info/SOURCES.txt'
[1.686s] reading manifest file '../../../build/flexbe_states/flexbe_states.egg-info/SOURCES.txt'
[1.687s] writing manifest file '../../../build/flexbe_states/flexbe_states.egg-info/SOURCES.txt'
[1.687s] running build
[1.687s] running build_py
[1.688s] creating /home/csrobot/flexbe_ws/build/flexbe_states/build
[1.688s] creating /home/csrobot/flexbe_ws/build/flexbe_states/build/lib
[1.688s] creating /home/csrobot/flexbe_ws/build/flexbe_states/build/lib/flexbe_states
[1.688s] copying flexbe_states/publisher_string_state.py -> /home/csrobot/flexbe_ws/build/flexbe_states/build/lib/flexbe_states
[1.688s] copying flexbe_states/publisher_empty_state.py -> /home/csrobot/flexbe_ws/build/flexbe_states/build/lib/flexbe_states
[1.688s] copying flexbe_states/publisher_bool_state.py -> /home/csrobot/flexbe_ws/build/flexbe_states/build/lib/flexbe_states
[1.688s] copying flexbe_states/user_data_state.py -> /home/csrobot/flexbe_ws/build/flexbe_states/build/lib/flexbe_states
[1.688s] copying flexbe_states/flexible_check_condition_state.py -> /home/csrobot/flexbe_ws/build/flexbe_states/build/lib/flexbe_states
[1.689s] copying flexbe_states/selection_state.py -> /home/csrobot/flexbe_ws/build/flexbe_states/build/lib/flexbe_states
[1.689s] copying flexbe_states/subscriber_state.py -> /home/csrobot/flexbe_ws/build/flexbe_states/build/lib/flexbe_states
[1.689s] copying flexbe_states/flexible_calculation_state.py -> /home/csrobot/flexbe_ws/build/flexbe_states/build/lib/flexbe_states
[1.689s] copying flexbe_states/__init__.py -> /home/csrobot/flexbe_ws/build/flexbe_states/build/lib/flexbe_states
[1.689s] copying flexbe_states/calculation_state.py -> /home/csrobot/flexbe_ws/build/flexbe_states/build/lib/flexbe_states
[1.689s] copying flexbe_states/log_state.py -> /home/csrobot/flexbe_ws/build/flexbe_states/build/lib/flexbe_states
[1.689s] copying flexbe_states/wait_state.py -> /home/csrobot/flexbe_ws/build/flexbe_states/build/lib/flexbe_states
[1.689s] copying flexbe_states/log_key_state.py -> /home/csrobot/flexbe_ws/build/flexbe_states/build/lib/flexbe_states
[1.689s] copying flexbe_states/check_condition_state.py -> /home/csrobot/flexbe_ws/build/flexbe_states/build/lib/flexbe_states
[1.689s] copying flexbe_states/operator_decision_state.py -> /home/csrobot/flexbe_ws/build/flexbe_states/build/lib/flexbe_states
[1.689s] copying flexbe_states/input_state.py -> /home/csrobot/flexbe_ws/build/flexbe_states/build/lib/flexbe_states
[1.689s] copying flexbe_states/decision_state.py -> /home/csrobot/flexbe_ws/build/flexbe_states/build/lib/flexbe_states
[1.690s] creating /home/csrobot/flexbe_ws/build/flexbe_states/build/lib/tests
[1.690s] copying tests/__init__.py -> /home/csrobot/flexbe_ws/build/flexbe_states/build/lib/tests
[1.690s] copying tests/run_tests.launch.py -> /home/csrobot/flexbe_ws/build/flexbe_states/build/lib/tests
[1.690s] copying tests/run_colcon_test.py -> /home/csrobot/flexbe_ws/build/flexbe_states/build/lib/tests
[1.690s] copying tests/pub.launch.py -> /home/csrobot/flexbe_ws/build/flexbe_states/build/lib/tests
[1.690s] running install
[1.697s] running install_lib
[1.726s] creating /home/csrobot/flexbe_ws/install/flexbe_states/lib/python3.12/site-packages/flexbe_states
[1.726s] copying /home/csrobot/flexbe_ws/build/flexbe_states/build/lib/flexbe_states/publisher_string_state.py -> /home/csrobot/flexbe_ws/install/flexbe_states/lib/python3.12/site-packages/flexbe_states
[1.726s] copying /home/csrobot/flexbe_ws/build/flexbe_states/build/lib/flexbe_states/publisher_empty_state.py -> /home/csrobot/flexbe_ws/install/flexbe_states/lib/python3.12/site-packages/flexbe_states
[1.726s] copying /home/csrobot/flexbe_ws/build/flexbe_states/build/lib/flexbe_states/publisher_bool_state.py -> /home/csrobot/flexbe_ws/install/flexbe_states/lib/python3.12/site-packages/flexbe_states
[1.726s] copying /home/csrobot/flexbe_ws/build/flexbe_states/build/lib/flexbe_states/user_data_state.py -> /home/csrobot/flexbe_ws/install/flexbe_states/lib/python3.12/site-packages/flexbe_states
[1.727s] copying /home/csrobot/flexbe_ws/build/flexbe_states/build/lib/flexbe_states/flexible_check_condition_state.py -> /home/csrobot/flexbe_ws/install/flexbe_states/lib/python3.12/site-packages/flexbe_states
[1.727s] copying /home/csrobot/flexbe_ws/build/flexbe_states/build/lib/flexbe_states/selection_state.py -> /home/csrobot/flexbe_ws/install/flexbe_states/lib/python3.12/site-packages/flexbe_states
[1.727s] copying /home/csrobot/flexbe_ws/build/flexbe_states/build/lib/flexbe_states/subscriber_state.py -> /home/csrobot/flexbe_ws/install/flexbe_states/lib/python3.12/site-packages/flexbe_states
[1.727s] copying /home/csrobot/flexbe_ws/build/flexbe_states/build/lib/flexbe_states/flexible_calculation_state.py -> /home/csrobot/flexbe_ws/install/flexbe_states/lib/python3.12/site-packages/flexbe_states
[1.727s] copying /home/csrobot/flexbe_ws/build/flexbe_states/build/lib/flexbe_states/__init__.py -> /home/csrobot/flexbe_ws/install/flexbe_states/lib/python3.12/site-packages/flexbe_states
[1.727s] copying /home/csrobot/flexbe_ws/build/flexbe_states/build/lib/flexbe_states/calculation_state.py -> /home/csrobot/flexbe_ws/install/flexbe_states/lib/python3.12/site-packages/flexbe_states
[1.727s] copying /home/csrobot/flexbe_ws/build/flexbe_states/build/lib/flexbe_states/log_state.py -> /home/csrobot/flexbe_ws/install/flexbe_states/lib/python3.12/site-packages/flexbe_states
[1.727s] copying /home/csrobot/flexbe_ws/build/flexbe_states/build/lib/flexbe_states/wait_state.py -> /home/csrobot/flexbe_ws/install/flexbe_states/lib/python3.12/site-packages/flexbe_states
[1.727s] copying /home/csrobot/flexbe_ws/build/flexbe_states/build/lib/flexbe_states/log_key_state.py -> /home/csrobot/flexbe_ws/install/flexbe_states/lib/python3.12/site-packages/flexbe_states
[1.727s] copying /home/csrobot/flexbe_ws/build/flexbe_states/build/lib/flexbe_states/check_condition_state.py -> /home/csrobot/flexbe_ws/install/flexbe_states/lib/python3.12/site-packages/flexbe_states
[1.727s] copying /home/csrobot/flexbe_ws/build/flexbe_states/build/lib/flexbe_states/operator_decision_state.py -> /home/csrobot/flexbe_ws/install/flexbe_states/lib/python3.12/site-packages/flexbe_states
[1.728s] copying /home/csrobot/flexbe_ws/build/flexbe_states/build/lib/flexbe_states/input_state.py -> /home/csrobot/flexbe_ws/install/flexbe_states/lib/python3.12/site-packages/flexbe_states
[1.728s] copying /home/csrobot/flexbe_ws/build/flexbe_states/build/lib/flexbe_states/decision_state.py -> /home/csrobot/flexbe_ws/install/flexbe_states/lib/python3.12/site-packages/flexbe_states
[1.728s] creating /home/csrobot/flexbe_ws/install/flexbe_states/lib/python3.12/site-packages/tests
[1.728s] copying /home/csrobot/flexbe_ws/build/flexbe_states/build/lib/tests/__init__.py -> /home/csrobot/flexbe_ws/install/flexbe_states/lib/python3.12/site-packages/tests
[1.728s] copying /home/csrobot/flexbe_ws/build/flexbe_states/build/lib/tests/run_tests.launch.py -> /home/csrobot/flexbe_ws/install/flexbe_states/lib/python3.12/site-packages/tests
[1.728s] copying /home/csrobot/flexbe_ws/build/flexbe_states/build/lib/tests/run_colcon_test.py -> /home/csrobot/flexbe_ws/install/flexbe_states/lib/python3.12/site-packages/tests
[1.728s] copying /home/csrobot/flexbe_ws/build/flexbe_states/build/lib/tests/pub.launch.py -> /home/csrobot/flexbe_ws/install/flexbe_states/lib/python3.12/site-packages/tests
[1.728s] byte-compiling /home/csrobot/flexbe_ws/install/flexbe_states/lib/python3.12/site-packages/flexbe_states/publisher_string_state.py to publisher_string_state.cpython-312.pyc
[1.729s] byte-compiling /home/csrobot/flexbe_ws/install/flexbe_states/lib/python3.12/site-packages/flexbe_states/publisher_empty_state.py to publisher_empty_state.cpython-312.pyc
[1.729s] byte-compiling /home/csrobot/flexbe_ws/install/flexbe_states/lib/python3.12/site-packages/flexbe_states/publisher_bool_state.py to publisher_bool_state.cpython-312.pyc
[1.730s] byte-compiling /home/csrobot/flexbe_ws/install/flexbe_states/lib/python3.12/site-packages/flexbe_states/user_data_state.py to user_data_state.cpython-312.pyc
[1.730s] byte-compiling /home/csrobot/flexbe_ws/install/flexbe_states/lib/python3.12/site-packages/flexbe_states/flexible_check_condition_state.py to flexible_check_condition_state.cpython-312.pyc
[1.731s] byte-compiling /home/csrobot/flexbe_ws/install/flexbe_states/lib/python3.12/site-packages/flexbe_states/selection_state.py to selection_state.cpython-312.pyc
[1.732s] byte-compiling /home/csrobot/flexbe_ws/install/flexbe_states/lib/python3.12/site-packages/flexbe_states/subscriber_state.py to subscriber_state.cpython-312.pyc
[1.732s] byte-compiling /home/csrobot/flexbe_ws/install/flexbe_states/lib/python3.12/site-packages/flexbe_states/flexible_calculation_state.py to flexible_calculation_state.cpython-312.pyc
[1.733s] byte-compiling /home/csrobot/flexbe_ws/install/flexbe_states/lib/python3.12/site-packages/flexbe_states/__init__.py to __init__.cpython-312.pyc
[1.733s] byte-compiling /home/csrobot/flexbe_ws/install/flexbe_states/lib/python3.12/site-packages/flexbe_states/calculation_state.py to calculation_state.cpython-312.pyc
[1.733s] byte-compiling /home/csrobot/flexbe_ws/install/flexbe_states/lib/python3.12/site-packages/flexbe_states/log_state.py to log_state.cpython-312.pyc
[1.734s] byte-compiling /home/csrobot/flexbe_ws/install/flexbe_states/lib/python3.12/site-packages/flexbe_states/wait_state.py to wait_state.cpython-312.pyc
[1.734s] byte-compiling /home/csrobot/flexbe_ws/install/flexbe_states/lib/python3.12/site-packages/flexbe_states/log_key_state.py to log_key_state.cpython-312.pyc
[1.734s] byte-compiling /home/csrobot/flexbe_ws/install/flexbe_states/lib/python3.12/site-packages/flexbe_states/check_condition_state.py to check_condition_state.cpython-312.pyc
[1.735s] byte-compiling /home/csrobot/flexbe_ws/install/flexbe_states/lib/python3.12/site-packages/flexbe_states/operator_decision_state.py to operator_decision_state.cpython-312.pyc
[1.735s] byte-compiling /home/csrobot/flexbe_ws/install/flexbe_states/lib/python3.12/site-packages/flexbe_states/input_state.py to input_state.cpython-312.pyc
[1.736s] byte-compiling /home/csrobot/flexbe_ws/install/flexbe_states/lib/python3.12/site-packages/flexbe_states/decision_state.py to decision_state.cpython-312.pyc
[1.737s] byte-compiling /home/csrobot/flexbe_ws/install/flexbe_states/lib/python3.12/site-packages/tests/__init__.py to __init__.cpython-312.pyc
[1.737s] byte-compiling /home/csrobot/flexbe_ws/install/flexbe_states/lib/python3.12/site-packages/tests/run_tests.launch.py to run_tests.launch.cpython-312.pyc
[1.737s] byte-compiling /home/csrobot/flexbe_ws/install/flexbe_states/lib/python3.12/site-packages/tests/run_colcon_test.py to run_colcon_test.cpython-312.pyc
[1.738s] byte-compiling /home/csrobot/flexbe_ws/install/flexbe_states/lib/python3.12/site-packages/tests/pub.launch.py to pub.launch.cpython-312.pyc
[1.738s] running install_data
[1.738s] creating /home/csrobot/flexbe_ws/install/flexbe_states/share/ament_index
[1.738s] creating /home/csrobot/flexbe_ws/install/flexbe_states/share/ament_index/resource_index
[1.738s] creating /home/csrobot/flexbe_ws/install/flexbe_states/share/ament_index/resource_index/packages
[1.738s] copying resource/flexbe_states -> /home/csrobot/flexbe_ws/install/flexbe_states/share/ament_index/resource_index/packages
[1.738s] copying package.xml -> /home/csrobot/flexbe_ws/install/flexbe_states/share/flexbe_states
[1.739s] creating /home/csrobot/flexbe_ws/install/flexbe_states/share/flexbe_states/tests
[1.739s] copying tests/log_state_msg.test -> /home/csrobot/flexbe_ws/install/flexbe_states/share/flexbe_states/tests
[1.739s] copying tests/calculation_state_none.test -> /home/csrobot/flexbe_ws/install/flexbe_states/share/flexbe_states/tests
[1.739s] copying tests/log_state_int.test -> /home/csrobot/flexbe_ws/install/flexbe_states/share/flexbe_states/tests
[1.739s] copying tests/operator_decision_state_suggested.test -> /home/csrobot/flexbe_ws/install/flexbe_states/share/flexbe_states/tests
[1.739s] copying tests/subscriber_state_pose.test -> /home/csrobot/flexbe_ws/install/flexbe_states/share/flexbe_states/tests
[1.739s] copying tests/log_state_string.test -> /home/csrobot/flexbe_ws/install/flexbe_states/share/flexbe_states/tests
[1.739s] copying tests/input_state_import.test -> /home/csrobot/flexbe_ws/install/flexbe_states/share/flexbe_states/tests
[1.739s] copying tests/subscriber_state_unavailable.test -> /home/csrobot/flexbe_ws/install/flexbe_states/share/flexbe_states/tests
[1.739s] copying tests/decision_state_simple.test -> /home/csrobot/flexbe_ws/install/flexbe_states/share/flexbe_states/tests
[1.739s] copying tests/flexible_calculation_state_simple.test -> /home/csrobot/flexbe_ws/install/flexbe_states/share/flexbe_states/tests
[1.739s] copying tests/check_condition_state_true.test -> /home/csrobot/flexbe_ws/install/flexbe_states/share/flexbe_states/tests
[1.740s] copying tests/wait_state_short.test -> /home/csrobot/flexbe_ws/install/flexbe_states/share/flexbe_states/tests
[1.740s] copying tests/check_condition_state_invalid.test -> /home/csrobot/flexbe_ws/install/flexbe_states/share/flexbe_states/tests
[1.740s] copying tests/calculation_state_simple.test -> /home/csrobot/flexbe_ws/install/flexbe_states/share/flexbe_states/tests
[1.740s] creating /home/csrobot/flexbe_ws/install/flexbe_states/share/flexbe_states/launch
[1.740s] copying tests/run_tests.launch.py -> /home/csrobot/flexbe_ws/install/flexbe_states/share/flexbe_states/launch
[1.740s] copying tests/pub.launch.py -> /home/csrobot/flexbe_ws/install/flexbe_states/share/flexbe_states/launch
[1.740s] running install_egg_info
[1.772s] Copying ../../../build/flexbe_states/flexbe_states.egg-info to /home/csrobot/flexbe_ws/install/flexbe_states/lib/python3.12/site-packages/flexbe_states-4.0.1-py3.12.egg-info
[1.773s] running install_scripts
[1.950s] writing list of installed files to '/home/csrobot/flexbe_ws/build/flexbe_states/install.log'
[1.980s] Invoked command in '/home/csrobot/flexbe_ws/src/flexbe_behavior_engine/flexbe_states' returned '0': AMENT_PREFIX_PATH=/home/csrobot/flexbe_ws/install/flexbe_core:/home/csrobot/flexbe_ws/install/compare_flexbe_utilities:/home/csrobot/flexbe_ws/install/panda_moveit_config:/home/csrobot/flexbe_ws/install/panda_gazebo:/home/csrobot/flexbe_ws/install/panda_description:/home/csrobot/flexbe_ws/install/gpd_ros:/home/csrobot/flexbe_ws/install/flexbe_behavior_engine:/home/csrobot/flexbe_ws/install/flexbe_widget:/home/csrobot/flexbe_ws/install/flexbe_webui:/home/csrobot/flexbe_ws/install/flexbe_onboard:/home/csrobot/flexbe_ws/install/flexbe_states:/home/csrobot/flexbe_ws/install/flexbe_testing:/home/csrobot/flexbe_ws/install/flexbe_mirror:/home/csrobot/flexbe_ws/install/flexbe_input:/home/csrobot/flexbe_ws/install/example_flexbe_states:/home/csrobot/flexbe_ws/install/compare_flexbe:/home/csrobot/flexbe_ws/install/compare_flexbe_states:/home/csrobot/flexbe_ws/install/compare_flexbe_behaviors:/home/csrobot/flexbe_ws/install/flexbe_msgs:/home/csrobot/flexbe_ws/install/armada_gazebo:/home/csrobot/flexbe_ws/install/armada_description:/home/csrobot/flexbe_ws/install/armada_bringup:/home/csrobot/graspnet_ws/install/unseen_obj_clst_ros2:/home/csrobot/graspnet_ws/install/graspsam_ros2:/home/csrobot/graspnet_ws/install/contact_graspnet_ros2:/opt/ros/jazzy CMAKE_PREFIX_PATH=/home/csrobot/flexbe_ws/install/flexbe_testing:/home/csrobot/flexbe_ws/install/flexbe_msgs:/home/csrobot/flexbe_ws/install/compare_flexbe_utilities:/home/csrobot/flexbe_ws/install/panda_moveit_config:/home/csrobot/flexbe_ws/install/panda_gazebo:/home/csrobot/flexbe_ws/install/panda_description:/home/csrobot/flexbe_ws/install/gpd_ros:/home/csrobot/flexbe_ws/install/flexbe_behavior_engine:/home/csrobot/flexbe_ws/install/flexbe_widget:/home/csrobot/flexbe_ws/install/compare_flexbe:/home/csrobot/flexbe_ws/install/compare_flexbe_behaviors:/home/csrobot/flexbe_ws/install/armada_gazebo:/home/csrobot/flexbe_ws/install/armada_description:/home/csrobot/flexbe_ws/install/armada_bringup:/home/csrobot/graspnet_ws/install/unseen_obj_clst_ros2:/home/csrobot/graspnet_ws/install/graspsam_ros2:/home/csrobot/graspnet_ws/install/contact_graspnet_ros2:/opt/ros/jazzy/opt/gz_sim_vendor:/opt/ros/jazzy/opt/gz_sensors_vendor:/opt/ros/jazzy/opt/gz_physics_vendor:/opt/ros/jazzy/opt/sdformat_vendor:/opt/ros/jazzy/opt/gz_gui_vendor:/opt/ros/jazzy/opt/gz_transport_vendor:/opt/ros/jazzy/opt/gz_rendering_vendor:/opt/ros/jazzy/opt/gz_plugin_vendor:/opt/ros/jazzy/opt/gz_fuel_tools_vendor:/opt/ros/jazzy/opt/gz_msgs_vendor:/opt/ros/jazzy/opt/gz_common_vendor:/opt/ros/jazzy/opt/gz_math_vendor:/opt/ros/jazzy/opt/gz_utils_vendor:/opt/ros/jazzy/opt/gz_tools_vendor:/opt/ros/jazzy/opt/gz_ogre_next_vendor:/opt/ros/jazzy/opt/gz_dartsim_vendor:/opt/ros/jazzy/opt/gz_cmake_vendor DEBUGINFOD_URLS=https://debuginfod.ubuntu.com LD_LIBRARY_PATH=/home/csrobot/flexbe_ws/install/flexbe_msgs/lib:/home/csrobot/flexbe_ws/install/compare_flexbe_utilities/lib:/home/csrobot/flexbe_ws/install/gpd/lib:/home/csrobot/flexbe_ws/install/gpd_ros/lib:/home/csrobot/graspnet_ws/install/unseen_obj_clst_ros2/lib:/home/csrobot/graspnet_ws/install/graspsam_ros2/lib:/home/csrobot/graspnet_ws/install/contact_graspnet_ros2/lib:/opt/ros/jazzy/opt/gz_sim_vendor/lib:/opt/ros/jazzy/opt/gz_sensors_vendor/lib:/opt/ros/jazzy/opt/gz_physics_vendor/lib:/opt/ros/jazzy/opt/sdformat_vendor/lib:/opt/ros/jazzy/opt/rviz_ogre_vendor/lib:/opt/ros/jazzy/lib/x86_64-linux-gnu:/opt/ros/jazzy/opt/gz_gui_vendor/lib:/opt/ros/jazzy/opt/gz_transport_vendor/lib:/opt/ros/jazzy/opt/gz_rendering_vendor/lib:/opt/ros/jazzy/opt/gz_plugin_vendor/lib:/opt/ros/jazzy/opt/gz_fuel_tools_vendor/lib:/opt/ros/jazzy/opt/gz_msgs_vendor/lib:/opt/ros/jazzy/opt/gz_common_vendor/lib:/opt/ros/jazzy/opt/gz_math_vendor/lib:/opt/ros/jazzy/opt/gz_utils_vendor/lib:/opt/ros/jazzy/opt/gz_tools_vendor/lib:/opt/ros/jazzy/opt/gz_ogre_next_vendor/lib:/opt/ros/jazzy/opt/gz_dartsim_vendor/lib:/opt/ros/jazzy/opt/gz_cmake_vendor/lib:/opt/ros/jazzy/lib:/usr/local/cuda/lib64:/usr/local/cuda/lib64 PYTHONPATH=/home/csrobot/flexbe_ws/build/flexbe_states/prefix_override:/usr/lib/python3/dist-packages/colcon_core/task/python/colcon_distutils_commands:/home/csrobot/flexbe_ws/install/flexbe_states/lib/python3.12/site-packages:/home/csrobot/flexbe_ws/install/flexbe_testing/lib/python3.12/site-packages:/home/csrobot/flexbe_ws/install/flexbe_core/lib/python3.12/site-packages:/home/csrobot/flexbe_ws/install/flexbe_msgs/lib/python3.12/site-packages:/home/csrobot/flexbe_ws/install/compare_flexbe_utilities/lib/python3.12/site-packages:/home/csrobot/flexbe_ws/install/gpd_ros/lib/python3.12/site-packages:/home/csrobot/flexbe_ws/install/flexbe_widget/lib/python3.12/site-packages:/home/csrobot/flexbe_ws/install/flexbe_webui/lib/python3.12/site-packages:/home/csrobot/flexbe_ws/install/flexbe_onboard/lib/python3.12/site-packages:/home/csrobot/flexbe_ws/install/flexbe_states/lib/python3.12/site-packages:/home/csrobot/flexbe_ws/install/flexbe_mirror/lib/python3.12/site-packages:/home/csrobot/flexbe_ws/install/flexbe_input/lib/python3.12/site-packages:/home/csrobot/flexbe_ws/install/example_flexbe_states/lib/python3.12/site-packages:/home/csrobot/flexbe_ws/install/compare_flexbe_states/lib/python3.12/site-packages:/home/csrobot/flexbe_ws/install/compare_flexbe_behaviors/lib/python3.12/site-packages:/home/csrobot/graspnet_ws/install/unseen_obj_clst_ros2/lib/python3.12/site-packages:/home/csrobot/graspnet_ws/install/graspsam_ros2/lib/python3.12/site-packages:/home/csrobot/graspnet_ws/install/contact_graspnet_ros2/lib/python3.12/site-packages:/opt/ros/jazzy/lib/python3.12/site-packages /usr/bin/python3 -W ignore:setup.py install is deprecated -W ignore:easy_install command is deprecated setup.py egg_info --egg-base ../../../build/flexbe_states build --build-base /home/csrobot/flexbe_ws/build/flexbe_states/build install --record /home/csrobot/flexbe_ws/build/flexbe_states/install.log --single-version-externally-managed install_data
