/home/csrobot/flexbe_ws/install/flexbe_onboard/lib/python3.12/site-packages/flexbe_onboard/flexbe_onboard.py
/home/csrobot/flexbe_ws/install/flexbe_onboard/lib/python3.12/site-packages/flexbe_onboard/__init__.py
/home/csrobot/flexbe_ws/install/flexbe_onboard/lib/python3.12/site-packages/flexbe_onboard/start_behavior.py
/home/csrobot/flexbe_ws/install/flexbe_onboard/lib/python3.12/site-packages/flexbe_onboard/__pycache__/flexbe_onboard.cpython-312.pyc
/home/csrobot/flexbe_ws/install/flexbe_onboard/lib/python3.12/site-packages/flexbe_onboard/__pycache__/__init__.cpython-312.pyc
/home/csrobot/flexbe_ws/install/flexbe_onboard/lib/python3.12/site-packages/flexbe_onboard/__pycache__/start_behavior.cpython-312.pyc
/home/csrobot/flexbe_ws/install/flexbe_onboard/share/flexbe_onboard/behavior_onboard.launch.py
/home/csrobot/flexbe_ws/install/flexbe_onboard/share/ament_index/resource_index/packages/flexbe_onboard
/home/csrobot/flexbe_ws/install/flexbe_onboard/share/flexbe_onboard/package.xml
/home/csrobot/flexbe_ws/install/flexbe_onboard/share/flexbe_onboard/flexbe_onboard_test.py
/home/csrobot/flexbe_ws/install/flexbe_onboard/share/flexbe_onboard/test_onboard.py
/home/csrobot/flexbe_ws/install/flexbe_onboard/share/flexbe_onboard/log_behavior_test_sm.py
/home/csrobot/flexbe_ws/install/flexbe_onboard/share/flexbe_onboard/__init__.py
/home/csrobot/flexbe_ws/install/flexbe_onboard/share/flexbe_onboard/complex_behavior_test_sm.py
/home/csrobot/flexbe_ws/install/flexbe_onboard/share/flexbe_onboard/tests/flexbe_onboard_test_data/log_behavior_test_sm.py
/home/csrobot/flexbe_ws/install/flexbe_onboard/share/flexbe_onboard/tests/flexbe_onboard_test_data/__init__.py
/home/csrobot/flexbe_ws/install/flexbe_onboard/share/flexbe_onboard/tests/flexbe_onboard_test_data/complex_behavior_test_sm.py
/home/csrobot/flexbe_ws/install/flexbe_onboard/share/flexbe_onboard/tests/flexbe_onboard_test_data/complex_behavior_test.xml
/home/csrobot/flexbe_ws/install/flexbe_onboard/share/flexbe_onboard/tests/flexbe_onboard_test_data/log_behavior_test.xml
/home/csrobot/flexbe_ws/install/flexbe_onboard/lib/python3.12/site-packages/flexbe_onboard-4.0.1-py3.12.egg-info/dependency_links.txt
/home/csrobot/flexbe_ws/install/flexbe_onboard/lib/python3.12/site-packages/flexbe_onboard-4.0.1-py3.12.egg-info/entry_points.txt
/home/csrobot/flexbe_ws/install/flexbe_onboard/lib/python3.12/site-packages/flexbe_onboard-4.0.1-py3.12.egg-info/requires.txt
/home/csrobot/flexbe_ws/install/flexbe_onboard/lib/python3.12/site-packages/flexbe_onboard-4.0.1-py3.12.egg-info/top_level.txt
/home/csrobot/flexbe_ws/install/flexbe_onboard/lib/python3.12/site-packages/flexbe_onboard-4.0.1-py3.12.egg-info/SOURCES.txt
/home/csrobot/flexbe_ws/install/flexbe_onboard/lib/python3.12/site-packages/flexbe_onboard-4.0.1-py3.12.egg-info/PKG-INFO
/home/csrobot/flexbe_ws/install/flexbe_onboard/lib/python3.12/site-packages/flexbe_onboard-4.0.1-py3.12.egg-info/zip-safe
/home/csrobot/flexbe_ws/install/flexbe_onboard/lib/flexbe_onboard/flexbe_onboard
/home/csrobot/flexbe_ws/install/flexbe_onboard/lib/flexbe_onboard/start_behavior
