[0.033s] Invoking command in '/home/csrobot/flexbe_ws/build/gpd': DEBUGINFOD_URLS=https://debuginfod.ubuntu.com /usr/bin/cmake --build /home/csrobot/flexbe_ws/build/gpd -- -j8 -l8
[0.134s] [  3%] Built target gpd_config_file
[0.135s] [  6%] Built target gpd_eigen_utils
[0.137s] [  9%] Built target gpd_conv_layer
[0.137s] [ 12%] Built target gpd_local_frame
[0.137s] [ 15%] Built target gpd_dense_layer
[0.137s] [ 18%] Built target gpd_finger_hand
[0.137s] [ 21%] Built target gpd_hand_geometry
[0.146s] [ 24%] Built target gpd_point_list
[0.157s] [ 27%] Built target gpd_hand
[0.159s] [ 32%] Built target gpd_classifier
[0.164s] [ 35%] Built target gpd_image_geometry
[0.167s] [ 38%] Built target gpd_antipodal
[0.204s] [ 41%] Built target gpd_clustering
[0.209s] [ 44%] Built target gpd_cloud
[0.228s] [ 47%] Built target gpd_hand_set
[0.263s] [ 50%] Built target gpd_frame_estimator
[0.271s] [ 53%] Built target gpd_image_15_channels_strategy
[0.293s] [ 56%] Built target gpd_plot
[0.309s] [ 60%] Built target gpd_image_12_channels_strategy
[0.337s] [ 63%] Built target gpd_hand_search
[0.346s] [ 66%] Built target gpd_image_3_channels_strategy
[0.373s] [ 69%] Built target gpd_image_1_channels_strategy
[0.376s] [ 72%] Built target gpd_candidates_generator
[0.398s] [ 75%] Built target gpd_image_strategy
[0.408s] [ 78%] Built target gpd_generate_candidates
[0.431s] [ 81%] Built target gpd_image_generator
[0.465s] [ 87%] Built target gpd_test_grasp_image
[0.465s] [ 87%] Built target gpd_grasp_detector
[0.499s] [ 96%] Built target gpd_label_grasps
[0.499s] [ 96%] Built target gpd_sequential_importance_sampling
[0.500s] [ 96%] Built target gpd_detect_grasps
[0.533s] [100%] Built target gpd_cem_detect_grasps
[0.544s] Invoked command in '/home/csrobot/flexbe_ws/build/gpd' returned '0': DEBUGINFOD_URLS=https://debuginfod.ubuntu.com /usr/bin/cmake --build /home/csrobot/flexbe_ws/build/gpd -- -j8 -l8
[0.545s] Invoking command in '/home/csrobot/flexbe_ws/build/gpd': DEBUGINFOD_URLS=https://debuginfod.ubuntu.com /usr/bin/cmake --install /home/csrobot/flexbe_ws/build/gpd
[0.552s] -- Install configuration: "Debug"
[0.552s] -- Up-to-date: /home/csrobot/flexbe_ws/install/gpd/lib/libgpd.so
[0.553s] -- Up-to-date: /home/csrobot/flexbe_ws/install/gpd/include/gpd
[0.553s] -- Up-to-date: /home/csrobot/flexbe_ws/install/gpd/include/gpd/data_generator.h
[0.553s] -- Up-to-date: /home/csrobot/flexbe_ws/install/gpd/include/gpd/grasp_detector.h
[0.553s] -- Up-to-date: /home/csrobot/flexbe_ws/install/gpd/include/gpd/clustering.h
[0.553s] -- Up-to-date: /home/csrobot/flexbe_ws/install/gpd/include/gpd/descriptor
[0.553s] -- Up-to-date: /home/csrobot/flexbe_ws/install/gpd/include/gpd/descriptor/image_1_channels_strategy.h
[0.553s] -- Up-to-date: /home/csrobot/flexbe_ws/install/gpd/include/gpd/descriptor/image_geometry.h
[0.553s] -- Up-to-date: /home/csrobot/flexbe_ws/install/gpd/include/gpd/descriptor/image_generator.h
[0.553s] -- Up-to-date: /home/csrobot/flexbe_ws/install/gpd/include/gpd/descriptor/image_15_channels_strategy.h
[0.553s] -- Up-to-date: /home/csrobot/flexbe_ws/install/gpd/include/gpd/descriptor/image_12_channels_strategy.h
[0.553s] -- Up-to-date: /home/csrobot/flexbe_ws/install/gpd/include/gpd/descriptor/image_strategy.h
[0.553s] -- Up-to-date: /home/csrobot/flexbe_ws/install/gpd/include/gpd/descriptor/image_3_channels_strategy.h
[0.553s] -- Up-to-date: /home/csrobot/flexbe_ws/install/gpd/include/gpd/util
[0.554s] -- Up-to-date: /home/csrobot/flexbe_ws/install/gpd/include/gpd/util/plot.h
[0.554s] -- Up-to-date: /home/csrobot/flexbe_ws/install/gpd/include/gpd/util/point_list.h
[0.554s] -- Up-to-date: /home/csrobot/flexbe_ws/install/gpd/include/gpd/util/config_file.h
[0.554s] -- Up-to-date: /home/csrobot/flexbe_ws/install/gpd/include/gpd/util/cloud.h
[0.554s] -- Up-to-date: /home/csrobot/flexbe_ws/install/gpd/include/gpd/util/eigen_utils.h
[0.554s] -- Up-to-date: /home/csrobot/flexbe_ws/install/gpd/include/gpd/sequential_importance_sampling.h
[0.554s] -- Up-to-date: /home/csrobot/flexbe_ws/install/gpd/include/gpd/net
[0.554s] -- Up-to-date: /home/csrobot/flexbe_ws/install/gpd/include/gpd/net/caffe_classifier.h
[0.554s] -- Up-to-date: /home/csrobot/flexbe_ws/install/gpd/include/gpd/net/layer.h
[0.554s] -- Up-to-date: /home/csrobot/flexbe_ws/install/gpd/include/gpd/net/dense_layer.h
[0.554s] -- Up-to-date: /home/csrobot/flexbe_ws/install/gpd/include/gpd/net/classifier.h
[0.554s] -- Up-to-date: /home/csrobot/flexbe_ws/install/gpd/include/gpd/net/eigen_classifier.h
[0.554s] -- Up-to-date: /home/csrobot/flexbe_ws/install/gpd/include/gpd/net/conv_layer.h
[0.554s] -- Up-to-date: /home/csrobot/flexbe_ws/install/gpd/include/gpd/net/openvino_classifier.h.in
[0.554s] -- Up-to-date: /home/csrobot/flexbe_ws/install/gpd/include/gpd/candidate
[0.555s] -- Up-to-date: /home/csrobot/flexbe_ws/install/gpd/include/gpd/candidate/frame_estimator.h
[0.555s] -- Up-to-date: /home/csrobot/flexbe_ws/install/gpd/include/gpd/candidate/candidates_generator.h
[0.555s] -- Up-to-date: /home/csrobot/flexbe_ws/install/gpd/include/gpd/candidate/finger_hand.h
[0.555s] -- Up-to-date: /home/csrobot/flexbe_ws/install/gpd/include/gpd/candidate/hand_set.h
[0.555s] -- Up-to-date: /home/csrobot/flexbe_ws/install/gpd/include/gpd/candidate/local_frame.h
[0.555s] -- Up-to-date: /home/csrobot/flexbe_ws/install/gpd/include/gpd/candidate/hand.h
[0.555s] -- Up-to-date: /home/csrobot/flexbe_ws/install/gpd/include/gpd/candidate/hand_geometry.h
[0.555s] -- Up-to-date: /home/csrobot/flexbe_ws/install/gpd/include/gpd/candidate/hand_search.h
[0.555s] -- Up-to-date: /home/csrobot/flexbe_ws/install/gpd/include/gpd/candidate/antipodal.h
[0.556s] Invoked command in '/home/csrobot/flexbe_ws/build/gpd' returned '0': DEBUGINFOD_URLS=https://debuginfod.ubuntu.com /usr/bin/cmake --install /home/csrobot/flexbe_ws/build/gpd
