-- The C compiler identification is GNU 13.3.0
-- The CXX compiler identification is GNU 13.3.0
-- Detecting C compiler ABI info
-- Detecting C compiler ABI info - done
-- Check for working C compiler: /usr/bin/cc - skipped
-- Detecting C compile features
-- Detecting C compile features - done
-- Detecting CXX compiler ABI info
-- Detecting CXX compiler ABI info - done
-- Check for working CXX compiler: /usr/bin/c++ - skipped
-- Detecting CXX compile features
-- Detecting CXX compile features - done
-- Found ament_cmake: 2.5.4 (/opt/ros/jazzy/share/ament_cmake/cmake)
-- Found Python3: /usr/bin/python3 (found version "3.12.3") found components: Interpreter 
-- Configuring done (1.1s)
-- Generating done (0.0s)
-- Build files have been written to: /home/csrobot/flexbe_ws/build/flexbe_widget
Built target ament_cmake_python_copy_flexbe_widget_setup
Built target ament_cmake_python_copy_flexbe_widget
running egg_info
creating flexbe_widget.egg-info
writing flexbe_widget.egg-info/PKG-INFO
writing dependency_links to flexbe_widget.egg-info/dependency_links.txt
writing top-level names to flexbe_widget.egg-info/top_level.txt
writing manifest file 'flexbe_widget.egg-info/SOURCES.txt'
reading manifest file 'flexbe_widget.egg-info/SOURCES.txt'
writing manifest file 'flexbe_widget.egg-info/SOURCES.txt'
Built target ament_cmake_python_build_flexbe_widget_egg
-- Install configuration: ""
-- Installing: /home/csrobot/flexbe_ws/install/flexbe_widget/lib/flexbe_widget/be_action_server
-- Installing: /home/csrobot/flexbe_ws/install/flexbe_widget/lib/flexbe_widget/be_compress
-- Installing: /home/csrobot/flexbe_ws/install/flexbe_widget/lib/flexbe_widget/be_launcher
-- Installing: /home/csrobot/flexbe_ws/install/flexbe_widget/lib/flexbe_widget/breakpoint
-- Installing: /home/csrobot/flexbe_ws/install/flexbe_widget/lib/flexbe_widget/create_repo
-- Installing: /home/csrobot/flexbe_ws/install/flexbe_widget/lib/flexbe_widget/evaluate_logs
-- Installing: /home/csrobot/flexbe_ws/install/flexbe_widget/lib/flexbe_widget/flexbe_status_listener
-- Installing: /home/csrobot/flexbe_ws/install/flexbe_widget/share/flexbe_widget/launch
-- Installing: /home/csrobot/flexbe_ws/install/flexbe_widget/share/flexbe_widget/launch/flexbe_action_server.launch.py
-- Installing: /home/csrobot/flexbe_ws/install/flexbe_widget/share/flexbe_widget/environment/pythonpath.sh
-- Installing: /home/csrobot/flexbe_ws/install/flexbe_widget/share/flexbe_widget/environment/pythonpath.dsv
-- Installing: /home/csrobot/flexbe_ws/install/flexbe_widget/lib/python3.12/site-packages/flexbe_widget-4.0.1-py3.12.egg-info
-- Installing: /home/csrobot/flexbe_ws/install/flexbe_widget/lib/python3.12/site-packages/flexbe_widget-4.0.1-py3.12.egg-info/dependency_links.txt
-- Installing: /home/csrobot/flexbe_ws/install/flexbe_widget/lib/python3.12/site-packages/flexbe_widget-4.0.1-py3.12.egg-info/top_level.txt
-- Installing: /home/csrobot/flexbe_ws/install/flexbe_widget/lib/python3.12/site-packages/flexbe_widget-4.0.1-py3.12.egg-info/SOURCES.txt
-- Installing: /home/csrobot/flexbe_ws/install/flexbe_widget/lib/python3.12/site-packages/flexbe_widget-4.0.1-py3.12.egg-info/PKG-INFO
-- Installing: /home/csrobot/flexbe_ws/install/flexbe_widget/lib/python3.12/site-packages/flexbe_widget
-- Installing: /home/csrobot/flexbe_ws/install/flexbe_widget/lib/python3.12/site-packages/flexbe_widget/behavior_launcher.py
-- Installing: /home/csrobot/flexbe_ws/install/flexbe_widget/lib/python3.12/site-packages/flexbe_widget/behavior_action_server.py
-- Installing: /home/csrobot/flexbe_ws/install/flexbe_widget/lib/python3.12/site-packages/flexbe_widget/__init__.py
-- Installing: /home/csrobot/flexbe_ws/install/flexbe_widget/lib/python3.12/site-packages/flexbe_widget/.gitignore
-- Installing: /home/csrobot/flexbe_ws/install/flexbe_widget/lib/python3.12/site-packages/flexbe_widget/flexbe_status_listener.py
Listing '/home/csrobot/flexbe_ws/install/flexbe_widget/lib/python3.12/site-packages/flexbe_widget'...
Compiling '/home/csrobot/flexbe_ws/install/flexbe_widget/lib/python3.12/site-packages/flexbe_widget/__init__.py'...
Compiling '/home/csrobot/flexbe_ws/install/flexbe_widget/lib/python3.12/site-packages/flexbe_widget/behavior_action_server.py'...
Compiling '/home/csrobot/flexbe_ws/install/flexbe_widget/lib/python3.12/site-packages/flexbe_widget/behavior_launcher.py'...
Compiling '/home/csrobot/flexbe_ws/install/flexbe_widget/lib/python3.12/site-packages/flexbe_widget/flexbe_status_listener.py'...
-- Installing: /home/csrobot/flexbe_ws/install/flexbe_widget/share/ament_index/resource_index/package_run_dependencies/flexbe_widget
-- Installing: /home/csrobot/flexbe_ws/install/flexbe_widget/share/ament_index/resource_index/parent_prefix_path/flexbe_widget
-- Installing: /home/csrobot/flexbe_ws/install/flexbe_widget/share/flexbe_widget/environment/ament_prefix_path.sh
-- Installing: /home/csrobot/flexbe_ws/install/flexbe_widget/share/flexbe_widget/environment/ament_prefix_path.dsv
-- Installing: /home/csrobot/flexbe_ws/install/flexbe_widget/share/flexbe_widget/environment/path.sh
-- Installing: /home/csrobot/flexbe_ws/install/flexbe_widget/share/flexbe_widget/environment/path.dsv
-- Installing: /home/csrobot/flexbe_ws/install/flexbe_widget/share/flexbe_widget/local_setup.bash
-- Installing: /home/csrobot/flexbe_ws/install/flexbe_widget/share/flexbe_widget/local_setup.sh
-- Installing: /home/csrobot/flexbe_ws/install/flexbe_widget/share/flexbe_widget/local_setup.zsh
-- Installing: /home/csrobot/flexbe_ws/install/flexbe_widget/share/flexbe_widget/local_setup.dsv
-- Installing: /home/csrobot/flexbe_ws/install/flexbe_widget/share/flexbe_widget/package.dsv
-- Installing: /home/csrobot/flexbe_ws/install/flexbe_widget/share/ament_index/resource_index/packages/flexbe_widget
-- Installing: /home/csrobot/flexbe_ws/install/flexbe_widget/share/flexbe_widget/cmake/flexbe_widgetConfig.cmake
-- Installing: /home/csrobot/flexbe_ws/install/flexbe_widget/share/flexbe_widget/cmake/flexbe_widgetConfig-version.cmake
-- Installing: /home/csrobot/flexbe_ws/install/flexbe_widget/share/flexbe_widget/package.xml
