[0.023s] Invoking command in '/home/csrobot/flexbe_ws/build/armada_description': CMAKE_PREFIX_PATH=${CMAKE_PREFIX_PATH}:/home/csrobot/flexbe_ws/install/flexbe_webui:/home/csrobot/flexbe_ws/install/flexbe_onboard:/home/csrobot/flexbe_ws/install/flexbe_states:/home/csrobot/flexbe_ws/install/flexbe_mirror:/home/csrobot/flexbe_ws/install/flexbe_input:/home/csrobot/flexbe_ws/install/example_flexbe_states:/home/csrobot/flexbe_ws/install/compare_flexbe_states:/home/csrobot/flexbe_ws/install/flexbe_core:/opt/ros/jazzy DEBUGINFOD_URLS=https://debuginfod.ubuntu.com /usr/bin/cmake /home/csrobot/flexbe_ws/src/armada_ros2/armada_description -DCMAKE_INSTALL_PREFIX=/home/csrobot/flexbe_ws/install/armada_description
[0.075s] -- The C compiler identification is GNU 13.3.0
[0.158s] -- The CXX compiler identification is GNU 13.3.0
[0.176s] -- Detecting C compiler ABI info
[0.279s] -- Detecting C compiler ABI info - done
[0.291s] -- Check for working C compiler: /usr/bin/cc - skipped
[0.291s] -- Detecting C compile features
[0.291s] -- Detecting C compile features - done
[0.301s] -- Detecting CXX compiler ABI info
[0.423s] -- Detecting CXX compiler ABI info - done
[0.433s] -- Check for working CXX compiler: /usr/bin/c++ - skipped
[0.433s] -- Detecting CXX compile features
[0.434s] -- Detecting CXX compile features - done
[0.437s] -- Found ament_cmake: 2.5.4 (/opt/ros/jazzy/share/ament_cmake/cmake)
[0.626s] -- Found Python3: /usr/bin/python3 (found version "3.12.3") found components: Interpreter 
[0.783s] -- Found ament_lint_auto: 0.17.3 (/opt/ros/jazzy/share/ament_lint_auto/cmake)
[0.911s] -- Added test 'lint_cmake' to check CMake code style
[0.913s] -- Added test 'xmllint' to check XML markup files
[0.915s] -- Configuring done (0.9s)
[0.918s] -- Generating done (0.0s)
[0.919s] -- Build files have been written to: /home/csrobot/flexbe_ws/build/armada_description
[0.924s] Invoked command in '/home/csrobot/flexbe_ws/build/armada_description' returned '0': CMAKE_PREFIX_PATH=${CMAKE_PREFIX_PATH}:/home/csrobot/flexbe_ws/install/flexbe_webui:/home/csrobot/flexbe_ws/install/flexbe_onboard:/home/csrobot/flexbe_ws/install/flexbe_states:/home/csrobot/flexbe_ws/install/flexbe_mirror:/home/csrobot/flexbe_ws/install/flexbe_input:/home/csrobot/flexbe_ws/install/example_flexbe_states:/home/csrobot/flexbe_ws/install/compare_flexbe_states:/home/csrobot/flexbe_ws/install/flexbe_core:/opt/ros/jazzy DEBUGINFOD_URLS=https://debuginfod.ubuntu.com /usr/bin/cmake /home/csrobot/flexbe_ws/src/armada_ros2/armada_description -DCMAKE_INSTALL_PREFIX=/home/csrobot/flexbe_ws/install/armada_description
[0.928s] Invoking command in '/home/csrobot/flexbe_ws/build/armada_description': CMAKE_PREFIX_PATH=${CMAKE_PREFIX_PATH}:/home/csrobot/flexbe_ws/install/flexbe_webui:/home/csrobot/flexbe_ws/install/flexbe_onboard:/home/csrobot/flexbe_ws/install/flexbe_states:/home/csrobot/flexbe_ws/install/flexbe_mirror:/home/csrobot/flexbe_ws/install/flexbe_input:/home/csrobot/flexbe_ws/install/example_flexbe_states:/home/csrobot/flexbe_ws/install/compare_flexbe_states:/home/csrobot/flexbe_ws/install/flexbe_core:/opt/ros/jazzy DEBUGINFOD_URLS=https://debuginfod.ubuntu.com /usr/bin/cmake --build /home/csrobot/flexbe_ws/build/armada_description -- -j8 -l8
[1.003s] Invoked command in '/home/csrobot/flexbe_ws/build/armada_description' returned '0': CMAKE_PREFIX_PATH=${CMAKE_PREFIX_PATH}:/home/csrobot/flexbe_ws/install/flexbe_webui:/home/csrobot/flexbe_ws/install/flexbe_onboard:/home/csrobot/flexbe_ws/install/flexbe_states:/home/csrobot/flexbe_ws/install/flexbe_mirror:/home/csrobot/flexbe_ws/install/flexbe_input:/home/csrobot/flexbe_ws/install/example_flexbe_states:/home/csrobot/flexbe_ws/install/compare_flexbe_states:/home/csrobot/flexbe_ws/install/flexbe_core:/opt/ros/jazzy DEBUGINFOD_URLS=https://debuginfod.ubuntu.com /usr/bin/cmake --build /home/csrobot/flexbe_ws/build/armada_description -- -j8 -l8
[1.004s] Invoking command in '/home/csrobot/flexbe_ws/build/armada_description': CMAKE_PREFIX_PATH=${CMAKE_PREFIX_PATH}:/home/csrobot/flexbe_ws/install/flexbe_webui:/home/csrobot/flexbe_ws/install/flexbe_onboard:/home/csrobot/flexbe_ws/install/flexbe_states:/home/csrobot/flexbe_ws/install/flexbe_mirror:/home/csrobot/flexbe_ws/install/flexbe_input:/home/csrobot/flexbe_ws/install/example_flexbe_states:/home/csrobot/flexbe_ws/install/compare_flexbe_states:/home/csrobot/flexbe_ws/install/flexbe_core:/opt/ros/jazzy DEBUGINFOD_URLS=https://debuginfod.ubuntu.com /usr/bin/cmake --install /home/csrobot/flexbe_ws/build/armada_description
[1.025s] -- Install configuration: ""
[1.025s] -- Installing: /home/csrobot/flexbe_ws/install/armada_description/share/armada_description/panda
[1.025s] -- Installing: /home/csrobot/flexbe_ws/install/armada_description/share/armada_description/panda/xacro
[1.026s] -- Installing: /home/csrobot/flexbe_ws/install/armada_description/share/armada_description/panda/xacro/panda_simple_pedestal.urdf.xacro
[1.026s] -- Installing: /home/csrobot/flexbe_ws/install/armada_description/share/armada_description/panda/xacro/macro.panda.urdf.xacro
[1.026s] -- Installing: /home/csrobot/flexbe_ws/install/armada_description/share/armada_description/panda/xacro/macro.ros2_control.xacro
[1.026s] -- Installing: /home/csrobot/flexbe_ws/install/armada_description/share/armada_description/panda/xacro/macro.transmission.xacro
[1.026s] -- Installing: /home/csrobot/flexbe_ws/install/armada_description/share/armada_description/panda/xacro/panda_pedestal_workstation.urdf.xacro
[1.026s] -- Installing: /home/csrobot/flexbe_ws/install/armada_description/share/armada_description/panda/xacro/panda.urdf.xacro
[1.026s] -- Installing: /home/csrobot/flexbe_ws/install/armada_description/share/armada_description/tm5-700
[1.026s] -- Installing: /home/csrobot/flexbe_ws/install/armada_description/share/armada_description/tm5-700/xacro
[1.026s] -- Installing: /home/csrobot/flexbe_ws/install/armada_description/share/armada_description/tm5-700/xacro/macro.tm5-700-nominal.urdf.xacro
[1.026s] -- Installing: /home/csrobot/flexbe_ws/install/armada_description/share/armada_description/tm5-700/xacro/macro.ros2_control.xacro
[1.027s] -- Installing: /home/csrobot/flexbe_ws/install/armada_description/share/armada_description/tm5-700/xacro/macro.transmission.xacro
[1.027s] -- Installing: /home/csrobot/flexbe_ws/install/armada_description/share/armada_description/tm5-700/xacro/tm5-700_simple_pedestal.urdf.xacro
[1.027s] -- Installing: /home/csrobot/flexbe_ws/install/armada_description/share/armada_description/tm5-700/xacro/tm5-700.urdf.xacro
[1.027s] -- Installing: /home/csrobot/flexbe_ws/install/armada_description/share/armada_description/tm5-700/xacro/macro.materials.xacro
[1.027s] -- Installing: /home/csrobot/flexbe_ws/install/armada_description/share/armada_description/workstation
[1.027s] -- Installing: /home/csrobot/flexbe_ws/install/armada_description/share/armada_description/workstation/xacro
[1.027s] -- Installing: /home/csrobot/flexbe_ws/install/armada_description/share/armada_description/workstation/xacro/macro.simple_pedestal.urdf.xacro
[1.027s] -- Installing: /home/csrobot/flexbe_ws/install/armada_description/share/armada_description/workstation/xacro/macro.pedestal_workstation.urdf.xacro
[1.027s] -- Installing: /home/csrobot/flexbe_ws/install/armada_description/share/ament_index/resource_index/package_run_dependencies/armada_description
[1.027s] -- Installing: /home/csrobot/flexbe_ws/install/armada_description/share/ament_index/resource_index/parent_prefix_path/armada_description
[1.028s] -- Installing: /home/csrobot/flexbe_ws/install/armada_description/share/armada_description/environment/ament_prefix_path.sh
[1.028s] -- Installing: /home/csrobot/flexbe_ws/install/armada_description/share/armada_description/environment/ament_prefix_path.dsv
[1.028s] -- Installing: /home/csrobot/flexbe_ws/install/armada_description/share/armada_description/environment/path.sh
[1.028s] -- Installing: /home/csrobot/flexbe_ws/install/armada_description/share/armada_description/environment/path.dsv
[1.028s] -- Installing: /home/csrobot/flexbe_ws/install/armada_description/share/armada_description/local_setup.bash
[1.028s] -- Installing: /home/csrobot/flexbe_ws/install/armada_description/share/armada_description/local_setup.sh
[1.028s] -- Installing: /home/csrobot/flexbe_ws/install/armada_description/share/armada_description/local_setup.zsh
[1.028s] -- Installing: /home/csrobot/flexbe_ws/install/armada_description/share/armada_description/local_setup.dsv
[1.028s] -- Installing: /home/csrobot/flexbe_ws/install/armada_description/share/armada_description/package.dsv
[1.028s] -- Installing: /home/csrobot/flexbe_ws/install/armada_description/share/ament_index/resource_index/packages/armada_description
[1.028s] -- Installing: /home/csrobot/flexbe_ws/install/armada_description/share/armada_description/cmake/armada_descriptionConfig.cmake
[1.028s] -- Installing: /home/csrobot/flexbe_ws/install/armada_description/share/armada_description/cmake/armada_descriptionConfig-version.cmake
[1.028s] -- Installing: /home/csrobot/flexbe_ws/install/armada_description/share/armada_description/package.xml
[1.029s] Invoked command in '/home/csrobot/flexbe_ws/build/armada_description' returned '0': CMAKE_PREFIX_PATH=${CMAKE_PREFIX_PATH}:/home/csrobot/flexbe_ws/install/flexbe_webui:/home/csrobot/flexbe_ws/install/flexbe_onboard:/home/csrobot/flexbe_ws/install/flexbe_states:/home/csrobot/flexbe_ws/install/flexbe_mirror:/home/csrobot/flexbe_ws/install/flexbe_input:/home/csrobot/flexbe_ws/install/example_flexbe_states:/home/csrobot/flexbe_ws/install/compare_flexbe_states:/home/csrobot/flexbe_ws/install/flexbe_core:/opt/ros/jazzy DEBUGINFOD_URLS=https://debuginfod.ubuntu.com /usr/bin/cmake --install /home/csrobot/flexbe_ws/build/armada_description
