-- Install configuration: ""
-- Up-to-date: /home/csrobot/flexbe_ws/install/panda_gazebo/share/panda_gazebo/models
-- Up-to-date: /home/csrobot/flexbe_ws/install/panda_gazebo/share/panda_gazebo/models/table
-- Up-to-date: /home/csrobot/flexbe_ws/install/panda_gazebo/share/panda_gazebo/models/table/model.sdf
-- Up-to-date: /home/csrobot/flexbe_ws/install/panda_gazebo/share/panda_gazebo/models/table/model.config
-- Up-to-date: /home/csrobot/flexbe_ws/install/panda_gazebo/share/panda_gazebo/models/panda
-- Up-to-date: /home/csrobot/flexbe_ws/install/panda_gazebo/share/panda_gazebo/models/panda/model.sdf
-- Up-to-date: /home/csrobot/flexbe_ws/install/panda_gazebo/share/panda_gazebo/models/panda/model.config
-- Up-to-date: /home/csrobot/flexbe_ws/install/panda_gazebo/share/panda_gazebo/launch
-- Up-to-date: /home/csrobot/flexbe_ws/install/panda_gazebo/share/panda_gazebo/launch/panda_gazebo_move_group.launch.py
-- Up-to-date: /home/csrobot/flexbe_ws/install/panda_gazebo/share/panda_gazebo/config
-- Up-to-date: /home/csrobot/flexbe_ws/install/panda_gazebo/share/panda_gazebo/config/panda_bridge.yaml
-- Up-to-date: /home/csrobot/flexbe_ws/install/panda_gazebo/share/panda_gazebo/worlds
-- Up-to-date: /home/csrobot/flexbe_ws/install/panda_gazebo/share/panda_gazebo/worlds/panda.sdf
-- Up-to-date: /home/csrobot/flexbe_ws/install/panda_gazebo/share/panda_gazebo/environment/panda_gazebo.dsv
-- Up-to-date: /home/csrobot/flexbe_ws/install/panda_gazebo/share/ament_index/resource_index/package_run_dependencies/panda_gazebo
-- Up-to-date: /home/csrobot/flexbe_ws/install/panda_gazebo/share/ament_index/resource_index/parent_prefix_path/panda_gazebo
-- Up-to-date: /home/csrobot/flexbe_ws/install/panda_gazebo/share/panda_gazebo/environment/ament_prefix_path.sh
-- Up-to-date: /home/csrobot/flexbe_ws/install/panda_gazebo/share/panda_gazebo/environment/ament_prefix_path.dsv
-- Up-to-date: /home/csrobot/flexbe_ws/install/panda_gazebo/share/panda_gazebo/environment/path.sh
-- Up-to-date: /home/csrobot/flexbe_ws/install/panda_gazebo/share/panda_gazebo/environment/path.dsv
-- Up-to-date: /home/csrobot/flexbe_ws/install/panda_gazebo/share/panda_gazebo/local_setup.bash
-- Up-to-date: /home/csrobot/flexbe_ws/install/panda_gazebo/share/panda_gazebo/local_setup.sh
-- Up-to-date: /home/csrobot/flexbe_ws/install/panda_gazebo/share/panda_gazebo/local_setup.zsh
-- Up-to-date: /home/csrobot/flexbe_ws/install/panda_gazebo/share/panda_gazebo/local_setup.dsv
-- Up-to-date: /home/csrobot/flexbe_ws/install/panda_gazebo/share/panda_gazebo/package.dsv
-- Up-to-date: /home/csrobot/flexbe_ws/install/panda_gazebo/share/ament_index/resource_index/packages/panda_gazebo
-- Up-to-date: /home/csrobot/flexbe_ws/install/panda_gazebo/share/panda_gazebo/cmake/panda_gazeboConfig.cmake
-- Up-to-date: /home/csrobot/flexbe_ws/install/panda_gazebo/share/panda_gazebo/cmake/panda_gazeboConfig-version.cmake
-- Up-to-date: /home/csrobot/flexbe_ws/install/panda_gazebo/share/panda_gazebo/package.xml
