[1.964s] Invoking command in '/home/csrobot/flexbe_ws/src/flexbe_webui': AMENT_PREFIX_PATH=/home/csrobot/flexbe_ws/install/flexbe_core:/home/csrobot/flexbe_ws/install/compare_flexbe_utilities:/home/csrobot/flexbe_ws/install/panda_moveit_config:/home/csrobot/flexbe_ws/install/panda_gazebo:/home/csrobot/flexbe_ws/install/panda_description:/home/csrobot/flexbe_ws/install/gpd_ros:/home/csrobot/flexbe_ws/install/flexbe_behavior_engine:/home/csrobot/flexbe_ws/install/flexbe_widget:/home/csrobot/flexbe_ws/install/flexbe_webui:/home/csrobot/flexbe_ws/install/flexbe_onboard:/home/csrobot/flexbe_ws/install/flexbe_states:/home/csrobot/flexbe_ws/install/flexbe_testing:/home/csrobot/flexbe_ws/install/flexbe_mirror:/home/csrobot/flexbe_ws/install/flexbe_input:/home/csrobot/flexbe_ws/install/example_flexbe_states:/home/csrobot/flexbe_ws/install/compare_flexbe:/home/csrobot/flexbe_ws/install/compare_flexbe_states:/home/csrobot/flexbe_ws/install/compare_flexbe_behaviors:/home/csrobot/flexbe_ws/install/flexbe_msgs:/home/csrobot/flexbe_ws/install/armada_gazebo:/home/csrobot/flexbe_ws/install/armada_description:/home/csrobot/flexbe_ws/install/armada_bringup:/home/csrobot/graspnet_ws/install/unseen_obj_clst_ros2:/home/csrobot/graspnet_ws/install/graspsam_ros2:/home/csrobot/graspnet_ws/install/contact_graspnet_ros2:/opt/ros/jazzy CMAKE_PREFIX_PATH=/home/csrobot/flexbe_ws/install/flexbe_msgs:/home/csrobot/flexbe_ws/install/compare_flexbe_utilities:/home/csrobot/flexbe_ws/install/panda_moveit_config:/home/csrobot/flexbe_ws/install/panda_gazebo:/home/csrobot/flexbe_ws/install/panda_description:/home/csrobot/flexbe_ws/install/gpd_ros:/home/csrobot/flexbe_ws/install/flexbe_behavior_engine:/home/csrobot/flexbe_ws/install/flexbe_widget:/home/csrobot/flexbe_ws/install/flexbe_testing:/home/csrobot/flexbe_ws/install/compare_flexbe:/home/csrobot/flexbe_ws/install/compare_flexbe_behaviors:/home/csrobot/flexbe_ws/install/armada_gazebo:/home/csrobot/flexbe_ws/install/armada_description:/home/csrobot/flexbe_ws/install/armada_bringup:/home/csrobot/graspnet_ws/install/unseen_obj_clst_ros2:/home/csrobot/graspnet_ws/install/graspsam_ros2:/home/csrobot/graspnet_ws/install/contact_graspnet_ros2:/opt/ros/jazzy/opt/gz_sim_vendor:/opt/ros/jazzy/opt/gz_sensors_vendor:/opt/ros/jazzy/opt/gz_physics_vendor:/opt/ros/jazzy/opt/sdformat_vendor:/opt/ros/jazzy/opt/gz_gui_vendor:/opt/ros/jazzy/opt/gz_transport_vendor:/opt/ros/jazzy/opt/gz_rendering_vendor:/opt/ros/jazzy/opt/gz_plugin_vendor:/opt/ros/jazzy/opt/gz_fuel_tools_vendor:/opt/ros/jazzy/opt/gz_msgs_vendor:/opt/ros/jazzy/opt/gz_common_vendor:/opt/ros/jazzy/opt/gz_math_vendor:/opt/ros/jazzy/opt/gz_utils_vendor:/opt/ros/jazzy/opt/gz_tools_vendor:/opt/ros/jazzy/opt/gz_ogre_next_vendor:/opt/ros/jazzy/opt/gz_dartsim_vendor:/opt/ros/jazzy/opt/gz_cmake_vendor DEBUGINFOD_URLS=https://debuginfod.ubuntu.com LD_LIBRARY_PATH=/home/csrobot/flexbe_ws/install/flexbe_msgs/lib:/home/csrobot/flexbe_ws/install/compare_flexbe_utilities/lib:/home/csrobot/flexbe_ws/install/gpd/lib:/home/csrobot/flexbe_ws/install/gpd_ros/lib:/home/csrobot/graspnet_ws/install/unseen_obj_clst_ros2/lib:/home/csrobot/graspnet_ws/install/graspsam_ros2/lib:/home/csrobot/graspnet_ws/install/contact_graspnet_ros2/lib:/opt/ros/jazzy/opt/gz_sim_vendor/lib:/opt/ros/jazzy/opt/gz_sensors_vendor/lib:/opt/ros/jazzy/opt/gz_physics_vendor/lib:/opt/ros/jazzy/opt/sdformat_vendor/lib:/opt/ros/jazzy/opt/rviz_ogre_vendor/lib:/opt/ros/jazzy/lib/x86_64-linux-gnu:/opt/ros/jazzy/opt/gz_gui_vendor/lib:/opt/ros/jazzy/opt/gz_transport_vendor/lib:/opt/ros/jazzy/opt/gz_rendering_vendor/lib:/opt/ros/jazzy/opt/gz_plugin_vendor/lib:/opt/ros/jazzy/opt/gz_fuel_tools_vendor/lib:/opt/ros/jazzy/opt/gz_msgs_vendor/lib:/opt/ros/jazzy/opt/gz_common_vendor/lib:/opt/ros/jazzy/opt/gz_math_vendor/lib:/opt/ros/jazzy/opt/gz_utils_vendor/lib:/opt/ros/jazzy/opt/gz_tools_vendor/lib:/opt/ros/jazzy/opt/gz_ogre_next_vendor/lib:/opt/ros/jazzy/opt/gz_dartsim_vendor/lib:/opt/ros/jazzy/opt/gz_cmake_vendor/lib:/opt/ros/jazzy/lib:/usr/local/cuda/lib64:/usr/local/cuda/lib64 PYTHONPATH=/home/csrobot/flexbe_ws/build/flexbe_webui/prefix_override:/usr/lib/python3/dist-packages/colcon_core/task/python/colcon_distutils_commands:/home/csrobot/flexbe_ws/install/flexbe_webui/lib/python3.12/site-packages:/home/csrobot/flexbe_ws/install/flexbe_core/lib/python3.12/site-packages:/home/csrobot/flexbe_ws/install/flexbe_msgs/lib/python3.12/site-packages:/home/csrobot/flexbe_ws/install/compare_flexbe_utilities/lib/python3.12/site-packages:/home/csrobot/flexbe_ws/install/gpd_ros/lib/python3.12/site-packages:/home/csrobot/flexbe_ws/install/flexbe_widget/lib/python3.12/site-packages:/home/csrobot/flexbe_ws/install/flexbe_webui/lib/python3.12/site-packages:/home/csrobot/flexbe_ws/install/flexbe_onboard/lib/python3.12/site-packages:/home/csrobot/flexbe_ws/install/flexbe_states/lib/python3.12/site-packages:/home/csrobot/flexbe_ws/install/flexbe_testing/lib/python3.12/site-packages:/home/csrobot/flexbe_ws/install/flexbe_mirror/lib/python3.12/site-packages:/home/csrobot/flexbe_ws/install/flexbe_input/lib/python3.12/site-packages:/home/csrobot/flexbe_ws/install/example_flexbe_states/lib/python3.12/site-packages:/home/csrobot/flexbe_ws/install/compare_flexbe_states/lib/python3.12/site-packages:/home/csrobot/flexbe_ws/install/compare_flexbe_behaviors/lib/python3.12/site-packages:/home/csrobot/graspnet_ws/install/unseen_obj_clst_ros2/lib/python3.12/site-packages:/home/csrobot/graspnet_ws/install/graspsam_ros2/lib/python3.12/site-packages:/home/csrobot/graspnet_ws/install/contact_graspnet_ros2/lib/python3.12/site-packages:/opt/ros/jazzy/lib/python3.12/site-packages /usr/bin/python3 -W ignore:setup.py install is deprecated -W ignore:easy_install command is deprecated setup.py egg_info --egg-base ../../build/flexbe_webui build --build-base /home/csrobot/flexbe_ws/build/flexbe_webui/build install --record /home/csrobot/flexbe_ws/build/flexbe_webui/install.log --single-version-externally-managed install_data
[2.363s] running egg_info
[2.363s] creating ../../build/flexbe_webui/flexbe_webui.egg-info
[2.393s] writing ../../build/flexbe_webui/flexbe_webui.egg-info/PKG-INFO
[2.394s] writing dependency_links to ../../build/flexbe_webui/flexbe_webui.egg-info/dependency_links.txt
[2.394s] writing entry points to ../../build/flexbe_webui/flexbe_webui.egg-info/entry_points.txt
[2.394s] writing requirements to ../../build/flexbe_webui/flexbe_webui.egg-info/requires.txt
[2.394s] writing top-level names to ../../build/flexbe_webui/flexbe_webui.egg-info/top_level.txt
[2.395s] writing manifest file '../../build/flexbe_webui/flexbe_webui.egg-info/SOURCES.txt'
[2.456s] reading manifest file '../../build/flexbe_webui/flexbe_webui.egg-info/SOURCES.txt'
[2.456s] adding license file 'LICENSE'
[2.460s] writing manifest file '../../build/flexbe_webui/flexbe_webui.egg-info/SOURCES.txt'
[2.460s] running build
[2.460s] running build_py
[2.460s] creating /home/csrobot/flexbe_ws/build/flexbe_webui/build
[2.460s] creating /home/csrobot/flexbe_ws/build/flexbe_webui/build/lib
[2.461s] creating /home/csrobot/flexbe_ws/build/flexbe_webui/build/lib/flexbe_webui
[2.461s] copying flexbe_webui/webui_client.py -> /home/csrobot/flexbe_ws/build/flexbe_webui/build/lib/flexbe_webui
[2.461s] copying flexbe_webui/webui_node.py -> /home/csrobot/flexbe_ws/build/flexbe_webui/build/lib/flexbe_webui
[2.461s] copying flexbe_webui/__init__.py -> /home/csrobot/flexbe_ws/build/flexbe_webui/build/lib/flexbe_webui
[2.461s] copying flexbe_webui/settings.py -> /home/csrobot/flexbe_ws/build/flexbe_webui/build/lib/flexbe_webui
[2.461s] copying flexbe_webui/webui_server.py -> /home/csrobot/flexbe_ws/build/flexbe_webui/build/lib/flexbe_webui
[2.461s] copying flexbe_webui/tools.py -> /home/csrobot/flexbe_ws/build/flexbe_webui/build/lib/flexbe_webui
[2.461s] creating /home/csrobot/flexbe_ws/build/flexbe_webui/build/lib/flexbe_webui/io
[2.461s] copying flexbe_webui/io/code_generator.py -> /home/csrobot/flexbe_ws/build/flexbe_webui/build/lib/flexbe_webui/io
[2.461s] copying flexbe_webui/io/__init__.py -> /home/csrobot/flexbe_ws/build/flexbe_webui/build/lib/flexbe_webui/io
[2.461s] copying flexbe_webui/io/state_parser.py -> /home/csrobot/flexbe_ws/build/flexbe_webui/build/lib/flexbe_webui/io
[2.461s] copying flexbe_webui/io/base_models.py -> /home/csrobot/flexbe_ws/build/flexbe_webui/build/lib/flexbe_webui/io
[2.462s] copying flexbe_webui/io/behavior_parser.py -> /home/csrobot/flexbe_ws/build/flexbe_webui/build/lib/flexbe_webui/io
[2.462s] copying flexbe_webui/io/manifest_generator.py -> /home/csrobot/flexbe_ws/build/flexbe_webui/build/lib/flexbe_webui/io
[2.462s] creating /home/csrobot/flexbe_ws/build/flexbe_webui/build/lib/flexbe_webui/ros
[2.462s] copying flexbe_webui/ros/__init__.py -> /home/csrobot/flexbe_ws/build/flexbe_webui/build/lib/flexbe_webui/ros
[2.462s] copying flexbe_webui/ros/packages.py -> /home/csrobot/flexbe_ws/build/flexbe_webui/build/lib/flexbe_webui/ros
[2.462s] running install
[2.468s] running install_lib
[2.499s] creating /home/csrobot/flexbe_ws/install/flexbe_webui/lib/python3.12/site-packages/flexbe_webui
[2.499s] creating /home/csrobot/flexbe_ws/install/flexbe_webui/lib/python3.12/site-packages/flexbe_webui/io
[2.499s] copying /home/csrobot/flexbe_ws/build/flexbe_webui/build/lib/flexbe_webui/io/code_generator.py -> /home/csrobot/flexbe_ws/install/flexbe_webui/lib/python3.12/site-packages/flexbe_webui/io
[2.499s] copying /home/csrobot/flexbe_ws/build/flexbe_webui/build/lib/flexbe_webui/io/__init__.py -> /home/csrobot/flexbe_ws/install/flexbe_webui/lib/python3.12/site-packages/flexbe_webui/io
[2.499s] copying /home/csrobot/flexbe_ws/build/flexbe_webui/build/lib/flexbe_webui/io/state_parser.py -> /home/csrobot/flexbe_ws/install/flexbe_webui/lib/python3.12/site-packages/flexbe_webui/io
[2.500s] copying /home/csrobot/flexbe_ws/build/flexbe_webui/build/lib/flexbe_webui/io/base_models.py -> /home/csrobot/flexbe_ws/install/flexbe_webui/lib/python3.12/site-packages/flexbe_webui/io
[2.500s] copying /home/csrobot/flexbe_ws/build/flexbe_webui/build/lib/flexbe_webui/io/behavior_parser.py -> /home/csrobot/flexbe_ws/install/flexbe_webui/lib/python3.12/site-packages/flexbe_webui/io
[2.500s] copying /home/csrobot/flexbe_ws/build/flexbe_webui/build/lib/flexbe_webui/io/manifest_generator.py -> /home/csrobot/flexbe_ws/install/flexbe_webui/lib/python3.12/site-packages/flexbe_webui/io
[2.500s] copying /home/csrobot/flexbe_ws/build/flexbe_webui/build/lib/flexbe_webui/webui_client.py -> /home/csrobot/flexbe_ws/install/flexbe_webui/lib/python3.12/site-packages/flexbe_webui
[2.500s] copying /home/csrobot/flexbe_ws/build/flexbe_webui/build/lib/flexbe_webui/webui_node.py -> /home/csrobot/flexbe_ws/install/flexbe_webui/lib/python3.12/site-packages/flexbe_webui
[2.500s] copying /home/csrobot/flexbe_ws/build/flexbe_webui/build/lib/flexbe_webui/__init__.py -> /home/csrobot/flexbe_ws/install/flexbe_webui/lib/python3.12/site-packages/flexbe_webui
[2.501s] creating /home/csrobot/flexbe_ws/install/flexbe_webui/lib/python3.12/site-packages/flexbe_webui/ros
[2.501s] copying /home/csrobot/flexbe_ws/build/flexbe_webui/build/lib/flexbe_webui/ros/__init__.py -> /home/csrobot/flexbe_ws/install/flexbe_webui/lib/python3.12/site-packages/flexbe_webui/ros
[2.502s] copying /home/csrobot/flexbe_ws/build/flexbe_webui/build/lib/flexbe_webui/ros/packages.py -> /home/csrobot/flexbe_ws/install/flexbe_webui/lib/python3.12/site-packages/flexbe_webui/ros
[2.502s] copying /home/csrobot/flexbe_ws/build/flexbe_webui/build/lib/flexbe_webui/settings.py -> /home/csrobot/flexbe_ws/install/flexbe_webui/lib/python3.12/site-packages/flexbe_webui
[2.502s] copying /home/csrobot/flexbe_ws/build/flexbe_webui/build/lib/flexbe_webui/webui_server.py -> /home/csrobot/flexbe_ws/install/flexbe_webui/lib/python3.12/site-packages/flexbe_webui
[2.503s] copying /home/csrobot/flexbe_ws/build/flexbe_webui/build/lib/flexbe_webui/tools.py -> /home/csrobot/flexbe_ws/install/flexbe_webui/lib/python3.12/site-packages/flexbe_webui
[2.503s] byte-compiling /home/csrobot/flexbe_ws/install/flexbe_webui/lib/python3.12/site-packages/flexbe_webui/io/code_generator.py to code_generator.cpython-312.pyc
[2.507s] byte-compiling /home/csrobot/flexbe_ws/install/flexbe_webui/lib/python3.12/site-packages/flexbe_webui/io/__init__.py to __init__.cpython-312.pyc
[2.508s] byte-compiling /home/csrobot/flexbe_ws/install/flexbe_webui/lib/python3.12/site-packages/flexbe_webui/io/state_parser.py to state_parser.cpython-312.pyc
[2.509s] byte-compiling /home/csrobot/flexbe_ws/install/flexbe_webui/lib/python3.12/site-packages/flexbe_webui/io/base_models.py to base_models.cpython-312.pyc
[2.510s] byte-compiling /home/csrobot/flexbe_ws/install/flexbe_webui/lib/python3.12/site-packages/flexbe_webui/io/behavior_parser.py to behavior_parser.cpython-312.pyc
[2.511s] byte-compiling /home/csrobot/flexbe_ws/install/flexbe_webui/lib/python3.12/site-packages/flexbe_webui/io/manifest_generator.py to manifest_generator.cpython-312.pyc
[2.512s] byte-compiling /home/csrobot/flexbe_ws/install/flexbe_webui/lib/python3.12/site-packages/flexbe_webui/webui_client.py to webui_client.cpython-312.pyc
[2.515s] byte-compiling /home/csrobot/flexbe_ws/install/flexbe_webui/lib/python3.12/site-packages/flexbe_webui/webui_node.py to webui_node.cpython-312.pyc
[2.518s] byte-compiling /home/csrobot/flexbe_ws/install/flexbe_webui/lib/python3.12/site-packages/flexbe_webui/__init__.py to __init__.cpython-312.pyc
[2.519s] byte-compiling /home/csrobot/flexbe_ws/install/flexbe_webui/lib/python3.12/site-packages/flexbe_webui/ros/__init__.py to __init__.cpython-312.pyc
[2.519s] byte-compiling /home/csrobot/flexbe_ws/install/flexbe_webui/lib/python3.12/site-packages/flexbe_webui/ros/packages.py to packages.cpython-312.pyc
[2.520s] byte-compiling /home/csrobot/flexbe_ws/install/flexbe_webui/lib/python3.12/site-packages/flexbe_webui/settings.py to settings.cpython-312.pyc
[2.521s] byte-compiling /home/csrobot/flexbe_ws/install/flexbe_webui/lib/python3.12/site-packages/flexbe_webui/webui_server.py to webui_server.cpython-312.pyc
[2.528s] byte-compiling /home/csrobot/flexbe_ws/install/flexbe_webui/lib/python3.12/site-packages/flexbe_webui/tools.py to tools.cpython-312.pyc
[2.531s] running install_data
[2.531s] creating /home/csrobot/flexbe_ws/install/flexbe_webui/share/ament_index
[2.531s] creating /home/csrobot/flexbe_ws/install/flexbe_webui/share/ament_index/resource_index
[2.531s] creating /home/csrobot/flexbe_ws/install/flexbe_webui/share/ament_index/resource_index/packages
[2.532s] copying resource/flexbe_webui -> /home/csrobot/flexbe_ws/install/flexbe_webui/share/ament_index/resource_index/packages
[2.532s] copying package.xml -> /home/csrobot/flexbe_ws/install/flexbe_webui/share/flexbe_webui
[2.532s] creating /home/csrobot/flexbe_ws/install/flexbe_webui/share/flexbe_webui/launch
[2.532s] copying launch/flexbe_ocs.launch.py -> /home/csrobot/flexbe_ws/install/flexbe_webui/share/flexbe_webui/launch
[2.532s] copying launch/flexbe_full.launch.py -> /home/csrobot/flexbe_ws/install/flexbe_webui/share/flexbe_webui/launch
[2.532s] creating /home/csrobot/flexbe_ws/install/flexbe_webui/share/flexbe_webui/config
[2.532s] copying config/flexbe_webui_config.json -> /home/csrobot/flexbe_ws/install/flexbe_webui/share/flexbe_webui/config
[2.532s] creating /home/csrobot/flexbe_ws/install/flexbe_webui/share/flexbe_webui/app
[2.532s] copying flexbe_webui/app/events.js -> /home/csrobot/flexbe_ws/install/flexbe_webui/share/flexbe_webui/app
[2.534s] copying flexbe_webui/app/window.js -> /home/csrobot/flexbe_ws/install/flexbe_webui/share/flexbe_webui/app
[2.534s] copying flexbe_webui/app/prototype.js -> /home/csrobot/flexbe_ws/install/flexbe_webui/share/flexbe_webui/app
[2.535s] copying flexbe_webui/app/window.html -> /home/csrobot/flexbe_ws/install/flexbe_webui/share/flexbe_webui/app
[2.535s] copying flexbe_webui/app/api.js -> /home/csrobot/flexbe_ws/install/flexbe_webui/share/flexbe_webui/app
[2.535s] creating /home/csrobot/flexbe_ws/install/flexbe_webui/share/flexbe_webui/app/io
[2.535s] copying flexbe_webui/app/io/io_modelgenerator.js -> /home/csrobot/flexbe_ws/install/flexbe_webui/share/flexbe_webui/app/io
[2.535s] copying flexbe_webui/app/io/io_codeparser.js -> /home/csrobot/flexbe_ws/install/flexbe_webui/share/flexbe_webui/app/io
[2.535s] copying flexbe_webui/app/io/io_behaviorsaver.js -> /home/csrobot/flexbe_ws/install/flexbe_webui/share/flexbe_webui/app/io
[2.536s] copying flexbe_webui/app/io/io_behaviorloader.js -> /home/csrobot/flexbe_ws/install/flexbe_webui/share/flexbe_webui/app/io
[2.536s] copying flexbe_webui/app/io/io_manifestparser.js -> /home/csrobot/flexbe_ws/install/flexbe_webui/share/flexbe_webui/app/io
[2.536s] copying flexbe_webui/app/io/io.js -> /home/csrobot/flexbe_ws/install/flexbe_webui/share/flexbe_webui/app/io
[2.536s] copying flexbe_webui/app/io/io_filesystem.js -> /home/csrobot/flexbe_ws/install/flexbe_webui/share/flexbe_webui/app/io
[2.536s] copying flexbe_webui/app/io/io_stateparser.js -> /home/csrobot/flexbe_ws/install/flexbe_webui/share/flexbe_webui/app/io
[2.536s] creating /home/csrobot/flexbe_ws/install/flexbe_webui/share/flexbe_webui/app/ext
[2.536s] copying flexbe_webui/app/ext/dagre.min.js -> /home/csrobot/flexbe_ws/install/flexbe_webui/share/flexbe_webui/app/ext
[2.536s] copying flexbe_webui/app/ext/mousetrap.min.js -> /home/csrobot/flexbe_ws/install/flexbe_webui/share/flexbe_webui/app/ext
[2.536s] copying flexbe_webui/app/ext/yaml.min.js -> /home/csrobot/flexbe_ws/install/flexbe_webui/share/flexbe_webui/app/ext
[2.536s] copying flexbe_webui/app/ext/raphael.js -> /home/csrobot/flexbe_ws/install/flexbe_webui/share/flexbe_webui/app/ext
[2.537s] copying flexbe_webui/app/ext/d3.min.js -> /home/csrobot/flexbe_ws/install/flexbe_webui/share/flexbe_webui/app/ext
[2.537s] copying flexbe_webui/app/ext/mousetrap-global-bind.min.js -> /home/csrobot/flexbe_ws/install/flexbe_webui/share/flexbe_webui/app/ext
[2.537s] copying flexbe_webui/app/ext/json_parse_raw.js -> /home/csrobot/flexbe_ws/install/flexbe_webui/share/flexbe_webui/app/ext
[2.537s] creating /home/csrobot/flexbe_ws/install/flexbe_webui/share/flexbe_webui/app/ws
[2.537s] copying flexbe_webui/app/ws/ws_documentation.js -> /home/csrobot/flexbe_ws/install/flexbe_webui/share/flexbe_webui/app/ws
[2.537s] copying flexbe_webui/app/ws/ws_statedefinition.js -> /home/csrobot/flexbe_ws/install/flexbe_webui/share/flexbe_webui/app/ws
[2.537s] copying flexbe_webui/app/ws/ws_behaviorlib.js -> /home/csrobot/flexbe_ws/install/flexbe_webui/share/flexbe_webui/app/ws
[2.537s] copying flexbe_webui/app/ws/ws_statelib.js -> /home/csrobot/flexbe_ws/install/flexbe_webui/share/flexbe_webui/app/ws
[2.537s] copying flexbe_webui/app/ws/ws_behaviorstatedefinition.js -> /home/csrobot/flexbe_ws/install/flexbe_webui/share/flexbe_webui/app/ws
[2.538s] copying flexbe_webui/app/ws/ws_statemachinedefinition.js -> /home/csrobot/flexbe_ws/install/flexbe_webui/share/flexbe_webui/app/ws
[2.538s] copying flexbe_webui/app/ws/ws.js -> /home/csrobot/flexbe_ws/install/flexbe_webui/share/flexbe_webui/app/ws
[2.538s] creating /home/csrobot/flexbe_ws/install/flexbe_webui/share/flexbe_webui/app/ros
[2.538s] copying flexbe_webui/app/ros/ros_publisher.js -> /home/csrobot/flexbe_ws/install/flexbe_webui/share/flexbe_webui/app/ros
[2.538s] copying flexbe_webui/app/ros/ros_actionclient.js -> /home/csrobot/flexbe_ws/install/flexbe_webui/share/flexbe_webui/app/ros
[2.538s] copying flexbe_webui/app/ros/ros_subscriber.js -> /home/csrobot/flexbe_ws/install/flexbe_webui/share/flexbe_webui/app/ros
[2.538s] copying flexbe_webui/app/ros/ros.js -> /home/csrobot/flexbe_ws/install/flexbe_webui/share/flexbe_webui/app/ros
[2.538s] creating /home/csrobot/flexbe_ws/install/flexbe_webui/share/flexbe_webui/app/drawable
[2.539s] copying flexbe_webui/app/drawable/drawable_state.js -> /home/csrobot/flexbe_ws/install/flexbe_webui/share/flexbe_webui/app/drawable
[2.539s] copying flexbe_webui/app/drawable/drawable_note.js -> /home/csrobot/flexbe_ws/install/flexbe_webui/share/flexbe_webui/app/drawable
[2.539s] copying flexbe_webui/app/drawable/drawable_behaviorstate.js -> /home/csrobot/flexbe_ws/install/flexbe_webui/share/flexbe_webui/app/drawable
[2.539s] copying flexbe_webui/app/drawable/drawable_transition.js -> /home/csrobot/flexbe_ws/install/flexbe_webui/share/flexbe_webui/app/drawable
[2.539s] copying flexbe_webui/app/drawable/drawable.js -> /home/csrobot/flexbe_ws/install/flexbe_webui/share/flexbe_webui/app/drawable
[2.539s] copying flexbe_webui/app/drawable/drawable_helper.js -> /home/csrobot/flexbe_ws/install/flexbe_webui/share/flexbe_webui/app/drawable
[2.539s] copying flexbe_webui/app/drawable/drawable_statemachine.js -> /home/csrobot/flexbe_ws/install/flexbe_webui/share/flexbe_webui/app/drawable
[2.539s] copying flexbe_webui/app/drawable/drawable_outcome.js -> /home/csrobot/flexbe_ws/install/flexbe_webui/share/flexbe_webui/app/drawable
[2.539s] copying flexbe_webui/app/drawable/drawable_containerpath.js -> /home/csrobot/flexbe_ws/install/flexbe_webui/share/flexbe_webui/app/drawable
[2.539s] creating /home/csrobot/flexbe_ws/install/flexbe_webui/share/flexbe_webui/app/ui
[2.539s] copying flexbe_webui/app/ui/ui_feed.js -> /home/csrobot/flexbe_ws/install/flexbe_webui/share/flexbe_webui/app/ui
[2.540s] copying flexbe_webui/app/ui/ui_tools.js -> /home/csrobot/flexbe_ws/install/flexbe_webui/share/flexbe_webui/app/ui
[2.540s] copying flexbe_webui/app/ui/ui_runtimecontrol.js -> /home/csrobot/flexbe_ws/install/flexbe_webui/share/flexbe_webui/app/ui
[2.540s] copying flexbe_webui/app/ui/ui_statemachine.js -> /home/csrobot/flexbe_ws/install/flexbe_webui/share/flexbe_webui/app/ui
[2.540s] copying flexbe_webui/app/ui/ui_dashboard.js -> /home/csrobot/flexbe_ws/install/flexbe_webui/share/flexbe_webui/app/ui
[2.540s] copying flexbe_webui/app/ui/ui.js -> /home/csrobot/flexbe_ws/install/flexbe_webui/share/flexbe_webui/app/ui
[2.540s] copying flexbe_webui/app/ui/ui_settings.js -> /home/csrobot/flexbe_ws/install/flexbe_webui/share/flexbe_webui/app/ui
[2.540s] copying flexbe_webui/app/ui/ui_menu.js -> /home/csrobot/flexbe_ws/install/flexbe_webui/share/flexbe_webui/app/ui
[2.540s] creating /home/csrobot/flexbe_ws/install/flexbe_webui/share/flexbe_webui/app/ui/panels
[2.540s] copying flexbe_webui/app/ui/panels/ui_panels.js -> /home/csrobot/flexbe_ws/install/flexbe_webui/share/flexbe_webui/app/ui/panels
[2.540s] copying flexbe_webui/app/ui/panels/ui_panels_terminal.js -> /home/csrobot/flexbe_ws/install/flexbe_webui/share/flexbe_webui/app/ui/panels
[2.540s] copying flexbe_webui/app/ui/panels/ui_panels_selectbehavior.js -> /home/csrobot/flexbe_ws/install/flexbe_webui/share/flexbe_webui/app/ui/panels
[2.541s] copying flexbe_webui/app/ui/panels/ui_panels_stateproperties.js -> /home/csrobot/flexbe_ws/install/flexbe_webui/share/flexbe_webui/app/ui/panels
[2.541s] copying flexbe_webui/app/ui/panels/ui_panels_addstate.js -> /home/csrobot/flexbe_ws/install/flexbe_webui/share/flexbe_webui/app/ui/panels
[2.541s] creating /home/csrobot/flexbe_ws/install/flexbe_webui/share/flexbe_webui/app/_model
[2.541s] copying flexbe_webui/app/_model/behavior.js -> /home/csrobot/flexbe_ws/install/flexbe_webui/share/flexbe_webui/app/_model
[2.541s] copying flexbe_webui/app/_model/note.js -> /home/csrobot/flexbe_ws/install/flexbe_webui/share/flexbe_webui/app/_model
[2.541s] copying flexbe_webui/app/_model/statemachine.js -> /home/csrobot/flexbe_ws/install/flexbe_webui/share/flexbe_webui/app/_model
[2.541s] copying flexbe_webui/app/_model/state.js -> /home/csrobot/flexbe_ws/install/flexbe_webui/share/flexbe_webui/app/_model
[2.541s] copying flexbe_webui/app/_model/behaviorstate.js -> /home/csrobot/flexbe_ws/install/flexbe_webui/share/flexbe_webui/app/_model
[2.541s] copying flexbe_webui/app/_model/transition.js -> /home/csrobot/flexbe_ws/install/flexbe_webui/share/flexbe_webui/app/_model
[2.541s] creating /home/csrobot/flexbe_ws/install/flexbe_webui/share/flexbe_webui/app/_test
[2.541s] copying flexbe_webui/app/_test/dump_workspace.js -> /home/csrobot/flexbe_ws/install/flexbe_webui/share/flexbe_webui/app/_test
[2.541s] copying flexbe_webui/app/_test/statelib.test.js -> /home/csrobot/flexbe_ws/install/flexbe_webui/share/flexbe_webui/app/_test
[2.542s] copying flexbe_webui/app/_test/testreport.js -> /home/csrobot/flexbe_ws/install/flexbe_webui/share/flexbe_webui/app/_test
[2.542s] copying flexbe_webui/app/_test/scripts.js -> /home/csrobot/flexbe_ws/install/flexbe_webui/share/flexbe_webui/app/_test
[2.542s] copying flexbe_webui/app/_test/checkbehaviorsreport.js -> /home/csrobot/flexbe_ws/install/flexbe_webui/share/flexbe_webui/app/_test
[2.542s] creating /home/csrobot/flexbe_ws/install/flexbe_webui/share/flexbe_webui/app/style
[2.542s] copying flexbe_webui/app/style/dashboard.css -> /home/csrobot/flexbe_ws/install/flexbe_webui/share/flexbe_webui/app/style
[2.542s] copying flexbe_webui/app/style/statemachine.css -> /home/csrobot/flexbe_ws/install/flexbe_webui/share/flexbe_webui/app/style
[2.542s] copying flexbe_webui/app/style/main.css -> /home/csrobot/flexbe_ws/install/flexbe_webui/share/flexbe_webui/app/style
[2.542s] copying flexbe_webui/app/style/popup.css -> /home/csrobot/flexbe_ws/install/flexbe_webui/share/flexbe_webui/app/style
[2.542s] copying flexbe_webui/app/style/runtimecontrol.css -> /home/csrobot/flexbe_ws/install/flexbe_webui/share/flexbe_webui/app/style
[2.542s] copying flexbe_webui/app/style/settings.css -> /home/csrobot/flexbe_ws/install/flexbe_webui/share/flexbe_webui/app/style
[2.542s] creating /home/csrobot/flexbe_ws/install/flexbe_webui/share/flexbe_webui/app/img
[2.542s] copying flexbe_webui/app/img/warning.png -> /home/csrobot/flexbe_ws/install/flexbe_webui/share/flexbe_webui/app/img
[2.543s] copying flexbe_webui/app/img/file_save.png -> /home/csrobot/flexbe_ws/install/flexbe_webui/share/flexbe_webui/app/img
[2.543s] copying flexbe_webui/app/img/chrislab_logo.png -> /home/csrobot/flexbe_ws/install/flexbe_webui/share/flexbe_webui/app/img
[2.543s] copying flexbe_webui/app/img/dataflow_white.png -> /home/csrobot/flexbe_ws/install/flexbe_webui/share/flexbe_webui/app/img
[2.543s] copying flexbe_webui/app/img/version_latest.png -> /home/csrobot/flexbe_ws/install/flexbe_webui/share/flexbe_webui/app/img
[2.543s] copying flexbe_webui/app/img/icon-128.png -> /home/csrobot/flexbe_ws/install/flexbe_webui/share/flexbe_webui/app/img
[2.544s] copying flexbe_webui/app/img/check.png -> /home/csrobot/flexbe_ws/install/flexbe_webui/share/flexbe_webui/app/img
[2.544s] copying flexbe_webui/app/img/error.png -> /home/csrobot/flexbe_ws/install/flexbe_webui/share/flexbe_webui/app/img
[2.544s] copying flexbe_webui/app/img/icon-16.png -> /home/csrobot/flexbe_ws/install/flexbe_webui/share/flexbe_webui/app/img
[2.544s] copying flexbe_webui/app/img/title_db.png -> /home/csrobot/flexbe_ws/install/flexbe_webui/share/flexbe_webui/app/img
[2.544s] copying flexbe_webui/app/img/file_save_white.png -> /home/csrobot/flexbe_ws/install/flexbe_webui/share/flexbe_webui/app/img
[2.544s] copying flexbe_webui/app/img/title_settings.png -> /home/csrobot/flexbe_ws/install/flexbe_webui/share/flexbe_webui/app/img
[2.544s] copying flexbe_webui/app/img/settings_import.png -> /home/csrobot/flexbe_ws/install/flexbe_webui/share/flexbe_webui/app/img
[2.544s] copying flexbe_webui/app/img/title_sm.png -> /home/csrobot/flexbe_ws/install/flexbe_webui/share/flexbe_webui/app/img
[2.544s] copying flexbe_webui/app/img/db.png -> /home/csrobot/flexbe_ws/install/flexbe_webui/share/flexbe_webui/app/img
[2.544s] copying flexbe_webui/app/img/title_save.png -> /home/csrobot/flexbe_ws/install/flexbe_webui/share/flexbe_webui/app/img
[2.544s] copying flexbe_webui/app/img/add.png -> /home/csrobot/flexbe_ws/install/flexbe_webui/share/flexbe_webui/app/img
[2.544s] copying flexbe_webui/app/img/link.png -> /home/csrobot/flexbe_ws/install/flexbe_webui/share/flexbe_webui/app/img
[2.544s] copying flexbe_webui/app/img/turn_back.png -> /home/csrobot/flexbe_ws/install/flexbe_webui/share/flexbe_webui/app/img
[2.545s] copying flexbe_webui/app/img/title_terminal.png -> /home/csrobot/flexbe_ws/install/flexbe_webui/share/flexbe_webui/app/img
[2.545s] copying flexbe_webui/app/img/version_old.png -> /home/csrobot/flexbe_ws/install/flexbe_webui/share/flexbe_webui/app/img
[2.545s] copying flexbe_webui/app/img/lightning.png -> /home/csrobot/flexbe_ws/install/flexbe_webui/share/flexbe_webui/app/img
[2.545s] copying flexbe_webui/app/img/cross.png -> /home/csrobot/flexbe_ws/install/flexbe_webui/share/flexbe_webui/app/img
[2.545s] copying flexbe_webui/app/img/se_active.png -> /home/csrobot/flexbe_ws/install/flexbe_webui/share/flexbe_webui/app/img
[2.545s] copying flexbe_webui/app/img/se.png -> /home/csrobot/flexbe_ws/install/flexbe_webui/share/flexbe_webui/app/img
[2.545s] copying flexbe_webui/app/img/information.png -> /home/csrobot/flexbe_ws/install/flexbe_webui/share/flexbe_webui/app/img
[2.545s] copying flexbe_webui/app/img/title_add.png -> /home/csrobot/flexbe_ws/install/flexbe_webui/share/flexbe_webui/app/img
[2.545s] copying flexbe_webui/app/img/file_load.png -> /home/csrobot/flexbe_ws/install/flexbe_webui/share/flexbe_webui/app/img
[2.545s] copying flexbe_webui/app/img/settings_export.png -> /home/csrobot/flexbe_ws/install/flexbe_webui/share/flexbe_webui/app/img
[2.545s] copying flexbe_webui/app/img/sm_active.png -> /home/csrobot/flexbe_ws/install/flexbe_webui/share/flexbe_webui/app/img
[2.545s] copying flexbe_webui/app/img/logo_borderless.png -> /home/csrobot/flexbe_ws/install/flexbe_webui/share/flexbe_webui/app/img
[2.545s] copying flexbe_webui/app/img/group_selection.png -> /home/csrobot/flexbe_ws/install/flexbe_webui/share/flexbe_webui/app/img
[2.546s] copying flexbe_webui/app/img/table_row_delete.png -> /home/csrobot/flexbe_ws/install/flexbe_webui/share/flexbe_webui/app/img
[2.546s] copying flexbe_webui/app/img/link_break.png -> /home/csrobot/flexbe_ws/install/flexbe_webui/share/flexbe_webui/app/img
[2.546s] copying flexbe_webui/app/img/version_offline.png -> /home/csrobot/flexbe_ws/install/flexbe_webui/share/flexbe_webui/app/img
[2.546s] copying flexbe_webui/app/img/autoconnect.png -> /home/csrobot/flexbe_ws/install/flexbe_webui/share/flexbe_webui/app/img
[2.546s] copying flexbe_webui/app/img/db_active.png -> /home/csrobot/flexbe_ws/install/flexbe_webui/share/flexbe_webui/app/img
[2.546s] copying flexbe_webui/app/img/note_add.png -> /home/csrobot/flexbe_ws/install/flexbe_webui/share/flexbe_webui/app/img
[2.546s] copying flexbe_webui/app/img/rc_active.png -> /home/csrobot/flexbe_ws/install/flexbe_webui/share/flexbe_webui/app/img
[2.546s] copying flexbe_webui/app/img/title_load.png -> /home/csrobot/flexbe_ws/install/flexbe_webui/share/flexbe_webui/app/img
[2.546s] copying flexbe_webui/app/img/team_vigir_logo.png -> /home/csrobot/flexbe_ws/install/flexbe_webui/share/flexbe_webui/app/img
[2.546s] copying flexbe_webui/app/img/outcome.png -> /home/csrobot/flexbe_ws/install/flexbe_webui/share/flexbe_webui/app/img
[2.546s] copying flexbe_webui/app/img/move-icon.png -> /home/csrobot/flexbe_ws/install/flexbe_webui/share/flexbe_webui/app/img
[2.546s] copying flexbe_webui/app/img/title_terminal_white.png -> /home/csrobot/flexbe_ws/install/flexbe_webui/share/flexbe_webui/app/img
[2.547s] copying flexbe_webui/app/img/sm.png -> /home/csrobot/flexbe_ws/install/flexbe_webui/share/flexbe_webui/app/img
[2.547s] copying flexbe_webui/app/img/redo.png -> /home/csrobot/flexbe_ws/install/flexbe_webui/share/flexbe_webui/app/img
[2.547s] copying flexbe_webui/app/img/lock.png -> /home/csrobot/flexbe_ws/install/flexbe_webui/share/flexbe_webui/app/img
[2.547s] copying flexbe_webui/app/img/pencil.png -> /home/csrobot/flexbe_ws/install/flexbe_webui/share/flexbe_webui/app/img
[2.547s] copying flexbe_webui/app/img/undo.png -> /home/csrobot/flexbe_ws/install/flexbe_webui/share/flexbe_webui/app/img
[2.547s] copying flexbe_webui/app/img/rc.png -> /home/csrobot/flexbe_ws/install/flexbe_webui/share/flexbe_webui/app/img
[2.547s] copying flexbe_webui/app/img/version_devel.png -> /home/csrobot/flexbe_ws/install/flexbe_webui/share/flexbe_webui/app/img
[2.547s] copying flexbe_webui/app/img/page_view.png -> /home/csrobot/flexbe_ws/install/flexbe_webui/share/flexbe_webui/app/img
[2.547s] copying flexbe_webui/app/img/page_edit.png -> /home/csrobot/flexbe_ws/install/flexbe_webui/share/flexbe_webui/app/img
[2.547s] copying flexbe_webui/app/img/tick.png -> /home/csrobot/flexbe_ws/install/flexbe_webui/share/flexbe_webui/app/img
[2.548s] copying flexbe_webui/app/img/note.png -> /home/csrobot/flexbe_ws/install/flexbe_webui/share/flexbe_webui/app/img
[2.548s] copying flexbe_webui/app/img/file_new.png -> /home/csrobot/flexbe_ws/install/flexbe_webui/share/flexbe_webui/app/img
[2.548s] copying flexbe_webui/app/img/dataflow.png -> /home/csrobot/flexbe_ws/install/flexbe_webui/share/flexbe_webui/app/img
[2.548s] copying flexbe_webui/app/img/smile.png -> /home/csrobot/flexbe_ws/install/flexbe_webui/share/flexbe_webui/app/img
[2.548s] copying flexbe_webui/app/img/close.png -> /home/csrobot/flexbe_ws/install/flexbe_webui/share/flexbe_webui/app/img
[2.548s] creating /home/csrobot/flexbe_ws/install/flexbe_webui/share/flexbe_webui/app/_helper
[2.548s] copying flexbe_webui/app/_helper/tools.js -> /home/csrobot/flexbe_ws/install/flexbe_webui/share/flexbe_webui/app/_helper
[2.548s] copying flexbe_webui/app/_helper/activitytracer.js -> /home/csrobot/flexbe_ws/install/flexbe_webui/share/flexbe_webui/app/_helper
[2.548s] copying flexbe_webui/app/_helper/checking.js -> /home/csrobot/flexbe_ws/install/flexbe_webui/share/flexbe_webui/app/_helper
[2.548s] copying flexbe_webui/app/_helper/command_lib.js -> /home/csrobot/flexbe_ws/install/flexbe_webui/share/flexbe_webui/app/_helper
[2.548s] copying flexbe_webui/app/_helper/autocomplete.js -> /home/csrobot/flexbe_ws/install/flexbe_webui/share/flexbe_webui/app/_helper
[2.548s] copying flexbe_webui/app/_helper/varsolver.js -> /home/csrobot/flexbe_ws/install/flexbe_webui/share/flexbe_webui/app/_helper
[2.548s] creating /home/csrobot/flexbe_ws/install/flexbe_webui/share/flexbe_webui/app/rc
[2.548s] copying flexbe_webui/app/rc/rc_controller.js -> /home/csrobot/flexbe_ws/install/flexbe_webui/share/flexbe_webui/app/rc
[2.549s] copying flexbe_webui/app/rc/rc_pubsub.js -> /home/csrobot/flexbe_ws/install/flexbe_webui/share/flexbe_webui/app/rc
[2.549s] copying flexbe_webui/app/rc/rc_ros.js -> /home/csrobot/flexbe_ws/install/flexbe_webui/share/flexbe_webui/app/rc
[2.549s] copying flexbe_webui/app/rc/rc_sync.js -> /home/csrobot/flexbe_ws/install/flexbe_webui/share/flexbe_webui/app/rc
[2.549s] copying flexbe_webui/app/rc/rc.js -> /home/csrobot/flexbe_ws/install/flexbe_webui/share/flexbe_webui/app/rc
[2.549s] running install_egg_info
[2.578s] Copying ../../build/flexbe_webui/flexbe_webui.egg-info to /home/csrobot/flexbe_ws/install/flexbe_webui/lib/python3.12/site-packages/flexbe_webui-4.0.3-py3.12.egg-info
[2.579s] running install_scripts
[2.764s] Installing webui_client script to /home/csrobot/flexbe_ws/install/flexbe_webui/lib/flexbe_webui
[2.765s] Installing webui_node script to /home/csrobot/flexbe_ws/install/flexbe_webui/lib/flexbe_webui
[2.765s] Installing webui_server script to /home/csrobot/flexbe_ws/install/flexbe_webui/lib/flexbe_webui
[2.765s] writing list of installed files to '/home/csrobot/flexbe_ws/build/flexbe_webui/install.log'
[2.806s] Invoked command in '/home/csrobot/flexbe_ws/src/flexbe_webui' returned '0': AMENT_PREFIX_PATH=/home/csrobot/flexbe_ws/install/flexbe_core:/home/csrobot/flexbe_ws/install/compare_flexbe_utilities:/home/csrobot/flexbe_ws/install/panda_moveit_config:/home/csrobot/flexbe_ws/install/panda_gazebo:/home/csrobot/flexbe_ws/install/panda_description:/home/csrobot/flexbe_ws/install/gpd_ros:/home/csrobot/flexbe_ws/install/flexbe_behavior_engine:/home/csrobot/flexbe_ws/install/flexbe_widget:/home/csrobot/flexbe_ws/install/flexbe_webui:/home/csrobot/flexbe_ws/install/flexbe_onboard:/home/csrobot/flexbe_ws/install/flexbe_states:/home/csrobot/flexbe_ws/install/flexbe_testing:/home/csrobot/flexbe_ws/install/flexbe_mirror:/home/csrobot/flexbe_ws/install/flexbe_input:/home/csrobot/flexbe_ws/install/example_flexbe_states:/home/csrobot/flexbe_ws/install/compare_flexbe:/home/csrobot/flexbe_ws/install/compare_flexbe_states:/home/csrobot/flexbe_ws/install/compare_flexbe_behaviors:/home/csrobot/flexbe_ws/install/flexbe_msgs:/home/csrobot/flexbe_ws/install/armada_gazebo:/home/csrobot/flexbe_ws/install/armada_description:/home/csrobot/flexbe_ws/install/armada_bringup:/home/csrobot/graspnet_ws/install/unseen_obj_clst_ros2:/home/csrobot/graspnet_ws/install/graspsam_ros2:/home/csrobot/graspnet_ws/install/contact_graspnet_ros2:/opt/ros/jazzy CMAKE_PREFIX_PATH=/home/csrobot/flexbe_ws/install/flexbe_msgs:/home/csrobot/flexbe_ws/install/compare_flexbe_utilities:/home/csrobot/flexbe_ws/install/panda_moveit_config:/home/csrobot/flexbe_ws/install/panda_gazebo:/home/csrobot/flexbe_ws/install/panda_description:/home/csrobot/flexbe_ws/install/gpd_ros:/home/csrobot/flexbe_ws/install/flexbe_behavior_engine:/home/csrobot/flexbe_ws/install/flexbe_widget:/home/csrobot/flexbe_ws/install/flexbe_testing:/home/csrobot/flexbe_ws/install/compare_flexbe:/home/csrobot/flexbe_ws/install/compare_flexbe_behaviors:/home/csrobot/flexbe_ws/install/armada_gazebo:/home/csrobot/flexbe_ws/install/armada_description:/home/csrobot/flexbe_ws/install/armada_bringup:/home/csrobot/graspnet_ws/install/unseen_obj_clst_ros2:/home/csrobot/graspnet_ws/install/graspsam_ros2:/home/csrobot/graspnet_ws/install/contact_graspnet_ros2:/opt/ros/jazzy/opt/gz_sim_vendor:/opt/ros/jazzy/opt/gz_sensors_vendor:/opt/ros/jazzy/opt/gz_physics_vendor:/opt/ros/jazzy/opt/sdformat_vendor:/opt/ros/jazzy/opt/gz_gui_vendor:/opt/ros/jazzy/opt/gz_transport_vendor:/opt/ros/jazzy/opt/gz_rendering_vendor:/opt/ros/jazzy/opt/gz_plugin_vendor:/opt/ros/jazzy/opt/gz_fuel_tools_vendor:/opt/ros/jazzy/opt/gz_msgs_vendor:/opt/ros/jazzy/opt/gz_common_vendor:/opt/ros/jazzy/opt/gz_math_vendor:/opt/ros/jazzy/opt/gz_utils_vendor:/opt/ros/jazzy/opt/gz_tools_vendor:/opt/ros/jazzy/opt/gz_ogre_next_vendor:/opt/ros/jazzy/opt/gz_dartsim_vendor:/opt/ros/jazzy/opt/gz_cmake_vendor DEBUGINFOD_URLS=https://debuginfod.ubuntu.com LD_LIBRARY_PATH=/home/csrobot/flexbe_ws/install/flexbe_msgs/lib:/home/csrobot/flexbe_ws/install/compare_flexbe_utilities/lib:/home/csrobot/flexbe_ws/install/gpd/lib:/home/csrobot/flexbe_ws/install/gpd_ros/lib:/home/csrobot/graspnet_ws/install/unseen_obj_clst_ros2/lib:/home/csrobot/graspnet_ws/install/graspsam_ros2/lib:/home/csrobot/graspnet_ws/install/contact_graspnet_ros2/lib:/opt/ros/jazzy/opt/gz_sim_vendor/lib:/opt/ros/jazzy/opt/gz_sensors_vendor/lib:/opt/ros/jazzy/opt/gz_physics_vendor/lib:/opt/ros/jazzy/opt/sdformat_vendor/lib:/opt/ros/jazzy/opt/rviz_ogre_vendor/lib:/opt/ros/jazzy/lib/x86_64-linux-gnu:/opt/ros/jazzy/opt/gz_gui_vendor/lib:/opt/ros/jazzy/opt/gz_transport_vendor/lib:/opt/ros/jazzy/opt/gz_rendering_vendor/lib:/opt/ros/jazzy/opt/gz_plugin_vendor/lib:/opt/ros/jazzy/opt/gz_fuel_tools_vendor/lib:/opt/ros/jazzy/opt/gz_msgs_vendor/lib:/opt/ros/jazzy/opt/gz_common_vendor/lib:/opt/ros/jazzy/opt/gz_math_vendor/lib:/opt/ros/jazzy/opt/gz_utils_vendor/lib:/opt/ros/jazzy/opt/gz_tools_vendor/lib:/opt/ros/jazzy/opt/gz_ogre_next_vendor/lib:/opt/ros/jazzy/opt/gz_dartsim_vendor/lib:/opt/ros/jazzy/opt/gz_cmake_vendor/lib:/opt/ros/jazzy/lib:/usr/local/cuda/lib64:/usr/local/cuda/lib64 PYTHONPATH=/home/csrobot/flexbe_ws/build/flexbe_webui/prefix_override:/usr/lib/python3/dist-packages/colcon_core/task/python/colcon_distutils_commands:/home/csrobot/flexbe_ws/install/flexbe_webui/lib/python3.12/site-packages:/home/csrobot/flexbe_ws/install/flexbe_core/lib/python3.12/site-packages:/home/csrobot/flexbe_ws/install/flexbe_msgs/lib/python3.12/site-packages:/home/csrobot/flexbe_ws/install/compare_flexbe_utilities/lib/python3.12/site-packages:/home/csrobot/flexbe_ws/install/gpd_ros/lib/python3.12/site-packages:/home/csrobot/flexbe_ws/install/flexbe_widget/lib/python3.12/site-packages:/home/csrobot/flexbe_ws/install/flexbe_webui/lib/python3.12/site-packages:/home/csrobot/flexbe_ws/install/flexbe_onboard/lib/python3.12/site-packages:/home/csrobot/flexbe_ws/install/flexbe_states/lib/python3.12/site-packages:/home/csrobot/flexbe_ws/install/flexbe_testing/lib/python3.12/site-packages:/home/csrobot/flexbe_ws/install/flexbe_mirror/lib/python3.12/site-packages:/home/csrobot/flexbe_ws/install/flexbe_input/lib/python3.12/site-packages:/home/csrobot/flexbe_ws/install/example_flexbe_states/lib/python3.12/site-packages:/home/csrobot/flexbe_ws/install/compare_flexbe_states/lib/python3.12/site-packages:/home/csrobot/flexbe_ws/install/compare_flexbe_behaviors/lib/python3.12/site-packages:/home/csrobot/graspnet_ws/install/unseen_obj_clst_ros2/lib/python3.12/site-packages:/home/csrobot/graspnet_ws/install/graspsam_ros2/lib/python3.12/site-packages:/home/csrobot/graspnet_ws/install/contact_graspnet_ros2/lib/python3.12/site-packages:/opt/ros/jazzy/lib/python3.12/site-packages /usr/bin/python3 -W ignore:setup.py install is deprecated -W ignore:easy_install command is deprecated setup.py egg_info --egg-base ../../build/flexbe_webui build --build-base /home/csrobot/flexbe_ws/build/flexbe_webui/build install --record /home/csrobot/flexbe_ws/build/flexbe_webui/install.log --single-version-externally-managed install_data
