[0.032s] Invoking command in '/home/csrobot/flexbe_ws/build/gpd': DEBUGINFOD_URLS=https://debuginfod.ubuntu.com /usr/bin/cmake --build /home/csrobot/flexbe_ws/build/gpd -- -j8 -l8
[0.094s] [  3%] Built target gpd_conv_layer
[0.107s] [  6%] Built target gpd_local_frame
[0.127s] [  9%] Built target gpd_finger_hand
[0.147s] [ 12%] Built target gpd_eigen_utils
[0.166s] [ 15%] Built target gpd_hand
[0.191s] [ 18%] Built target gpd_cloud
[0.212s] [ 21%] Built target gpd_clustering
[0.237s] [ 24%] Built target gpd_frame_estimator
[0.256s] [ 27%] Built target gpd_point_list
[0.274s] [ 30%] Built target gpd_config_file
[0.294s] [ 33%] Built target gpd_antipodal
[0.311s] [ 36%] Built target gpd_hand_geometry
[0.328s] [ 40%] Built target gpd_image_geometry
[0.351s] [ 43%] Built target gpd_hand_set
[0.372s] [ 46%] Built target gpd_dense_layer
[0.402s] [ 49%] Built target gpd_plot
[0.423s] [ 53%] Built target gpd_classifier
[0.452s] [ 56%] Built target gpd_hand_search
[0.476s] [ 60%] Built target gpd_image_15_channels_strategy
[0.506s] [ 63%] Built target gpd_candidates_generator
[0.529s] [ 66%] Built target gpd_image_12_channels_strategy
[0.558s] [ 69%] Built target gpd_generate_candidates
[0.580s] [ 72%] Built target gpd_image_3_channels_strategy
[0.603s] [ 75%] Built target gpd_image_1_channels_strategy
[0.625s] [ 78%] Built target gpd_image_strategy
[0.654s] [ 81%] Built target gpd_image_generator
[0.684s] [ 84%] Built target gpd_grasp_detector
[0.715s] [ 87%] Built target gpd_test_grasp_image
[0.744s] [ 90%] Built target gpd_label_grasps
[0.772s] [ 93%] Built target gpd_detect_grasps
[0.800s] [ 96%] Built target gpd_sequential_importance_sampling
[0.849s] [100%] Built target gpd_cem_detect_grasps
[0.851s] Invoked command in '/home/csrobot/flexbe_ws/build/gpd' returned '0': DEBUGINFOD_URLS=https://debuginfod.ubuntu.com /usr/bin/cmake --build /home/csrobot/flexbe_ws/build/gpd -- -j8 -l8
[0.852s] Invoking command in '/home/csrobot/flexbe_ws/build/gpd': DEBUGINFOD_URLS=https://debuginfod.ubuntu.com /usr/bin/cmake --install /home/csrobot/flexbe_ws/build/gpd
[0.852s] -- Install configuration: "Debug"
[0.852s] -- Up-to-date: /home/csrobot/flexbe_ws/install/gpd/lib/libgpd.so
[0.852s] -- Up-to-date: /home/csrobot/flexbe_ws/install/gpd/include/gpd
[0.852s] -- Up-to-date: /home/csrobot/flexbe_ws/install/gpd/include/gpd/data_generator.h
[0.852s] -- Up-to-date: /home/csrobot/flexbe_ws/install/gpd/include/gpd/grasp_detector.h
[0.853s] -- Up-to-date: /home/csrobot/flexbe_ws/install/gpd/include/gpd/clustering.h
[0.853s] -- Up-to-date: /home/csrobot/flexbe_ws/install/gpd/include/gpd/descriptor
[0.853s] -- Up-to-date: /home/csrobot/flexbe_ws/install/gpd/include/gpd/descriptor/image_1_channels_strategy.h
[0.853s] -- Up-to-date: /home/csrobot/flexbe_ws/install/gpd/include/gpd/descriptor/image_geometry.h
[0.853s] -- Up-to-date: /home/csrobot/flexbe_ws/install/gpd/include/gpd/descriptor/image_generator.h
[0.853s] -- Up-to-date: /home/csrobot/flexbe_ws/install/gpd/include/gpd/descriptor/image_15_channels_strategy.h
[0.853s] -- Up-to-date: /home/csrobot/flexbe_ws/install/gpd/include/gpd/descriptor/image_12_channels_strategy.h
[0.853s] -- Up-to-date: /home/csrobot/flexbe_ws/install/gpd/include/gpd/descriptor/image_strategy.h
[0.853s] -- Up-to-date: /home/csrobot/flexbe_ws/install/gpd/include/gpd/descriptor/image_3_channels_strategy.h
[0.853s] -- Up-to-date: /home/csrobot/flexbe_ws/install/gpd/include/gpd/util
[0.853s] -- Up-to-date: /home/csrobot/flexbe_ws/install/gpd/include/gpd/util/plot.h
[0.853s] -- Up-to-date: /home/csrobot/flexbe_ws/install/gpd/include/gpd/util/point_list.h
[0.853s] -- Up-to-date: /home/csrobot/flexbe_ws/install/gpd/include/gpd/util/config_file.h
[0.853s] -- Up-to-date: /home/csrobot/flexbe_ws/install/gpd/include/gpd/util/cloud.h
[0.853s] -- Up-to-date: /home/csrobot/flexbe_ws/install/gpd/include/gpd/util/eigen_utils.h
[0.853s] -- Up-to-date: /home/csrobot/flexbe_ws/install/gpd/include/gpd/sequential_importance_sampling.h
[0.853s] -- Up-to-date: /home/csrobot/flexbe_ws/install/gpd/include/gpd/net
[0.854s] -- Up-to-date: /home/csrobot/flexbe_ws/install/gpd/include/gpd/net/caffe_classifier.h
[0.854s] -- Up-to-date: /home/csrobot/flexbe_ws/install/gpd/include/gpd/net/layer.h
[0.854s] -- Up-to-date: /home/csrobot/flexbe_ws/install/gpd/include/gpd/net/dense_layer.h
[0.854s] -- Up-to-date: /home/csrobot/flexbe_ws/install/gpd/include/gpd/net/classifier.h
[0.854s] -- Up-to-date: /home/csrobot/flexbe_ws/install/gpd/include/gpd/net/eigen_classifier.h
[0.854s] -- Up-to-date: /home/csrobot/flexbe_ws/install/gpd/include/gpd/net/conv_layer.h
[0.854s] -- Up-to-date: /home/csrobot/flexbe_ws/install/gpd/include/gpd/net/openvino_classifier.h.in
[0.854s] -- Up-to-date: /home/csrobot/flexbe_ws/install/gpd/include/gpd/candidate
[0.854s] -- Up-to-date: /home/csrobot/flexbe_ws/install/gpd/include/gpd/candidate/frame_estimator.h
[0.854s] -- Up-to-date: /home/csrobot/flexbe_ws/install/gpd/include/gpd/candidate/candidates_generator.h
[0.855s] -- Up-to-date: /home/csrobot/flexbe_ws/install/gpd/include/gpd/candidate/finger_hand.h
[0.855s] -- Up-to-date: /home/csrobot/flexbe_ws/install/gpd/include/gpd/candidate/hand_set.h
[0.855s] -- Up-to-date: /home/csrobot/flexbe_ws/install/gpd/include/gpd/candidate/local_frame.h
[0.855s] -- Up-to-date: /home/csrobot/flexbe_ws/install/gpd/include/gpd/candidate/hand.h
[0.855s] -- Up-to-date: /home/csrobot/flexbe_ws/install/gpd/include/gpd/candidate/hand_geometry.h
[0.855s] -- Up-to-date: /home/csrobot/flexbe_ws/install/gpd/include/gpd/candidate/hand_search.h
[0.855s] -- Up-to-date: /home/csrobot/flexbe_ws/install/gpd/include/gpd/candidate/antipodal.h
[0.856s] Invoked command in '/home/csrobot/flexbe_ws/build/gpd' returned '0': DEBUGINFOD_URLS=https://debuginfod.ubuntu.com /usr/bin/cmake --install /home/csrobot/flexbe_ws/build/gpd
