-- Install configuration: ""
-- Up-to-date: /home/csrobot/flexbe_ws/install/armada_description/share/armada_description/panda
-- Up-to-date: /home/csrobot/flexbe_ws/install/armada_description/share/armada_description/panda/xacro
-- Up-to-date: /home/csrobot/flexbe_ws/install/armada_description/share/armada_description/panda/xacro/panda_simple_pedestal.urdf.xacro
-- Up-to-date: /home/csrobot/flexbe_ws/install/armada_description/share/armada_description/panda/xacro/macro.panda.urdf.xacro
-- Up-to-date: /home/csrobot/flexbe_ws/install/armada_description/share/armada_description/panda/xacro/macro.ros2_control.xacro
-- Up-to-date: /home/csrobot/flexbe_ws/install/armada_description/share/armada_description/panda/xacro/macro.transmission.xacro
-- Up-to-date: /home/csrobot/flexbe_ws/install/armada_description/share/armada_description/panda/xacro/panda_pedestal_workstation.urdf.xacro
-- Up-to-date: /home/csrobot/flexbe_ws/install/armada_description/share/armada_description/panda/xacro/panda.urdf.xacro
-- Up-to-date: /home/csrobot/flexbe_ws/install/armada_description/share/armada_description/tm5-700
-- Up-to-date: /home/csrobot/flexbe_ws/install/armada_description/share/armada_description/tm5-700/xacro
-- Up-to-date: /home/csrobot/flexbe_ws/install/armada_description/share/armada_description/tm5-700/xacro/macro.tm5-700-nominal.urdf.xacro
-- Up-to-date: /home/csrobot/flexbe_ws/install/armada_description/share/armada_description/tm5-700/xacro/macro.ros2_control.xacro
-- Up-to-date: /home/csrobot/flexbe_ws/install/armada_description/share/armada_description/tm5-700/xacro/macro.transmission.xacro
-- Up-to-date: /home/csrobot/flexbe_ws/install/armada_description/share/armada_description/tm5-700/xacro/tm5-700_simple_pedestal.urdf.xacro
-- Up-to-date: /home/csrobot/flexbe_ws/install/armada_description/share/armada_description/tm5-700/xacro/tm5-700.urdf.xacro
-- Up-to-date: /home/csrobot/flexbe_ws/install/armada_description/share/armada_description/tm5-700/xacro/macro.materials.xacro
-- Up-to-date: /home/csrobot/flexbe_ws/install/armada_description/share/armada_description/workstation
-- Up-to-date: /home/csrobot/flexbe_ws/install/armada_description/share/armada_description/workstation/xacro
-- Up-to-date: /home/csrobot/flexbe_ws/install/armada_description/share/armada_description/workstation/xacro/macro.simple_pedestal.urdf.xacro
-- Up-to-date: /home/csrobot/flexbe_ws/install/armada_description/share/armada_description/workstation/xacro/macro.pedestal_workstation.urdf.xacro
-- Up-to-date: /home/csrobot/flexbe_ws/install/armada_description/share/ament_index/resource_index/package_run_dependencies/armada_description
-- Up-to-date: /home/csrobot/flexbe_ws/install/armada_description/share/ament_index/resource_index/parent_prefix_path/armada_description
-- Up-to-date: /home/csrobot/flexbe_ws/install/armada_description/share/armada_description/environment/ament_prefix_path.sh
-- Up-to-date: /home/csrobot/flexbe_ws/install/armada_description/share/armada_description/environment/ament_prefix_path.dsv
-- Up-to-date: /home/csrobot/flexbe_ws/install/armada_description/share/armada_description/environment/path.sh
-- Up-to-date: /home/csrobot/flexbe_ws/install/armada_description/share/armada_description/environment/path.dsv
-- Up-to-date: /home/csrobot/flexbe_ws/install/armada_description/share/armada_description/local_setup.bash
-- Up-to-date: /home/csrobot/flexbe_ws/install/armada_description/share/armada_description/local_setup.sh
-- Up-to-date: /home/csrobot/flexbe_ws/install/armada_description/share/armada_description/local_setup.zsh
-- Up-to-date: /home/csrobot/flexbe_ws/install/armada_description/share/armada_description/local_setup.dsv
-- Installing: /home/csrobot/flexbe_ws/install/armada_description/share/armada_description/package.dsv
-- Up-to-date: /home/csrobot/flexbe_ws/install/armada_description/share/ament_index/resource_index/packages/armada_description
-- Up-to-date: /home/csrobot/flexbe_ws/install/armada_description/share/armada_description/cmake/armada_descriptionConfig.cmake
-- Up-to-date: /home/csrobot/flexbe_ws/install/armada_description/share/armada_description/cmake/armada_descriptionConfig-version.cmake
-- Up-to-date: /home/csrobot/flexbe_ws/install/armada_description/share/armada_description/package.xml
