running egg_info
writing ../../../build/example_flexbe_states/example_flexbe_states.egg-info/PKG-INFO
writing dependency_links to ../../../build/example_flexbe_states/example_flexbe_states.egg-info/dependency_links.txt
writing entry points to ../../../build/example_flexbe_states/example_flexbe_states.egg-info/entry_points.txt
writing requirements to ../../../build/example_flexbe_states/example_flexbe_states.egg-info/requires.txt
writing top-level names to ../../../build/example_flexbe_states/example_flexbe_states.egg-info/top_level.txt
reading manifest file '../../../build/example_flexbe_states/example_flexbe_states.egg-info/SOURCES.txt'
writing manifest file '../../../build/example_flexbe_states/example_flexbe_states.egg-info/SOURCES.txt'
running build
running build_py
running install
running install_lib
running install_data
running install_egg_info
removing '/home/csrobot/flexbe_ws/install/example_flexbe_states/lib/python3.12/site-packages/example_flexbe_states-0.0.1-py3.12.egg-info' (and everything under it)
Copying ../../../build/example_flexbe_states/example_flexbe_states.egg-info to /home/csrobot/flexbe_ws/install/example_flexbe_states/lib/python3.12/site-packages/example_flexbe_states-0.0.1-py3.12.egg-info
running install_scripts
Installing example_action_state script to /home/csrobot/flexbe_ws/install/example_flexbe_states/lib/example_flexbe_states
Installing example_state script to /home/csrobot/flexbe_ws/install/example_flexbe_states/lib/example_flexbe_states
writing list of installed files to '/home/csrobot/flexbe_ws/build/example_flexbe_states/install.log'
