[0.025s] Invoking command in '/home/csrobot/flexbe_ws/build/armada_bringup': CMAKE_PREFIX_PATH=${CMAKE_PREFIX_PATH}:/home/csrobot/flexbe_ws/install/flexbe_webui:/home/csrobot/flexbe_ws/install/flexbe_onboard:/home/csrobot/flexbe_ws/install/flexbe_states:/home/csrobot/flexbe_ws/install/flexbe_mirror:/home/csrobot/flexbe_ws/install/flexbe_input:/home/csrobot/flexbe_ws/install/example_flexbe_states:/home/csrobot/flexbe_ws/install/compare_flexbe_states:/home/csrobot/flexbe_ws/install/flexbe_core:/opt/ros/jazzy DEBUGINFOD_URLS=https://debuginfod.ubuntu.com /usr/bin/cmake /home/csrobot/flexbe_ws/src/armada_ros2/armada_bringup -DCMAKE_INSTALL_PREFIX=/home/csrobot/flexbe_ws/install/armada_bringup
[0.086s] -- The C compiler identification is GNU 13.3.0
[0.141s] -- The CXX compiler identification is GNU 13.3.0
[0.157s] -- Detecting C compiler ABI info
[0.251s] -- Detecting C compiler ABI info - done
[0.263s] -- Check for working C compiler: /usr/bin/cc - skipped
[0.264s] -- Detecting C compile features
[0.264s] -- Detecting C compile features - done
[0.275s] -- Detecting CXX compiler ABI info
[0.381s] -- Detecting CXX compiler ABI info - done
[0.396s] -- Check for working CXX compiler: /usr/bin/c++ - skipped
[0.397s] -- Detecting CXX compile features
[0.398s] -- Detecting CXX compile features - done
[0.407s] -- Found ament_cmake: 2.5.4 (/opt/ros/jazzy/share/ament_cmake/cmake)
[0.599s] -- Found Python3: /usr/bin/python3 (found version "3.12.3") found components: Interpreter 
[0.728s] -- Found ament_lint_auto: 0.17.3 (/opt/ros/jazzy/share/ament_lint_auto/cmake)
[0.880s] -- Added test 'flake8' to check Python code syntax and style conventions
[0.880s] -- Configured 'flake8' exclude dirs and/or files: 
[0.881s] -- Added test 'lint_cmake' to check CMake code style
[0.884s] -- Added test 'pep257' to check Python code against some of the docstring style conventions in PEP 257
[0.884s] -- Added test 'xmllint' to check XML markup files
[0.886s] -- Configuring done (0.9s)
[0.890s] -- Generating done (0.0s)
[0.892s] -- Build files have been written to: /home/csrobot/flexbe_ws/build/armada_bringup
[0.906s] Invoked command in '/home/csrobot/flexbe_ws/build/armada_bringup' returned '0': CMAKE_PREFIX_PATH=${CMAKE_PREFIX_PATH}:/home/csrobot/flexbe_ws/install/flexbe_webui:/home/csrobot/flexbe_ws/install/flexbe_onboard:/home/csrobot/flexbe_ws/install/flexbe_states:/home/csrobot/flexbe_ws/install/flexbe_mirror:/home/csrobot/flexbe_ws/install/flexbe_input:/home/csrobot/flexbe_ws/install/example_flexbe_states:/home/csrobot/flexbe_ws/install/compare_flexbe_states:/home/csrobot/flexbe_ws/install/flexbe_core:/opt/ros/jazzy DEBUGINFOD_URLS=https://debuginfod.ubuntu.com /usr/bin/cmake /home/csrobot/flexbe_ws/src/armada_ros2/armada_bringup -DCMAKE_INSTALL_PREFIX=/home/csrobot/flexbe_ws/install/armada_bringup
[0.906s] Invoking command in '/home/csrobot/flexbe_ws/build/armada_bringup': CMAKE_PREFIX_PATH=${CMAKE_PREFIX_PATH}:/home/csrobot/flexbe_ws/install/flexbe_webui:/home/csrobot/flexbe_ws/install/flexbe_onboard:/home/csrobot/flexbe_ws/install/flexbe_states:/home/csrobot/flexbe_ws/install/flexbe_mirror:/home/csrobot/flexbe_ws/install/flexbe_input:/home/csrobot/flexbe_ws/install/example_flexbe_states:/home/csrobot/flexbe_ws/install/compare_flexbe_states:/home/csrobot/flexbe_ws/install/flexbe_core:/opt/ros/jazzy DEBUGINFOD_URLS=https://debuginfod.ubuntu.com /usr/bin/cmake --build /home/csrobot/flexbe_ws/build/armada_bringup -- -j8 -l8
[0.955s] Invoked command in '/home/csrobot/flexbe_ws/build/armada_bringup' returned '0': CMAKE_PREFIX_PATH=${CMAKE_PREFIX_PATH}:/home/csrobot/flexbe_ws/install/flexbe_webui:/home/csrobot/flexbe_ws/install/flexbe_onboard:/home/csrobot/flexbe_ws/install/flexbe_states:/home/csrobot/flexbe_ws/install/flexbe_mirror:/home/csrobot/flexbe_ws/install/flexbe_input:/home/csrobot/flexbe_ws/install/example_flexbe_states:/home/csrobot/flexbe_ws/install/compare_flexbe_states:/home/csrobot/flexbe_ws/install/flexbe_core:/opt/ros/jazzy DEBUGINFOD_URLS=https://debuginfod.ubuntu.com /usr/bin/cmake --build /home/csrobot/flexbe_ws/build/armada_bringup -- -j8 -l8
[0.956s] Invoking command in '/home/csrobot/flexbe_ws/build/armada_bringup': CMAKE_PREFIX_PATH=${CMAKE_PREFIX_PATH}:/home/csrobot/flexbe_ws/install/flexbe_webui:/home/csrobot/flexbe_ws/install/flexbe_onboard:/home/csrobot/flexbe_ws/install/flexbe_states:/home/csrobot/flexbe_ws/install/flexbe_mirror:/home/csrobot/flexbe_ws/install/flexbe_input:/home/csrobot/flexbe_ws/install/example_flexbe_states:/home/csrobot/flexbe_ws/install/compare_flexbe_states:/home/csrobot/flexbe_ws/install/flexbe_core:/opt/ros/jazzy DEBUGINFOD_URLS=https://debuginfod.ubuntu.com /usr/bin/cmake --install /home/csrobot/flexbe_ws/build/armada_bringup
[0.992s] -- Install configuration: ""
[0.992s] -- Installing: /home/csrobot/flexbe_ws/install/armada_bringup/share/armada_bringup/launch
[0.993s] -- Installing: /home/csrobot/flexbe_ws/install/armada_bringup/share/armada_bringup/launch/__pycache__
[0.993s] -- Installing: /home/csrobot/flexbe_ws/install/armada_bringup/share/armada_bringup/launch/__pycache__/gazebo_move_group.launch.cpython-310.pyc
[0.993s] -- Installing: /home/csrobot/flexbe_ws/install/armada_bringup/share/armada_bringup/launch/__pycache__/panda_gazebo_move_group.launch.cpython-312.pyc
[0.993s] -- Installing: /home/csrobot/flexbe_ws/install/armada_bringup/share/armada_bringup/launch/__pycache__/gazebo_move_group.launch.cpython-312.pyc
[0.993s] -- Installing: /home/csrobot/flexbe_ws/install/armada_bringup/share/armada_bringup/launch/panda_gazebo_move_group.launch.py
[0.993s] -- Installing: /home/csrobot/flexbe_ws/install/armada_bringup/share/armada_bringup/launch/gazebo_move_group.launch.py
[0.993s] -- Installing: /home/csrobot/flexbe_ws/install/armada_bringup/share/ament_index/resource_index/package_run_dependencies/armada_bringup
[0.993s] -- Installing: /home/csrobot/flexbe_ws/install/armada_bringup/share/ament_index/resource_index/parent_prefix_path/armada_bringup
[0.994s] -- Installing: /home/csrobot/flexbe_ws/install/armada_bringup/share/armada_bringup/environment/ament_prefix_path.sh
[0.994s] -- Installing: /home/csrobot/flexbe_ws/install/armada_bringup/share/armada_bringup/environment/ament_prefix_path.dsv
[0.994s] -- Installing: /home/csrobot/flexbe_ws/install/armada_bringup/share/armada_bringup/environment/path.sh
[0.994s] -- Installing: /home/csrobot/flexbe_ws/install/armada_bringup/share/armada_bringup/environment/path.dsv
[0.994s] -- Installing: /home/csrobot/flexbe_ws/install/armada_bringup/share/armada_bringup/local_setup.bash
[0.994s] -- Installing: /home/csrobot/flexbe_ws/install/armada_bringup/share/armada_bringup/local_setup.sh
[0.994s] -- Installing: /home/csrobot/flexbe_ws/install/armada_bringup/share/armada_bringup/local_setup.zsh
[0.994s] -- Installing: /home/csrobot/flexbe_ws/install/armada_bringup/share/armada_bringup/local_setup.dsv
[0.995s] -- Installing: /home/csrobot/flexbe_ws/install/armada_bringup/share/armada_bringup/package.dsv
[0.995s] -- Installing: /home/csrobot/flexbe_ws/install/armada_bringup/share/ament_index/resource_index/packages/armada_bringup
[0.996s] -- Installing: /home/csrobot/flexbe_ws/install/armada_bringup/share/armada_bringup/cmake/armada_bringupConfig.cmake
[0.996s] -- Installing: /home/csrobot/flexbe_ws/install/armada_bringup/share/armada_bringup/cmake/armada_bringupConfig-version.cmake
[0.996s] -- Installing: /home/csrobot/flexbe_ws/install/armada_bringup/share/armada_bringup/package.xml
[0.997s] Invoked command in '/home/csrobot/flexbe_ws/build/armada_bringup' returned '0': CMAKE_PREFIX_PATH=${CMAKE_PREFIX_PATH}:/home/csrobot/flexbe_ws/install/flexbe_webui:/home/csrobot/flexbe_ws/install/flexbe_onboard:/home/csrobot/flexbe_ws/install/flexbe_states:/home/csrobot/flexbe_ws/install/flexbe_mirror:/home/csrobot/flexbe_ws/install/flexbe_input:/home/csrobot/flexbe_ws/install/example_flexbe_states:/home/csrobot/flexbe_ws/install/compare_flexbe_states:/home/csrobot/flexbe_ws/install/flexbe_core:/opt/ros/jazzy DEBUGINFOD_URLS=https://debuginfod.ubuntu.com /usr/bin/cmake --install /home/csrobot/flexbe_ws/build/armada_bringup
