/home/csrobot/flexbe_ws/install/compare_flexbe_states/lib/python3.12/site-packages/compare_flexbe_states/get_point_cloud_service_state.py
/home/csrobot/flexbe_ws/install/compare_flexbe_states/lib/python3.12/site-packages/compare_flexbe_states/build_mask_cloud_state.py
/home/csrobot/flexbe_ws/install/compare_flexbe_states/lib/python3.12/site-packages/compare_flexbe_states/publish_point_cloud_state.py
/home/csrobot/flexbe_ws/install/compare_flexbe_states/lib/python3.12/site-packages/compare_flexbe_states/voxel_grid_filter_state.py
/home/csrobot/flexbe_ws/install/compare_flexbe_states/lib/python3.12/site-packages/compare_flexbe_states/detect_grasps_service_state.py
/home/csrobot/flexbe_ws/install/compare_flexbe_states/lib/python3.12/site-packages/compare_flexbe_states/unseen_obj_seg_cloud_service_state.py
/home/csrobot/flexbe_ws/install/compare_flexbe_states/lib/python3.12/site-packages/compare_flexbe_states/move_to_named_pose_service_state.py
/home/csrobot/flexbe_ws/install/compare_flexbe_states/lib/python3.12/site-packages/compare_flexbe_states/unseen_obj_seg_rgbd_service_state.py
/home/csrobot/flexbe_ws/install/compare_flexbe_states/lib/python3.12/site-packages/compare_flexbe_states/move_to_pose_service_state.py
/home/csrobot/flexbe_ws/install/compare_flexbe_states/lib/python3.12/site-packages/compare_flexbe_states/filter_by_indices_service_state.py
/home/csrobot/flexbe_ws/install/compare_flexbe_states/lib/python3.12/site-packages/compare_flexbe_states/__init__.py
/home/csrobot/flexbe_ws/install/compare_flexbe_states/lib/python3.12/site-packages/compare_flexbe_states/cgn_grasp_rgbd_service_state.py
/home/csrobot/flexbe_ws/install/compare_flexbe_states/lib/python3.12/site-packages/compare_flexbe_states/plane_segmentation_service_state.py
/home/csrobot/flexbe_ws/install/compare_flexbe_states/lib/python3.12/site-packages/compare_flexbe_states/reach_to_grasp_service_state.py
/home/csrobot/flexbe_ws/install/compare_flexbe_states/lib/python3.12/site-packages/compare_flexbe_states/gpd_grasp_poses_service_state.py
/home/csrobot/flexbe_ws/install/compare_flexbe_states/lib/python3.12/site-packages/compare_flexbe_states/cartesian_move_to_pose_service_state.py
/home/csrobot/flexbe_ws/install/compare_flexbe_states/lib/python3.12/site-packages/compare_flexbe_states/gripper_command_action_state.py
/home/csrobot/flexbe_ws/install/compare_flexbe_states/lib/python3.12/site-packages/compare_flexbe_states/cgn_grasp_cloud_service_state.py
/home/csrobot/flexbe_ws/install/compare_flexbe_states/lib/python3.12/site-packages/compare_flexbe_states/euclidean_clustering_service_state.py
/home/csrobot/flexbe_ws/install/compare_flexbe_states/lib/python3.12/site-packages/compare_flexbe_states/select_instance_to_cgn_indices_state.py
/home/csrobot/flexbe_ws/install/compare_flexbe_states/lib/python3.12/site-packages/compare_flexbe_states/__pycache__/get_point_cloud_service_state.cpython-312.pyc
/home/csrobot/flexbe_ws/install/compare_flexbe_states/lib/python3.12/site-packages/compare_flexbe_states/__pycache__/build_mask_cloud_state.cpython-312.pyc
/home/csrobot/flexbe_ws/install/compare_flexbe_states/lib/python3.12/site-packages/compare_flexbe_states/__pycache__/publish_point_cloud_state.cpython-312.pyc
/home/csrobot/flexbe_ws/install/compare_flexbe_states/lib/python3.12/site-packages/compare_flexbe_states/__pycache__/voxel_grid_filter_state.cpython-312.pyc
/home/csrobot/flexbe_ws/install/compare_flexbe_states/lib/python3.12/site-packages/compare_flexbe_states/__pycache__/detect_grasps_service_state.cpython-312.pyc
/home/csrobot/flexbe_ws/install/compare_flexbe_states/lib/python3.12/site-packages/compare_flexbe_states/__pycache__/unseen_obj_seg_cloud_service_state.cpython-312.pyc
/home/csrobot/flexbe_ws/install/compare_flexbe_states/lib/python3.12/site-packages/compare_flexbe_states/__pycache__/move_to_named_pose_service_state.cpython-312.pyc
/home/csrobot/flexbe_ws/install/compare_flexbe_states/lib/python3.12/site-packages/compare_flexbe_states/__pycache__/unseen_obj_seg_rgbd_service_state.cpython-312.pyc
/home/csrobot/flexbe_ws/install/compare_flexbe_states/lib/python3.12/site-packages/compare_flexbe_states/__pycache__/move_to_pose_service_state.cpython-312.pyc
/home/csrobot/flexbe_ws/install/compare_flexbe_states/lib/python3.12/site-packages/compare_flexbe_states/__pycache__/filter_by_indices_service_state.cpython-312.pyc
/home/csrobot/flexbe_ws/install/compare_flexbe_states/lib/python3.12/site-packages/compare_flexbe_states/__pycache__/__init__.cpython-312.pyc
/home/csrobot/flexbe_ws/install/compare_flexbe_states/lib/python3.12/site-packages/compare_flexbe_states/__pycache__/cgn_grasp_rgbd_service_state.cpython-312.pyc
/home/csrobot/flexbe_ws/install/compare_flexbe_states/lib/python3.12/site-packages/compare_flexbe_states/__pycache__/plane_segmentation_service_state.cpython-312.pyc
/home/csrobot/flexbe_ws/install/compare_flexbe_states/lib/python3.12/site-packages/compare_flexbe_states/__pycache__/reach_to_grasp_service_state.cpython-312.pyc
/home/csrobot/flexbe_ws/install/compare_flexbe_states/lib/python3.12/site-packages/compare_flexbe_states/__pycache__/gpd_grasp_poses_service_state.cpython-312.pyc
/home/csrobot/flexbe_ws/install/compare_flexbe_states/lib/python3.12/site-packages/compare_flexbe_states/__pycache__/cartesian_move_to_pose_service_state.cpython-312.pyc
/home/csrobot/flexbe_ws/install/compare_flexbe_states/lib/python3.12/site-packages/compare_flexbe_states/__pycache__/gripper_command_action_state.cpython-312.pyc
/home/csrobot/flexbe_ws/install/compare_flexbe_states/lib/python3.12/site-packages/compare_flexbe_states/__pycache__/cgn_grasp_cloud_service_state.cpython-312.pyc
/home/csrobot/flexbe_ws/install/compare_flexbe_states/lib/python3.12/site-packages/compare_flexbe_states/__pycache__/euclidean_clustering_service_state.cpython-312.pyc
/home/csrobot/flexbe_ws/install/compare_flexbe_states/lib/python3.12/site-packages/compare_flexbe_states/__pycache__/select_instance_to_cgn_indices_state.cpython-312.pyc
/home/csrobot/flexbe_ws/install/compare_flexbe_states/share/ament_index/resource_index/packages/compare_flexbe_states
/home/csrobot/flexbe_ws/install/compare_flexbe_states/share/compare_flexbe_states/package.xml
/home/csrobot/flexbe_ws/install/compare_flexbe_states/share/compare_flexbe_states/tests/example_state.test
/home/csrobot/flexbe_ws/install/compare_flexbe_states/share/compare_flexbe_states/tests/example_action_state.test
/home/csrobot/flexbe_ws/install/compare_flexbe_states/share/compare_flexbe_states/launch/run_tests.launch.py
/home/csrobot/flexbe_ws/install/compare_flexbe_states/lib/python3.12/site-packages/compare_flexbe_states-0.0.1-py3.12.egg-info/dependency_links.txt
/home/csrobot/flexbe_ws/install/compare_flexbe_states/lib/python3.12/site-packages/compare_flexbe_states-0.0.1-py3.12.egg-info/entry_points.txt
/home/csrobot/flexbe_ws/install/compare_flexbe_states/lib/python3.12/site-packages/compare_flexbe_states-0.0.1-py3.12.egg-info/requires.txt
/home/csrobot/flexbe_ws/install/compare_flexbe_states/lib/python3.12/site-packages/compare_flexbe_states-0.0.1-py3.12.egg-info/top_level.txt
/home/csrobot/flexbe_ws/install/compare_flexbe_states/lib/python3.12/site-packages/compare_flexbe_states-0.0.1-py3.12.egg-info/SOURCES.txt
/home/csrobot/flexbe_ws/install/compare_flexbe_states/lib/python3.12/site-packages/compare_flexbe_states-0.0.1-py3.12.egg-info/PKG-INFO
/home/csrobot/flexbe_ws/install/compare_flexbe_states/lib/python3.12/site-packages/compare_flexbe_states-0.0.1-py3.12.egg-info/zip-safe
/home/csrobot/flexbe_ws/install/compare_flexbe_states/lib/compare_flexbe_states/example_action_state
/home/csrobot/flexbe_ws/install/compare_flexbe_states/lib/compare_flexbe_states/example_state
