[0.032s] Invoking command in '/home/csrobot/flexbe_ws/build/gpd': DEBUGINFOD_URLS=https://debuginfod.ubuntu.com /usr/bin/cmake --build /home/csrobot/flexbe_ws/build/gpd -- -j8 -l8
[0.104s] [  3%] Built target gpd_config_file
[0.104s] [  6%] Built target gpd_conv_layer
[0.105s] [  9%] Built target gpd_eigen_utils
[0.120s] [ 12%] Built target gpd_local_frame
[0.121s] [ 15%] Built target gpd_finger_hand
[0.121s] [ 18%] Built target gpd_dense_layer
[0.135s] [ 21%] Built target gpd_hand_geometry
[0.136s] [ 24%] Built target gpd_image_geometry
[0.151s] [ 27%] Built target gpd_hand
[0.155s] [ 30%] Built target gpd_point_list
[0.157s] [ 35%] Built target gpd_classifier
[0.162s] [ 38%] Built target gpd_cloud
[0.202s] [ 41%] Built target gpd_antipodal
[0.218s] [ 44%] Built target gpd_frame_estimator
[0.218s] [ 47%] Built target gpd_clustering
[0.231s] [ 50%] Built target gpd_hand_set
[0.259s] [ 53%] Built target gpd_image_15_channels_strategy
[0.265s] [ 56%] Built target gpd_plot
[0.289s] [ 60%] Built target gpd_image_12_channels_strategy
[0.308s] [ 63%] Built target gpd_hand_search
[0.319s] [ 66%] Built target gpd_image_3_channels_strategy
[0.340s] [ 69%] Built target gpd_candidates_generator
[0.341s] [ 72%] Built target gpd_image_1_channels_strategy
[0.364s] [ 75%] Built target gpd_image_strategy
[0.369s] [ 78%] Built target gpd_generate_candidates
[0.393s] [ 81%] Built target gpd_image_generator
[0.424s] [ 87%] Built target gpd_test_grasp_image
[0.424s] [ 87%] Built target gpd_grasp_detector
[0.453s] [ 95%] Built target gpd_detect_grasps
[0.454s] [ 95%] Built target gpd_sequential_importance_sampling
[0.454s] [ 96%] Built target gpd_label_grasps
[0.484s] [100%] Built target gpd_cem_detect_grasps
[0.494s] Invoked command in '/home/csrobot/flexbe_ws/build/gpd' returned '0': DEBUGINFOD_URLS=https://debuginfod.ubuntu.com /usr/bin/cmake --build /home/csrobot/flexbe_ws/build/gpd -- -j8 -l8
[0.495s] Invoking command in '/home/csrobot/flexbe_ws/build/gpd': DEBUGINFOD_URLS=https://debuginfod.ubuntu.com /usr/bin/cmake --install /home/csrobot/flexbe_ws/build/gpd
[0.502s] -- Install configuration: "Debug"
[0.502s] -- Up-to-date: /home/csrobot/flexbe_ws/install/gpd/lib/libgpd.so
[0.502s] -- Up-to-date: /home/csrobot/flexbe_ws/install/gpd/include/gpd
[0.502s] -- Up-to-date: /home/csrobot/flexbe_ws/install/gpd/include/gpd/data_generator.h
[0.502s] -- Up-to-date: /home/csrobot/flexbe_ws/install/gpd/include/gpd/grasp_detector.h
[0.502s] -- Up-to-date: /home/csrobot/flexbe_ws/install/gpd/include/gpd/clustering.h
[0.503s] -- Up-to-date: /home/csrobot/flexbe_ws/install/gpd/include/gpd/descriptor
[0.503s] -- Up-to-date: /home/csrobot/flexbe_ws/install/gpd/include/gpd/descriptor/image_1_channels_strategy.h
[0.503s] -- Up-to-date: /home/csrobot/flexbe_ws/install/gpd/include/gpd/descriptor/image_geometry.h
[0.503s] -- Up-to-date: /home/csrobot/flexbe_ws/install/gpd/include/gpd/descriptor/image_generator.h
[0.503s] -- Up-to-date: /home/csrobot/flexbe_ws/install/gpd/include/gpd/descriptor/image_15_channels_strategy.h
[0.503s] -- Up-to-date: /home/csrobot/flexbe_ws/install/gpd/include/gpd/descriptor/image_12_channels_strategy.h
[0.503s] -- Up-to-date: /home/csrobot/flexbe_ws/install/gpd/include/gpd/descriptor/image_strategy.h
[0.503s] -- Up-to-date: /home/csrobot/flexbe_ws/install/gpd/include/gpd/descriptor/image_3_channels_strategy.h
[0.503s] -- Up-to-date: /home/csrobot/flexbe_ws/install/gpd/include/gpd/util
[0.503s] -- Up-to-date: /home/csrobot/flexbe_ws/install/gpd/include/gpd/util/plot.h
[0.503s] -- Up-to-date: /home/csrobot/flexbe_ws/install/gpd/include/gpd/util/point_list.h
[0.503s] -- Up-to-date: /home/csrobot/flexbe_ws/install/gpd/include/gpd/util/config_file.h
[0.503s] -- Up-to-date: /home/csrobot/flexbe_ws/install/gpd/include/gpd/util/cloud.h
[0.503s] -- Up-to-date: /home/csrobot/flexbe_ws/install/gpd/include/gpd/util/eigen_utils.h
[0.504s] -- Up-to-date: /home/csrobot/flexbe_ws/install/gpd/include/gpd/sequential_importance_sampling.h
[0.504s] -- Up-to-date: /home/csrobot/flexbe_ws/install/gpd/include/gpd/net
[0.504s] -- Up-to-date: /home/csrobot/flexbe_ws/install/gpd/include/gpd/net/caffe_classifier.h
[0.504s] -- Up-to-date: /home/csrobot/flexbe_ws/install/gpd/include/gpd/net/layer.h
[0.504s] -- Up-to-date: /home/csrobot/flexbe_ws/install/gpd/include/gpd/net/dense_layer.h
[0.504s] -- Up-to-date: /home/csrobot/flexbe_ws/install/gpd/include/gpd/net/classifier.h
[0.504s] -- Up-to-date: /home/csrobot/flexbe_ws/install/gpd/include/gpd/net/eigen_classifier.h
[0.504s] -- Up-to-date: /home/csrobot/flexbe_ws/install/gpd/include/gpd/net/conv_layer.h
[0.505s] -- Up-to-date: /home/csrobot/flexbe_ws/install/gpd/include/gpd/net/openvino_classifier.h.in
[0.505s] -- Up-to-date: /home/csrobot/flexbe_ws/install/gpd/include/gpd/candidate
[0.505s] -- Up-to-date: /home/csrobot/flexbe_ws/install/gpd/include/gpd/candidate/frame_estimator.h
[0.505s] -- Up-to-date: /home/csrobot/flexbe_ws/install/gpd/include/gpd/candidate/candidates_generator.h
[0.505s] -- Up-to-date: /home/csrobot/flexbe_ws/install/gpd/include/gpd/candidate/finger_hand.h
[0.505s] -- Up-to-date: /home/csrobot/flexbe_ws/install/gpd/include/gpd/candidate/hand_set.h
[0.505s] -- Up-to-date: /home/csrobot/flexbe_ws/install/gpd/include/gpd/candidate/local_frame.h
[0.505s] -- Up-to-date: /home/csrobot/flexbe_ws/install/gpd/include/gpd/candidate/hand.h
[0.505s] -- Up-to-date: /home/csrobot/flexbe_ws/install/gpd/include/gpd/candidate/hand_geometry.h
[0.505s] -- Up-to-date: /home/csrobot/flexbe_ws/install/gpd/include/gpd/candidate/hand_search.h
[0.506s] -- Up-to-date: /home/csrobot/flexbe_ws/install/gpd/include/gpd/candidate/antipodal.h
[0.506s] Invoked command in '/home/csrobot/flexbe_ws/build/gpd' returned '0': DEBUGINFOD_URLS=https://debuginfod.ubuntu.com /usr/bin/cmake --install /home/csrobot/flexbe_ws/build/gpd
