[0.027s] Invoking command in '/home/csrobot/flexbe_ws/build/panda_description': CMAKE_PREFIX_PATH=${CMAKE_PREFIX_PATH}:/home/csrobot/flexbe_ws/install/flexbe_webui:/home/csrobot/flexbe_ws/install/flexbe_onboard:/home/csrobot/flexbe_ws/install/flexbe_states:/home/csrobot/flexbe_ws/install/flexbe_mirror:/home/csrobot/flexbe_ws/install/flexbe_input:/home/csrobot/flexbe_ws/install/example_flexbe_states:/home/csrobot/flexbe_ws/install/compare_flexbe_states:/home/csrobot/flexbe_ws/install/flexbe_core:/opt/ros/jazzy DEBUGINFOD_URLS=https://debuginfod.ubuntu.com /usr/bin/cmake /home/csrobot/flexbe_ws/src/panda_ros2/panda_description -DCMAKE_INSTALL_PREFIX=/home/csrobot/flexbe_ws/install/panda_description
[0.087s] -- The C compiler identification is GNU 13.3.0
[0.158s] -- The CXX compiler identification is GNU 13.3.0
[0.175s] -- Detecting C compiler ABI info
[0.284s] -- Detecting C compiler ABI info - done
[0.294s] -- Check for working C compiler: /usr/bin/cc - skipped
[0.295s] -- Detecting C compile features
[0.296s] -- Detecting C compile features - done
[0.315s] -- Detecting CXX compiler ABI info
[0.416s] -- Detecting CXX compiler ABI info - done
[0.432s] -- Check for working CXX compiler: /usr/bin/c++ - skipped
[0.432s] -- Detecting CXX compile features
[0.433s] -- Detecting CXX compile features - done
[0.440s] -- Found ament_cmake: 2.5.4 (/opt/ros/jazzy/share/ament_cmake/cmake)
[0.654s] -- Found Python3: /usr/bin/python3 (found version "3.12.3") found components: Interpreter 
[0.887s] -- Configuring done (0.9s)
[0.888s] -- Generating done (0.0s)
[0.890s] -- Build files have been written to: /home/csrobot/flexbe_ws/build/panda_description
[0.900s] Invoked command in '/home/csrobot/flexbe_ws/build/panda_description' returned '0': CMAKE_PREFIX_PATH=${CMAKE_PREFIX_PATH}:/home/csrobot/flexbe_ws/install/flexbe_webui:/home/csrobot/flexbe_ws/install/flexbe_onboard:/home/csrobot/flexbe_ws/install/flexbe_states:/home/csrobot/flexbe_ws/install/flexbe_mirror:/home/csrobot/flexbe_ws/install/flexbe_input:/home/csrobot/flexbe_ws/install/example_flexbe_states:/home/csrobot/flexbe_ws/install/compare_flexbe_states:/home/csrobot/flexbe_ws/install/flexbe_core:/opt/ros/jazzy DEBUGINFOD_URLS=https://debuginfod.ubuntu.com /usr/bin/cmake /home/csrobot/flexbe_ws/src/panda_ros2/panda_description -DCMAKE_INSTALL_PREFIX=/home/csrobot/flexbe_ws/install/panda_description
[0.900s] Invoking command in '/home/csrobot/flexbe_ws/build/panda_description': CMAKE_PREFIX_PATH=${CMAKE_PREFIX_PATH}:/home/csrobot/flexbe_ws/install/flexbe_webui:/home/csrobot/flexbe_ws/install/flexbe_onboard:/home/csrobot/flexbe_ws/install/flexbe_states:/home/csrobot/flexbe_ws/install/flexbe_mirror:/home/csrobot/flexbe_ws/install/flexbe_input:/home/csrobot/flexbe_ws/install/example_flexbe_states:/home/csrobot/flexbe_ws/install/compare_flexbe_states:/home/csrobot/flexbe_ws/install/flexbe_core:/opt/ros/jazzy DEBUGINFOD_URLS=https://debuginfod.ubuntu.com /usr/bin/cmake --build /home/csrobot/flexbe_ws/build/panda_description -- -j8 -l8
[0.955s] Invoked command in '/home/csrobot/flexbe_ws/build/panda_description' returned '0': CMAKE_PREFIX_PATH=${CMAKE_PREFIX_PATH}:/home/csrobot/flexbe_ws/install/flexbe_webui:/home/csrobot/flexbe_ws/install/flexbe_onboard:/home/csrobot/flexbe_ws/install/flexbe_states:/home/csrobot/flexbe_ws/install/flexbe_mirror:/home/csrobot/flexbe_ws/install/flexbe_input:/home/csrobot/flexbe_ws/install/example_flexbe_states:/home/csrobot/flexbe_ws/install/compare_flexbe_states:/home/csrobot/flexbe_ws/install/flexbe_core:/opt/ros/jazzy DEBUGINFOD_URLS=https://debuginfod.ubuntu.com /usr/bin/cmake --build /home/csrobot/flexbe_ws/build/panda_description -- -j8 -l8
[0.956s] Invoking command in '/home/csrobot/flexbe_ws/build/panda_description': CMAKE_PREFIX_PATH=${CMAKE_PREFIX_PATH}:/home/csrobot/flexbe_ws/install/flexbe_webui:/home/csrobot/flexbe_ws/install/flexbe_onboard:/home/csrobot/flexbe_ws/install/flexbe_states:/home/csrobot/flexbe_ws/install/flexbe_mirror:/home/csrobot/flexbe_ws/install/flexbe_input:/home/csrobot/flexbe_ws/install/example_flexbe_states:/home/csrobot/flexbe_ws/install/compare_flexbe_states:/home/csrobot/flexbe_ws/install/flexbe_core:/opt/ros/jazzy DEBUGINFOD_URLS=https://debuginfod.ubuntu.com /usr/bin/cmake --install /home/csrobot/flexbe_ws/build/panda_description
[0.973s] -- Install configuration: ""
[0.973s] -- Installing: /home/csrobot/flexbe_ws/install/panda_description/share/panda_description/models
[0.973s] -- Installing: /home/csrobot/flexbe_ws/install/panda_description/share/panda_description/models/panda
[0.974s] -- Installing: /home/csrobot/flexbe_ws/install/panda_description/share/panda_description/models/panda/model.sdf
[0.974s] -- Installing: /home/csrobot/flexbe_ws/install/panda_description/share/panda_description/models/panda/model.config
[0.974s] -- Installing: /home/csrobot/flexbe_ws/install/panda_description/share/panda_description/meshes
[0.974s] -- Installing: /home/csrobot/flexbe_ws/install/panda_description/share/panda_description/meshes/collision
[0.975s] -- Installing: /home/csrobot/flexbe_ws/install/panda_description/share/panda_description/meshes/collision/link3.stl
[0.975s] -- Installing: /home/csrobot/flexbe_ws/install/panda_description/share/panda_description/meshes/collision/finger.stl
[0.976s] -- Installing: /home/csrobot/flexbe_ws/install/panda_description/share/panda_description/meshes/collision/link6.stl
[0.976s] -- Installing: /home/csrobot/flexbe_ws/install/panda_description/share/panda_description/meshes/collision/link2.stl
[0.976s] -- Installing: /home/csrobot/flexbe_ws/install/panda_description/share/panda_description/meshes/collision/link4.stl
[0.976s] -- Installing: /home/csrobot/flexbe_ws/install/panda_description/share/panda_description/meshes/collision/link7.stl
[0.976s] -- Installing: /home/csrobot/flexbe_ws/install/panda_description/share/panda_description/meshes/collision/link5.stl
[0.977s] -- Installing: /home/csrobot/flexbe_ws/install/panda_description/share/panda_description/meshes/collision/link1.stl
[0.977s] -- Installing: /home/csrobot/flexbe_ws/install/panda_description/share/panda_description/meshes/collision/link0.stl
[0.977s] -- Installing: /home/csrobot/flexbe_ws/install/panda_description/share/panda_description/meshes/collision/hand.stl
[0.977s] -- Installing: /home/csrobot/flexbe_ws/install/panda_description/share/panda_description/meshes/visual
[0.977s] -- Installing: /home/csrobot/flexbe_ws/install/panda_description/share/panda_description/meshes/visual/finger.dae
[0.978s] -- Installing: /home/csrobot/flexbe_ws/install/panda_description/share/panda_description/meshes/visual/link3.dae
[0.978s] -- Installing: /home/csrobot/flexbe_ws/install/panda_description/share/panda_description/meshes/visual/link5.dae
[0.978s] -- Installing: /home/csrobot/flexbe_ws/install/panda_description/share/panda_description/meshes/visual/link7.dae
[0.978s] -- Installing: /home/csrobot/flexbe_ws/install/panda_description/share/panda_description/meshes/visual/link0.dae
[0.978s] -- Installing: /home/csrobot/flexbe_ws/install/panda_description/share/panda_description/meshes/visual/link6.dae
[0.978s] -- Installing: /home/csrobot/flexbe_ws/install/panda_description/share/panda_description/meshes/visual/link2.dae
[0.978s] -- Installing: /home/csrobot/flexbe_ws/install/panda_description/share/panda_description/meshes/visual/link1.dae
[0.978s] -- Installing: /home/csrobot/flexbe_ws/install/panda_description/share/panda_description/meshes/visual/link4.dae
[0.980s] -- Installing: /home/csrobot/flexbe_ws/install/panda_description/share/panda_description/meshes/visual/hand.dae
[0.983s] -- Installing: /home/csrobot/flexbe_ws/install/panda_description/share/panda_description/urdf
[0.983s] -- Installing: /home/csrobot/flexbe_ws/install/panda_description/share/panda_description/urdf/panda_no_dynamics.urdf
[0.983s] -- Installing: /home/csrobot/flexbe_ws/install/panda_description/share/panda_description/urdf/panda.urdf
[0.983s] -- Installing: /home/csrobot/flexbe_ws/install/panda_description/share/panda_description/urdf/panda.urdf.xacro
[0.984s] -- Installing: /home/csrobot/flexbe_ws/install/panda_description/share/panda_description/urdf/panda.sdf
[0.984s] -- Installing: /home/csrobot/flexbe_ws/install/panda_description/share/panda_description/xacro
[0.984s] -- Installing: /home/csrobot/flexbe_ws/install/panda_description/share/panda_description/xacro/macro.panda.urdf.xacro
[0.984s] -- Installing: /home/csrobot/flexbe_ws/install/panda_description/share/panda_description/xacro/macro.ros2_control.xacro
[0.984s] -- Installing: /home/csrobot/flexbe_ws/install/panda_description/share/panda_description/xacro/macro.transmission.xacro
[0.984s] -- Installing: /home/csrobot/flexbe_ws/install/panda_description/share/panda_description/xacro/macro.gazebo.xacro
[0.984s] -- Installing: /home/csrobot/flexbe_ws/install/panda_description/share/panda_description/xacro/macro.gazebo_sensor.xacro
[0.984s] -- Installing: /home/csrobot/flexbe_ws/install/panda_description/share/panda_description/xacro/panda.urdf.xacro
[0.984s] -- Installing: /home/csrobot/flexbe_ws/install/panda_description/share/panda_description/xacro/panda_converted.urdf
[0.984s] -- Installing: /home/csrobot/flexbe_ws/install/panda_description/share/panda_description/environment/panda_description.dsv
[0.985s] -- Installing: /home/csrobot/flexbe_ws/install/panda_description/share/ament_index/resource_index/package_run_dependencies/panda_description
[0.985s] -- Installing: /home/csrobot/flexbe_ws/install/panda_description/share/ament_index/resource_index/parent_prefix_path/panda_description
[0.985s] -- Installing: /home/csrobot/flexbe_ws/install/panda_description/share/panda_description/environment/ament_prefix_path.sh
[0.985s] -- Installing: /home/csrobot/flexbe_ws/install/panda_description/share/panda_description/environment/ament_prefix_path.dsv
[0.987s] -- Installing: /home/csrobot/flexbe_ws/install/panda_description/share/panda_description/environment/path.sh
[0.987s] -- Installing: /home/csrobot/flexbe_ws/install/panda_description/share/panda_description/environment/path.dsv
[0.987s] -- Installing: /home/csrobot/flexbe_ws/install/panda_description/share/panda_description/local_setup.bash
[0.987s] -- Installing: /home/csrobot/flexbe_ws/install/panda_description/share/panda_description/local_setup.sh
[0.987s] -- Installing: /home/csrobot/flexbe_ws/install/panda_description/share/panda_description/local_setup.zsh
[0.987s] -- Installing: /home/csrobot/flexbe_ws/install/panda_description/share/panda_description/local_setup.dsv
[0.987s] -- Installing: /home/csrobot/flexbe_ws/install/panda_description/share/panda_description/package.dsv
[0.987s] -- Installing: /home/csrobot/flexbe_ws/install/panda_description/share/ament_index/resource_index/packages/panda_description
[0.987s] -- Installing: /home/csrobot/flexbe_ws/install/panda_description/share/panda_description/cmake/panda_descriptionConfig.cmake
[0.987s] -- Installing: /home/csrobot/flexbe_ws/install/panda_description/share/panda_description/cmake/panda_descriptionConfig-version.cmake
[0.988s] -- Installing: /home/csrobot/flexbe_ws/install/panda_description/share/panda_description/package.xml
[1.011s] Invoked command in '/home/csrobot/flexbe_ws/build/panda_description' returned '0': CMAKE_PREFIX_PATH=${CMAKE_PREFIX_PATH}:/home/csrobot/flexbe_ws/install/flexbe_webui:/home/csrobot/flexbe_ws/install/flexbe_onboard:/home/csrobot/flexbe_ws/install/flexbe_states:/home/csrobot/flexbe_ws/install/flexbe_mirror:/home/csrobot/flexbe_ws/install/flexbe_input:/home/csrobot/flexbe_ws/install/example_flexbe_states:/home/csrobot/flexbe_ws/install/compare_flexbe_states:/home/csrobot/flexbe_ws/install/flexbe_core:/opt/ros/jazzy DEBUGINFOD_URLS=https://debuginfod.ubuntu.com /usr/bin/cmake --install /home/csrobot/flexbe_ws/build/panda_description
