[0.046s] Invoking command in '/home/csrobot/flexbe_ws/build/gpd_ros': CMAKE_PREFIX_PATH=${CMAKE_PREFIX_PATH}:/home/csrobot/flexbe_ws/install/flexbe_webui:/home/csrobot/flexbe_ws/install/flexbe_onboard:/home/csrobot/flexbe_ws/install/flexbe_states:/home/csrobot/flexbe_ws/install/flexbe_mirror:/home/csrobot/flexbe_ws/install/flexbe_input:/home/csrobot/flexbe_ws/install/example_flexbe_states:/home/csrobot/flexbe_ws/install/compare_flexbe_states:/home/csrobot/flexbe_ws/install/flexbe_core:/opt/ros/jazzy DEBUGINFOD_URLS=https://debuginfod.ubuntu.com /usr/bin/cmake --build /home/csrobot/flexbe_ws/build/gpd_ros -- -j8 -l8
[0.128s] [  0%] Built target gpd_ros__rosidl_generator_type_description
[0.154s] [  0%] Built target ament_cmake_python_copy_gpd_ros
[0.154s] [  0%] Built target gpd_ros__cpp
[0.165s] [  2%] Built target grasp_plotter
[0.177s] [ 26%] Built target gpd_ros__rosidl_generator_c
[0.222s] [ 35%] Built target gpd_ros__rosidl_typesupport_c
[0.235s] [ 44%] Built target gpd_ros__rosidl_typesupport_fastrtps_c
[0.240s] [ 53%] Built target gpd_ros__rosidl_typesupport_introspection_c
[0.243s] [ 62%] Built target gpd_ros__rosidl_typesupport_introspection_cpp
[0.246s] [ 71%] Built target gpd_ros__rosidl_typesupport_cpp
[0.251s] [ 80%] Built target gpd_ros__rosidl_typesupport_fastrtps_cpp
[0.267s] [ 80%] Built target gpd_ros
[0.286s] [ 81%] Built target gpd_ros__py
[0.306s] [ 83%] Built target grasp_pose_server
[0.307s] [ 85%] Built target grasp_messages
[0.312s] [ 93%] Built target gpd_ros__rosidl_generator_py
[0.336s] [ 94%] Built target gpd_ros_s__rosidl_typesupport_introspection_c
[0.337s] [ 96%] Built target gpd_ros_s__rosidl_typesupport_fastrtps_c
[0.340s] [ 98%] Built target gpd_ros_s__rosidl_typesupport_c
[0.353s] [ 99%] [32m[1mLinking CXX executable grasp_detection_server[0m
[0.436s] running egg_info
[0.463s] writing gpd_ros.egg-info/PKG-INFO
[0.463s] writing dependency_links to gpd_ros.egg-info/dependency_links.txt
[0.463s] writing top-level names to gpd_ros.egg-info/top_level.txt
[0.542s] reading manifest file 'gpd_ros.egg-info/SOURCES.txt'
[0.547s] writing manifest file 'gpd_ros.egg-info/SOURCES.txt'
[0.591s] [ 99%] Built target ament_cmake_python_build_gpd_ros_egg
[2.344s] [100%] Built target grasp_detection_server
[2.365s] Invoked command in '/home/csrobot/flexbe_ws/build/gpd_ros' returned '0': CMAKE_PREFIX_PATH=${CMAKE_PREFIX_PATH}:/home/csrobot/flexbe_ws/install/flexbe_webui:/home/csrobot/flexbe_ws/install/flexbe_onboard:/home/csrobot/flexbe_ws/install/flexbe_states:/home/csrobot/flexbe_ws/install/flexbe_mirror:/home/csrobot/flexbe_ws/install/flexbe_input:/home/csrobot/flexbe_ws/install/example_flexbe_states:/home/csrobot/flexbe_ws/install/compare_flexbe_states:/home/csrobot/flexbe_ws/install/flexbe_core:/opt/ros/jazzy DEBUGINFOD_URLS=https://debuginfod.ubuntu.com /usr/bin/cmake --build /home/csrobot/flexbe_ws/build/gpd_ros -- -j8 -l8
[2.366s] Invoking command in '/home/csrobot/flexbe_ws/build/gpd_ros': CMAKE_PREFIX_PATH=${CMAKE_PREFIX_PATH}:/home/csrobot/flexbe_ws/install/flexbe_webui:/home/csrobot/flexbe_ws/install/flexbe_onboard:/home/csrobot/flexbe_ws/install/flexbe_states:/home/csrobot/flexbe_ws/install/flexbe_mirror:/home/csrobot/flexbe_ws/install/flexbe_input:/home/csrobot/flexbe_ws/install/example_flexbe_states:/home/csrobot/flexbe_ws/install/compare_flexbe_states:/home/csrobot/flexbe_ws/install/flexbe_core:/opt/ros/jazzy DEBUGINFOD_URLS=https://debuginfod.ubuntu.com /usr/bin/cmake --install /home/csrobot/flexbe_ws/build/gpd_ros
[2.378s] -- Install configuration: ""
[2.378s] -- Up-to-date: /home/csrobot/flexbe_ws/install/gpd_ros/share/ament_index/resource_index/rosidl_interfaces/gpd_ros
[2.378s] -- Up-to-date: /home/csrobot/flexbe_ws/install/gpd_ros/share/gpd_ros/msg/CloudIndexed.json
[2.378s] -- Up-to-date: /home/csrobot/flexbe_ws/install/gpd_ros/share/gpd_ros/msg/CloudSamples.json
[2.378s] -- Up-to-date: /home/csrobot/flexbe_ws/install/gpd_ros/share/gpd_ros/msg/CloudSources.json
[2.378s] -- Up-to-date: /home/csrobot/flexbe_ws/install/gpd_ros/share/gpd_ros/msg/GraspConfig.json
[2.378s] -- Up-to-date: /home/csrobot/flexbe_ws/install/gpd_ros/share/gpd_ros/msg/GraspConfigList.json
[2.379s] -- Up-to-date: /home/csrobot/flexbe_ws/install/gpd_ros/share/gpd_ros/msg/SamplesMsg.json
[2.379s] -- Up-to-date: /home/csrobot/flexbe_ws/install/gpd_ros/share/gpd_ros/srv/DetectGrasps.json
[2.379s] -- Up-to-date: /home/csrobot/flexbe_ws/install/gpd_ros/share/gpd_ros/srv/ComputeGraspPoses.json
[2.379s] -- Up-to-date: /home/csrobot/flexbe_ws/install/gpd_ros/include/gpd_ros/gpd_ros
[2.379s] -- Up-to-date: /home/csrobot/flexbe_ws/install/gpd_ros/include/gpd_ros/gpd_ros/msg
[2.379s] -- Up-to-date: /home/csrobot/flexbe_ws/install/gpd_ros/include/gpd_ros/gpd_ros/msg/grasp_config.h
[2.380s] -- Up-to-date: /home/csrobot/flexbe_ws/install/gpd_ros/include/gpd_ros/gpd_ros/msg/rosidl_generator_c__visibility_control.h
[2.380s] -- Up-to-date: /home/csrobot/flexbe_ws/install/gpd_ros/include/gpd_ros/gpd_ros/msg/samples_msg.h
[2.380s] -- Up-to-date: /home/csrobot/flexbe_ws/install/gpd_ros/include/gpd_ros/gpd_ros/msg/cloud_indexed.h
[2.380s] -- Up-to-date: /home/csrobot/flexbe_ws/install/gpd_ros/include/gpd_ros/gpd_ros/msg/grasp_config_list.h
[2.380s] -- Up-to-date: /home/csrobot/flexbe_ws/install/gpd_ros/include/gpd_ros/gpd_ros/msg/cloud_samples.h
[2.380s] -- Up-to-date: /home/csrobot/flexbe_ws/install/gpd_ros/include/gpd_ros/gpd_ros/msg/detail
[2.380s] -- Up-to-date: /home/csrobot/flexbe_ws/install/gpd_ros/include/gpd_ros/gpd_ros/msg/detail/cloud_indexed__description.c
[2.380s] -- Installing: /home/csrobot/flexbe_ws/install/gpd_ros/include/gpd_ros/gpd_ros/msg/detail/cloud_samples__type_support.c
[2.380s] -- Installing: /home/csrobot/flexbe_ws/install/gpd_ros/include/gpd_ros/gpd_ros/msg/detail/grasp_config_list__type_support.c
[2.380s] -- Up-to-date: /home/csrobot/flexbe_ws/install/gpd_ros/include/gpd_ros/gpd_ros/msg/detail/grasp_config_list__functions.c
[2.380s] -- Up-to-date: /home/csrobot/flexbe_ws/install/gpd_ros/include/gpd_ros/gpd_ros/msg/detail/samples_msg__functions.h
[2.380s] -- Up-to-date: /home/csrobot/flexbe_ws/install/gpd_ros/include/gpd_ros/gpd_ros/msg/detail/cloud_samples__functions.h
[2.380s] -- Up-to-date: /home/csrobot/flexbe_ws/install/gpd_ros/include/gpd_ros/gpd_ros/msg/detail/grasp_config_list__functions.h
[2.380s] -- Up-to-date: /home/csrobot/flexbe_ws/install/gpd_ros/include/gpd_ros/gpd_ros/msg/detail/grasp_config__functions.c
[2.381s] -- Up-to-date: /home/csrobot/flexbe_ws/install/gpd_ros/include/gpd_ros/gpd_ros/msg/detail/cloud_indexed__functions.h
[2.381s] -- Up-to-date: /home/csrobot/flexbe_ws/install/gpd_ros/include/gpd_ros/gpd_ros/msg/detail/grasp_config__struct.h
[2.381s] -- Up-to-date: /home/csrobot/flexbe_ws/install/gpd_ros/include/gpd_ros/gpd_ros/msg/detail/cloud_sources__type_support.h
[2.381s] -- Installing: /home/csrobot/flexbe_ws/install/gpd_ros/include/gpd_ros/gpd_ros/msg/detail/cloud_sources__type_support.c
[2.381s] -- Up-to-date: /home/csrobot/flexbe_ws/install/gpd_ros/include/gpd_ros/gpd_ros/msg/detail/cloud_samples__struct.h
[2.381s] -- Installing: /home/csrobot/flexbe_ws/install/gpd_ros/include/gpd_ros/gpd_ros/msg/detail/grasp_config__type_support.c
[2.381s] -- Up-to-date: /home/csrobot/flexbe_ws/install/gpd_ros/include/gpd_ros/gpd_ros/msg/detail/grasp_config__type_support.h
[2.381s] -- Up-to-date: /home/csrobot/flexbe_ws/install/gpd_ros/include/gpd_ros/gpd_ros/msg/detail/samples_msg__struct.h
[2.381s] -- Up-to-date: /home/csrobot/flexbe_ws/install/gpd_ros/include/gpd_ros/gpd_ros/msg/detail/cloud_sources__struct.h
[2.381s] -- Up-to-date: /home/csrobot/flexbe_ws/install/gpd_ros/include/gpd_ros/gpd_ros/msg/detail/grasp_config_list__type_support.h
[2.381s] -- Installing: /home/csrobot/flexbe_ws/install/gpd_ros/include/gpd_ros/gpd_ros/msg/detail/cloud_indexed__type_support.c
[2.381s] -- Up-to-date: /home/csrobot/flexbe_ws/install/gpd_ros/include/gpd_ros/gpd_ros/msg/detail/grasp_config__functions.h
[2.381s] -- Installing: /home/csrobot/flexbe_ws/install/gpd_ros/include/gpd_ros/gpd_ros/msg/detail/samples_msg__type_support.c
[2.381s] -- Up-to-date: /home/csrobot/flexbe_ws/install/gpd_ros/include/gpd_ros/gpd_ros/msg/detail/samples_msg__description.c
[2.381s] -- Up-to-date: /home/csrobot/flexbe_ws/install/gpd_ros/include/gpd_ros/gpd_ros/msg/detail/cloud_samples__functions.c
[2.382s] -- Up-to-date: /home/csrobot/flexbe_ws/install/gpd_ros/include/gpd_ros/gpd_ros/msg/detail/grasp_config_list__struct.h
[2.382s] -- Up-to-date: /home/csrobot/flexbe_ws/install/gpd_ros/include/gpd_ros/gpd_ros/msg/detail/grasp_config__description.c
[2.382s] -- Up-to-date: /home/csrobot/flexbe_ws/install/gpd_ros/include/gpd_ros/gpd_ros/msg/detail/cloud_sources__description.c
[2.382s] -- Up-to-date: /home/csrobot/flexbe_ws/install/gpd_ros/include/gpd_ros/gpd_ros/msg/detail/cloud_indexed__functions.c
[2.382s] -- Up-to-date: /home/csrobot/flexbe_ws/install/gpd_ros/include/gpd_ros/gpd_ros/msg/detail/cloud_indexed__type_support.h
[2.382s] -- Up-to-date: /home/csrobot/flexbe_ws/install/gpd_ros/include/gpd_ros/gpd_ros/msg/detail/cloud_samples__description.c
[2.382s] -- Up-to-date: /home/csrobot/flexbe_ws/install/gpd_ros/include/gpd_ros/gpd_ros/msg/detail/cloud_sources__functions.c
[2.382s] -- Up-to-date: /home/csrobot/flexbe_ws/install/gpd_ros/include/gpd_ros/gpd_ros/msg/detail/cloud_samples__type_support.h
[2.382s] -- Up-to-date: /home/csrobot/flexbe_ws/install/gpd_ros/include/gpd_ros/gpd_ros/msg/detail/cloud_sources__functions.h
[2.382s] -- Up-to-date: /home/csrobot/flexbe_ws/install/gpd_ros/include/gpd_ros/gpd_ros/msg/detail/samples_msg__functions.c
[2.382s] -- Up-to-date: /home/csrobot/flexbe_ws/install/gpd_ros/include/gpd_ros/gpd_ros/msg/detail/samples_msg__type_support.h
[2.382s] -- Up-to-date: /home/csrobot/flexbe_ws/install/gpd_ros/include/gpd_ros/gpd_ros/msg/detail/cloud_indexed__struct.h
[2.382s] -- Up-to-date: /home/csrobot/flexbe_ws/install/gpd_ros/include/gpd_ros/gpd_ros/msg/detail/grasp_config_list__description.c
[2.382s] -- Up-to-date: /home/csrobot/flexbe_ws/install/gpd_ros/include/gpd_ros/gpd_ros/msg/cloud_sources.h
[2.382s] -- Up-to-date: /home/csrobot/flexbe_ws/install/gpd_ros/include/gpd_ros/gpd_ros/srv
[2.383s] -- Up-to-date: /home/csrobot/flexbe_ws/install/gpd_ros/include/gpd_ros/gpd_ros/srv/detect_grasps.h
[2.383s] -- Up-to-date: /home/csrobot/flexbe_ws/install/gpd_ros/include/gpd_ros/gpd_ros/srv/compute_grasp_poses.h
[2.383s] -- Up-to-date: /home/csrobot/flexbe_ws/install/gpd_ros/include/gpd_ros/gpd_ros/srv/detail
[2.383s] -- Up-to-date: /home/csrobot/flexbe_ws/install/gpd_ros/include/gpd_ros/gpd_ros/srv/detail/detect_grasps__functions.h
[2.383s] -- Installing: /home/csrobot/flexbe_ws/install/gpd_ros/include/gpd_ros/gpd_ros/srv/detail/detect_grasps__type_support.c
[2.383s] -- Up-to-date: /home/csrobot/flexbe_ws/install/gpd_ros/include/gpd_ros/gpd_ros/srv/detail/compute_grasp_poses__functions.h
[2.383s] -- Up-to-date: /home/csrobot/flexbe_ws/install/gpd_ros/include/gpd_ros/gpd_ros/srv/detail/detect_grasps__functions.c
[2.383s] -- Up-to-date: /home/csrobot/flexbe_ws/install/gpd_ros/include/gpd_ros/gpd_ros/srv/detail/compute_grasp_poses__functions.c
[2.383s] -- Up-to-date: /home/csrobot/flexbe_ws/install/gpd_ros/include/gpd_ros/gpd_ros/srv/detail/detect_grasps__type_support.h
[2.383s] -- Up-to-date: /home/csrobot/flexbe_ws/install/gpd_ros/include/gpd_ros/gpd_ros/srv/detail/detect_grasps__struct.h
[2.383s] -- Installing: /home/csrobot/flexbe_ws/install/gpd_ros/include/gpd_ros/gpd_ros/srv/detail/compute_grasp_poses__type_support.c
[2.383s] -- Up-to-date: /home/csrobot/flexbe_ws/install/gpd_ros/include/gpd_ros/gpd_ros/srv/detail/compute_grasp_poses__type_support.h
[2.383s] -- Up-to-date: /home/csrobot/flexbe_ws/install/gpd_ros/include/gpd_ros/gpd_ros/srv/detail/compute_grasp_poses__struct.h
[2.383s] -- Up-to-date: /home/csrobot/flexbe_ws/install/gpd_ros/include/gpd_ros/gpd_ros/srv/detail/detect_grasps__description.c
[2.383s] -- Up-to-date: /home/csrobot/flexbe_ws/install/gpd_ros/include/gpd_ros/gpd_ros/srv/detail/compute_grasp_poses__description.c
[2.384s] -- Up-to-date: /home/csrobot/flexbe_ws/install/gpd_ros/share/gpd_ros/environment/library_path.sh
[2.384s] -- Up-to-date: /home/csrobot/flexbe_ws/install/gpd_ros/share/gpd_ros/environment/library_path.dsv
[2.384s] -- Up-to-date: /home/csrobot/flexbe_ws/install/gpd_ros/lib/libgpd_ros__rosidl_generator_c.so
[2.384s] -- Up-to-date: /home/csrobot/flexbe_ws/install/gpd_ros/include/gpd_ros/gpd_ros
[2.384s] -- Up-to-date: /home/csrobot/flexbe_ws/install/gpd_ros/include/gpd_ros/gpd_ros/msg
[2.384s] -- Up-to-date: /home/csrobot/flexbe_ws/install/gpd_ros/include/gpd_ros/gpd_ros/msg/rosidl_typesupport_fastrtps_c__visibility_control.h
[2.384s] -- Up-to-date: /home/csrobot/flexbe_ws/install/gpd_ros/include/gpd_ros/gpd_ros/msg/detail
[2.384s] -- Up-to-date: /home/csrobot/flexbe_ws/install/gpd_ros/include/gpd_ros/gpd_ros/msg/detail/cloud_sources__rosidl_typesupport_fastrtps_c.h
[2.384s] -- Up-to-date: /home/csrobot/flexbe_ws/install/gpd_ros/include/gpd_ros/gpd_ros/msg/detail/cloud_indexed__rosidl_typesupport_fastrtps_c.h
[2.384s] -- Up-to-date: /home/csrobot/flexbe_ws/install/gpd_ros/include/gpd_ros/gpd_ros/msg/detail/grasp_config__rosidl_typesupport_fastrtps_c.h
[2.384s] -- Up-to-date: /home/csrobot/flexbe_ws/install/gpd_ros/include/gpd_ros/gpd_ros/msg/detail/samples_msg__rosidl_typesupport_fastrtps_c.h
[2.384s] -- Up-to-date: /home/csrobot/flexbe_ws/install/gpd_ros/include/gpd_ros/gpd_ros/msg/detail/cloud_samples__rosidl_typesupport_fastrtps_c.h
[2.384s] -- Up-to-date: /home/csrobot/flexbe_ws/install/gpd_ros/include/gpd_ros/gpd_ros/msg/detail/grasp_config_list__rosidl_typesupport_fastrtps_c.h
[2.384s] -- Up-to-date: /home/csrobot/flexbe_ws/install/gpd_ros/include/gpd_ros/gpd_ros/srv
[2.385s] -- Up-to-date: /home/csrobot/flexbe_ws/install/gpd_ros/include/gpd_ros/gpd_ros/srv/detail
[2.385s] -- Up-to-date: /home/csrobot/flexbe_ws/install/gpd_ros/include/gpd_ros/gpd_ros/srv/detail/compute_grasp_poses__rosidl_typesupport_fastrtps_c.h
[2.385s] -- Up-to-date: /home/csrobot/flexbe_ws/install/gpd_ros/include/gpd_ros/gpd_ros/srv/detail/detect_grasps__rosidl_typesupport_fastrtps_c.h
[2.385s] -- Up-to-date: /home/csrobot/flexbe_ws/install/gpd_ros/lib/libgpd_ros__rosidl_typesupport_fastrtps_c.so
[2.385s] -- Up-to-date: /home/csrobot/flexbe_ws/install/gpd_ros/include/gpd_ros/gpd_ros
[2.385s] -- Up-to-date: /home/csrobot/flexbe_ws/install/gpd_ros/include/gpd_ros/gpd_ros/msg
[2.385s] -- Up-to-date: /home/csrobot/flexbe_ws/install/gpd_ros/include/gpd_ros/gpd_ros/msg/rosidl_typesupport_introspection_c__visibility_control.h
[2.385s] -- Up-to-date: /home/csrobot/flexbe_ws/install/gpd_ros/include/gpd_ros/gpd_ros/msg/detail
[2.385s] -- Up-to-date: /home/csrobot/flexbe_ws/install/gpd_ros/include/gpd_ros/gpd_ros/msg/detail/cloud_indexed__rosidl_typesupport_introspection_c.h
[2.385s] -- Installing: /home/csrobot/flexbe_ws/install/gpd_ros/include/gpd_ros/gpd_ros/msg/detail/cloud_samples__type_support.c
[2.385s] -- Installing: /home/csrobot/flexbe_ws/install/gpd_ros/include/gpd_ros/gpd_ros/msg/detail/grasp_config_list__type_support.c
[2.385s] -- Installing: /home/csrobot/flexbe_ws/install/gpd_ros/include/gpd_ros/gpd_ros/msg/detail/cloud_sources__type_support.c
[2.385s] -- Up-to-date: /home/csrobot/flexbe_ws/install/gpd_ros/include/gpd_ros/gpd_ros/msg/detail/samples_msg__rosidl_typesupport_introspection_c.h
[2.385s] -- Installing: /home/csrobot/flexbe_ws/install/gpd_ros/include/gpd_ros/gpd_ros/msg/detail/grasp_config__type_support.c
[2.385s] -- Up-to-date: /home/csrobot/flexbe_ws/install/gpd_ros/include/gpd_ros/gpd_ros/msg/detail/grasp_config_list__rosidl_typesupport_introspection_c.h
[2.385s] -- Installing: /home/csrobot/flexbe_ws/install/gpd_ros/include/gpd_ros/gpd_ros/msg/detail/cloud_indexed__type_support.c
[2.385s] -- Installing: /home/csrobot/flexbe_ws/install/gpd_ros/include/gpd_ros/gpd_ros/msg/detail/samples_msg__type_support.c
[2.386s] -- Up-to-date: /home/csrobot/flexbe_ws/install/gpd_ros/include/gpd_ros/gpd_ros/msg/detail/cloud_samples__rosidl_typesupport_introspection_c.h
[2.386s] -- Up-to-date: /home/csrobot/flexbe_ws/install/gpd_ros/include/gpd_ros/gpd_ros/msg/detail/grasp_config__rosidl_typesupport_introspection_c.h
[2.386s] -- Up-to-date: /home/csrobot/flexbe_ws/install/gpd_ros/include/gpd_ros/gpd_ros/msg/detail/cloud_sources__rosidl_typesupport_introspection_c.h
[2.386s] -- Up-to-date: /home/csrobot/flexbe_ws/install/gpd_ros/include/gpd_ros/gpd_ros/srv
[2.386s] -- Up-to-date: /home/csrobot/flexbe_ws/install/gpd_ros/include/gpd_ros/gpd_ros/srv/detail
[2.386s] -- Installing: /home/csrobot/flexbe_ws/install/gpd_ros/include/gpd_ros/gpd_ros/srv/detail/detect_grasps__type_support.c
[2.386s] -- Up-to-date: /home/csrobot/flexbe_ws/install/gpd_ros/include/gpd_ros/gpd_ros/srv/detail/compute_grasp_poses__rosidl_typesupport_introspection_c.h
[2.386s] -- Installing: /home/csrobot/flexbe_ws/install/gpd_ros/include/gpd_ros/gpd_ros/srv/detail/compute_grasp_poses__type_support.c
[2.386s] -- Up-to-date: /home/csrobot/flexbe_ws/install/gpd_ros/include/gpd_ros/gpd_ros/srv/detail/detect_grasps__rosidl_typesupport_introspection_c.h
[2.386s] -- Up-to-date: /home/csrobot/flexbe_ws/install/gpd_ros/lib/libgpd_ros__rosidl_typesupport_introspection_c.so
[2.387s] -- Up-to-date: /home/csrobot/flexbe_ws/install/gpd_ros/lib/libgpd_ros__rosidl_typesupport_c.so
[2.387s] -- Up-to-date: /home/csrobot/flexbe_ws/install/gpd_ros/include/gpd_ros/gpd_ros
[2.387s] -- Up-to-date: /home/csrobot/flexbe_ws/install/gpd_ros/include/gpd_ros/gpd_ros/msg
[2.387s] -- Up-to-date: /home/csrobot/flexbe_ws/install/gpd_ros/include/gpd_ros/gpd_ros/msg/cloud_sources.hpp
[2.387s] -- Up-to-date: /home/csrobot/flexbe_ws/install/gpd_ros/include/gpd_ros/gpd_ros/msg/grasp_config.hpp
[2.387s] -- Up-to-date: /home/csrobot/flexbe_ws/install/gpd_ros/include/gpd_ros/gpd_ros/msg/cloud_indexed.hpp
[2.387s] -- Up-to-date: /home/csrobot/flexbe_ws/install/gpd_ros/include/gpd_ros/gpd_ros/msg/cloud_samples.hpp
[2.387s] -- Up-to-date: /home/csrobot/flexbe_ws/install/gpd_ros/include/gpd_ros/gpd_ros/msg/rosidl_generator_cpp__visibility_control.hpp
[2.387s] -- Up-to-date: /home/csrobot/flexbe_ws/install/gpd_ros/include/gpd_ros/gpd_ros/msg/samples_msg.hpp
[2.387s] -- Up-to-date: /home/csrobot/flexbe_ws/install/gpd_ros/include/gpd_ros/gpd_ros/msg/detail
[2.387s] -- Up-to-date: /home/csrobot/flexbe_ws/install/gpd_ros/include/gpd_ros/gpd_ros/msg/detail/cloud_indexed__builder.hpp
[2.388s] -- Up-to-date: /home/csrobot/flexbe_ws/install/gpd_ros/include/gpd_ros/gpd_ros/msg/detail/cloud_sources__builder.hpp
[2.388s] -- Up-to-date: /home/csrobot/flexbe_ws/install/gpd_ros/include/gpd_ros/gpd_ros/msg/detail/cloud_sources__struct.hpp
[2.388s] -- Up-to-date: /home/csrobot/flexbe_ws/install/gpd_ros/include/gpd_ros/gpd_ros/msg/detail/grasp_config__traits.hpp
[2.388s] -- Up-to-date: /home/csrobot/flexbe_ws/install/gpd_ros/include/gpd_ros/gpd_ros/msg/detail/cloud_indexed__type_support.hpp
[2.388s] -- Up-to-date: /home/csrobot/flexbe_ws/install/gpd_ros/include/gpd_ros/gpd_ros/msg/detail/grasp_config_list__type_support.hpp
[2.388s] -- Up-to-date: /home/csrobot/flexbe_ws/install/gpd_ros/include/gpd_ros/gpd_ros/msg/detail/samples_msg__type_support.hpp
[2.388s] -- Up-to-date: /home/csrobot/flexbe_ws/install/gpd_ros/include/gpd_ros/gpd_ros/msg/detail/cloud_samples__traits.hpp
[2.388s] -- Up-to-date: /home/csrobot/flexbe_ws/install/gpd_ros/include/gpd_ros/gpd_ros/msg/detail/samples_msg__traits.hpp
[2.388s] -- Up-to-date: /home/csrobot/flexbe_ws/install/gpd_ros/include/gpd_ros/gpd_ros/msg/detail/cloud_sources__type_support.hpp
[2.388s] -- Up-to-date: /home/csrobot/flexbe_ws/install/gpd_ros/include/gpd_ros/gpd_ros/msg/detail/grasp_config_list__struct.hpp
[2.388s] -- Up-to-date: /home/csrobot/flexbe_ws/install/gpd_ros/include/gpd_ros/gpd_ros/msg/detail/cloud_indexed__struct.hpp
[2.388s] -- Up-to-date: /home/csrobot/flexbe_ws/install/gpd_ros/include/gpd_ros/gpd_ros/msg/detail/grasp_config__type_support.hpp
[2.388s] -- Up-to-date: /home/csrobot/flexbe_ws/install/gpd_ros/include/gpd_ros/gpd_ros/msg/detail/samples_msg__struct.hpp
[2.388s] -- Up-to-date: /home/csrobot/flexbe_ws/install/gpd_ros/include/gpd_ros/gpd_ros/msg/detail/cloud_samples__builder.hpp
[2.388s] -- Up-to-date: /home/csrobot/flexbe_ws/install/gpd_ros/include/gpd_ros/gpd_ros/msg/detail/grasp_config__builder.hpp
[2.389s] -- Up-to-date: /home/csrobot/flexbe_ws/install/gpd_ros/include/gpd_ros/gpd_ros/msg/detail/grasp_config_list__traits.hpp
[2.389s] -- Up-to-date: /home/csrobot/flexbe_ws/install/gpd_ros/include/gpd_ros/gpd_ros/msg/detail/cloud_indexed__traits.hpp
[2.389s] -- Up-to-date: /home/csrobot/flexbe_ws/install/gpd_ros/include/gpd_ros/gpd_ros/msg/detail/samples_msg__builder.hpp
[2.389s] -- Up-to-date: /home/csrobot/flexbe_ws/install/gpd_ros/include/gpd_ros/gpd_ros/msg/detail/grasp_config__struct.hpp
[2.389s] -- Up-to-date: /home/csrobot/flexbe_ws/install/gpd_ros/include/gpd_ros/gpd_ros/msg/detail/grasp_config_list__builder.hpp
[2.389s] -- Up-to-date: /home/csrobot/flexbe_ws/install/gpd_ros/include/gpd_ros/gpd_ros/msg/detail/cloud_sources__traits.hpp
[2.389s] -- Up-to-date: /home/csrobot/flexbe_ws/install/gpd_ros/include/gpd_ros/gpd_ros/msg/detail/cloud_samples__struct.hpp
[2.389s] -- Up-to-date: /home/csrobot/flexbe_ws/install/gpd_ros/include/gpd_ros/gpd_ros/msg/detail/cloud_samples__type_support.hpp
[2.389s] -- Up-to-date: /home/csrobot/flexbe_ws/install/gpd_ros/include/gpd_ros/gpd_ros/msg/grasp_config_list.hpp
[2.389s] -- Up-to-date: /home/csrobot/flexbe_ws/install/gpd_ros/include/gpd_ros/gpd_ros/srv
[2.389s] -- Up-to-date: /home/csrobot/flexbe_ws/install/gpd_ros/include/gpd_ros/gpd_ros/srv/compute_grasp_poses.hpp
[2.389s] -- Up-to-date: /home/csrobot/flexbe_ws/install/gpd_ros/include/gpd_ros/gpd_ros/srv/detect_grasps.hpp
[2.389s] -- Up-to-date: /home/csrobot/flexbe_ws/install/gpd_ros/include/gpd_ros/gpd_ros/srv/detail
[2.389s] -- Up-to-date: /home/csrobot/flexbe_ws/install/gpd_ros/include/gpd_ros/gpd_ros/srv/detail/detect_grasps__builder.hpp
[2.389s] -- Up-to-date: /home/csrobot/flexbe_ws/install/gpd_ros/include/gpd_ros/gpd_ros/srv/detail/compute_grasp_poses__struct.hpp
[2.389s] -- Up-to-date: /home/csrobot/flexbe_ws/install/gpd_ros/include/gpd_ros/gpd_ros/srv/detail/detect_grasps__struct.hpp
[2.390s] -- Up-to-date: /home/csrobot/flexbe_ws/install/gpd_ros/include/gpd_ros/gpd_ros/srv/detail/detect_grasps__type_support.hpp
[2.390s] -- Up-to-date: /home/csrobot/flexbe_ws/install/gpd_ros/include/gpd_ros/gpd_ros/srv/detail/compute_grasp_poses__builder.hpp
[2.390s] -- Up-to-date: /home/csrobot/flexbe_ws/install/gpd_ros/include/gpd_ros/gpd_ros/srv/detail/compute_grasp_poses__type_support.hpp
[2.390s] -- Up-to-date: /home/csrobot/flexbe_ws/install/gpd_ros/include/gpd_ros/gpd_ros/srv/detail/detect_grasps__traits.hpp
[2.390s] -- Up-to-date: /home/csrobot/flexbe_ws/install/gpd_ros/include/gpd_ros/gpd_ros/srv/detail/compute_grasp_poses__traits.hpp
[2.390s] -- Up-to-date: /home/csrobot/flexbe_ws/install/gpd_ros/include/gpd_ros/gpd_ros
[2.390s] -- Up-to-date: /home/csrobot/flexbe_ws/install/gpd_ros/include/gpd_ros/gpd_ros/msg
[2.390s] -- Up-to-date: /home/csrobot/flexbe_ws/install/gpd_ros/include/gpd_ros/gpd_ros/msg/rosidl_typesupport_fastrtps_cpp__visibility_control.h
[2.390s] -- Up-to-date: /home/csrobot/flexbe_ws/install/gpd_ros/include/gpd_ros/gpd_ros/msg/detail
[2.390s] -- Up-to-date: /home/csrobot/flexbe_ws/install/gpd_ros/include/gpd_ros/gpd_ros/msg/detail/cloud_indexed__rosidl_typesupport_fastrtps_cpp.hpp
[2.390s] -- Up-to-date: /home/csrobot/flexbe_ws/install/gpd_ros/include/gpd_ros/gpd_ros/msg/detail/samples_msg__rosidl_typesupport_fastrtps_cpp.hpp
[2.390s] -- Up-to-date: /home/csrobot/flexbe_ws/install/gpd_ros/include/gpd_ros/gpd_ros/msg/detail/cloud_samples__rosidl_typesupport_fastrtps_cpp.hpp
[2.390s] -- Up-to-date: /home/csrobot/flexbe_ws/install/gpd_ros/include/gpd_ros/gpd_ros/msg/detail/grasp_config__rosidl_typesupport_fastrtps_cpp.hpp
[2.390s] -- Up-to-date: /home/csrobot/flexbe_ws/install/gpd_ros/include/gpd_ros/gpd_ros/msg/detail/grasp_config_list__rosidl_typesupport_fastrtps_cpp.hpp
[2.390s] -- Up-to-date: /home/csrobot/flexbe_ws/install/gpd_ros/include/gpd_ros/gpd_ros/msg/detail/dds_fastrtps
[2.391s] -- Up-to-date: /home/csrobot/flexbe_ws/install/gpd_ros/include/gpd_ros/gpd_ros/msg/detail/cloud_sources__rosidl_typesupport_fastrtps_cpp.hpp
[2.391s] -- Up-to-date: /home/csrobot/flexbe_ws/install/gpd_ros/include/gpd_ros/gpd_ros/srv
[2.391s] -- Up-to-date: /home/csrobot/flexbe_ws/install/gpd_ros/include/gpd_ros/gpd_ros/srv/detail
[2.391s] -- Up-to-date: /home/csrobot/flexbe_ws/install/gpd_ros/include/gpd_ros/gpd_ros/srv/detail/compute_grasp_poses__rosidl_typesupport_fastrtps_cpp.hpp
[2.391s] -- Up-to-date: /home/csrobot/flexbe_ws/install/gpd_ros/include/gpd_ros/gpd_ros/srv/detail/detect_grasps__rosidl_typesupport_fastrtps_cpp.hpp
[2.391s] -- Up-to-date: /home/csrobot/flexbe_ws/install/gpd_ros/include/gpd_ros/gpd_ros/srv/detail/dds_fastrtps
[2.391s] -- Up-to-date: /home/csrobot/flexbe_ws/install/gpd_ros/lib/libgpd_ros__rosidl_typesupport_fastrtps_cpp.so
[2.391s] -- Up-to-date: /home/csrobot/flexbe_ws/install/gpd_ros/include/gpd_ros/gpd_ros
[2.391s] -- Up-to-date: /home/csrobot/flexbe_ws/install/gpd_ros/include/gpd_ros/gpd_ros/msg
[2.391s] -- Up-to-date: /home/csrobot/flexbe_ws/install/gpd_ros/include/gpd_ros/gpd_ros/msg/detail
[2.391s] -- Up-to-date: /home/csrobot/flexbe_ws/install/gpd_ros/include/gpd_ros/gpd_ros/msg/detail/cloud_samples__rosidl_typesupport_introspection_cpp.hpp
[2.391s] -- Up-to-date: /home/csrobot/flexbe_ws/install/gpd_ros/include/gpd_ros/gpd_ros/msg/detail/grasp_config__type_support.cpp
[2.391s] -- Up-to-date: /home/csrobot/flexbe_ws/install/gpd_ros/include/gpd_ros/gpd_ros/msg/detail/samples_msg__rosidl_typesupport_introspection_cpp.hpp
[2.391s] -- Up-to-date: /home/csrobot/flexbe_ws/install/gpd_ros/include/gpd_ros/gpd_ros/msg/detail/cloud_indexed__type_support.cpp
[2.391s] -- Up-to-date: /home/csrobot/flexbe_ws/install/gpd_ros/include/gpd_ros/gpd_ros/msg/detail/cloud_sources__type_support.cpp
[2.392s] -- Up-to-date: /home/csrobot/flexbe_ws/install/gpd_ros/include/gpd_ros/gpd_ros/msg/detail/grasp_config_list__type_support.cpp
[2.392s] -- Up-to-date: /home/csrobot/flexbe_ws/install/gpd_ros/include/gpd_ros/gpd_ros/msg/detail/grasp_config__rosidl_typesupport_introspection_cpp.hpp
[2.392s] -- Up-to-date: /home/csrobot/flexbe_ws/install/gpd_ros/include/gpd_ros/gpd_ros/msg/detail/grasp_config_list__rosidl_typesupport_introspection_cpp.hpp
[2.392s] -- Up-to-date: /home/csrobot/flexbe_ws/install/gpd_ros/include/gpd_ros/gpd_ros/msg/detail/cloud_sources__rosidl_typesupport_introspection_cpp.hpp
[2.392s] -- Up-to-date: /home/csrobot/flexbe_ws/install/gpd_ros/include/gpd_ros/gpd_ros/msg/detail/cloud_samples__type_support.cpp
[2.392s] -- Up-to-date: /home/csrobot/flexbe_ws/install/gpd_ros/include/gpd_ros/gpd_ros/msg/detail/samples_msg__type_support.cpp
[2.392s] -- Up-to-date: /home/csrobot/flexbe_ws/install/gpd_ros/include/gpd_ros/gpd_ros/msg/detail/cloud_indexed__rosidl_typesupport_introspection_cpp.hpp
[2.392s] -- Up-to-date: /home/csrobot/flexbe_ws/install/gpd_ros/include/gpd_ros/gpd_ros/srv
[2.392s] -- Up-to-date: /home/csrobot/flexbe_ws/install/gpd_ros/include/gpd_ros/gpd_ros/srv/detail
[2.392s] -- Up-to-date: /home/csrobot/flexbe_ws/install/gpd_ros/include/gpd_ros/gpd_ros/srv/detail/compute_grasp_poses__rosidl_typesupport_introspection_cpp.hpp
[2.392s] -- Up-to-date: /home/csrobot/flexbe_ws/install/gpd_ros/include/gpd_ros/gpd_ros/srv/detail/detect_grasps__type_support.cpp
[2.392s] -- Up-to-date: /home/csrobot/flexbe_ws/install/gpd_ros/include/gpd_ros/gpd_ros/srv/detail/detect_grasps__rosidl_typesupport_introspection_cpp.hpp
[2.392s] -- Up-to-date: /home/csrobot/flexbe_ws/install/gpd_ros/include/gpd_ros/gpd_ros/srv/detail/compute_grasp_poses__type_support.cpp
[2.392s] -- Up-to-date: /home/csrobot/flexbe_ws/install/gpd_ros/lib/libgpd_ros__rosidl_typesupport_introspection_cpp.so
[2.392s] -- Up-to-date: /home/csrobot/flexbe_ws/install/gpd_ros/lib/libgpd_ros__rosidl_typesupport_cpp.so
[2.392s] -- Up-to-date: /home/csrobot/flexbe_ws/install/gpd_ros/share/gpd_ros/environment/pythonpath.sh
[2.392s] -- Up-to-date: /home/csrobot/flexbe_ws/install/gpd_ros/share/gpd_ros/environment/pythonpath.dsv
[2.392s] -- Up-to-date: /home/csrobot/flexbe_ws/install/gpd_ros/lib/python3.12/site-packages/gpd_ros-0.0.1-py3.12.egg-info
[2.393s] -- Installing: /home/csrobot/flexbe_ws/install/gpd_ros/lib/python3.12/site-packages/gpd_ros-0.0.1-py3.12.egg-info/dependency_links.txt
[2.393s] -- Installing: /home/csrobot/flexbe_ws/install/gpd_ros/lib/python3.12/site-packages/gpd_ros-0.0.1-py3.12.egg-info/top_level.txt
[2.393s] -- Installing: /home/csrobot/flexbe_ws/install/gpd_ros/lib/python3.12/site-packages/gpd_ros-0.0.1-py3.12.egg-info/SOURCES.txt
[2.393s] -- Installing: /home/csrobot/flexbe_ws/install/gpd_ros/lib/python3.12/site-packages/gpd_ros-0.0.1-py3.12.egg-info/PKG-INFO
[2.393s] -- Up-to-date: /home/csrobot/flexbe_ws/install/gpd_ros/lib/python3.12/site-packages/gpd_ros
[2.393s] -- Up-to-date: /home/csrobot/flexbe_ws/install/gpd_ros/lib/python3.12/site-packages/gpd_ros/msg
[2.393s] -- Up-to-date: /home/csrobot/flexbe_ws/install/gpd_ros/lib/python3.12/site-packages/gpd_ros/msg/_samples_msg_s.c
[2.393s] -- Up-to-date: /home/csrobot/flexbe_ws/install/gpd_ros/lib/python3.12/site-packages/gpd_ros/msg/_cloud_samples_s.c
[2.393s] -- Up-to-date: /home/csrobot/flexbe_ws/install/gpd_ros/lib/python3.12/site-packages/gpd_ros/msg/_grasp_config.py
[2.393s] -- Up-to-date: /home/csrobot/flexbe_ws/install/gpd_ros/lib/python3.12/site-packages/gpd_ros/msg/_grasp_config_list_s.c
[2.393s] -- Up-to-date: /home/csrobot/flexbe_ws/install/gpd_ros/lib/python3.12/site-packages/gpd_ros/msg/_cloud_sources_s.c
[2.393s] -- Up-to-date: /home/csrobot/flexbe_ws/install/gpd_ros/lib/python3.12/site-packages/gpd_ros/msg/_cloud_sources.py
[2.393s] -- Up-to-date: /home/csrobot/flexbe_ws/install/gpd_ros/lib/python3.12/site-packages/gpd_ros/msg/__init__.py
[2.393s] -- Up-to-date: /home/csrobot/flexbe_ws/install/gpd_ros/lib/python3.12/site-packages/gpd_ros/msg/_grasp_config_s.c
[2.393s] -- Up-to-date: /home/csrobot/flexbe_ws/install/gpd_ros/lib/python3.12/site-packages/gpd_ros/msg/_cloud_indexed.py
[2.393s] -- Up-to-date: /home/csrobot/flexbe_ws/install/gpd_ros/lib/python3.12/site-packages/gpd_ros/msg/_cloud_samples.py
[2.393s] -- Up-to-date: /home/csrobot/flexbe_ws/install/gpd_ros/lib/python3.12/site-packages/gpd_ros/msg/_cloud_indexed_s.c
[2.394s] -- Up-to-date: /home/csrobot/flexbe_ws/install/gpd_ros/lib/python3.12/site-packages/gpd_ros/msg/_grasp_config_list.py
[2.394s] -- Up-to-date: /home/csrobot/flexbe_ws/install/gpd_ros/lib/python3.12/site-packages/gpd_ros/msg/_samples_msg.py
[2.394s] -- Up-to-date: /home/csrobot/flexbe_ws/install/gpd_ros/lib/python3.12/site-packages/gpd_ros/__init__.py
[2.394s] -- Up-to-date: /home/csrobot/flexbe_ws/install/gpd_ros/lib/python3.12/site-packages/gpd_ros/_gpd_ros_s.ep.rosidl_typesupport_fastrtps_c.c
[2.394s] -- Up-to-date: /home/csrobot/flexbe_ws/install/gpd_ros/lib/python3.12/site-packages/gpd_ros/srv
[2.394s] -- Up-to-date: /home/csrobot/flexbe_ws/install/gpd_ros/lib/python3.12/site-packages/gpd_ros/srv/_compute_grasp_poses_s.c
[2.394s] -- Up-to-date: /home/csrobot/flexbe_ws/install/gpd_ros/lib/python3.12/site-packages/gpd_ros/srv/_compute_grasp_poses.py
[2.394s] -- Up-to-date: /home/csrobot/flexbe_ws/install/gpd_ros/lib/python3.12/site-packages/gpd_ros/srv/__init__.py
[2.394s] -- Up-to-date: /home/csrobot/flexbe_ws/install/gpd_ros/lib/python3.12/site-packages/gpd_ros/srv/_detect_grasps_s.c
[2.394s] -- Up-to-date: /home/csrobot/flexbe_ws/install/gpd_ros/lib/python3.12/site-packages/gpd_ros/srv/_detect_grasps.py
[2.394s] -- Up-to-date: /home/csrobot/flexbe_ws/install/gpd_ros/lib/python3.12/site-packages/gpd_ros/gpd_ros_s__rosidl_typesupport_fastrtps_c.so
[2.394s] -- Up-to-date: /home/csrobot/flexbe_ws/install/gpd_ros/lib/python3.12/site-packages/gpd_ros/gpd_ros_s__rosidl_typesupport_introspection_c.so
[2.394s] -- Up-to-date: /home/csrobot/flexbe_ws/install/gpd_ros/lib/python3.12/site-packages/gpd_ros/_gpd_ros_s.ep.rosidl_typesupport_introspection_c.c
[2.394s] -- Up-to-date: /home/csrobot/flexbe_ws/install/gpd_ros/lib/python3.12/site-packages/gpd_ros/gpd_ros_s__rosidl_typesupport_c.so
[2.394s] -- Up-to-date: /home/csrobot/flexbe_ws/install/gpd_ros/lib/python3.12/site-packages/gpd_ros/_gpd_ros_s.ep.rosidl_typesupport_c.c
[2.432s] Listing '/home/csrobot/flexbe_ws/install/gpd_ros/lib/python3.12/site-packages/gpd_ros'...
[2.432s] Listing '/home/csrobot/flexbe_ws/install/gpd_ros/lib/python3.12/site-packages/gpd_ros/msg'...
[2.432s] Listing '/home/csrobot/flexbe_ws/install/gpd_ros/lib/python3.12/site-packages/gpd_ros/srv'...
[2.443s] -- Up-to-date: /home/csrobot/flexbe_ws/install/gpd_ros/lib/python3.12/site-packages/gpd_ros/gpd_ros_s__rosidl_typesupport_fastrtps_c.so
[2.443s] -- Up-to-date: /home/csrobot/flexbe_ws/install/gpd_ros/lib/python3.12/site-packages/gpd_ros/gpd_ros_s__rosidl_typesupport_introspection_c.so
[2.444s] -- Up-to-date: /home/csrobot/flexbe_ws/install/gpd_ros/lib/python3.12/site-packages/gpd_ros/gpd_ros_s__rosidl_typesupport_c.so
[2.444s] -- Up-to-date: /home/csrobot/flexbe_ws/install/gpd_ros/lib/libgpd_ros__rosidl_generator_py.so
[2.444s] -- Up-to-date: /home/csrobot/flexbe_ws/install/gpd_ros/share/gpd_ros/msg/CloudIndexed.idl
[2.444s] -- Up-to-date: /home/csrobot/flexbe_ws/install/gpd_ros/share/gpd_ros/msg/CloudSamples.idl
[2.445s] -- Up-to-date: /home/csrobot/flexbe_ws/install/gpd_ros/share/gpd_ros/msg/CloudSources.idl
[2.445s] -- Up-to-date: /home/csrobot/flexbe_ws/install/gpd_ros/share/gpd_ros/msg/GraspConfig.idl
[2.445s] -- Up-to-date: /home/csrobot/flexbe_ws/install/gpd_ros/share/gpd_ros/msg/GraspConfigList.idl
[2.445s] -- Up-to-date: /home/csrobot/flexbe_ws/install/gpd_ros/share/gpd_ros/msg/SamplesMsg.idl
[2.445s] -- Up-to-date: /home/csrobot/flexbe_ws/install/gpd_ros/share/gpd_ros/srv/DetectGrasps.idl
[2.445s] -- Up-to-date: /home/csrobot/flexbe_ws/install/gpd_ros/share/gpd_ros/srv/ComputeGraspPoses.idl
[2.445s] -- Up-to-date: /home/csrobot/flexbe_ws/install/gpd_ros/share/gpd_ros/msg/CloudIndexed.msg
[2.445s] -- Up-to-date: /home/csrobot/flexbe_ws/install/gpd_ros/share/gpd_ros/msg/CloudSamples.msg
[2.445s] -- Up-to-date: /home/csrobot/flexbe_ws/install/gpd_ros/share/gpd_ros/msg/CloudSources.msg
[2.445s] -- Up-to-date: /home/csrobot/flexbe_ws/install/gpd_ros/share/gpd_ros/msg/GraspConfig.msg
[2.445s] -- Up-to-date: /home/csrobot/flexbe_ws/install/gpd_ros/share/gpd_ros/msg/GraspConfigList.msg
[2.445s] -- Up-to-date: /home/csrobot/flexbe_ws/install/gpd_ros/share/gpd_ros/msg/SamplesMsg.msg
[2.446s] -- Up-to-date: /home/csrobot/flexbe_ws/install/gpd_ros/share/gpd_ros/srv/DetectGrasps.srv
[2.446s] -- Up-to-date: /home/csrobot/flexbe_ws/install/gpd_ros/share/gpd_ros/srv/ComputeGraspPoses.srv
[2.446s] -- Up-to-date: /home/csrobot/flexbe_ws/install/gpd_ros/lib/libgrasp_messages.so
[2.446s] -- Up-to-date: /home/csrobot/flexbe_ws/install/gpd_ros/lib/libgrasp_plotter.so
[2.446s] -- Installing: /home/csrobot/flexbe_ws/install/gpd_ros/lib/gpd_ros/grasp_detection_server
[2.448s] -- Set non-toolchain portion of runtime path of "/home/csrobot/flexbe_ws/install/gpd_ros/lib/gpd_ros/grasp_detection_server" to ""
[2.448s] -- Up-to-date: /home/csrobot/flexbe_ws/install/gpd_ros/lib/gpd_ros/grasp_pose_server
[2.448s] -- Up-to-date: /home/csrobot/flexbe_ws/install/gpd_ros/include
[2.448s] -- Up-to-date: /home/csrobot/flexbe_ws/install/gpd_ros/include/gpd_ros
[2.448s] -- Up-to-date: /home/csrobot/flexbe_ws/install/gpd_ros/include/gpd_ros/grasp_plotter.h
[2.448s] -- Up-to-date: /home/csrobot/flexbe_ws/install/gpd_ros/include/gpd_ros/grasp_messages.h
[2.448s] -- Up-to-date: /home/csrobot/flexbe_ws/install/gpd_ros/include/gpd_ros/grasp_detection_server.h
[2.448s] -- Up-to-date: /home/csrobot/flexbe_ws/install/gpd_ros/share/ament_index/resource_index/package_run_dependencies/gpd_ros
[2.449s] -- Up-to-date: /home/csrobot/flexbe_ws/install/gpd_ros/share/ament_index/resource_index/parent_prefix_path/gpd_ros
[2.449s] -- Up-to-date: /home/csrobot/flexbe_ws/install/gpd_ros/share/gpd_ros/environment/ament_prefix_path.sh
[2.449s] -- Up-to-date: /home/csrobot/flexbe_ws/install/gpd_ros/share/gpd_ros/environment/ament_prefix_path.dsv
[2.449s] -- Up-to-date: /home/csrobot/flexbe_ws/install/gpd_ros/share/gpd_ros/environment/path.sh
[2.449s] -- Up-to-date: /home/csrobot/flexbe_ws/install/gpd_ros/share/gpd_ros/environment/path.dsv
[2.449s] -- Up-to-date: /home/csrobot/flexbe_ws/install/gpd_ros/share/gpd_ros/local_setup.bash
[2.449s] -- Up-to-date: /home/csrobot/flexbe_ws/install/gpd_ros/share/gpd_ros/local_setup.sh
[2.449s] -- Up-to-date: /home/csrobot/flexbe_ws/install/gpd_ros/share/gpd_ros/local_setup.zsh
[2.449s] -- Up-to-date: /home/csrobot/flexbe_ws/install/gpd_ros/share/gpd_ros/local_setup.dsv
[2.449s] -- Installing: /home/csrobot/flexbe_ws/install/gpd_ros/share/gpd_ros/package.dsv
[2.449s] -- Up-to-date: /home/csrobot/flexbe_ws/install/gpd_ros/share/ament_index/resource_index/packages/gpd_ros
[2.449s] -- Up-to-date: /home/csrobot/flexbe_ws/install/gpd_ros/share/gpd_ros/cmake/export_gpd_ros__rosidl_generator_cExport.cmake
[2.449s] -- Up-to-date: /home/csrobot/flexbe_ws/install/gpd_ros/share/gpd_ros/cmake/export_gpd_ros__rosidl_generator_cExport-noconfig.cmake
[2.450s] -- Up-to-date: /home/csrobot/flexbe_ws/install/gpd_ros/share/gpd_ros/cmake/export_gpd_ros__rosidl_typesupport_fastrtps_cExport.cmake
[2.450s] -- Up-to-date: /home/csrobot/flexbe_ws/install/gpd_ros/share/gpd_ros/cmake/export_gpd_ros__rosidl_typesupport_fastrtps_cExport-noconfig.cmake
[2.450s] -- Up-to-date: /home/csrobot/flexbe_ws/install/gpd_ros/share/gpd_ros/cmake/gpd_ros__rosidl_typesupport_introspection_cExport.cmake
[2.450s] -- Up-to-date: /home/csrobot/flexbe_ws/install/gpd_ros/share/gpd_ros/cmake/gpd_ros__rosidl_typesupport_introspection_cExport-noconfig.cmake
[2.450s] -- Up-to-date: /home/csrobot/flexbe_ws/install/gpd_ros/share/gpd_ros/cmake/gpd_ros__rosidl_typesupport_cExport.cmake
[2.450s] -- Up-to-date: /home/csrobot/flexbe_ws/install/gpd_ros/share/gpd_ros/cmake/gpd_ros__rosidl_typesupport_cExport-noconfig.cmake
[2.451s] -- Up-to-date: /home/csrobot/flexbe_ws/install/gpd_ros/share/gpd_ros/cmake/export_gpd_ros__rosidl_generator_cppExport.cmake
[2.451s] -- Up-to-date: /home/csrobot/flexbe_ws/install/gpd_ros/share/gpd_ros/cmake/export_gpd_ros__rosidl_typesupport_fastrtps_cppExport.cmake
[2.451s] -- Up-to-date: /home/csrobot/flexbe_ws/install/gpd_ros/share/gpd_ros/cmake/export_gpd_ros__rosidl_typesupport_fastrtps_cppExport-noconfig.cmake
[2.451s] -- Up-to-date: /home/csrobot/flexbe_ws/install/gpd_ros/share/gpd_ros/cmake/gpd_ros__rosidl_typesupport_introspection_cppExport.cmake
[2.451s] -- Up-to-date: /home/csrobot/flexbe_ws/install/gpd_ros/share/gpd_ros/cmake/gpd_ros__rosidl_typesupport_introspection_cppExport-noconfig.cmake
[2.451s] -- Up-to-date: /home/csrobot/flexbe_ws/install/gpd_ros/share/gpd_ros/cmake/gpd_ros__rosidl_typesupport_cppExport.cmake
[2.451s] -- Up-to-date: /home/csrobot/flexbe_ws/install/gpd_ros/share/gpd_ros/cmake/gpd_ros__rosidl_typesupport_cppExport-noconfig.cmake
[2.452s] -- Up-to-date: /home/csrobot/flexbe_ws/install/gpd_ros/share/gpd_ros/cmake/export_gpd_ros__rosidl_generator_pyExport.cmake
[2.452s] -- Up-to-date: /home/csrobot/flexbe_ws/install/gpd_ros/share/gpd_ros/cmake/export_gpd_ros__rosidl_generator_pyExport-noconfig.cmake
[2.452s] -- Up-to-date: /home/csrobot/flexbe_ws/install/gpd_ros/share/gpd_ros/cmake/export_gpd_rosExport.cmake
[2.452s] -- Up-to-date: /home/csrobot/flexbe_ws/install/gpd_ros/share/gpd_ros/cmake/export_gpd_rosExport-noconfig.cmake
[2.452s] -- Up-to-date: /home/csrobot/flexbe_ws/install/gpd_ros/share/gpd_ros/cmake/rosidl_cmake-extras.cmake
[2.452s] -- Up-to-date: /home/csrobot/flexbe_ws/install/gpd_ros/share/gpd_ros/cmake/ament_cmake_export_dependencies-extras.cmake
[2.452s] -- Up-to-date: /home/csrobot/flexbe_ws/install/gpd_ros/share/gpd_ros/cmake/ament_cmake_export_include_directories-extras.cmake
[2.452s] -- Up-to-date: /home/csrobot/flexbe_ws/install/gpd_ros/share/gpd_ros/cmake/ament_cmake_export_libraries-extras.cmake
[2.452s] -- Up-to-date: /home/csrobot/flexbe_ws/install/gpd_ros/share/gpd_ros/cmake/ament_cmake_export_targets-extras.cmake
[2.452s] -- Up-to-date: /home/csrobot/flexbe_ws/install/gpd_ros/share/gpd_ros/cmake/rosidl_cmake_export_typesupport_targets-extras.cmake
[2.453s] -- Up-to-date: /home/csrobot/flexbe_ws/install/gpd_ros/share/gpd_ros/cmake/rosidl_cmake_export_typesupport_libraries-extras.cmake
[2.453s] -- Up-to-date: /home/csrobot/flexbe_ws/install/gpd_ros/share/gpd_ros/cmake/gpd_rosConfig.cmake
[2.453s] -- Up-to-date: /home/csrobot/flexbe_ws/install/gpd_ros/share/gpd_ros/cmake/gpd_rosConfig-version.cmake
[2.453s] -- Up-to-date: /home/csrobot/flexbe_ws/install/gpd_ros/share/gpd_ros/package.xml
[2.456s] Invoked command in '/home/csrobot/flexbe_ws/build/gpd_ros' returned '0': CMAKE_PREFIX_PATH=${CMAKE_PREFIX_PATH}:/home/csrobot/flexbe_ws/install/flexbe_webui:/home/csrobot/flexbe_ws/install/flexbe_onboard:/home/csrobot/flexbe_ws/install/flexbe_states:/home/csrobot/flexbe_ws/install/flexbe_mirror:/home/csrobot/flexbe_ws/install/flexbe_input:/home/csrobot/flexbe_ws/install/example_flexbe_states:/home/csrobot/flexbe_ws/install/compare_flexbe_states:/home/csrobot/flexbe_ws/install/flexbe_core:/opt/ros/jazzy DEBUGINFOD_URLS=https://debuginfod.ubuntu.com /usr/bin/cmake --install /home/csrobot/flexbe_ws/build/gpd_ros
