[0.032s] Invoking command in '/home/csrobot/flexbe_ws/build/gpd': DEBUGINFOD_URLS=https://debuginfod.ubuntu.com /usr/bin/cmake --build /home/csrobot/flexbe_ws/build/gpd -- -j8 -l8
[0.079s] [  3%] Built target gpd_conv_layer
[0.100s] [  6%] Built target gpd_local_frame
[0.120s] [  9%] Built target gpd_finger_hand
[0.138s] [ 12%] Built target gpd_eigen_utils
[0.157s] [ 15%] Built target gpd_hand
[0.182s] [ 18%] Built target gpd_cloud
[0.202s] [ 21%] Built target gpd_clustering
[0.228s] [ 24%] Built target gpd_frame_estimator
[0.247s] [ 27%] Built target gpd_point_list
[0.265s] [ 30%] Built target gpd_config_file
[0.286s] [ 33%] Built target gpd_antipodal
[0.304s] [ 36%] Built target gpd_hand_geometry
[0.322s] [ 40%] Built target gpd_image_geometry
[0.345s] [ 43%] Built target gpd_hand_set
[0.365s] [ 46%] Built target gpd_dense_layer
[0.395s] [ 49%] Built target gpd_plot
[0.416s] [ 53%] Built target gpd_classifier
[0.447s] [ 56%] Built target gpd_hand_search
[0.471s] [ 60%] Built target gpd_image_15_channels_strategy
[0.500s] [ 63%] Built target gpd_candidates_generator
[0.523s] [ 66%] Built target gpd_image_12_channels_strategy
[0.552s] [ 69%] Built target gpd_generate_candidates
[0.575s] [ 72%] Built target gpd_image_3_channels_strategy
[0.599s] [ 75%] Built target gpd_image_1_channels_strategy
[0.622s] [ 78%] Built target gpd_image_strategy
[0.652s] [ 81%] Built target gpd_image_generator
[0.682s] [ 84%] Built target gpd_grasp_detector
[0.712s] [ 87%] Built target gpd_test_grasp_image
[0.741s] [ 90%] Built target gpd_label_grasps
[0.772s] [ 93%] Built target gpd_detect_grasps
[0.801s] [ 96%] Built target gpd_sequential_importance_sampling
[0.833s] [100%] Built target gpd_cem_detect_grasps
[0.859s] Invoked command in '/home/csrobot/flexbe_ws/build/gpd' returned '0': DEBUGINFOD_URLS=https://debuginfod.ubuntu.com /usr/bin/cmake --build /home/csrobot/flexbe_ws/build/gpd -- -j8 -l8
[0.865s] Invoking command in '/home/csrobot/flexbe_ws/build/gpd': DEBUGINFOD_URLS=https://debuginfod.ubuntu.com /usr/bin/cmake --install /home/csrobot/flexbe_ws/build/gpd
[0.871s] -- Install configuration: "Debug"
[0.871s] -- Up-to-date: /home/csrobot/flexbe_ws/install/gpd/lib/libgpd.so
[0.871s] -- Up-to-date: /home/csrobot/flexbe_ws/install/gpd/include/gpd
[0.871s] -- Up-to-date: /home/csrobot/flexbe_ws/install/gpd/include/gpd/data_generator.h
[0.872s] -- Up-to-date: /home/csrobot/flexbe_ws/install/gpd/include/gpd/grasp_detector.h
[0.872s] -- Up-to-date: /home/csrobot/flexbe_ws/install/gpd/include/gpd/clustering.h
[0.872s] -- Up-to-date: /home/csrobot/flexbe_ws/install/gpd/include/gpd/descriptor
[0.872s] -- Up-to-date: /home/csrobot/flexbe_ws/install/gpd/include/gpd/descriptor/image_1_channels_strategy.h
[0.872s] -- Up-to-date: /home/csrobot/flexbe_ws/install/gpd/include/gpd/descriptor/image_geometry.h
[0.872s] -- Up-to-date: /home/csrobot/flexbe_ws/install/gpd/include/gpd/descriptor/image_generator.h
[0.872s] -- Up-to-date: /home/csrobot/flexbe_ws/install/gpd/include/gpd/descriptor/image_15_channels_strategy.h
[0.872s] -- Up-to-date: /home/csrobot/flexbe_ws/install/gpd/include/gpd/descriptor/image_12_channels_strategy.h
[0.872s] -- Up-to-date: /home/csrobot/flexbe_ws/install/gpd/include/gpd/descriptor/image_strategy.h
[0.872s] -- Up-to-date: /home/csrobot/flexbe_ws/install/gpd/include/gpd/descriptor/image_3_channels_strategy.h
[0.872s] -- Up-to-date: /home/csrobot/flexbe_ws/install/gpd/include/gpd/util
[0.872s] -- Up-to-date: /home/csrobot/flexbe_ws/install/gpd/include/gpd/util/plot.h
[0.872s] -- Up-to-date: /home/csrobot/flexbe_ws/install/gpd/include/gpd/util/point_list.h
[0.872s] -- Up-to-date: /home/csrobot/flexbe_ws/install/gpd/include/gpd/util/config_file.h
[0.873s] -- Up-to-date: /home/csrobot/flexbe_ws/install/gpd/include/gpd/util/cloud.h
[0.873s] -- Up-to-date: /home/csrobot/flexbe_ws/install/gpd/include/gpd/util/eigen_utils.h
[0.873s] -- Up-to-date: /home/csrobot/flexbe_ws/install/gpd/include/gpd/sequential_importance_sampling.h
[0.873s] -- Up-to-date: /home/csrobot/flexbe_ws/install/gpd/include/gpd/net
[0.873s] -- Up-to-date: /home/csrobot/flexbe_ws/install/gpd/include/gpd/net/caffe_classifier.h
[0.873s] -- Up-to-date: /home/csrobot/flexbe_ws/install/gpd/include/gpd/net/layer.h
[0.873s] -- Up-to-date: /home/csrobot/flexbe_ws/install/gpd/include/gpd/net/dense_layer.h
[0.873s] -- Up-to-date: /home/csrobot/flexbe_ws/install/gpd/include/gpd/net/classifier.h
[0.873s] -- Up-to-date: /home/csrobot/flexbe_ws/install/gpd/include/gpd/net/eigen_classifier.h
[0.873s] -- Up-to-date: /home/csrobot/flexbe_ws/install/gpd/include/gpd/net/conv_layer.h
[0.873s] -- Up-to-date: /home/csrobot/flexbe_ws/install/gpd/include/gpd/net/openvino_classifier.h.in
[0.873s] -- Up-to-date: /home/csrobot/flexbe_ws/install/gpd/include/gpd/candidate
[0.873s] -- Up-to-date: /home/csrobot/flexbe_ws/install/gpd/include/gpd/candidate/frame_estimator.h
[0.874s] -- Up-to-date: /home/csrobot/flexbe_ws/install/gpd/include/gpd/candidate/candidates_generator.h
[0.874s] -- Up-to-date: /home/csrobot/flexbe_ws/install/gpd/include/gpd/candidate/finger_hand.h
[0.874s] -- Up-to-date: /home/csrobot/flexbe_ws/install/gpd/include/gpd/candidate/hand_set.h
[0.874s] -- Up-to-date: /home/csrobot/flexbe_ws/install/gpd/include/gpd/candidate/local_frame.h
[0.874s] -- Up-to-date: /home/csrobot/flexbe_ws/install/gpd/include/gpd/candidate/hand.h
[0.874s] -- Up-to-date: /home/csrobot/flexbe_ws/install/gpd/include/gpd/candidate/hand_geometry.h
[0.874s] -- Up-to-date: /home/csrobot/flexbe_ws/install/gpd/include/gpd/candidate/hand_search.h
[0.874s] -- Up-to-date: /home/csrobot/flexbe_ws/install/gpd/include/gpd/candidate/antipodal.h
[0.874s] Invoked command in '/home/csrobot/flexbe_ws/build/gpd' returned '0': DEBUGINFOD_URLS=https://debuginfod.ubuntu.com /usr/bin/cmake --install /home/csrobot/flexbe_ws/build/gpd
