running egg_info
writing ../../build/flexbe_webui/flexbe_webui.egg-info/PKG-INFO
writing dependency_links to ../../build/flexbe_webui/flexbe_webui.egg-info/dependency_links.txt
writing entry points to ../../build/flexbe_webui/flexbe_webui.egg-info/entry_points.txt
writing requirements to ../../build/flexbe_webui/flexbe_webui.egg-info/requires.txt
writing top-level names to ../../build/flexbe_webui/flexbe_webui.egg-info/top_level.txt
reading manifest file '../../build/flexbe_webui/flexbe_webui.egg-info/SOURCES.txt'
adding license file 'LICENSE'
writing manifest file '../../build/flexbe_webui/flexbe_webui.egg-info/SOURCES.txt'
running build
running build_py
running install
running install_lib
running install_data
running install_egg_info
removing '/home/csrobot/flexbe_ws/install/flexbe_webui/lib/python3.12/site-packages/flexbe_webui-4.0.3-py3.12.egg-info' (and everything under it)
Copying ../../build/flexbe_webui/flexbe_webui.egg-info to /home/csrobot/flexbe_ws/install/flexbe_webui/lib/python3.12/site-packages/flexbe_webui-4.0.3-py3.12.egg-info
running install_scripts
Installing webui_client script to /home/csrobot/flexbe_ws/install/flexbe_webui/lib/flexbe_webui
Installing webui_node script to /home/csrobot/flexbe_ws/install/flexbe_webui/lib/flexbe_webui
Installing webui_server script to /home/csrobot/flexbe_ws/install/flexbe_webui/lib/flexbe_webui
writing list of installed files to '/home/csrobot/flexbe_ws/build/flexbe_webui/install.log'
