running egg_info
writing ../../../build/compare_flexbe_states/compare_flexbe_states.egg-info/PKG-INFO
writing dependency_links to ../../../build/compare_flexbe_states/compare_flexbe_states.egg-info/dependency_links.txt
writing entry points to ../../../build/compare_flexbe_states/compare_flexbe_states.egg-info/entry_points.txt
writing requirements to ../../../build/compare_flexbe_states/compare_flexbe_states.egg-info/requires.txt
writing top-level names to ../../../build/compare_flexbe_states/compare_flexbe_states.egg-info/top_level.txt
reading manifest file '../../../build/compare_flexbe_states/compare_flexbe_states.egg-info/SOURCES.txt'
writing manifest file '../../../build/compare_flexbe_states/compare_flexbe_states.egg-info/SOURCES.txt'
running build
running build_py
copying compare_flexbe_states/graspsam_service_state.py -> /home/csrobot/flexbe_ws/build/compare_flexbe_states/build/lib/compare_flexbe_states
running install
running install_lib
copying /home/csrobot/flexbe_ws/build/compare_flexbe_states/build/lib/compare_flexbe_states/graspsam_service_state.py -> /home/csrobot/flexbe_ws/install/compare_flexbe_states/lib/python3.12/site-packages/compare_flexbe_states
byte-compiling /home/csrobot/flexbe_ws/install/compare_flexbe_states/lib/python3.12/site-packages/compare_flexbe_states/graspsam_service_state.py to graspsam_service_state.cpython-312.pyc
running install_data
running install_egg_info
removing '/home/csrobot/flexbe_ws/install/compare_flexbe_states/lib/python3.12/site-packages/compare_flexbe_states-0.0.1-py3.12.egg-info' (and everything under it)
Copying ../../../build/compare_flexbe_states/compare_flexbe_states.egg-info to /home/csrobot/flexbe_ws/install/compare_flexbe_states/lib/python3.12/site-packages/compare_flexbe_states-0.0.1-py3.12.egg-info
running install_scripts
Installing example_action_state script to /home/csrobot/flexbe_ws/install/compare_flexbe_states/lib/compare_flexbe_states
Installing example_state script to /home/csrobot/flexbe_ws/install/compare_flexbe_states/lib/compare_flexbe_states
writing list of installed files to '/home/csrobot/flexbe_ws/build/compare_flexbe_states/install.log'
