/home/csrobot/flexbe_ws/install/flexbe_core/lib/python3.12/site-packages/flexbe_core/behavior.py
/home/csrobot/flexbe_ws/install/flexbe_core/lib/python3.12/site-packages/flexbe_core/__init__.py
/home/csrobot/flexbe_ws/install/flexbe_core/lib/python3.12/site-packages/flexbe_core/state_logger.py
/home/csrobot/flexbe_ws/install/flexbe_core/lib/python3.12/site-packages/flexbe_core/behavior_library.py
/home/csrobot/flexbe_ws/install/flexbe_core/lib/python3.12/site-packages/flexbe_core/logger.py
/home/csrobot/flexbe_ws/install/flexbe_core/lib/python3.12/site-packages/flexbe_core/core/operatable_state.py
/home/csrobot/flexbe_ws/install/flexbe_core/lib/python3.12/site-packages/flexbe_core/core/ros_state_machine.py
/home/csrobot/flexbe_ws/install/flexbe_core/lib/python3.12/site-packages/flexbe_core/core/preemptable_state_machine.py
/home/csrobot/flexbe_ws/install/flexbe_core/lib/python3.12/site-packages/flexbe_core/core/topics.py
/home/csrobot/flexbe_ws/install/flexbe_core/lib/python3.12/site-packages/flexbe_core/core/state_machine.py
/home/csrobot/flexbe_ws/install/flexbe_core/lib/python3.12/site-packages/flexbe_core/core/ros_state.py
/home/csrobot/flexbe_ws/install/flexbe_core/lib/python3.12/site-packages/flexbe_core/core/state.py
/home/csrobot/flexbe_ws/install/flexbe_core/lib/python3.12/site-packages/flexbe_core/core/user_data.py
/home/csrobot/flexbe_ws/install/flexbe_core/lib/python3.12/site-packages/flexbe_core/core/manually_transitionable_state.py
/home/csrobot/flexbe_ws/install/flexbe_core/lib/python3.12/site-packages/flexbe_core/core/__init__.py
/home/csrobot/flexbe_ws/install/flexbe_core/lib/python3.12/site-packages/flexbe_core/core/priority_container.py
/home/csrobot/flexbe_ws/install/flexbe_core/lib/python3.12/site-packages/flexbe_core/core/preemptable_state.py
/home/csrobot/flexbe_ws/install/flexbe_core/lib/python3.12/site-packages/flexbe_core/core/operatable_state_machine.py
/home/csrobot/flexbe_ws/install/flexbe_core/lib/python3.12/site-packages/flexbe_core/core/concurrency_container.py
/home/csrobot/flexbe_ws/install/flexbe_core/lib/python3.12/site-packages/flexbe_core/core/lockable_state_machine.py
/home/csrobot/flexbe_ws/install/flexbe_core/lib/python3.12/site-packages/flexbe_core/core/event_state.py
/home/csrobot/flexbe_ws/install/flexbe_core/lib/python3.12/site-packages/flexbe_core/core/state_map.py
/home/csrobot/flexbe_ws/install/flexbe_core/lib/python3.12/site-packages/flexbe_core/core/exceptions.py
/home/csrobot/flexbe_ws/install/flexbe_core/lib/python3.12/site-packages/flexbe_core/core/lockable_state.py
/home/csrobot/flexbe_ws/install/flexbe_core/lib/python3.12/site-packages/flexbe_core/proxy/proxy_publisher.py
/home/csrobot/flexbe_ws/install/flexbe_core/lib/python3.12/site-packages/flexbe_core/proxy/qos.py
/home/csrobot/flexbe_ws/install/flexbe_core/lib/python3.12/site-packages/flexbe_core/proxy/proxy_subscriber_cached.py
/home/csrobot/flexbe_ws/install/flexbe_core/lib/python3.12/site-packages/flexbe_core/proxy/proxy_service_caller.py
/home/csrobot/flexbe_ws/install/flexbe_core/lib/python3.12/site-packages/flexbe_core/proxy/__init__.py
/home/csrobot/flexbe_ws/install/flexbe_core/lib/python3.12/site-packages/flexbe_core/proxy/proxy_transform_listener.py
/home/csrobot/flexbe_ws/install/flexbe_core/lib/python3.12/site-packages/flexbe_core/proxy/proxy_action_client.py
/home/csrobot/flexbe_ws/install/flexbe_core/lib/python3.12/site-packages/flexbe_core/__pycache__/behavior.cpython-312.pyc
/home/csrobot/flexbe_ws/install/flexbe_core/lib/python3.12/site-packages/flexbe_core/__pycache__/__init__.cpython-312.pyc
/home/csrobot/flexbe_ws/install/flexbe_core/lib/python3.12/site-packages/flexbe_core/__pycache__/state_logger.cpython-312.pyc
/home/csrobot/flexbe_ws/install/flexbe_core/lib/python3.12/site-packages/flexbe_core/__pycache__/behavior_library.cpython-312.pyc
/home/csrobot/flexbe_ws/install/flexbe_core/lib/python3.12/site-packages/flexbe_core/__pycache__/logger.cpython-312.pyc
/home/csrobot/flexbe_ws/install/flexbe_core/lib/python3.12/site-packages/flexbe_core/core/__pycache__/operatable_state.cpython-312.pyc
/home/csrobot/flexbe_ws/install/flexbe_core/lib/python3.12/site-packages/flexbe_core/core/__pycache__/ros_state_machine.cpython-312.pyc
/home/csrobot/flexbe_ws/install/flexbe_core/lib/python3.12/site-packages/flexbe_core/core/__pycache__/preemptable_state_machine.cpython-312.pyc
/home/csrobot/flexbe_ws/install/flexbe_core/lib/python3.12/site-packages/flexbe_core/core/__pycache__/topics.cpython-312.pyc
/home/csrobot/flexbe_ws/install/flexbe_core/lib/python3.12/site-packages/flexbe_core/core/__pycache__/state_machine.cpython-312.pyc
/home/csrobot/flexbe_ws/install/flexbe_core/lib/python3.12/site-packages/flexbe_core/core/__pycache__/ros_state.cpython-312.pyc
/home/csrobot/flexbe_ws/install/flexbe_core/lib/python3.12/site-packages/flexbe_core/core/__pycache__/state.cpython-312.pyc
/home/csrobot/flexbe_ws/install/flexbe_core/lib/python3.12/site-packages/flexbe_core/core/__pycache__/user_data.cpython-312.pyc
/home/csrobot/flexbe_ws/install/flexbe_core/lib/python3.12/site-packages/flexbe_core/core/__pycache__/manually_transitionable_state.cpython-312.pyc
/home/csrobot/flexbe_ws/install/flexbe_core/lib/python3.12/site-packages/flexbe_core/core/__pycache__/__init__.cpython-312.pyc
/home/csrobot/flexbe_ws/install/flexbe_core/lib/python3.12/site-packages/flexbe_core/core/__pycache__/priority_container.cpython-312.pyc
/home/csrobot/flexbe_ws/install/flexbe_core/lib/python3.12/site-packages/flexbe_core/core/__pycache__/preemptable_state.cpython-312.pyc
/home/csrobot/flexbe_ws/install/flexbe_core/lib/python3.12/site-packages/flexbe_core/core/__pycache__/operatable_state_machine.cpython-312.pyc
/home/csrobot/flexbe_ws/install/flexbe_core/lib/python3.12/site-packages/flexbe_core/core/__pycache__/concurrency_container.cpython-312.pyc
/home/csrobot/flexbe_ws/install/flexbe_core/lib/python3.12/site-packages/flexbe_core/core/__pycache__/lockable_state_machine.cpython-312.pyc
/home/csrobot/flexbe_ws/install/flexbe_core/lib/python3.12/site-packages/flexbe_core/core/__pycache__/event_state.cpython-312.pyc
/home/csrobot/flexbe_ws/install/flexbe_core/lib/python3.12/site-packages/flexbe_core/core/__pycache__/state_map.cpython-312.pyc
/home/csrobot/flexbe_ws/install/flexbe_core/lib/python3.12/site-packages/flexbe_core/core/__pycache__/exceptions.cpython-312.pyc
/home/csrobot/flexbe_ws/install/flexbe_core/lib/python3.12/site-packages/flexbe_core/core/__pycache__/lockable_state.cpython-312.pyc
/home/csrobot/flexbe_ws/install/flexbe_core/lib/python3.12/site-packages/flexbe_core/proxy/__pycache__/proxy_publisher.cpython-312.pyc
/home/csrobot/flexbe_ws/install/flexbe_core/lib/python3.12/site-packages/flexbe_core/proxy/__pycache__/qos.cpython-312.pyc
/home/csrobot/flexbe_ws/install/flexbe_core/lib/python3.12/site-packages/flexbe_core/proxy/__pycache__/proxy_subscriber_cached.cpython-312.pyc
/home/csrobot/flexbe_ws/install/flexbe_core/lib/python3.12/site-packages/flexbe_core/proxy/__pycache__/proxy_service_caller.cpython-312.pyc
/home/csrobot/flexbe_ws/install/flexbe_core/lib/python3.12/site-packages/flexbe_core/proxy/__pycache__/__init__.cpython-312.pyc
/home/csrobot/flexbe_ws/install/flexbe_core/lib/python3.12/site-packages/flexbe_core/proxy/__pycache__/proxy_transform_listener.cpython-312.pyc
/home/csrobot/flexbe_ws/install/flexbe_core/lib/python3.12/site-packages/flexbe_core/proxy/__pycache__/proxy_action_client.cpython-312.pyc
/home/csrobot/flexbe_ws/install/flexbe_core/share/ament_index/resource_index/packages/flexbe_core
/home/csrobot/flexbe_ws/install/flexbe_core/share/flexbe_core/package.xml
/home/csrobot/flexbe_ws/install/flexbe_core/lib/python3.12/site-packages/flexbe_core-4.0.1-py3.12.egg-info/dependency_links.txt
/home/csrobot/flexbe_ws/install/flexbe_core/lib/python3.12/site-packages/flexbe_core-4.0.1-py3.12.egg-info/requires.txt
/home/csrobot/flexbe_ws/install/flexbe_core/lib/python3.12/site-packages/flexbe_core-4.0.1-py3.12.egg-info/top_level.txt
/home/csrobot/flexbe_ws/install/flexbe_core/lib/python3.12/site-packages/flexbe_core-4.0.1-py3.12.egg-info/SOURCES.txt
/home/csrobot/flexbe_ws/install/flexbe_core/lib/python3.12/site-packages/flexbe_core-4.0.1-py3.12.egg-info/PKG-INFO
/home/csrobot/flexbe_ws/install/flexbe_core/lib/python3.12/site-packages/flexbe_core-4.0.1-py3.12.egg-info/zip-safe
