[0.026s] Invoking command in '/home/csrobot/flexbe_ws/build/panda_moveit_config': CMAKE_PREFIX_PATH=${CMAKE_PREFIX_PATH}:/home/csrobot/flexbe_ws/install/flexbe_webui:/home/csrobot/flexbe_ws/install/flexbe_onboard:/home/csrobot/flexbe_ws/install/flexbe_states:/home/csrobot/flexbe_ws/install/flexbe_mirror:/home/csrobot/flexbe_ws/install/flexbe_input:/home/csrobot/flexbe_ws/install/example_flexbe_states:/home/csrobot/flexbe_ws/install/compare_flexbe_states:/home/csrobot/flexbe_ws/install/flexbe_core:/opt/ros/jazzy DEBUGINFOD_URLS=https://debuginfod.ubuntu.com /usr/bin/cmake --build /home/csrobot/flexbe_ws/build/panda_moveit_config -- -j8 -l8
[0.067s] Invoked command in '/home/csrobot/flexbe_ws/build/panda_moveit_config' returned '0': CMAKE_PREFIX_PATH=${CMAKE_PREFIX_PATH}:/home/csrobot/flexbe_ws/install/flexbe_webui:/home/csrobot/flexbe_ws/install/flexbe_onboard:/home/csrobot/flexbe_ws/install/flexbe_states:/home/csrobot/flexbe_ws/install/flexbe_mirror:/home/csrobot/flexbe_ws/install/flexbe_input:/home/csrobot/flexbe_ws/install/example_flexbe_states:/home/csrobot/flexbe_ws/install/compare_flexbe_states:/home/csrobot/flexbe_ws/install/flexbe_core:/opt/ros/jazzy DEBUGINFOD_URLS=https://debuginfod.ubuntu.com /usr/bin/cmake --build /home/csrobot/flexbe_ws/build/panda_moveit_config -- -j8 -l8
[0.076s] Invoking command in '/home/csrobot/flexbe_ws/build/panda_moveit_config': CMAKE_PREFIX_PATH=${CMAKE_PREFIX_PATH}:/home/csrobot/flexbe_ws/install/flexbe_webui:/home/csrobot/flexbe_ws/install/flexbe_onboard:/home/csrobot/flexbe_ws/install/flexbe_states:/home/csrobot/flexbe_ws/install/flexbe_mirror:/home/csrobot/flexbe_ws/install/flexbe_input:/home/csrobot/flexbe_ws/install/example_flexbe_states:/home/csrobot/flexbe_ws/install/compare_flexbe_states:/home/csrobot/flexbe_ws/install/flexbe_core:/opt/ros/jazzy DEBUGINFOD_URLS=https://debuginfod.ubuntu.com /usr/bin/cmake --install /home/csrobot/flexbe_ws/build/panda_moveit_config
[0.080s] -- Install configuration: ""
[0.080s] -- Up-to-date: /home/csrobot/flexbe_ws/install/panda_moveit_config/share/ament_index/resource_index/package_run_dependencies/panda_moveit_config
[0.081s] -- Up-to-date: /home/csrobot/flexbe_ws/install/panda_moveit_config/share/ament_index/resource_index/parent_prefix_path/panda_moveit_config
[0.081s] -- Up-to-date: /home/csrobot/flexbe_ws/install/panda_moveit_config/share/panda_moveit_config/environment/ament_prefix_path.sh
[0.081s] -- Up-to-date: /home/csrobot/flexbe_ws/install/panda_moveit_config/share/panda_moveit_config/environment/ament_prefix_path.dsv
[0.081s] -- Up-to-date: /home/csrobot/flexbe_ws/install/panda_moveit_config/share/panda_moveit_config/environment/path.sh
[0.081s] -- Up-to-date: /home/csrobot/flexbe_ws/install/panda_moveit_config/share/panda_moveit_config/environment/path.dsv
[0.081s] -- Up-to-date: /home/csrobot/flexbe_ws/install/panda_moveit_config/share/panda_moveit_config/local_setup.bash
[0.081s] -- Up-to-date: /home/csrobot/flexbe_ws/install/panda_moveit_config/share/panda_moveit_config/local_setup.sh
[0.081s] -- Up-to-date: /home/csrobot/flexbe_ws/install/panda_moveit_config/share/panda_moveit_config/local_setup.zsh
[0.081s] -- Up-to-date: /home/csrobot/flexbe_ws/install/panda_moveit_config/share/panda_moveit_config/local_setup.dsv
[0.081s] -- Installing: /home/csrobot/flexbe_ws/install/panda_moveit_config/share/panda_moveit_config/package.dsv
[0.081s] -- Up-to-date: /home/csrobot/flexbe_ws/install/panda_moveit_config/share/ament_index/resource_index/packages/panda_moveit_config
[0.081s] -- Up-to-date: /home/csrobot/flexbe_ws/install/panda_moveit_config/share/panda_moveit_config/cmake/panda_moveit_configConfig.cmake
[0.081s] -- Up-to-date: /home/csrobot/flexbe_ws/install/panda_moveit_config/share/panda_moveit_config/cmake/panda_moveit_configConfig-version.cmake
[0.081s] -- Up-to-date: /home/csrobot/flexbe_ws/install/panda_moveit_config/share/panda_moveit_config/package.xml
[0.081s] -- Up-to-date: /home/csrobot/flexbe_ws/install/panda_moveit_config/share/panda_moveit_config/launch
[0.081s] -- Up-to-date: /home/csrobot/flexbe_ws/install/panda_moveit_config/share/panda_moveit_config/launch/spawn_controllers.launch.py
[0.082s] -- Up-to-date: /home/csrobot/flexbe_ws/install/panda_moveit_config/share/panda_moveit_config/launch/moveit_rviz.launch.py
[0.082s] -- Up-to-date: /home/csrobot/flexbe_ws/install/panda_moveit_config/share/panda_moveit_config/launch/static_virtual_joint_tfs.launch.py
[0.082s] -- Up-to-date: /home/csrobot/flexbe_ws/install/panda_moveit_config/share/panda_moveit_config/launch/demo.launch.py
[0.082s] -- Up-to-date: /home/csrobot/flexbe_ws/install/panda_moveit_config/share/panda_moveit_config/launch/setup_assistant.launch.py
[0.082s] -- Up-to-date: /home/csrobot/flexbe_ws/install/panda_moveit_config/share/panda_moveit_config/launch/warehouse_db.launch.py
[0.082s] -- Up-to-date: /home/csrobot/flexbe_ws/install/panda_moveit_config/share/panda_moveit_config/launch/rsp.launch.py
[0.082s] -- Up-to-date: /home/csrobot/flexbe_ws/install/panda_moveit_config/share/panda_moveit_config/launch/move_group.launch.py
[0.082s] -- Up-to-date: /home/csrobot/flexbe_ws/install/panda_moveit_config/share/panda_moveit_config/config
[0.082s] -- Up-to-date: /home/csrobot/flexbe_ws/install/panda_moveit_config/share/panda_moveit_config/config/pilz_cartesian_limits.yaml
[0.082s] -- Up-to-date: /home/csrobot/flexbe_ws/install/panda_moveit_config/share/panda_moveit_config/config/panda.srdf
[0.082s] -- Up-to-date: /home/csrobot/flexbe_ws/install/panda_moveit_config/share/panda_moveit_config/config/moveit_controllers.yaml
[0.082s] -- Up-to-date: /home/csrobot/flexbe_ws/install/panda_moveit_config/share/panda_moveit_config/config/ompl_planning.yaml
[0.082s] -- Up-to-date: /home/csrobot/flexbe_ws/install/panda_moveit_config/share/panda_moveit_config/config/kinematics.yaml
[0.082s] -- Up-to-date: /home/csrobot/flexbe_ws/install/panda_moveit_config/share/panda_moveit_config/config/panda.ros2_control.xacro
[0.082s] -- Up-to-date: /home/csrobot/flexbe_ws/install/panda_moveit_config/share/panda_moveit_config/config/initial_positions.yaml
[0.083s] -- Up-to-date: /home/csrobot/flexbe_ws/install/panda_moveit_config/share/panda_moveit_config/config/ros2_controllers.yaml
[0.083s] -- Up-to-date: /home/csrobot/flexbe_ws/install/panda_moveit_config/share/panda_moveit_config/config/joint_limits.yaml
[0.083s] -- Up-to-date: /home/csrobot/flexbe_ws/install/panda_moveit_config/share/panda_moveit_config/config/panda.urdf.xacro
[0.083s] -- Up-to-date: /home/csrobot/flexbe_ws/install/panda_moveit_config/share/panda_moveit_config/config/controllers.yaml
[0.083s] -- Up-to-date: /home/csrobot/flexbe_ws/install/panda_moveit_config/share/panda_moveit_config/config/moveit.rviz
[0.083s] -- Up-to-date: /home/csrobot/flexbe_ws/install/panda_moveit_config/share/panda_moveit_config/.setup_assistant
[0.128s] Invoked command in '/home/csrobot/flexbe_ws/build/panda_moveit_config' returned '0': CMAKE_PREFIX_PATH=${CMAKE_PREFIX_PATH}:/home/csrobot/flexbe_ws/install/flexbe_webui:/home/csrobot/flexbe_ws/install/flexbe_onboard:/home/csrobot/flexbe_ws/install/flexbe_states:/home/csrobot/flexbe_ws/install/flexbe_mirror:/home/csrobot/flexbe_ws/install/flexbe_input:/home/csrobot/flexbe_ws/install/example_flexbe_states:/home/csrobot/flexbe_ws/install/compare_flexbe_states:/home/csrobot/flexbe_ws/install/flexbe_core:/opt/ros/jazzy DEBUGINFOD_URLS=https://debuginfod.ubuntu.com /usr/bin/cmake --install /home/csrobot/flexbe_ws/build/panda_moveit_config
