[0.052s] Invoking command in '/home/csrobot/flexbe_ws/build/panda_moveit_config': CMAKE_PREFIX_PATH=${CMAKE_PREFIX_PATH}:/home/csrobot/flexbe_ws/install/flexbe_webui:/home/csrobot/flexbe_ws/install/flexbe_onboard:/home/csrobot/flexbe_ws/install/flexbe_states:/home/csrobot/flexbe_ws/install/flexbe_mirror:/home/csrobot/flexbe_ws/install/flexbe_input:/home/csrobot/flexbe_ws/install/example_flexbe_states:/home/csrobot/flexbe_ws/install/compare_flexbe_states:/home/csrobot/flexbe_ws/install/flexbe_core:/opt/ros/jazzy DEBUGINFOD_URLS=https://debuginfod.ubuntu.com /usr/bin/cmake /home/csrobot/flexbe_ws/src/panda_ros2/panda_moveit_config -DCMAKE_INSTALL_PREFIX=/home/csrobot/flexbe_ws/install/panda_moveit_config
[0.880s] -- The C compiler identification is GNU 13.3.0
[0.880s] -- The CXX compiler identification is GNU 13.3.0
[0.881s] -- Detecting C compiler ABI info
[0.881s] -- Detecting C compiler ABI info - done
[0.881s] -- Check for working C compiler: /usr/bin/cc - skipped
[0.881s] -- Detecting C compile features
[0.881s] -- Detecting C compile features - done
[0.881s] -- Detecting CXX compiler ABI info
[0.881s] -- Detecting CXX compiler ABI info - done
[0.881s] -- Check for working CXX compiler: /usr/bin/c++ - skipped
[0.881s] -- Detecting CXX compile features
[0.881s] -- Detecting CXX compile features - done
[0.881s] -- Found ament_cmake: 2.5.4 (/opt/ros/jazzy/share/ament_cmake/cmake)
[0.882s] -- Found Python3: /usr/bin/python3 (found version "3.12.3") found components: Interpreter 
[0.938s] -- Configuring done (0.9s)
[0.943s] -- Generating done (0.0s)
[0.954s] -- Build files have been written to: /home/csrobot/flexbe_ws/build/panda_moveit_config
[0.982s] Invoked command in '/home/csrobot/flexbe_ws/build/panda_moveit_config' returned '0': CMAKE_PREFIX_PATH=${CMAKE_PREFIX_PATH}:/home/csrobot/flexbe_ws/install/flexbe_webui:/home/csrobot/flexbe_ws/install/flexbe_onboard:/home/csrobot/flexbe_ws/install/flexbe_states:/home/csrobot/flexbe_ws/install/flexbe_mirror:/home/csrobot/flexbe_ws/install/flexbe_input:/home/csrobot/flexbe_ws/install/example_flexbe_states:/home/csrobot/flexbe_ws/install/compare_flexbe_states:/home/csrobot/flexbe_ws/install/flexbe_core:/opt/ros/jazzy DEBUGINFOD_URLS=https://debuginfod.ubuntu.com /usr/bin/cmake /home/csrobot/flexbe_ws/src/panda_ros2/panda_moveit_config -DCMAKE_INSTALL_PREFIX=/home/csrobot/flexbe_ws/install/panda_moveit_config
[0.982s] Invoking command in '/home/csrobot/flexbe_ws/build/panda_moveit_config': CMAKE_PREFIX_PATH=${CMAKE_PREFIX_PATH}:/home/csrobot/flexbe_ws/install/flexbe_webui:/home/csrobot/flexbe_ws/install/flexbe_onboard:/home/csrobot/flexbe_ws/install/flexbe_states:/home/csrobot/flexbe_ws/install/flexbe_mirror:/home/csrobot/flexbe_ws/install/flexbe_input:/home/csrobot/flexbe_ws/install/example_flexbe_states:/home/csrobot/flexbe_ws/install/compare_flexbe_states:/home/csrobot/flexbe_ws/install/flexbe_core:/opt/ros/jazzy DEBUGINFOD_URLS=https://debuginfod.ubuntu.com /usr/bin/cmake --build /home/csrobot/flexbe_ws/build/panda_moveit_config -- -j8 -l8
[1.030s] Invoked command in '/home/csrobot/flexbe_ws/build/panda_moveit_config' returned '0': CMAKE_PREFIX_PATH=${CMAKE_PREFIX_PATH}:/home/csrobot/flexbe_ws/install/flexbe_webui:/home/csrobot/flexbe_ws/install/flexbe_onboard:/home/csrobot/flexbe_ws/install/flexbe_states:/home/csrobot/flexbe_ws/install/flexbe_mirror:/home/csrobot/flexbe_ws/install/flexbe_input:/home/csrobot/flexbe_ws/install/example_flexbe_states:/home/csrobot/flexbe_ws/install/compare_flexbe_states:/home/csrobot/flexbe_ws/install/flexbe_core:/opt/ros/jazzy DEBUGINFOD_URLS=https://debuginfod.ubuntu.com /usr/bin/cmake --build /home/csrobot/flexbe_ws/build/panda_moveit_config -- -j8 -l8
[1.030s] Invoking command in '/home/csrobot/flexbe_ws/build/panda_moveit_config': CMAKE_PREFIX_PATH=${CMAKE_PREFIX_PATH}:/home/csrobot/flexbe_ws/install/flexbe_webui:/home/csrobot/flexbe_ws/install/flexbe_onboard:/home/csrobot/flexbe_ws/install/flexbe_states:/home/csrobot/flexbe_ws/install/flexbe_mirror:/home/csrobot/flexbe_ws/install/flexbe_input:/home/csrobot/flexbe_ws/install/example_flexbe_states:/home/csrobot/flexbe_ws/install/compare_flexbe_states:/home/csrobot/flexbe_ws/install/flexbe_core:/opt/ros/jazzy DEBUGINFOD_URLS=https://debuginfod.ubuntu.com /usr/bin/cmake --install /home/csrobot/flexbe_ws/build/panda_moveit_config
[1.036s] -- Install configuration: ""
[1.036s] -- Installing: /home/csrobot/flexbe_ws/install/panda_moveit_config/share/ament_index/resource_index/package_run_dependencies/panda_moveit_config
[1.036s] -- Installing: /home/csrobot/flexbe_ws/install/panda_moveit_config/share/ament_index/resource_index/parent_prefix_path/panda_moveit_config
[1.036s] -- Installing: /home/csrobot/flexbe_ws/install/panda_moveit_config/share/panda_moveit_config/environment/ament_prefix_path.sh
[1.036s] -- Installing: /home/csrobot/flexbe_ws/install/panda_moveit_config/share/panda_moveit_config/environment/ament_prefix_path.dsv
[1.036s] -- Installing: /home/csrobot/flexbe_ws/install/panda_moveit_config/share/panda_moveit_config/environment/path.sh
[1.037s] -- Installing: /home/csrobot/flexbe_ws/install/panda_moveit_config/share/panda_moveit_config/environment/path.dsv
[1.037s] -- Installing: /home/csrobot/flexbe_ws/install/panda_moveit_config/share/panda_moveit_config/local_setup.bash
[1.037s] -- Installing: /home/csrobot/flexbe_ws/install/panda_moveit_config/share/panda_moveit_config/local_setup.sh
[1.037s] -- Installing: /home/csrobot/flexbe_ws/install/panda_moveit_config/share/panda_moveit_config/local_setup.zsh
[1.037s] -- Installing: /home/csrobot/flexbe_ws/install/panda_moveit_config/share/panda_moveit_config/local_setup.dsv
[1.037s] -- Installing: /home/csrobot/flexbe_ws/install/panda_moveit_config/share/panda_moveit_config/package.dsv
[1.037s] -- Installing: /home/csrobot/flexbe_ws/install/panda_moveit_config/share/ament_index/resource_index/packages/panda_moveit_config
[1.038s] -- Installing: /home/csrobot/flexbe_ws/install/panda_moveit_config/share/panda_moveit_config/cmake/panda_moveit_configConfig.cmake
[1.038s] -- Installing: /home/csrobot/flexbe_ws/install/panda_moveit_config/share/panda_moveit_config/cmake/panda_moveit_configConfig-version.cmake
[1.038s] -- Installing: /home/csrobot/flexbe_ws/install/panda_moveit_config/share/panda_moveit_config/package.xml
[1.038s] -- Installing: /home/csrobot/flexbe_ws/install/panda_moveit_config/share/panda_moveit_config/launch
[1.038s] -- Installing: /home/csrobot/flexbe_ws/install/panda_moveit_config/share/panda_moveit_config/launch/spawn_controllers.launch.py
[1.038s] -- Installing: /home/csrobot/flexbe_ws/install/panda_moveit_config/share/panda_moveit_config/launch/moveit_rviz.launch.py
[1.038s] -- Installing: /home/csrobot/flexbe_ws/install/panda_moveit_config/share/panda_moveit_config/launch/static_virtual_joint_tfs.launch.py
[1.038s] -- Installing: /home/csrobot/flexbe_ws/install/panda_moveit_config/share/panda_moveit_config/launch/demo.launch.py
[1.038s] -- Installing: /home/csrobot/flexbe_ws/install/panda_moveit_config/share/panda_moveit_config/launch/setup_assistant.launch.py
[1.038s] -- Installing: /home/csrobot/flexbe_ws/install/panda_moveit_config/share/panda_moveit_config/launch/warehouse_db.launch.py
[1.039s] -- Installing: /home/csrobot/flexbe_ws/install/panda_moveit_config/share/panda_moveit_config/launch/rsp.launch.py
[1.039s] -- Installing: /home/csrobot/flexbe_ws/install/panda_moveit_config/share/panda_moveit_config/launch/move_group.launch.py
[1.039s] -- Installing: /home/csrobot/flexbe_ws/install/panda_moveit_config/share/panda_moveit_config/config
[1.039s] -- Installing: /home/csrobot/flexbe_ws/install/panda_moveit_config/share/panda_moveit_config/config/pilz_cartesian_limits.yaml
[1.039s] -- Installing: /home/csrobot/flexbe_ws/install/panda_moveit_config/share/panda_moveit_config/config/panda.srdf
[1.039s] -- Installing: /home/csrobot/flexbe_ws/install/panda_moveit_config/share/panda_moveit_config/config/moveit_controllers.yaml
[1.039s] -- Installing: /home/csrobot/flexbe_ws/install/panda_moveit_config/share/panda_moveit_config/config/ompl_planning.yaml
[1.039s] -- Installing: /home/csrobot/flexbe_ws/install/panda_moveit_config/share/panda_moveit_config/config/kinematics.yaml
[1.039s] -- Installing: /home/csrobot/flexbe_ws/install/panda_moveit_config/share/panda_moveit_config/config/panda.ros2_control.xacro
[1.039s] -- Installing: /home/csrobot/flexbe_ws/install/panda_moveit_config/share/panda_moveit_config/config/initial_positions.yaml
[1.040s] -- Installing: /home/csrobot/flexbe_ws/install/panda_moveit_config/share/panda_moveit_config/config/ros2_controllers.yaml
[1.040s] -- Installing: /home/csrobot/flexbe_ws/install/panda_moveit_config/share/panda_moveit_config/config/joint_limits.yaml
[1.040s] -- Installing: /home/csrobot/flexbe_ws/install/panda_moveit_config/share/panda_moveit_config/config/panda.urdf.xacro
[1.040s] -- Installing: /home/csrobot/flexbe_ws/install/panda_moveit_config/share/panda_moveit_config/config/controllers.yaml
[1.040s] -- Installing: /home/csrobot/flexbe_ws/install/panda_moveit_config/share/panda_moveit_config/config/moveit.rviz
[1.040s] -- Installing: /home/csrobot/flexbe_ws/install/panda_moveit_config/share/panda_moveit_config/.setup_assistant
[1.041s] Invoked command in '/home/csrobot/flexbe_ws/build/panda_moveit_config' returned '0': CMAKE_PREFIX_PATH=${CMAKE_PREFIX_PATH}:/home/csrobot/flexbe_ws/install/flexbe_webui:/home/csrobot/flexbe_ws/install/flexbe_onboard:/home/csrobot/flexbe_ws/install/flexbe_states:/home/csrobot/flexbe_ws/install/flexbe_mirror:/home/csrobot/flexbe_ws/install/flexbe_input:/home/csrobot/flexbe_ws/install/example_flexbe_states:/home/csrobot/flexbe_ws/install/compare_flexbe_states:/home/csrobot/flexbe_ws/install/flexbe_core:/opt/ros/jazzy DEBUGINFOD_URLS=https://debuginfod.ubuntu.com /usr/bin/cmake --install /home/csrobot/flexbe_ws/build/panda_moveit_config
