[0.038s] Invoking command in '/home/csrobot/flexbe_ws/build/armada_description': CMAKE_PREFIX_PATH=${CMAKE_PREFIX_PATH}:/home/csrobot/flexbe_ws/install/flexbe_webui:/home/csrobot/flexbe_ws/install/flexbe_onboard:/home/csrobot/flexbe_ws/install/flexbe_states:/home/csrobot/flexbe_ws/install/flexbe_mirror:/home/csrobot/flexbe_ws/install/flexbe_input:/home/csrobot/flexbe_ws/install/example_flexbe_states:/home/csrobot/flexbe_ws/install/compare_flexbe_states:/home/csrobot/flexbe_ws/install/flexbe_core:/opt/ros/jazzy DEBUGINFOD_URLS=https://debuginfod.ubuntu.com /usr/bin/cmake --build /home/csrobot/flexbe_ws/build/armada_description -- -j8 -l8
[0.084s] Invoked command in '/home/csrobot/flexbe_ws/build/armada_description' returned '0': CMAKE_PREFIX_PATH=${CMAKE_PREFIX_PATH}:/home/csrobot/flexbe_ws/install/flexbe_webui:/home/csrobot/flexbe_ws/install/flexbe_onboard:/home/csrobot/flexbe_ws/install/flexbe_states:/home/csrobot/flexbe_ws/install/flexbe_mirror:/home/csrobot/flexbe_ws/install/flexbe_input:/home/csrobot/flexbe_ws/install/example_flexbe_states:/home/csrobot/flexbe_ws/install/compare_flexbe_states:/home/csrobot/flexbe_ws/install/flexbe_core:/opt/ros/jazzy DEBUGINFOD_URLS=https://debuginfod.ubuntu.com /usr/bin/cmake --build /home/csrobot/flexbe_ws/build/armada_description -- -j8 -l8
[0.086s] Invoking command in '/home/csrobot/flexbe_ws/build/armada_description': CMAKE_PREFIX_PATH=${CMAKE_PREFIX_PATH}:/home/csrobot/flexbe_ws/install/flexbe_webui:/home/csrobot/flexbe_ws/install/flexbe_onboard:/home/csrobot/flexbe_ws/install/flexbe_states:/home/csrobot/flexbe_ws/install/flexbe_mirror:/home/csrobot/flexbe_ws/install/flexbe_input:/home/csrobot/flexbe_ws/install/example_flexbe_states:/home/csrobot/flexbe_ws/install/compare_flexbe_states:/home/csrobot/flexbe_ws/install/flexbe_core:/opt/ros/jazzy DEBUGINFOD_URLS=https://debuginfod.ubuntu.com /usr/bin/cmake --install /home/csrobot/flexbe_ws/build/armada_description
[0.096s] -- Install configuration: ""
[0.100s] -- Up-to-date: /home/csrobot/flexbe_ws/install/armada_description/share/armada_description/panda
[0.100s] -- Up-to-date: /home/csrobot/flexbe_ws/install/armada_description/share/armada_description/panda/xacro
[0.100s] -- Up-to-date: /home/csrobot/flexbe_ws/install/armada_description/share/armada_description/panda/xacro/panda_simple_pedestal.urdf.xacro
[0.100s] -- Up-to-date: /home/csrobot/flexbe_ws/install/armada_description/share/armada_description/panda/xacro/macro.panda.urdf.xacro
[0.101s] -- Up-to-date: /home/csrobot/flexbe_ws/install/armada_description/share/armada_description/panda/xacro/macro.ros2_control.xacro
[0.101s] -- Up-to-date: /home/csrobot/flexbe_ws/install/armada_description/share/armada_description/panda/xacro/macro.transmission.xacro
[0.101s] -- Up-to-date: /home/csrobot/flexbe_ws/install/armada_description/share/armada_description/panda/xacro/panda_pedestal_workstation.urdf.xacro
[0.101s] -- Up-to-date: /home/csrobot/flexbe_ws/install/armada_description/share/armada_description/panda/xacro/panda.urdf.xacro
[0.101s] -- Up-to-date: /home/csrobot/flexbe_ws/install/armada_description/share/armada_description/tm5-700
[0.101s] -- Up-to-date: /home/csrobot/flexbe_ws/install/armada_description/share/armada_description/tm5-700/xacro
[0.101s] -- Up-to-date: /home/csrobot/flexbe_ws/install/armada_description/share/armada_description/tm5-700/xacro/macro.tm5-700-nominal.urdf.xacro
[0.107s] -- Up-to-date: /home/csrobot/flexbe_ws/install/armada_description/share/armada_description/tm5-700/xacro/macro.ros2_control.xacro
[0.107s] -- Up-to-date: /home/csrobot/flexbe_ws/install/armada_description/share/armada_description/tm5-700/xacro/macro.transmission.xacro
[0.107s] -- Up-to-date: /home/csrobot/flexbe_ws/install/armada_description/share/armada_description/tm5-700/xacro/tm5-700_simple_pedestal.urdf.xacro
[0.107s] -- Up-to-date: /home/csrobot/flexbe_ws/install/armada_description/share/armada_description/tm5-700/xacro/tm5-700.urdf.xacro
[0.107s] -- Up-to-date: /home/csrobot/flexbe_ws/install/armada_description/share/armada_description/tm5-700/xacro/macro.materials.xacro
[0.108s] -- Up-to-date: /home/csrobot/flexbe_ws/install/armada_description/share/armada_description/workstation
[0.108s] -- Up-to-date: /home/csrobot/flexbe_ws/install/armada_description/share/armada_description/workstation/xacro
[0.108s] -- Up-to-date: /home/csrobot/flexbe_ws/install/armada_description/share/armada_description/workstation/xacro/macro.simple_pedestal.urdf.xacro
[0.108s] -- Up-to-date: /home/csrobot/flexbe_ws/install/armada_description/share/armada_description/workstation/xacro/macro.pedestal_workstation.urdf.xacro
[0.108s] -- Up-to-date: /home/csrobot/flexbe_ws/install/armada_description/share/ament_index/resource_index/package_run_dependencies/armada_description
[0.109s] -- Up-to-date: /home/csrobot/flexbe_ws/install/armada_description/share/ament_index/resource_index/parent_prefix_path/armada_description
[0.109s] -- Up-to-date: /home/csrobot/flexbe_ws/install/armada_description/share/armada_description/environment/ament_prefix_path.sh
[0.109s] -- Up-to-date: /home/csrobot/flexbe_ws/install/armada_description/share/armada_description/environment/ament_prefix_path.dsv
[0.109s] -- Up-to-date: /home/csrobot/flexbe_ws/install/armada_description/share/armada_description/environment/path.sh
[0.110s] -- Up-to-date: /home/csrobot/flexbe_ws/install/armada_description/share/armada_description/environment/path.dsv
[0.110s] -- Up-to-date: /home/csrobot/flexbe_ws/install/armada_description/share/armada_description/local_setup.bash
[0.110s] -- Up-to-date: /home/csrobot/flexbe_ws/install/armada_description/share/armada_description/local_setup.sh
[0.110s] -- Up-to-date: /home/csrobot/flexbe_ws/install/armada_description/share/armada_description/local_setup.zsh
[0.110s] -- Up-to-date: /home/csrobot/flexbe_ws/install/armada_description/share/armada_description/local_setup.dsv
[0.110s] -- Installing: /home/csrobot/flexbe_ws/install/armada_description/share/armada_description/package.dsv
[0.120s] -- Up-to-date: /home/csrobot/flexbe_ws/install/armada_description/share/ament_index/resource_index/packages/armada_description
[0.120s] -- Up-to-date: /home/csrobot/flexbe_ws/install/armada_description/share/armada_description/cmake/armada_descriptionConfig.cmake
[0.120s] -- Up-to-date: /home/csrobot/flexbe_ws/install/armada_description/share/armada_description/cmake/armada_descriptionConfig-version.cmake
[0.120s] -- Up-to-date: /home/csrobot/flexbe_ws/install/armada_description/share/armada_description/package.xml
[0.156s] Invoked command in '/home/csrobot/flexbe_ws/build/armada_description' returned '0': CMAKE_PREFIX_PATH=${CMAKE_PREFIX_PATH}:/home/csrobot/flexbe_ws/install/flexbe_webui:/home/csrobot/flexbe_ws/install/flexbe_onboard:/home/csrobot/flexbe_ws/install/flexbe_states:/home/csrobot/flexbe_ws/install/flexbe_mirror:/home/csrobot/flexbe_ws/install/flexbe_input:/home/csrobot/flexbe_ws/install/example_flexbe_states:/home/csrobot/flexbe_ws/install/compare_flexbe_states:/home/csrobot/flexbe_ws/install/flexbe_core:/opt/ros/jazzy DEBUGINFOD_URLS=https://debuginfod.ubuntu.com /usr/bin/cmake --install /home/csrobot/flexbe_ws/build/armada_description
